process_radtags v2.1, executed 2018-10-25 11:19:37
process_radtags -p /panfs/pfs.local/scratch/sjmac/b961k922/kinbre/b017_macdonald/data/intercross_f18/raw/Sample_Sam3852_F18_p04/ -o /panfs/pfs.local/scratch/sjmac/b961k922/kinbre/b017_macdonald/data/intercross_f18/raw/Sample_Sam3852_F18_p04 -b /panfs/pfs.local/scratch/sjmac/b961k922/kinbre/b017_macdonald/info/b017_p04_barcodes.txt -i gzfastq -e mseI -r -c -q
File	Retained Reads	Low Quality	Ambiguous Barcodes	Ambiguous RAD-Tag	Total
Sam3852_F18_p04_TGACCA_L008_R1_001.fastq.gz	21399085	282803	453709	236261	22371858

Total Sequences	22371858
Ambiguous Barcodes	453709
Low Quality	282803
Ambiguous RAD-Tag	236261
Retained Reads	21399085

Barcode	Filename	Total	NoRadTag	LowQuality	Retained
AGAGTT	Db3852	92658	5899	1162	85597
TTAGCG	Dsam	275979	982	3547	271450
CGTCTG	83a.04	306763	853	3873	302037
CTCTAC	83a.05	341039	771	4338	335930
GCGCGT	83a.06	142943	1132	1751	140060
AAGGAC	83a.08	192671	1432	2510	188729
TATATG	83a.09	681151	933	8518	671700
GGCATT	83a.12	135135	2156	1690	131289
CAATAT	83a.13	222074	4680	2851	214543
GATGAG	83a.14	213872	925	2688	210259
TCTCGT	83a.15	267117	6240	3386	257491
CATAGC	84a.02	317739	1026	4106	312607
CTTGCG	84a.03	174859	1173	2260	171426
ATATGG	84a.05	409692	1474	5287	402931
GGTTAC	84a.06	306127	1171	3814	301142
AAGCGA	84a.07	145355	1008	2007	142340
AAACGG	84a.08	268229	1497	3544	263188
TCTATT	84a.10	478142	2354	6338	469450
CCCTAT	84a.11	84589	1058	1051	82480
TCCACG	84a.12	192851	574	2481	189796
GGGAAT	84a.13	89689	520	1169	88000
TTCCTG	84a.14	348302	1065	4523	342714
TAGTCG	85a.01	270860	485	3487	266888
CACTGA	85a.03	57654	4009	764	52881
GAGAGT	85a.04	475738	8581	6121	461036
GGAATG	85a.05	244931	1142	3211	240578
AGGCGT	85a.08	307865	2692	3980	301193
GTTCAG	85a.09	280610	3164	3713	273733
ACTGTT	85a.10	266310	2683	3409	260218
GACAAT	85a.11	65624	5413	785	59426
CGATAC	85a.12	333031	722	4385	327924
ATCACG	85a.13	288020	5471	3624	278925
GTCGAT	85a.14	70855	342	986	69527
GATCTG	86a.01	107208	512	1438	105258
CTCGGT	86a.03	65743	7616	750	57377
ACGTAC	86a.04	262849	861	3446	258542
CTAACG	86a.05	314680	1018	4075	309587
GCGTAT	86a.06	144598	668	1804	142126
ACCGAT	86a.07	84685	2033	1085	81567
TAAGCA	86a.08	246021	6117	3097	236807
GAATAC	86a.09	401198	1132	5247	394819
ATTCTG	86a.10	483582	1158	6537	475887
GCTGAT	86a.11	45665	2087	589	42989
CTGACA	86a.13	223562	984	2937	219641
TAGACA	86a.14	231110	787	2964	227359
GGAAGT	86a.15	131535	3627	1726	126182
TATAGT	87a.01	252497	4473	3160	244864
AGCTCA	87a.02	279754	788	3591	275375
CTCTGG	87a.03	388965	522	5161	383282
TGAATT	87a.04	273243	4992	3593	264658
CAACTG	87a.05	265951	1735	3473	260743
ATGATG	87a.06	261970	1593	3452	256925
GTCCGG	87a.08	396682	583	5173	390926
GCACAG	87a.09	404973	541	5386	399046
ATCCAG	87a.10	269508	1047	3640	264821
GAATGG	87a.11	138539	4359	1856	132324
TGTAAT	87a.12	52691	695	728	51268
TCTCTG	87a.13	240388	485	3203	236700
AAATAG	87a.15	502308	2025	6619	493664
AACCTG	88a.01	211993	1331	2729	207933
TAATTG	88a.02	159861	8175	2007	149679
GAGTAG	88a.04	276048	935	3587	271526
AATCCG	88a.05	247567	1148	3215	243204
GTAACA	88a.06	314344	1018	3961	309365
AAGCAG	88a.07	182645	4915	2351	175379
AATGCC	88a.09	170542	1493	2182	166867
TTACTT	88a.10	357154	6173	4537	346444
AAGGTT	88a.11	225147	5086	2791	217270
AGTCAC	88a.12	363720	2885	4532	356303
CAGGTG	88a.13	159827	816	2021	156990
ATCTTG	88a.14	4768	1024	182	3562
GGACCA	88a.15	88512	624	1153	86735
TTTCAT	88a.16	5303	3353	72	1878
CATTGT	90a.01	153919	5022	1942	146955
AACTCG	90a.02	172675	582	2283	169810
AATAAG	90a.03	521030	1748	6779	512503
GGGTTG	90a.04	180489	642	2284	177563
CCACCA	90a.05	210776	1115	2629	207032
GTTGCA	90a.07	305809	1149	3760	300900
CCCACA	90a.08	111301	538	1473	109290
GTCCTT	90a.09	168179	1327	2198	164654
GCCGTG	90a.10	99414	1093	1280	97041
GACACG	90a.12	180623	471	2316	177836
TGACTG	90a.14	224499	706	2881	220912
GCCTGG	90a.15	79648	1168	1010	77470
TCGAGT	91a.01	116591	5074	1446	110071
ATACCG	91a.02	158604	854	2095	155655
GGCCGT	91a.04	67067	1436	881	64750
GAAGTG	91a.06	330513	5079	4264	321170
AGGCTG	91a.07	164535	963	2145	161427
CGCTTG	91a.08	172451	1046	2297	169108
CTTCGG	91a.09	279489	1529	3740	274220
AATGTG	91a.11	215682	907	2747	212028
GGCCTG	91a.12	176378	529	2258	173591
ATAGGT	91a.14	116225	12156	1379	102690
AATGGT	93a.01	126442	26086	1307	99049

Sequences not recorded
Barcode	Total
CTAAGT	6405
CATACT	6073
TAGCAT	5726
AACTGT	5624
GTTACT	5442
TTCTGT	4969
TACTTT	4816
TTCAGT	4697
GATACT	4105
ATCAGT	4029
TCCTGT	4021
TGACAT	3993
AAAAGT	3991
GTACAT	3886
CACCAT	3831
TAACGT	3762
GAAGGT	3629
TAACAT	3467
ATCTGT	3446
ATCCGT	3424
TAAAAA	3151
TAGCGT	3114
TGATGT	3091
AGACAT	3089
TAAAAT	2941
GACTGT	2859
GTGCAT	2664
GTCAGT	2588
CCACAT	2542
TACTGT	2528
TCCGGT	2346
AAGTGT	2292
AACGTA	2150
TCCTTT	2139
CACAGT	2139
ATGAGT	2135
AACCGT	2078
TAATGT	2069
GGTTGT	2016
GAACAT	1933
GACATA	1865
ATGTGT	1838
GAATTT	1813
TAAATA	1811
ATTTGT	1805
TAATAA	1739
TTGCGT	1706
CTACAT	1636
ATGTTT	1536
AGTAGT	1530
AATACT	1525
CTAGCT	1521
CTATTT	1519
ATGCCT	1512
TTCTTT	1501
CTGGTA	1499
AGCTGT	1491
AACAGT	1396
TAGAAT	1375
CTACGT	1368
ACTCAT	1359
AGCAGT	1354
TAGTGT	1331
GAACGT	1324
AGGTTT	1298
TAAGAT	1286
ACCAGT	1263
TTATGT	1246
AGTACT	1233
ACCTGT	1225
TAAAAG	1191
TAACAA	1184
TAAGTT	1172
CAACGT	1158
AAATGT	1125
TAAAAC	1116
TACCGT	1070
TAATGA	1044
GTGATT	1032
TAAACT	1015
AAGACT	993
CCACGT	943
TAAATC	942
TCGGTA	939
CTTACT	926
CCTGGT	925
GGTACT	919
TTCGTT	913
TAAAGA	897
TAAAGC	884
ATTCGT	874
TAAAGG	839
AGATGT	809
TGCTGT	808
GTCTGT	806
CGTACT	801
TCAGTT	800
GTAAAT	797
CTACTA	786
TATGCT	766
TAATGC	758
CGACAT	747
TAACGA	745
GAAACT	742
CAAGCT	736
AATATT	713
AGCACT	709
CTGCGT	708
GTCACT	704
CATGTT	684
ACACGT	683
CATGCT	675
CTGCAT	661
ACTACT	653
CTGAAT	651
GAAATT	651
TGCGTA	643
CGCTGT	637
GCCGGT	635
TAATCT	632
TCTGTA	606
GCTTGT	600
ACGATT	594
TAACAC	593
GTTAGT	589
TAACCC	588
TCAGTA	585
CTTGTT	584
GCCAGT	576
AACATA	564
ATGGTA	558
TAAACG	556
TAACAG	553
GCATTT	532
TAAGTC	524
CGTATT	522
TAATCC	521
TAAGGT	512
CGGTGT	500
TAAGAG	500
TGCATA	499
TAACTA	491
ACAGTA	486
CGGTTA	482
CCTGTA	476
CTGTAA	472
GTAATT	470
TAACTC	468
AGGACT	468
ATTCAA	458
TTCCGT	451
CTGTTT	448
TAACCT	446
ATAGTA	445
CATATT	445
CCGGTA	439
TCGGTT	433
AAGCCT	428
GATGTA	423
CTGATT	413
TAACCG	411
GTTCGT	410
TAAGGC	404
CAAAAA	404
CATGAT	401
CAGCAA	400
TCCGTT	400
TAAACC	400
GGTGTA	395
TAACGC	393
CCGTGT	393
TAAGAC	384
TCATTT	377
AAAGTA	371
ACCATA	369
CCAGTA	367
TAAGGG	366
AAAATA	363
AATATC	358
CAGGGT	352
CACGTA	352
TATGTT	349
CTATAA	343
GCCTTT	341
ATGCTT	341
CGAACT	338
ATCGTA	328
AAAACG	320
AAAATG	320
CAGAAG	318
AGATTG	318
TGATAA	318
ATTGTA	316
AAACAT	316
AGAAAT	313
ATTGCT	312
TGACGT	310
GTTTTC	304
CAGAAA	303
GGTAAA	303
GCAGTA	303
TTTTTG	299
GAGTTT	298
GATATT	298
GTTTAA	296
ACCGTA	295
CTTTAG	295
TACATA	294
CTGGTT	293
CCTTTA	292
ATTTAA	287
TTAAGT	286
TTAATA	285
AGCCAT	282
CCTACT	281
AGCGTA	281
CTATTC	279
TTATCA	277
TTTAGC	273
ATTTCT	271
AAGTAA	271
AGAACG	271
CTATTG	270
GATAAA	269
AAAAAT	268
TGCTGG	266
TTTATC	264
CGTTAA	263
AGCAAT	263
GTTGAC	263
TGCTTA	262
AAAGGA	261
CATAAA	260
AAGCTC	260
TTCTGC	259
AATCTC	259
TTTTGA	258
AGCAAG	258
ATCAGC	257
AAGAGC	257
TGACGA	256
AAATTT	256
TGTTCA	255
TGATTA	255
AAATGC	254
ACAATT	253
AAATTA	251
TGGTAA	251
GCTGTA	249
ACCATT	249
AGAAGC	248
AAATGA	247
CTCTTT	247
ATTTTT	243
TATGTA	243
TTCGTA	243
TTATTA	242
ACGTTT	242
CCAGAA	241
AATTTA	240
AACCAA	238
GTACTA	238
CCGATT	238
GTCAAC	238
AAGTTA	237
CATTCA	237
CGCCAG	236
GGAAAA	236
AAACCA	235
GTTTAT	235
CAGCTT	234
GACCAG	234
AGTCGG	233
CCATAA	233
AGAAAA	232
AAAGCG	232
GGATTT	231
TGAGTA	230
CGCGTT	230
ATAACC	229
CTTTTT	227
GAGGCT	227
ATATCA	226
GGGTGT	226
GCAGAA	225
CGTTCT	225
TATTTT	225
CGTCAA	224
CAGTAA	224
TCAATA	222
ACCAGC	222
ACTTCT	221
TTCTGA	220
ATGCGG	219
TGAACA	218
TTAAAT	218
TGATGC	218
TTGAAT	217
GGATGA	217
TGGTTT	217
TATTAA	217
AGTGTA	217
TGATGA	216
TTAATG	216
CATGAA	216
TCAAAA	216
TGTTGA	216
ATAAAC	215
CGGTAA	215
GAATCT	215
GCTTTA	214
TCAGAA	214
CACATA	213
GTGGTA	213
AAAATT	212
GAAACC	212
CTCATC	209
GCCAGC	209
GTCTAA	209
ATTTTA	209
ATAAAA	208
GATTGC	208
ACCAGA	208
TATCAG	208
CCATGA	207
ATACTA	207
CTGTTG	207
CTGCTT	206
TATTGA	206
CGTGTA	206
TTTGGT	206
GGACAT	205
TGCTGC	203
AAATCA	203
AAAAGA	202
TTTTTA	202
GATTAA	202
CGTTTT	201
ACATAA	201
AGTCCT	200
GACCAA	200
TCCGTA	199
GCAATT	199
AAGAAA	199
TACGTA	199
ATCTCT	198
TGGTCA	198
AACCAT	197
CTCACT	197
GCGATT	196
TTAAGC	196
GCTGGC	196
TTTACC	196
GAATTA	195
CAGAAT	195
AACAAA	195
GTTATT	194
ATAAGC	194
AGAATC	193
AATTTT	193
GTTTGA	193
CACCAG	192
CCAAAT	192
GTTAAC	192
CTCAAA	192
TTGACG	191
GACGAC	191
AGAAAC	191
ATTAGA	190
TTCATT	190
GCCATA	190
ACTGAC	190
CATCAA	189
GATTAT	187
CAAACT	187
TGCTGA	186
TACCAT	186
GAAGAA	186
ATGGAA	186
TTTGAG	185
AGCATA	185
CATAAT	184
GAGCTT	183
AAAACA	183
TGGCGA	183
GAGAAA	182
GTAAAG	182
TGTTTC	181
CTTAAT	181
GTACTG	181
TTAACT	180
TCATGG	180
TATTGC	180
GGCAGA	180
AAAAAA	180
GACGGT	179
CAAGTA	179
GCGGTA	179
GAACAA	179
TGATGG	178
TTACCA	178
GAAGGA	178
ATCTCC	178
GATTCT	178
AGCCTC	177
ATTAAA	177
TGTTTA	177
ATAATC	177
TATAAC	176
GCTTGC	176
CAAATC	176
TGAGAA	176
AGGATA	176
GGAACC	175
GCTTAA	175
CATTAA	175
ATAATT	175
GTTTCT	174
ACCTTT	174
GAATCA	174
AGCATC	174
ACATTA	174
CAAGAA	174
CTCTTA	173
CGCAAG	173
GTTTGG	173
CAGGAA	173
GCAAGG	172
CATCAG	172
TTTGAC	172
TATCCT	172
GTTATA	171
TGATTC	171
TCAACA	170
ATCAAC	170
ATGCGC	170
GCATAA	170
GACTTC	170
AACAGC	169
TTACGG	169
ACTAAA	169
AGCGGC	168
TGCCGC	168
TGGTAT	168
TGACGC	168
AGAAGG	168
AATCTT	168
TGCTAT	167
AAAAGC	167
CTTATG	166
TTTTCT	166
GAGATG	166
AGCTTT	166
GGAGAG	166
TCCAAA	166
GGCGTC	165
TTGATA	165
GAAAAA	165
CCAAGC	165
AACATT	164
ATGAAA	164
GGAAAC	164
AACATC	163
TTTGTA	163
ATGAGA	163
TGATAT	163
CGATTA	162
GATGCT	161
ATGCAA	161
TTAATC	161
TTCTCA	161
GCTTCC	161
GCTTTG	160
CGGAAA	160
AAAGAA	160
CCGAAG	160
TGCCGA	160
AGGTTA	160
ACGGTA	160
TGGCGC	160
TATGGC	159
TTTGGA	159
TGGAGG	158
AAAGCT	158
TTAGAC	158
TTGTTC	158
ACAGAA	157
TGGCAT	157
AAGTTG	157
GCTAAA	157
GTTTTG	157
GTCGTC	157
TTTAAA	156
CGCCAA	156
AGATAT	156
GCAAGC	156
AAGTCA	156
ATCAGA	156
GCAATA	156
TTGTTA	155
ATAAAG	155
TTTGTT	155
CACGTT	155
CAGCGT	154
TTTTAC	154
ACAAAA	154
ACTTTA	154
AGGTAA	153
TTGGTC	153
TGCTTC	153
GCGGCA	153
GTCAAA	152
AGAAAG	152
TTATGC	152
AGCACC	151
GTAAGG	151
GTCATA	151
GATTTA	151
ATCATA	151
CTATAG	151
TCTTGG	151
GTATGC	150
CATTTG	150
TCGTAA	150
GAAAGA	150
TACTGC	150
ATAGCA	150
GTCGTA	149
GAAATA	149
AGTAGC	149
AAAAAC	149
TACCAG	148
CTTGAT	148
CTTTAA	148
CCAAAC	147
TTGGTT	147
CTATTA	147
CTCCAA	147
ATGTAA	147
ACAAAT	147
ACCAAA	146
TATCAA	146
GCAAAA	146
AGGAAA	145
GCTTTT	145
AGATTA	145
AGTATG	145
CGGCAT	145
ACGCAA	145
AAATCC	145
GCTCTT	145
ATCAAA	144
CTTTCC	144
CAGATA	144
ACCATG	144
TGTTTT	143
TCTTTA	143
GGATAA	143
GACGTT	142
TACTAA	142
CATCAT	142
TTTTGT	142
ATTTCC	141
ATTGGC	141
GCATCA	141
CAATGC	141
ACTCAA	141
TCAAAG	141
AGCAGG	141
TCAAAC	140
CTTGTA	140
GACTCA	139
TTTCCG	139
TGTTAA	139
CCTTGC	139
AGCAGC	139
ACCATC	139
CTTGGC	139
TGAGTC	138
CAAATT	138
CTTCCA	138
TCTTGC	138
CTCAAT	138
GCAATC	138
AGCAGA	138
CTGCTG	137
AGATGC	137
AACGGA	136
CCAAGA	136
GGAGTA	136
GAAGGC	136
CTTTGC	136
CTGGTC	136
TATTTC	136
TCAGGA	136
GAGGTA	136
GTGCTG	136
TGTCAA	135
AATCAT	135
ATATTT	135
ACCGTC	135
CAAAAC	135
TGGCAC	135
CTACAG	134
GGCTAA	134
TTTCCA	134
CTCATT	134
AACAGA	134
GACAGA	134
TCTTTC	133
AAACTC	133
CTATGA	133
AAATCT	133
CACCAA	133
CAATCC	132
TTTTGC	132
CATCTC	132
AGTTGC	132
ACGTTA	132
TTATAT	132
ATACGA	132
GTTTTA	132
TTCTTC	132
GCAGCA	132
GTGTAA	131
GGCTTC	131
CAACGC	131
GCTACT	130
CAAGAG	130
GACGCA	130
AACCAC	130
AACTTC	130
TGCCAT	130
GCATGA	130
CTGCTC	130
GTCATG	130
TGTAGG	130
CAAGGT	130
TGCAAA	129
ATTTAG	129
TTCAAG	129
CAGCAT	129
CGTCAT	129
GCCTCC	129
GTTTTT	129
GTAATC	129
GTTGGT	129
TTAAAA	129
AAACCT	129
TTAAAG	129
TGGAAA	129
TTTCTC	129
CCAGTT	128
ACATCA	128
CATTAG	128
CGTTGC	128
ATCTGA	128
TCCTTC	128
CAGAAC	128
AACGCA	127
TCTGCT	127
GGTCAA	127
TAGCAA	127
CGTTGA	127
TGGACT	127
ATTAAT	127
TCATGA	127
GTGCCA	127
AACGGC	127
GACTTT	127
TGGTGC	127
AAACAA	126
CCAATA	126
TGGCGG	126
CTTTGA	126
CGGCAA	126
GGTATA	126
GGCGAC	126
AGCTAT	125
AGCGAA	125
ATTACC	125
TTCCCA	125
GACCCT	125
CGGCAG	125
GTCAGA	125
CCGTCA	125
GGTGGC	125
CTTATT	124
CTGCCG	124
TTCTTA	124
AGCGCC	124
AGGACG	124
CATACG	124
ACGCTC	124
AGGGCG	124
ATGGCG	123
CATTTC	123
ATGAGC	123
TGGCCT	123
GCAGGA	123
TCCTGC	123
GCGTTA	123
GTACGC	123
GGCGTA	123
CTTGAA	123
GTTTCC	122
GTATTT	122
CTTTCT	122
GGAGGC	122
AACAGG	122
AGTTTG	122
ATTGAG	122
GAGTTA	122
ATATTC	122
GTAAAC	121
TCCTGA	121
ATTGAC	121
CTTTAT	121
TGAACG	121
TATCCA	121
TTGCAG	121
CTAATT	121
CGAGAA	120
AGCCAA	120
GGCACA	120
ATCTGC	120
GCCGAC	120
AACACT	120
ATATTA	120
ATTATC	120
TATTTA	119
CAGTCC	119
TATCGG	119
GCAAGA	119
AGTTAA	119
CTTCTC	119
ACTGGC	118
ATTTGA	118
TTAAGG	118
TGCTTT	118
AGCGGT	118
TCATCA	118
TTGGTA	118
TTACAG	117
ATAAAT	117
TGCCAC	117
TGTCTA	117
TGCGTC	117
CGCGGC	117
ATTGGG	117
TTGGAT	117
ATGGCA	117
ATAAGA	117
CGCCAT	116
GCCGCT	116
TTCAAA	116
GGCGGC	116
AGAGGC	116
AATTAT	116
GCGTCA	116
GGTTTT	116
TATTAT	116
AAAGTC	116
TTGGAG	116
TATGGA	116
CCATTA	116
ATGCTA	116
AAACTA	116
CCAACC	115
TTTTTT	115
TTCATC	115
CACTTC	115
TATACC	115
CGTCGT	115
TTGAGG	115
AGCTGG	115
AGGGTC	115
ATATCT	114
AAAACC	114
GTATGT	114
CATGTA	114
ATACGC	114
TTTGAA	114
ACCAAC	114
AGAAGA	113
TTGACT	113
CCATCT	113
ACGAAA	113
AAGACG	113
CCGGTT	113
TGAGGG	113
CCGTAA	113
TTGGGA	113
AATTCA	113
AATGAA	113
TGTAGC	113
AATAGA	113
ATTAAC	113
AACTTT	112
GGTTCT	112
CGCTGC	112
GGATTA	112
TTGTAA	112
TAGCTT	112
ATAATA	112
ATGCTC	112
AAAACT	111
TGGTGG	111
ATGTCT	111
TCATGC	111
TACCGC	111
GATTGA	111
TCTGAA	111
TCAACC	111
CTTAAA	111
TTCAGA	111
GTGTGG	111
GTATAA	110
TGCAAC	110
TATTCA	110
CGAAAA	110
TACCTT	110
TATGCG	110
CAGTTA	110
ACCAAG	110
TGGAAG	110
TGGTTA	110
TTTTAA	110
CCTTGA	109
AGGCCA	109
GCCACC	109
ATTATT	109
TCCTTG	109
GCTTCG	109
ATGGAT	109
TTATAG	109
CAAAGT	109
TCAAGA	109
GCGTGA	109
TTGCTA	108
CCGCTT	108
CCTGCT	108
TTCTCG	108
TCAATC	108
AGCAAC	108
TTCCAA	108
GTGGCC	108
CGTACG	108
ATGAAC	108
GCAACT	108
TGAAGA	108
GTATCG	108
AAGGCG	108
GTAGTA	108
TCTTGA	108
TGTTGG	108
GGTGCC	108
GACTGC	108
GGCAAA	107
GACGCC	107
TTAGTA	107
AGTTTT	107
GGACGG	107
AACAAC	107
CCTCAA	107
CGAAGC	107
TCGATA	107
ATTTTC	106
CCAATG	106
TGCGTT	106
AAGATA	106
TTAACC	106
GATGGA	106
GAAGCC	106
TGTTCC	106
TTCCGA	106
TCGGCA	106
TATGAT	106
GCTTCT	106
CTTGGA	106
ACAAGC	106
GTCGCC	106
CGTTTC	106
CTGTTA	106
AATCAA	106
CGGTAT	105
CGATGG	105
TTTTCC	105
CAGTTT	105
CGAACC	105
TGAAAC	105
GTTAAA	105
ATGGCT	105
ATCATT	105
CGTGAT	105
TGAGCT	105
GATTCA	104
TCGTCA	104
GGTTGA	104
GGGTAA	104
CAACCT	104
AACGCT	104
CCAGCT	104
TGTTGC	104
AGTCCA	104
AGAGCC	104
TTAAAC	104
ATCGAA	103
TCTTAT	103
ACTGAA	103
GTTGTT	103
CAAGTT	103
TTGAGA	103
GTCTTC	103
ATACAA	102
TGAGGC	102
CTGTAG	102
CTCTCT	102
AACTAA	102
CGCTAA	102
AGATAA	102
CGTACC	102
GGTTTA	102
AGATGA	102
CTGCAA	102
CGATTT	102
CTCATA	102
CTTATC	102
AGCGTG	102
GCCTTC	102
TAGAGC	102
GCCAAA	102
TACGAA	102
CTTCTT	101
TATTGG	101
ATTAGC	101
TTTGTC	101
TGGTTC	101
TAGTAA	101
TAGCTA	101
TCCATA	101
TTGGCT	101
TGAAAA	101
TCTTAA	101
TTCGGC	101
CAGATT	101
TTTAGA	101
GGACTT	101
GCCGCC	101
AGGGTA	100
TCAAAT	100
AGCCTT	100
ACGACC	100
ATTTCA	100
TTTACT	100
GTCGGC	100
CAAACA	100
ACTTAA	100
CAAATA	100
TACCGA	100
TTATGA	100
TGTGGC	99
TTAAGA	99
TGAGCC	99
ATACTC	99
GCCAGA	99
GCTACC	99
GTACGT	98
GTATTA	98
CTGCTA	98
TGCTAA	98
CGCGTA	98
TGACAA	98
GTTGGC	98
AGCATG	98
GAAATC	98
TCAAGG	98
GGTAAG	98
TTTAAC	98
AGTATT	98
TCTGCC	97
CCATGC	97
TCCCAA	97
AGTAAA	97
CACCTT	97
AGTTTA	97
CCTGAC	97
CGTTAT	97
CGAGCG	97
CTTGAC	97
AGGAAG	96
GGTCTA	96
AGCCGC	96
CATCCA	96
GTTAAT	96
CTTAAG	96
AATTTC	96
CTCGTA	96
ACCTGA	96
AGGAAC	96
ACTTTG	96
TTTCTA	96
GGTTGG	96
TTGGTG	96
ACAAAG	96
CCTGAG	96
CGACCC	95
CAGCTA	95
AATTAA	95
TCTGAC	95
TCATAG	95
GAAAAG	95
TGAAGG	95
TTCAGC	95
CGCCGC	95
TTGAGC	95
TTACGA	95
CATCAC	95
TGCCTA	95
TTGCGA	95
CGTGGA	95
CAAGGA	95
GACTAA	94
CTAAAT	94
TTCTAT	94
ATATAA	94
GTGATA	94
ACCGCC	94
AATTAC	94
GGCGCC	94
ATGTCA	94
CAGCAC	93
TTCGCT	93
CGGATT	93
GTGACT	93
CGTAAA	93
GACGAA	93
ACGCCG	93
CGTCGC	93
CGTTGG	93
AACCCT	93
GCTGGA	93
CCGACT	93
AGTTGT	93
CCCCAA	93
TGGTAG	92
CGAAGA	92
TTTTTC	92
GTACCC	92
GGTCGC	92
GGTGCT	92
ATGCCA	92
ACAATG	92
CTGGAG	92
TATCGC	92
TGCTCC	92
AAACTT	92
GTATTG	92
CGCATA	92
TTGGAA	91
ACGGAA	91
GGCGCA	91
ATATCC	91
CCGATA	91
TTCAAC	91
TCACTA	91
ACGACT	91
GATTTC	91
ATTCGC	91
ATAGTC	91
TCTAAA	91
TCGTTA	91
TTGAAC	90
CGCAAC	90
CAACAA	90
GGTAGC	90
TCCAGC	90
ATCGTT	90
TGCAGG	90
TTTAGG	90
CCAAAA	90
TTGCAA	90
GGACGC	90
CAAAGA	90
CCGTTT	90
CGAAGG	90
AGGTGA	90
AGTAGA	89
GCTACA	89
GCATTG	89
CGATGA	89
GTTGTC	89
CGCAGT	89
GGGGAA	89
GATGTT	89
TGGGAA	89
CGAGAT	88
TTGCCG	88
TCTCAA	88
TCACGA	88
TTTGGC	88
TGGTGA	88
GTCAAG	88
TGAGGT	88
ATTCCA	87
TCCATC	87
TCATCC	87
TGCGAC	87
GCGGTT	87
CCTTCT	87
CCTTCA	87
CCTGAA	87
CCGCTG	87
TCGCTT	87
GGGAGG	87
TGAGAG	87
ATTTAT	87
TCTTCG	87
GTGAAA	86
TTGTTT	86
TGACAC	86
ACAGGC	86
AACGAA	86
CAAGGC	86
GGCAGC	86
CGTTCA	86
AGTGGA	86
GAGCAT	86
GGTATC	85
TACTCA	85
TGGCTA	85
ACTCCT	85
TCACCT	85
CAGCGG	85
TGTCGC	85
TACCCT	85
TGCGTG	85
AAGTCC	85
AGGTAT	85
CATGAC	85
GCGCCA	84
CTTCAA	84
ATGAAT	84
AGACAG	84
TACTTC	84
ATGACC	84
TGGATG	84
GTATCC	84
GCTCAA	84
GTTCGC	83
CCTTTC	83
TTACCC	83
CTAAAA	83
ACCCTC	83
CAGCCA	83
ATGTTC	83
GGTGGT	83
CAGTGG	83
TATCAC	83
AACTTA	83
TTTAAG	82
CGTATC	82
TATCGA	82
TTATAC	82
CATACA	82
GATACC	82
CAGGCA	82
CCTAAC	82
GTGGTT	82
TTATCC	82
TTTTGG	82
GACGTA	82
GTAAGC	82
ATTCGA	82
CCAGCC	82
CCACTC	82
TCATAA	82
TGGCTT	82
AGAGCG	82
TACATT	82
CGAAAG	82
AACGTC	82
TCACGC	81
ACGTTG	81
CGACGC	81
GATTTT	81
TCATCT	81
CGCTCT	81
CCGGCG	81
GGCTCT	81
TCAGAT	81
ACGATA	81
CAAAGG	81
CACGCT	81
ACTGCA	81
TCTTCT	80
ACGAGA	80
CTGAAC	80
TACGTT	80
ATAGAA	80
TTTTAG	80
CGTGAC	80
CGCCTC	80
GTTATG	80
GCTGCC	80
CAGGGC	79
TGTGTA	79
TCCAAC	79
CATATA	79
GGAGGG	79
CGCCGG	79
AACCGC	79
GGATAT	79
GGCGCT	79
CAATCA	78
CTTTTC	78
GAAGAT	78
TAGTTA	78
GACTTG	78
AGCTTC	78
TTCAAT	78
GAGTCA	78
TCAAGC	78
CTCGTC	78
TTTACG	77
GACGGC	77
CGGATA	77
ACCTGC	77
GGTACG	77
TGCCAA	77
CCAATC	77
TTGCCA	77
GAGGCC	77
CCGTCT	77
TGCTAC	77
CGTTTA	77
AATTGG	77
CCGCAT	77
AGTGGC	77
AGTGAG	77
TGCAAG	76
TGGTCT	76
GCATTC	76
ATAGTG	76
TAGGGA	76
AGACTC	76
GGGAGC	76
TTGAAG	76
CTATGT	76
GCGGCG	76
TCTGTC	76
ACATTT	76
ACAGCT	76
AGCGTC	75
AGGAGG	75
TTGATT	75
CCACTT	75
TGCAGA	75
ACACGC	75
TACGCT	75
GGCAAG	75
CCAACT	75
GCAGCG	75
GCTTTC	74
AGACTA	74
GCTTGA	74
TTTTCA	74
TTGGGG	74
AAGTGG	74
TCCCGA	74
GTACCT	74
AATCGC	74
GATAAC	74
ATTAGG	74
CTTTTG	74
TACATC	74
TGAGAT	74
AACGAG	74
TACTCT	74
TCATTC	74
CTGTTC	73
TGAGAC	73
CGCCGA	73
CACGAA	73
TCAGTC	73
GTTATC	73
ACTTGA	73
GACCGC	73
AGACAA	73
TGGAGA	73
GTTTGC	73
CGTCCC	73
GTAGAG	73
TAGGTC	73
AAGTCT	72
GACAGC	72
GAACGA	72
CTGAGC	72
TATCTT	72
CCTGCA	72
TAGGAA	72
GAACTA	72
TGTGTG	72
AGGAGA	72
CTTCCT	72
CGGCGC	72
GCCGCA	72
TTATCT	72
CGGGAT	72
TCTTCA	72
TTCATA	72
AGATTC	72
GTCTAG	72
CCGCCT	71
AAACAC	71
GACCAC	71
CTCGTG	71
GAGCGC	71
GTCAGC	71
CATCCT	71
TCAGGG	71
GCTCTA	71
CAGACC	71
TGGATA	71
ATCATC	71
AGTATC	71
TGTGCC	71
CTGGAC	70
CGAACA	70
TCTCAC	70
GCAACG	70
ACATTC	70
TAGAGG	70
TTTCGA	70
CGAGGC	70
GCAGTT	70
CCTCTA	70
CACTTT	70
ATCCTA	70
GCCAAG	70
TTGTGG	70
GGGGTT	70
GGCCAC	69
ACTTAT	69
CTCAGC	69
TCAGGT	69
ACAACT	69
CGTAAC	69
CTAAGC	69
CAGCCT	69
CTTTTA	69
TCCTAG	69
TCGCCA	69
GTTCCT	69
GTGTTA	69
TGTTTG	69
CGCCTT	69
ACCGGA	68
ATGCCC	68
AAATTC	68
ACGGCC	68
GCTCGC	68
GCCTCA	68
ACGAAT	68
TCTCCA	68
CGCAAT	68
TAGGGT	68
GCGAAC	68
CCTTAA	68
CGTGCC	68
CGACGT	68
GGGAGA	68
CATTTA	68
TCTACA	68
CTCGCC	68
TAGGTA	68
TGCAGT	67
TCCCTA	67
ACACTC	67
GCAGTC	67
CCGTTC	67
GAAGCT	67
ACTTCC	67
GGTCGG	67
TTCTCT	67
AATATA	67
TCGTGA	67
CTGGAA	67
CGGTCA	66
CGACTA	66
TACAGG	66
ACTTGG	66
TTGTCA	66
TTTTCG	66
ACAACC	66
GATCGT	66
AGGTCT	66
TGTGAC	66
CGGGAG	66
TACCAA	66
GGACAC	65
TTTGCC	65
TAGCAC	65
CATTAC	65
CTAATC	65
ATCGCA	65
TCTACC	65
TACAAA	65
ATTACT	65
CACGCA	65
CAAGCG	65
TGACCC	65
TACGCG	65
GTGGCT	65
ACTGGA	65
ATCGTC	65
CCTCAG	64
CCATTC	64
ACGTGA	64
AAGGCA	64
CCTCAT	64
TCTGGC	64
CAATTC	64
AGTTCG	64
TAGCTC	64
TATAAA	64
TTAGGA	64
ACGCCA	64
TGGAAC	64
GCTGCG	63
GCTTAG	63
TACCAC	63
ATACAT	63
CTTCCC	63
ACTAAT	63
CCTAGA	63
TATTAC	63
TTAGTC	63
ACGACG	63
CTAGAC	63
TCTGCA	63
TGGTGT	63
GCGATA	62
ACTGCG	62
TGCTCG	62
TTGGCA	62
ACCACC	62
TTGTTG	62
CTAGGA	62
GCAGCT	62
TTGTAT	62
GTGTGA	62
TTTGTG	62
TGTATC	62
GCCTAC	62
ACTCAG	62
CACGAC	62
CCCGAA	61
CGCAGG	61
CACATT	61
TGTCCA	61
AAAATC	61
GTGACG	61
CCGAGA	61
AAGGGG	61
AATTCT	61
TTGACC	61
ACACTA	61
TATTAG	61
AGACCC	61
TCTTAC	61
AACTAT	60
GCTCAC	60
ATCGGA	60
CTAGTA	60
TCGTCT	60
TCGGCG	60
TAGTGC	60
GCGATG	60
ATAGAC	60
TAGTTT	60
TCACAC	60
CCCATC	60
ATCTAT	60
AGCGAC	60
CTAATA	60
GTCCAA	60
CGAGTA	59
CTGAGT	59
GTCGCG	59
CGTAGA	59
CGTCCT	59
TGCACA	59
GGCTGC	59
CCAGAT	59
TGCGAT	59
ACGTCA	59
AGACGA	59
CGGCAC	59
TGCGGC	59
GAACGC	59
GTGCTC	59
CTAAAC	58
CCTAAT	58
TCTGCG	58
ACTAAC	58
GACCTA	58
GCATTA	58
TAGCGG	58
TGCCCA	58
GACCGA	58
CGCCCT	58
CGGCTC	58
CATGGA	58
CGTGAA	58
CTACTC	58
GCCGGA	58
CGCAGC	58
TTCCGC	57
AGGTGC	57
CTCCTA	57
GCCGAA	57
GGCAAC	57
ACTATC	57
CACGAG	57
TGCGCA	57
GAGCCG	57
CGACTC	57
TATGAA	57
ATTATA	57
CCTTCG	57
TCCAGA	57
CACTCC	57
CATGTC	57
GTAGAA	57
GCTATG	57
TAGGAG	57
AGTAGG	57
CGCAAA	57
GCTCGG	56
GCCTCT	56
ATTGAT	56
TGCGCG	56
CGTGGC	56
TGCCCG	56
GACGCT	56
TATGTC	56
TGTCTC	56
GGTCCG	56
GGCGAG	56
CTGTCG	56
ATGGTC	55
AGAGAA	55
CGCAGA	55
CTATCA	55
ACCGCA	55
CGACTT	55
CCAAAG	55
TATTCT	55
AAGAGG	55
TGAGGA	55
CACGCG	55
AACACC	55
AACCCA	55
CATCTT	55
CAGTTC	55
ACTTCG	54
ACAGTC	54
AGAGGA	54
ATCCCA	54
CTGCAG	54
TTGCGC	54
CGATCT	54
TGCATG	54
ACGGCA	54
TGGCCG	54
GTGAGA	54
AGAATA	54
CAAGCC	54
CTCATG	54
AGGGAT	54
TGCGGA	54
ATGTTA	54
GGCGGA	53
CCCAAG	53
CTGAGG	53
CAGGCT	53
CCGTTG	53
GCGCTC	53
GAGGCG	53
TTTGCT	53
GCACTA	53
ATCGGC	53
TCATTA	53
CTGTCT	53
TGGCAG	53
TCTAGG	53
CGGCGA	53
TCCGCT	53
AGGAGC	52
CCCGAC	52
GCGTTC	52
CGAATA	52
TCACAT	52
GCGGCT	52
TCAGGC	52
GCCAAC	52
TCTTCC	52
GTGAGC	52
GTGAGG	52
CTGCGA	52
GCCACT	52
TCGGAA	52
GCAAAT	52
GATGGC	52
ACCACT	52
CCGTGG	52
AACTGC	52
TACGTG	52
GACTTA	52
AGGCAA	51
ACTTCA	51
TGAAGC	51
CGAGGG	51
TTCCAC	51
CCATAG	51
ACCTTC	51
GACGTC	51
AGACCT	51
TGCCAG	51
CGTCGA	51
TGATAG	51
TCAGTG	51
GCCATC	51
TCGCAA	51
TCTAAC	51
AGTTCC	51
AGCAAA	51
TGGGAG	51
TCGCTA	51
TCCTAC	51
TGGGTT	51
ATGTGC	51
GTGTCG	51
CTGGGA	51
ATGTAG	51
CGAGCA	50
AGTTGG	50
TACGCC	50
ACAATC	50
ATCGCT	50
TTGGAC	50
CGGGTA	50
CCCGGC	50
AGTACC	50
GTGGAC	50
TCCTCA	50
ACTTGC	50
CCGCAA	50
TTAGGC	50
AAAGGC	50
ATCCCC	50
GAGCCT	50
TGTGGT	49
TTGTCT	49
GCACTT	49
GCGGAA	49
AGATCG	49
TACTCC	49
GCTCTC	49
TCCTAA	49
TCGGGA	49
AGCTAC	49
GACGGG	49
ATAACT	49
GTTACC	49
CAAACC	49
GTCCAC	49
TGGCAA	49
ACTGAG	49
TTTCGC	49
CGTTAG	48
TGGACC	48
GCAGGT	48
TATCTA	48
GTTGTG	48
CGACCT	48
CGGTGG	48
GCCTAA	48
GTAGCT	48
ATTGAA	48
GCTCGA	48
CGACAG	48
GAACTT	47
GCTCCT	47
CGGACT	47
ACCCTA	47
CTTCTA	47
GGATGC	47
AGTGTC	47
GAGTTC	47
CAAGTC	47
TCCTCT	47
CCTCTT	47
GGTTCA	47
CTAGTT	47
GCGCAA	47
AGTTGA	47
CCACGG	47
TGTTCG	47
ACGAGC	46
CCAGGT	46
TTCGGG	46
ACGCGG	46
CCTAAG	46
GTCTGC	46
CCAATT	46
TTCAGG	46
AGGGGC	46
TGCAGC	46
GCGAGC	46
ACTCTC	46
GCTCCC	46
GGGCCT	46
AGTCTA	46
ATCCGA	46
CTCAAG	46
GGTCAT	46
ATTTGC	46
AAAGAT	46
GAGCAC	46
TCGTTT	45
GCATCT	45
TTATAA	45
CAGACT	45
GTGTTC	45
GGCCCC	45
TTCGAC	45
CACAAA	45
CGGAGT	45
TCATCG	45
GTTAGG	45
CTTAGA	45
TACGGA	45
CATGGG	45
TATGAC	45
ACGAAG	45
CGCGAT	45
AGCCGA	45
ATCCTC	44
CCTAGT	44
GTGCTA	44
ACGACA	44
GCGTCG	44
GTGGTC	44
GAGAAC	44
ATGGCC	44
GCGAGA	44
TAGATC	44
CCTCCC	44
CACCGG	44
CGGCCA	44
ATATAC	44
AGGGCT	44
ACCTCC	44
CTCGAG	44
AGCTGC	44
CGCGAA	44
ATGTAT	44
TTGTAG	43
TTCGCC	43
CAAAAG	43
GGTTCG	43
GTAGGC	43
CCTTCC	43
CTCTCA	43
TGTAGA	43
CGTTCG	43
GTACAC	43
CCGCGG	43
CGAATC	43
TGCGCC	43
CTGGCT	43
ACGGGG	43
ACAGAC	43
ACCCTT	43
CACATC	43
TCGAAA	43
AGACGC	43
CTCCCG	43
CCATCC	43
GCAGCC	43
AGTCTT	43
GGTAGA	43
GGCTGA	42
TGACCT	42
TTCTCC	42
TCGCGA	42
GCACCT	42
TGTACG	42
ACATCT	42
CAGGCC	42
GGAGAA	42
GAACCG	42
GGTGTT	42
GGTGTC	42
GTCTCA	42
TCCCCA	41
CCGATC	41
TGCCGG	41
CACACC	41
AGTTAT	41
GCAGAC	41
CGTGCT	41
GATACA	41
ACTCGC	41
GATAGG	41
AGGATT	41
TGTCCG	41
CGCGCA	41
CAGAGA	41
CCGACC	41
ATAGCC	41
GACTCC	41
GGGCAA	41
ACTTTC	41
TTACGC	41
GCCTTA	41
CGGCTT	41
TAGCGC	41
CACCGC	40
TTGCGG	40
TCAACT	40
GTAGGA	40
GTATTC	40
ATTACA	40
CGGACC	40
AGTATA	40
ATGTGA	40
CGCGCT	40
GGGTCA	40
GGGTGA	40
AGGTAG	40
GTTCGA	40
CTGTGA	40
CCTTTG	40
TTAGAT	40
CTTACC	40
ACCAGG	40
TACCTC	40
GCGAGG	40
GCAACC	40
AAGAAT	40
ACGGTC	40
TGTGCT	39
CTACAA	39
CCGTTA	39
CGTGCA	39
GCACGA	39
GGATCT	39
CCCAGC	39
ACGGCG	39
TGTCTT	39
CTATCT	39
AGTGCT	39
CGACGA	39
AGATCC	39
TTCGTC	39
TTCCCC	39
TCCCCC	39
GTCCCC	39
CGCCAC	39
AAGTAT	39
GAGTCT	39
CGCGTC	39
TTTCCC	38
CGGAAC	38
CTCACC	38
CACCTC	38
CTGTGT	38
ACAAGT	38
CTGATC	38
GGAGAC	38
GAACTC	38
CCAAGT	38
TGCGGT	38
CCCTTC	38
CCTTAC	38
GAGGCA	38
CGCATC	38
GCGACT	38
CGGCGG	38
CCTCGA	38
GAAAGC	38
GCCCAT	38
TAGTTC	38
GGAGTC	38
GTTCTC	38
ACCTAA	37
TACTAC	37
TGGTAC	37
TTGCCC	37
ATGCAC	37
AATCTA	37
TTTATA	37
AAGTGC	37
GGTGTG	37
GTACGA	37
TCTGGA	37
GTGCCG	37
CGACCG	37
GGTCTT	37
GTTACG	37
CCAGAG	37
AGAACC	37
ACATCC	37
AATTGC	37
ATGACT	37
ACCCCA	37
CACGCC	37
CTTAAC	37
GGACTC	37
GAGCCA	37
TCGCAG	36
TGTACC	36
CAATTA	36
CGGGCA	36
ACTTGT	36
GCGACG	36
TCTAGA	36
CGCGAG	36
TCGAAG	36
TCCTTA	36
ACCTTA	36
TACGAC	36
TACTGG	36
CTGGCC	36
TGTCAG	36
ACTATG	36
TTCGAG	36
GTATAT	36
GGCTTA	36
TGGGGA	36
AAGACC	36
TATTCC	36
GCGAAA	35
TAGATT	35
TCGTTC	35
CTAAGA	35
CGCCCC	35
TTCCCT	35
GCGACC	35
ACAATA	35
ATACAC	35
ATCAAT	35
GTCTCC	35
TATGGG	35
GTGTAC	35
GTGTCA	35
CCTGTC	35
GAGTGC	35
CGGTAG	35
ACACTG	35
CCTCGC	35
TGGGCA	35
CGGCCT	35
ACACGA	35
ATTTAC	35
AGTACG	35
TCCGCA	35
CCGAGG	35
CCACAC	34
GCTGGG	34
TAGCCT	34
ATGTCG	34
CCTAAA	34
CCATCG	34
GCGGTC	34
ACAGGG	34
GCAGGG	34
ATCCGC	34
CCGTCC	34
ACAGCA	34
AGTGCA	34
CCGGAT	34
ACATTG	34
CTGCCT	34
ATTAGT	34
CATCCC	34
CGGACG	34
TGCTCT	34
AGTCGA	34
CGCCTA	34
GGGGCG	33
CTCGCA	33
GAGGAA	33
CTGTCC	33
CTGCGC	33
GAGGAT	33
TCGCCC	33
CCGATG	33
CCGGGC	33
TACTAT	33
TAGCTG	33
CACAAG	33
TTAGAA	33
AGGGGA	33
TGGGAT	33
CCAGCG	33
CGGTCT	33
AGGTGG	33
TCATAT	33
TCATGT	33
CATGCA	33
CGGGGA	33
AGTTAG	33
AGCCTA	32
CCGCTA	32
TGTCCC	32
GTGTTT	32
TTATTC	32
ACACTT	32
TAGGAT	32
CTTGTC	32
CTACAC	32
CTACCT	32
CTTCAC	32
TGCGAG	32
ACGCTT	32
CGGTTC	32
CCATTT	32
TCACAA	32
CGCGGA	32
GGCACC	31
TGCCTC	31
TACAGC	31
ATGTCC	31
GTTTCG	31
TGGGGG	31
AACTAC	31
TGTGAG	31
CCAGTC	31
CCGACG	31
GGTACA	31
AGTGAT	31
ACCCGA	31
GAGGGA	31
GCCCTC	31
CCCTCC	31
ATGGGC	30
TCACTC	30
CAGCGC	30
AGCGGA	30
CACGAT	30
CACCCT	30
TAGTGA	30
GCCCCG	30
GTCGGA	30
GCTATC	30
CCTCAC	30
GCTCCG	30
ACATGA	30
ATCGCC	30
GTAGTT	30
GTAGTC	30
CAGGAT	29
GTGTGC	29
CTGGGC	29
TCCGCC	29
TGGCTC	29
CAGCCG	29
GCGGAC	29
ACGGAG	29
ACTCTA	29
TACAGA	29
AGCCCC	29
TACCTA	29
CACCCA	29
CCCTTA	29
TACGGG	29
TGCATC	29
TAGAAG	29
TGCACT	29
ATCTAA	29
GAGTGA	29
GTAGAC	29
GAGGGG	29
CTCCCA	29
ACGTGG	29
ACATCG	29
ACAGCC	29
CTCCTC	29
TTGTGC	29
ATGGGA	29
GGAGCT	28
TCCCTC	28
TCTTAG	28
CACAGG	28
ACTATA	28
CAATCG	28
GGAGCG	28
GCTGTC	28
ACGCTA	28
GAGCTA	28
TCTCCC	28
TACCCC	28
CGAAAT	28
AGAGAG	28
CTATCC	28
GGGTGC	28
CCCTGC	28
TGGGTC	28
GTGCAC	28
TCCGGC	28
ATTCCT	28
CATCTA	28
GCGTCC	28
CCCTCG	28
CTCCGC	28
GACCCA	27
CTTATA	27
GCTAAC	27
TACCCG	27
CTAGGG	27
TTGCCT	27
AGCGCG	27
CACGGC	27
CTGTGC	27
TCCCAT	27
GTTTGT	27
AGGTCG	27
GTCTTA	27
ATTGTC	27
TCTAAG	27
TCGTGC	26
CGATGT	26
CCGAAA	26
CGTACA	26
TTCGGA	26
TTCACA	26
TCACCC	26
AGAGGG	26
TTGTGA	26
CCCATT	26
GTGAAC	26
GGTCGA	26
CCCGTC	26
CCTATA	26
CGACAA	26
CCTATG	26
TCTGAG	26
GTCCCA	26
CCTCTC	26
GGGCCG	25
CACTCT	25
TCCGAG	25
TTACAA	25
ATTTCG	25
TGCGCT	25
CCTGTG	25
GGCGAA	25
GCACTC	25
GGGCGA	25
TCGGAT	25
TGTGCA	25
CCCCTT	25
GGGCTT	25
GGGCGG	25
ACACCC	25
CCGAGC	25
GGGGTA	25
CGAGGT	25
ATAGAG	25
CCATGT	25
TCAATG	25
CTGCAC	25
CGTGTT	25
CACAAC	25
AAGTTC	25
ACGTCG	24
TCAGAC	24
GGTCCT	24
CAGTAC	24
GAGCGG	24
GCGCCG	24
ACGCCC	24
CGGAGC	24
ACAGTG	24
GTGGCG	24
ATTCCC	24
GTGCCT	24
CGAGTC	24
CAACGA	24
CGTAAG	24
ACATAT	24
CGTGAG	24
CCGGAG	24
CTACCC	24
TGCACC	24
GGCTAT	24
TAGGCC	24
TTCTAA	24
GTAGCC	24
GACTCT	23
CCCGTA	23
TCTAGC	23
GTGAAG	23
CCGCCG	23
CTCAGA	23
GTACTC	23
GTTGGG	23
TCAGCT	23
TGGGTG	23
TCCTCC	23
GGGGAC	23
CCAGAC	23
TCTGGG	23
TACTTA	23
CGGTGC	22
CAACCC	22
CGGCTA	22
GCGACA	22
CAGGGA	22
GGAGAT	22
CGAGCT	22
TGCCTT	22
CCCCTA	22
ACCTCT	22
CCTATC	22
TACGGT	22
GCAGGC	22
AGGTCC	21
CCCCGA	21
AACGGG	21
TTACAC	21
AACCCC	21
ACGGCT	21
GAGTCC	21
TTGTCC	21
GCTTCA	21
CCTCCG	21
TACACC	21
CTCCAT	21
AGCGAG	21
AGAGCA	21
GGTGAA	21
TAGGCT	21
CGTCCA	20
TGGGGT	20
CCACGC	20
GGCGCG	20
CCCCGT	20
ACTAGG	20
CGCTCC	20
GGATTC	20
GATTCG	20
CCTACC	20
CTACGC	20
CGCACG	20
ATCCCT	20
CTTAGT	20
GGGGGA	20
GGTAGG	20
TTTGGG	20
CAACAC	20
CACACT	19
CCTCCT	19
ACTTAG	19
ACAAAC	19
GTGTCT	19
TCGATG	19
CACCTA	19
TTGAAA	19
GGGACG	19
GGGACC	19
GCCCCT	19
TCCCAC	19
TTGTGT	19
CTCCCC	19
GGGTCT	19
GATAGA	18
ACGCGC	18
ACACAA	18
GTTAGC	18
ACAAGA	18
AGCCGG	18
TGATCT	18
CACGGG	18
TCCCAG	18
CGGTCG	18
CTATGC	18
TCGCCG	17
CGCACC	17
GGGACA	17
TGGTCC	17
GTTAGA	17
GTCTGA	17
GTGGAA	17
ACGGGA	17
TCCGAA	17
GCATCC	17
AAGCCC	17
CCCATG	17
CGACGG	17
GCGCTG	17
AGCCCG	17
TCCGAC	17
TCCGTC	17
GCACGC	17
GAGATA	16
CCATTG	16
GCGCTA	16
GTCACC	16
GGGCGC	16
CCAGGG	16
TCGTGG	16
GGGGCC	16
CGGCCC	16
CTCCGA	16
ACACCT	16
TACAAG	16
CGAGTG	16
CCGCAG	16
CGAGAG	16
TTCACC	15
AATTGA	15
GAGGGC	15
CGCCCG	15
GACGGA	15
ACTCCA	15
CAGTCT	15
GTTCTA	15
CCCAAC	15
ACAGGA	15
TCGGCC	15
AGGGAA	15
ACGTCT	15
GCGTGC	15
TCCCGC	15
TGTCGG	15
GAGATC	15
GTGTCC	15
TTGGCC	14
CAGCTC	14
TTCACT	14
ACTACC	14
GGGGAG	14
GTCATC	14
ATGGAG	14
GCATCG	14
TGTGAA	14
TGTCGA	14
TCGTCC	13
TCGACC	13
TCGGAC	13
GTACAA	13
GTAGGG	13
GGAGGA	13
GGATAG	13
TCCCTT	13
GCTAGT	13
ACCGCG	13
GATCCA	13
CCGGAC	13
GTTCCC	13
CGGGGG	13
AGTTTC	12
GTGGAG	12
TGTTGT	12
TTTACA	12
TCGGCT	12
GTGACC	12
GGCTAG	12
TCAGCC	12
TCGAAC	12
TGTATA	12
ACCTAG	12
CGGGGC	12
CAGAGG	12
CCCCAC	12
CCCCCC	12
CCGCTC	12
GCGGAG	11
GCTATA	11
CGGAGG	11
GCAAAC	11
TGAACC	11
AGGATC	11
TGTCCT	11
CGCGAC	11
GGTACC	11
GACATC	11
ATCANT	11
TCGCAT	11
GAGACC	11
CCGCGC	11
ACGCCT	11
TTCGCA	11
TCCCGG	11
TCCAAT	11
TCGATC	10
TCGGTC	10
CGGAGA	10
TCACCG	10
CCAGTG	10
GGCCAA	10
CCTTTT	10
AGGTTC	10
GTATCT	10
CACCAC	10
CTCGAA	10
GGGGCT	10
GCATGC	10
AAGATC	9
CGGGCG	9
TGGAGC	9
GCCGGC	9
GATCGA	9
GGGGCA	9
GTGCGA	9
GGAGCC	9
AGAGAC	9
CGTGGT	9
ATATAT	9
TCACGG	9
CCCCTG	9
CCGCCC	9
GTGTGT	8
AGTGGG	8
TGATCA	8
CTAGGC	8
CCATGG	8
GCCCGA	8
GCCCCC	8
CACTAG	8
ACCCCT	8
GCGATC	8
AGGGGG	8
GATANT	8
ACGATC	8
GTGATC	8
TCCCCT	8
TACAAC	8
TGGACG	8
AGATCT	8
CGGAAG	8
GAACCC	7
AGGCCC	7
GCGAAG	7
CTGGGG	7
TGATCG	7
AGCGCT	7
GAAGNT	7
TAGAAC	7
GGGTCC	7
GGGGTC	7
GCCCAA	7
TTGATC	7
GCATGT	7
AGAACA	7
GGCGGG	7
GATCCT	7
ACAACG	7
AGGACC	7
CAGTGC	7
GATCAC	7
CGATCG	7
GATATA	7
TCGGGG	7
TAACNT	6
GGGATA	6
AACACA	6
ACTCGG	6
CCCCTC	6
GGGCTA	6
TAAANT	6
ACATGT	6
GGGATC	6
TCCGGG	6
CACCCG	6
TCCTNT	6
GATCAA	6
AATANT	6
AGGGCC	6
ACTACA	6
GGTGGA	6
GGTGCG	6
GCGGGA	6
CACATG	6
CGGATG	6
CCTTGG	6
CGTAGG	6
CGGGTT	6
GATGTC	6
TGTACA	6
AGAACT	6
GTTCNT	6
CGCGCG	6
TAGTAC	6
AAACCC	5
GGCAGG	5
TACTAG	5
ACGTGT	5
GATCGC	5
CTGAAG	5
CCAGGA	5
ACACAC	5
TAGGGG	5
CACTNT	5
GCGGGG	5
CCCCCG	5
AGCTAG	5
TTCANT	5
CGGTTT	5
GCTAAG	5
CTAANT	5
CCTACG	5
TAGCNT	5
GGGCAG	4
CCAAGG	4
GCCCAC	4
TGGGGC	4
ATTGNT	4
TAATNC	4
TTCTNT	4
TGGGTA	4
GAATNT	4
CATANT	4
GAGCTC	4
AGGACA	4
ACCCGT	4
GTCANT	4
TACGTC	4
CTACNT	4
CTACGA	4
TGTGTT	4
CCCCGG	4
ATGGGG	4
TACCGG	4
TGAAAG	4
GGTCTC	4
CAGATC	4
CGGGTC	4
CGCCCA	4
TATGNT	4
TAATNT	4
GTGGGT	4
CCCAGT	4
TAATNA	4
CACCNT	4
ACCCAC	4
AGTGCG	4
GAGCAA	4
ATTCNA	4
GGATCG	4
GCCCGC	4
ACCGGC	4
GACCTC	4
CTATNC	4
TGCCCC	4
AAGCNT	4
TTGGGT	4
GCTACG	3
CTGGAT	3
CTAGCC	3
CTTTCA	3
TTCGAA	3
ACTTNT	3
CTTGNT	3
ATGCNT	3
GCGGGC	3
TGTTAG	3
CTGTNC	3
GAAANG	3
TCCANT	3
GTCTCT	3
CGGTGA	3
CGGATC	3
GTGGTG	3
TCGGAG	3
CGCACT	3
ACACAT	3
NAAGGG	3
CATANG	3
NCCAGT	3
CGTAGT	3
ACAACA	3
AATTNT	3
TAAGNT	3
TACCCA	3
CCTGGA	3
AATCNT	3
TACTNT	3
CCGGAA	3
CCGAAT	3
TAGTAT	3
TGATNT	3
TGGGAC	3
GGCTCG	3
ACCCGG	3
TGGATC	3
GGGCTC	3
CAAGAC	3
AGGGCA	3
AGGGAG	3
CTCCCT	3
CTATNG	3
ATTGGA	3
ACCCAA	3
AGACNT	3
CTAGTG	3
CTAGTC	3
GGTTNG	3
GTAANC	3
CACGTC	3
GTACNT	3
CGTTCC	3
GTATGA	3
ACGTNA	3
GATCCC	3
ACGCAT	3
GAGTNT	3
ACTACG	3
ACGGGC	3
ATCGAC	3
ACGGTG	3
GATATC	3
ATAANT	3
GACCCC	3
TTGTAC	3
TTGCTC	3
GCACCC	3
AAAGNT	3
CTGGNT	2
CGGGGT	2
AAAANT	2
GCCCTA	2
GTGANT	2
GATANG	2
TTNTCG	2
CTGTAT	2
GTTGNC	2
GTTGNG	2
TCGCGG	2
GCCCCA	2
AGCANA	2
TATTNT	2
GATTCC	2
CGATNA	2
CCGTAG	2
GTCTCG	2
ATGCNG	2
CTTANT	2
TACGGC	2
AGCCCT	2
TACGAT	2
CGGGAC	2
CCCCGC	2
CCCCCT	2
AGTTCT	2
CCTGCC	2
GTACNG	2
GTATAG	2
TGTTCT	2
CCTGGG	2
AACCNT	2
TAACNA	2
ATAANG	2
GTGCCC	2
TGTGTC	2
TACANT	2
CCCCAG	2
TTTCNG	2
NTCTGT	2
TGCTAG	2
GACANA	2
CAAGGG	2
NAATGT	2
AAGTNT	2
NTACGT	2
CTAGAA	2
CATTCG	2
NACGGT	2
CACANT	2
GGGGGT	2
TTGCNT	2
NACGTA	2
CTAGAT	2
NACTGT	2
CTAGCA	2
CGTGTC	2
NGACAT	2
GACCNT	2
TGATCC	2
GGTTNA	2
NAGCGT	2
TAAANA	2
TAACNG	2
CTGANC	2
TCCGGA	2
GTAANG	2
AGTGAA	2
TGGGCT	2
CGTATA	2
AAGGNA	2
CTCTNT	2
AACTNT	2
TAAANC	2
GTTTNC	2
CCACNT	2
CCACNC	2
GTCCNA	2
TCTGNT	2
GATCAT	2
NAAGGT	2
CACCGT	2
TTGCAC	2
GGGGGC	2
GGGGGG	2
GAACCT	2
CCCGCT	2
AGTCNA	2
ATGANA	2
TTATNT	2
GCGGCC	2
ACGGGT	2
ATCTNT	2
CTAANA	2
CGGCCG	2
GAGGTC	2
TTTANT	2
ATGCAT	2
TAGTNT	2
TTCGNT	2
NATGTA	2
GTGGGC	2
TCGGTG	2
GATGNT	2
AAAANG	2
GTTANT	2
ACTCNT	2
ACTCGA	2
CCGGTC	2
NATACT	2
GAACNT	2
NAAAGT	1
CTCGNG	1
NTGCCA	1
NTGCTT	1
NTGTCT	1
NTTAGT	1
NAAGTA	1
GCGCCC	1
AANAGT	1
NTTCCT	1
TCAGNT	1
NTCGCG	1
TCAGNA	1
CAACNT	1
NTGCAT	1
AGATNC	1
CACCNA	1
NTGAAG	1
AACANA	1
AGCCNC	1
NTCGGA	1
TANAAT	1
AGCGNT	1
NTCGTT	1
NCTAAT	1
NTCTGA	1
GAACNA	1
TCATAC	1
AAGANG	1
CAGTNT	1
ACTAGC	1
CAAANA	1
NAAGAT	1
NAGGAT	1
TCAGAG	1
TGGCCA	1
CAGTNG	1
NAACTA	1
NCGGCA	1
CTCTNA	1
CAGANG	1
NAACCG	1
GGCTCC	1
ACGANT	1
TGGCNT	1
ATAGNA	1
NAACAT	1
CGTANT	1
GCATNT	1
ATCGNT	1
GGGCCC	1
NAAGCG	1
NTTGGA	1
NTTTAA	1
NTTTGT	1
CGCTNA	1
GTGTNG	1
CGAGGA	1
AGGGNT	1
CGAGCC	1
TTCANG	1
GTCCNC	1
AACANT	1
GTATNG	1
CAGACG	1
CAAANC	1
TTTTNG	1
GTCANA	1
NGCATA	1
TAGGNT	1
CGCCNT	1
NAGAAT	1
ACACNT	1
GTATNT	1
TAGGGC	1
GCACTN	1
TCTTNT	1
NGCAGG	1
ACGCNG	1
TCGGGC	1
GTCANG	1
AGTCNG	1
NGTACT	1
NGTAGT	1
NGTATT	1
CCCGTT	1
NGTCCT	1
TCGTAG	1
NGAACT	1
CATCGA	1
ACCANA	1
CGTGNT	1
NAGCAT	1
TCGGNA	1
NATCCT	1
CTAGNT	1
NGACAA	1
NGTCTA	1
CATTNA	1
TTTANG	1
ACCANT	1
GACCNG	1
NAGACT	1
NATCGT	1
NGCAAA	1
GCACNC	1
GGTGGG	1
GGNAAA	1
NAATTT	1
GGNCTT	1
ATCTNC	1
NTATTT	1
NCTACC	1
TGCGAA	1
NTCAGT	1
ATACNA	1
CCAANT	1
TGCCNA	1
NTCCTA	1
ATCANC	1
GCGANA	1
ATACNT	1
TGAGNT	1
CAAGNT	1
GCAGNG	1
GCGANT	1
GCAGNT	1
NTACAT	1
CCCTNG	1
AAGTNA	1
NGTTGT	1
AAGTNG	1
NACATA	1
GGTANT	1
NTAATA	1
CAATNC	1
NTACAG	1
TGCGNA	1
TGCCCT	1
ACTCCC	1
NTACCT	1
AGCTNT	1
NTACTC	1
NCTAGT	1
TCATNA	1
ACCCCG	1
GGNTTT	1
GTGGGG	1
CTAANC	1
CGTTNA	1
CGCANG	1
CGGGCC	1
GGAANC	1
CCTGNT	1
CCTGNA	1
ATNAGT	1
ATNACT	1
GCGTNC	1
AACGNT	1
AGTACA	1
GTACNA	1
ATGTNT	1
ACATNA	1
TGTTNA	1
AACGNG	1
AACGNC	1
CCTGGC	1
CTTTNA	1
TGTCNA	1
TGTCNT	1
GTGCAA	1
ATTANT	1
ATGANT	1
TATGNA	1
CCTTNT	1
GTTCNC	1
TACACT	1
AACGNA	1
GAGTNA	1
ATNTTT	1
TGTGCG	1
CCGCNT	1
CGGGCT	1
TACANC	1
TGTGNT	1
GAGGNT	1
CGGGAA	1
TATCNT	1
CCTANC	1
CCTAGG	1
GTGCNT	1
TTCTAG	1
AAAANA	1
CCGGGA	1
CCGGGG	1
CAGGNC	1
CCGGCA	1
TTACNC	1
TTACNG	1
GCTANT	1
ATAANC	1
ATAANA	1
AATCNC	1
TCGCGC	1
GCTCCA	1
AATANA	1
TCGCNG	1
GTGCGC	1
GAGANA	1
GATGNC	1
ATATNC	1
ATGGNC	1
GAGANC	1
GAGANG	1
TTAGNA	1
TACCNT	1
ATTTNT	1
TTAANA	1
TTAANT	1
GTGCNA	1
ACCTNT	1
TATCTC	1
GCTGNA	1
ATCGGG	1
CCTANT	1
AAACNT	1
GGCCNA	1
CGTANA	1
GANGCC	1
CCATNT	1
CGATCA	1
CCCGCG	1
NAGTAA	1
TTCGNG	1
AGNCGC	1
GTAANT	1
ATATNT	1
ACNTTT	1
NCCTAC	1
GTCTNA	1
TAAGNC	1
TAAGNG	1
AAATNA	1
NAGTGT	1
TCGTTG	1
NAAAAG	1
NCGGAA	1
CCAGNA	1
ATTTNA	1
TANTCA	1
AATANC	1
AGCANT	1
TGGGCC	1
CANCGT	1
AGATNA	1
GCCGNT	1
GAAANT	1
ACTAGT	1
ATTGNG	1
ACAGNA	1
TTCGNA	1
TCTCNA	1
TCCGNT	1
GGATCC	1
CGGTNA	1
ATCCNT	1
NCCATC	1
CCCANC	1
GACTNA	1
ACCGGG	1
GGAGNT	1
TAGANT	1
CAGCNC	1
TTTGNC	1
TGACNT	1
TAGANC	1
NATACG	1
NCACTA	1
CGGGNT	1
ACCGNA	1
AGNTTT	1
CTNTCG	1
ACTCNA	1
TCGANC	1
TTCTNG	1
AAATNC	1
CGTTNT	1
ACTTNG	1
AANTTG	1
TCNACT	1
GAGGNA	1
ATTCNT	1
NCCGAC	1
NATGTT	1
ATTCNC	1
AANTTT	1
GTTGNT	1
ACTANT	1
