process_radtags v2.1, executed 2018-10-25 11:19:02
process_radtags -p /panfs/pfs.local/scratch/sjmac/b961k922/kinbre/b017_macdonald/data/intercross_f18/raw/Sample_Sam3852_F18_p07/ -o /panfs/pfs.local/scratch/sjmac/b961k922/kinbre/b017_macdonald/data/intercross_f18/raw/Sample_Sam3852_F18_p07 -b /panfs/pfs.local/scratch/sjmac/b961k922/kinbre/b017_macdonald/info/b017_p07_barcodes.txt -i gzfastq -e mseI -r -c -q
File	Retained Reads	Low Quality	Ambiguous Barcodes	Ambiguous RAD-Tag	Total
Sam3852_F18_p07_CAGATC_L008_R1_001.fastq.gz	20515613	263327	312506	151052	21242498

Total Sequences	21242498
Ambiguous Barcodes	312506
Low Quality	263327
Ambiguous RAD-Tag	151052
Retained Reads	20515613

Barcode	Filename	Total	NoRadTag	LowQuality	Retained
GTAACA	F1	257535	874	3258	253403
CAGGTG	Db3852	39693	808	471	38414
CTAACG	Dsam	381496	818	4925	375753
CGTCTG	57c.06	337507	699	4131	332677
CTCTAC	57c.10	51075	636	640	49799
GCGCGT	70c.01	260407	996	3170	256241
AAGGAC	70c.03	212071	1241	2684	208146
TATATG	73c.01	372635	660	4556	367419
GGCATT	73c.03	45762	1471	595	43696
CAATAT	44a.01	107820	2589	1288	103943
GATGAG	44a.02	302486	797	3756	297933
TCTCGT	44a.05	467484	4475	5821	457188
CATAGC	44a.07	328122	959	4137	323026
CTTGCG	44a.08	418724	1157	5400	412167
ATATGG	44a.09	169283	1201	2246	165836
GGTTAC	44a.10	298320	932	3650	293738
AAGCGA	44a.12	285962	985	3533	281444
AAACGG	44a.13	353815	1269	4569	347977
TCTATT	44a.14	156416	1602	2067	152747
CCCTAT	47a.01	134682	975	1772	131935
TCCACG	47a.03	253158	452	3223	249483
GGGAAT	47a.06	45503	321	561	44621
TTCCTG	47a.07	253843	939	3157	249747
TAGTCG	47a.08	217079	491	2710	213878
CACTGA	47a.09	295226	2185	3802	289239
GAGAGT	47a.11	242986	2980	3011	236995
GGAATG	47a.13	230524	932	2953	226639
AGGCGT	50a.04	299700	1643	3816	294241
GTTCAG	50a.05	113827	2155	1432	110240
ACTGTT	50a.06	390856	2054	5050	383752
GACAAT	50a.07	18228	3189	203	14836
CGATAC	50a.10	423395	782	5234	417379
ATCACG	50a.11	333890	2938	4222	326730
GTCGAT	50a.12	36573	327	467	35779
GATCTG	50a.13	180122	436	2221	177465
CTCGGT	51a.01	72475	5114	872	66489
ACGTAC	51a.02	279907	654	3537	275716
GCGTAT	51a.03	37338	485	531	36322
TTAGCG	51a.04	549854	930	6999	541925
ACCGAT	51a.05	46360	2039	577	43744
TAAGCA	51a.07	120195	3041	1419	115735
GAATAC	51a.08	468540	839	5958	461743
ATTCTG	51a.09	167152	772	2293	164087
GCTGAT	51a.12	62483	1995	753	59735
CTGACA	51a.14	231157	966	2939	227252
TAGACA	51a.15	212791	629	2740	209422
GGAAGT	56a.01	89800	1734	1100	86966
TATAGT	56a.02	40282	1815	513	37954
AGCTCA	56a.05	450250	816	5590	443844
CTCTGG	56a.06	118439	369	1473	116597
TGAATT	56a.09	352797	2990	4380	345427
CAACTG	56a.10	220218	1374	2768	216076
ATGATG	56a.11	283270	1335	3665	278270
GTCCGG	56a.12	336458	558	4237	331663
GCACAG	56a.13	378258	572	4843	372843
ATCCAG	58a.03	51096	875	696	49525
GAATGG	58a.10	26097	1947	372	23778
TGTAAT	58a.13	65318	781	760	63777
TCTCTG	58a.15	365448	409	4879	360160
AAATAG	61a.04	261488	1468	3368	256652
AACCTG	61a.06	310730	1213	3801	305716
TAATTG	61a.07	25736	3769	303	21664
GAGTAG	61a.08	83119	730	1060	81329
AATCCG	61a.09	182246	586	2432	179228
AAGCAG	61a.11	179539	2970	2270	174299
AATGCC	61a.13	120730	1249	1478	118003
TTACTT	63a.01	325744	3855	4115	317774
AAGGTT	63a.02	323497	4339	3965	315193
AGAGTT	63a.03	346007	3452	4246	338309
AGTCAC	63a.04	375819	2128	4559	369132
ATCTTG	63a.05	370872	1081	4668	365123
GGACCA	63a.06	89716	508	1121	88087
TTTCAT	63a.08	177437	2347	2255	172835
CATTGT	63a.10	136873	1621	1678	133574
AACTCG	63a.12	161593	530	2088	158975
AATAAG	63a.13	321568	1382	4068	316118
GGGTTG	64a.01	212864	521	2660	209683
CCACCA	64a.04	230761	1136	2913	226712
GTTGCA	64a.05	384424	994	4800	378630
CCCACA	64a.06	222375	492	2753	219130
GTCCTT	64a.09	71774	1030	858	69886
GCCGTG	64a.11	127896	1036	1628	125232
GACACG	64a.12	162740	420	1970	160350
TGACTG	64a.13	170090	530	2154	167406
GCCTGG	65a.02	143795	1034	1750	141011
TCGAGT	65a.08	200544	3257	2479	194808
ATACCG	65a.11	270358	923	3487	265948
GGCCGT	65a.12	73285	1142	976	71167
GAAGTG	65a.13	199166	2205	2606	194355
AGGCTG	65a.15	90775	1015	1081	88679
CGCTTG	68a.01	96064	944	1218	93902
CTTCGG	68a.02	313200	1575	3919	307706
AATGTG	68a.03	418313	972	5187	412154
GGCCTG	68a.04	212433	419	2549	209465
ATAGGT	68a.05	74227	6511	851	66865
AATGGT	68a.06	120006	11661	1388	106957

Sequences not recorded
Barcode	Total
CTAAGT	3844
TAGCGT	3584
CATACT	3219
TACTTT	2852
AACTGT	2803
CCACAT	2664
GATACT	2551
TAGCAT	2501
ATCTGT	2418
GTGCAT	2397
CACCAT	2353
GTTACT	2329
TTCTGT	2121
TTCATT	2106
TTGCGT	2081
TAACGT	2038
TCCTGT	1929
TGACAT	1895
GTACAT	1864
AGACAT	1684
AAAAGT	1678
ATGTGT	1649
GAATTT	1537
ATCCGT	1535
TGATGT	1509
ATTTGT	1502
AGGTTT	1409
ATGAGT	1325
GACTGT	1320
GGTTGT	1320
TAACAT	1305
CTGCGT	1304
AACCGT	1290
AACGTA	1259
GAAGGT	1217
AAGTGT	1186
ATGTTT	1156
TAAAAA	1128
ATCAGT	1102
CTACGT	1090
ACCTGT	1059
TCCGGT	1039
TAAAAT	1032
GACATA	1025
CACAGT	1014
TTCGTT	931
TGCGTA	917
AATACT	903
CCACGT	874
TTCTTT	870
TACTGT	859
TTCAGT	854
TACCGT	842
GAACAT	838
ACTCAT	836
CTAGCT	811
CTACAT	802
GTCAGT	755
AGCAGT	751
CAACGT	741
CATGAT	735
TAATAA	710
TCAGTT	694
TAGAAT	691
TAATGT	665
TAAATA	661
AGTACT	643
TATGCT	624
ATGCCT	593
AACAGT	591
GGTACT	582
AAGACT	574
GAGTTT	569
CGTACT	567
TAGTGT	566
GAACGT	560
TCGGTA	556
AGCTGT	543
GTCTGT	540
AAATGT	539
ACTTGT	535
AGATGT	534
TTATGT	530
TCCTTT	513
CAAGCT	493
TAAGAT	493
TCCGTT	487
CTGAAT	481
GCCGGT	481
GTGATT	479
TAACAA	470
TAAAGG	468
CATGCT	457
GCCAGT	445
CTGGTA	435
GAAACT	434
CCTGGT	428
TAAAGC	425
TAAAAC	423
TAAGTT	421
CTATTT	416
TAATGA	415
GTCACT	415
ATTCAA	414
TAAAAG	406
CGACAT	406
CATGTT	395
ACTACT	388
CAGCAA	386
CTGCAT	382
GTAAAT	379
CTGTTT	375
CGGTTA	372
AGCACT	370
TAAATC	367
GTAATT	365
TAAACT	359
CTATAA	346
TCGGTT	342
CGCTGT	341
AGGACT	340
TAAAGA	338
ACACGT	338
TGCTGT	337
CAAAAA	335
CTGTAA	330
AACATA	325
CTGATT	325
AAAATG	324
TAACGA	323
AAAACG	313
AGCCAT	311
TCTGTA	311
GTTTTC	309
ATGCTT	308
CTTGTT	307
TAACCC	304
CGTTAA	301
AGCGTA	300
TTAAGT	298
ATTGCT	297
TTCCGT	296
TAATGC	295
AATATC	295
CGCGTT	293
ATCTCC	292
CTATTC	292
AGAACG	291
TAATCT	291
CAGAAG	290
TGCATA	287
CGAACT	287
AGATTG	285
TTTAGC	283
TTTTTG	283
TAACCG	280
GATGTA	279
TGCTGG	279
TGATAA	278
AATATT	277
AGTAGT	275
TAACCT	271
CATAAA	270
GGGTGT	270
ATATCA	266
AAAATA	264
CCATAA	263
TTTATC	257
CTTTAG	257
GTTTAA	256
TAACAC	255
CAGAAA	253
AACCAA	251
AGCAAG	250
AAACAT	250
AAAGGA	248
ACGTTT	246
ATTCGT	245
ATGGTA	245
TTCTGC	244
TCAGTA	244
GCTTGT	244
TTATCA	242
GATATT	242
TAAGAG	242
TTAATA	239
CGTCAA	238
CGCCAG	237
AGCAAT	236
AAATGC	236
ATAGTA	234
ACCAGC	233
ATTTCT	231
TTCTGA	231
CACGTA	231
AAAAAT	230
CAGCTT	229
ATCAGC	228
ACCATA	228
TCAAAA	227
AATCTC	227
AGAAAT	226
CTCATC	226
CTGGTT	226
CCGTGT	225
ATAACC	225
TTAAAT	224
TGACGA	223
AAGAGC	223
AGAAGC	223
AAACCA	223
CATTCA	222
AAGCTC	222
TAAACG	221
AAGCCT	220
TGTTCA	220
TTAACT	220
GTTGAC	219
AAAGCG	217
TAACAG	217
GATAAA	217
AAATTT	216
TCATTT	216
CCTGTA	216
ACAGTA	215
TAAGGT	215
CTCTTT	215
CCTTTA	214
CGTTCT	213
CTGTTG	213
TGCTTA	212
TTTGGT	212
TAACTA	211
GAGGCT	210
GTTTGA	210
TGTTGA	210
TGCTGC	209
AGAAAA	209
GACCAA	209
TTTACC	208
AAGAAA	207
TAATCC	206
TCAGAA	206
AAGTAA	206
GATTGC	206
ATCTCT	205
TTATTA	205
GTTTAT	205
ATTTTT	205
TGACGT	204
TTTTGA	204
GCAGAA	204
CTTTTT	203
TAAGTC	203
AAAGTA	202
GGTGTA	202
GCAGTA	201
GCTGGC	201
TAACTC	199
TGATGA	199
TATGTT	199
AGAAAC	198
ATTGTA	198
AAAAGA	198
TCAATA	197
GTTCGT	197
AAATGA	197
CCAGAA	197
AGGATA	196
TTTGAG	195
TATTTT	195
ATAAAC	194
ACCAGA	194
GCATTT	194
TGAACA	193
CAATGC	193
TCAACA	193
TAAACC	191
GCCAGC	190
ACTGAC	190
CCATGA	190
TATTGC	189
TAAGGG	189
TTAATG	187
CAAGAA	187
GAATCT	187
TCCAAA	187
ATTTTA	186
GGAAAA	186
AATTTA	186
TAACGC	185
AGCATC	184
GCAATC	184
TGGTTT	183
GTTTGG	183
CATATT	183
TGATGC	183
TTGACG	183
GTCAAC	182
TGGTAT	182
ATTTAA	182
ATAAAA	181
ACGATT	181
CTATTG	180
GACCAG	180
GTTATA	180
GCTTTA	180
AGTCGG	179
TGGTCA	179
TATCAG	179
CATGAA	179
CATCAA	178
AAATTA	178
ATGGAA	178
GAAACC	178
GGTAAA	178
AGAATC	178
ATAAGC	177
AACCAT	177
AGCCTC	176
GAAGAA	176
TTTTTA	175
TATTGA	175
ACCTTT	174
GCAAGG	174
TGCCGC	174
CCTTGC	173
AAAATT	173
TGGTAA	173
TGATTA	173
TTACCA	173
TGATTC	173
ATGAGA	172
TAAGGC	171
CTGCTT	170
GTAAGG	170
TGCTAT	170
ATAATC	170
ATTTAG	170
CTTGTA	170
TTTGAC	169
TCATGG	169
CTTACT	168
GATGCT	168
ATTAAA	168
ATTAGA	168
CAAATC	168
TAAGAC	167
GAATCA	167
TACCAT	167
AAAACA	167
ACTTCT	167
CATTAA	166
TATTAA	166
CTCAAA	166
AACAAA	166
GATTAT	165
GGATGA	164
GCATAA	164
ATCTGA	164
TGCTGA	164
TTTGTT	163
CGTTTT	163
GACGAC	163
TGACGC	163
GTTAGT	163
GTACTA	162
ATGCGC	162
GAACAA	162
GTTTTG	162
AATTTT	162
ATGCGG	162
TTCGTA	162
GTACTG	162
TTGGTT	161
GCTTCC	161
CCGGTA	161
ACCAGT	160
ATCGTT	160
AAGTTG	160
TGAGAA	160
AACAGC	159
AGCTTT	159
CATCAG	159
AGCACC	159
CCAAAT	158
TCTTGG	158
ACCGTA	158
GTAAAG	158
CAGAAT	158
AGAAAG	157
AAATCA	157
CGGAAA	157
AATCTT	157
TTTGGA	157
ACCAAA	157
ACATTA	157
GCTACT	156
CACATA	156
GTTTCT	156
AACCAC	156
CGCAAG	155
TGGCGA	155
ACATAA	155
ATAGCA	154
TTATGC	153
TTAATC	153
ATCAAA	153
TTGAAT	153
AGCAGC	153
ACAAAA	153
GGCGTC	153
CTTAAT	153
TTAGAC	152
TTAAGC	152
ATGCAA	152
AAAAGC	151
GACTTC	151
TTTCCG	150
CATCAT	150
ATATCC	150
TATGGC	150
GAAAGA	150
TATCAA	149
CAGCGT	149
GAAAAA	149
CAGGGT	149
TGGAGG	149
AGTCCT	149
AAGTTA	149
GAGATG	148
GTTAAC	148
GAATTA	148
TATCCT	148
GGCAGA	148
TGTTTA	147
AGATAT	147
CCAAGA	147
GACTCA	147
ATCAGA	147
CATTTG	146
TTTTCT	146
CAGGAA	145
TACCAG	145
GGCGGC	145
CTATAG	145
TTTCCA	145
AAAGCT	145
GATTAA	145
TGCCAT	145
GGAACC	144
AGCTAT	144
TGATGG	144
AACATT	144
GAAGGA	144
GAGAAA	143
ATCGTA	143
GCATCA	143
GCTAAA	143
TGTTTT	142
GGAAAC	142
ACAGAA	142
CCAAGC	142
ATCATA	142
TTACGG	142
AAAGAA	141
CACCAG	141
CTTGAT	141
CTATTA	141
CGGTAA	140
GAGCTT	140
GACGTT	140
CTTATG	140
AATCAT	140
GTCTAA	139
CAAACT	139
CATAAT	139
GCCATA	139
AGAAGG	139
AGCAGG	138
GACGGT	138
TTCTCA	138
TTTTGT	138
TATAAC	137
TCATCA	137
ATCAAC	137
AAAAAA	137
ACCATG	137
GATTCT	136
TCAAAC	136
TTAAAG	136
TACATA	136
AGATTA	135
TGTCAA	135
GCGGCA	135
ATATTC	135
TTGTTC	135
GCTTGC	135
TGCCGA	134
GTTATT	134
ATATTA	134
TACTGC	134
TTTAAA	134
ATAAAG	134
AACTTC	134
TTGATA	134
CAAGAG	134
AACAGA	133
AGGTTA	133
GGCGAC	133
GCTTTG	133
GCGGTA	133
ATACGA	132
CTTTAA	132
TACGTA	132
TGAGTC	132
GAAGGC	132
TCTTGC	132
AGGAAA	132
AGCGGC	131
ACAAAT	131
TTGGTC	131
AGTTTA	131
GCTTAA	131
CAGATT	130
TTTTGC	130
GTCAGA	130
AAAGTC	130
AGCGGT	130
CAGTAA	130
CACGTT	130
AGTTTG	129
CTTTGC	129
AGCTGG	129
CTCCAA	128
ATAATT	128
TTTTAC	128
AAGTCA	128
ATGAAA	128
ATCTGC	128
AAACAA	127
CAGATA	127
CAGCAT	127
ATGAGC	127
CAGAAC	127
GATTTA	126
TGTTAA	126
TGTTTC	126
CCAAAC	126
TGGCGG	126
GCTCTT	126
TTAAAA	126
TCTGCT	126
CGCCAT	126
CGGCAG	126
TGGAAA	125
CTTTCC	125
CGTATT	125
ATTGGG	125
ACCATT	125
ACTCAA	125
AGATGC	125
GAAATT	125
GTACGC	125
ACCAAC	124
CACTTC	124
CAATCC	124
TGGCCT	124
GCATGA	124
GGATTT	124
AAAAAC	124
GTTTCC	123
TGGCGC	123
CGTTGC	123
GTGCCA	123
CATTTC	123
GGAGGC	123
TGAGTA	123
AGCGCC	123
AAATCT	123
GCCTCC	122
ACTAAA	122
GACGCC	122
GACCCT	122
CAAGTA	122
CTTCTT	122
CAACGC	122
TCAGGA	122
TTTCTC	121
CGAACC	121
CTCATT	121
GAAATA	121
CCGTCA	121
CTTTAT	121
GTGTGG	121
GCAATA	121
CCGAAG	121
AAACCT	121
AACGCT	120
AACGGC	120
ACCGTC	120
CTACAG	120
GGTGCC	120
ATTATC	120
TGTCTA	119
ATGGCG	119
TCATGA	119
CGTGAT	119
TCAAAG	119
TTCTTA	119
TGGCAT	119
ACATCA	119
GTCGTC	119
CTTGAA	119
CGATTA	118
TGAGCT	118
CCAGTT	118
GAAGCC	118
CGTTGA	118
GTTTTT	118
GGATAA	118
AGGGCG	118
TTTTAA	117
CGGCAA	117
GCAGGA	117
CTGCAA	117
GCAGCA	117
ATACTA	117
AGTCCA	117
TGCTTC	117
GTACGT	117
CGCCAA	117
ATTTCC	117
CTGGTC	116
GACGCA	116
GGTGGC	116
TTCTTC	116
TATGGA	116
TCCTGA	116
ACTGGC	116
ACGCAA	116
GTTGGT	116
TATTTC	115
CTTGGA	115
AGAGCC	115
CGAAAA	115
TGGCAC	115
GGCTTC	114
ATATCT	114
ACGTTA	114
AGGGTC	114
ATTGAG	114
GACTGC	114
CCAACC	114
ATTAAC	114
TCAACC	114
GCTTCG	114
TTGACT	114
ATTGAC	113
GTAATC	113
TCTTGA	113
CTTGGC	113
CTATGA	113
AGTTGC	113
AACCCT	113
GCGATT	113
ACCATC	113
GCAAAA	113
ATAAAT	112
CCAATA	112
TCCTTC	112
AATGAA	112
AGAGGC	112
ACGCCG	112
AATTCA	112
TTTCTA	112
AAAACC	112
TGATAT	111
TTTAAC	111
AGTTTT	111
TCTCAA	111
TATGAT	111
AGCAGA	111
CTGCTG	111
GTTTTA	111
ATTAAT	111
AAACTC	111
TGCAAA	111
GCTTTT	111
CCTGAG	110
GCTGTA	110
AGTAGC	110
GGCAAA	110
TTTGAA	110
ATGGCA	110
GGTATA	110
TCAAGA	110
TTGCAG	110
CAAAAC	110
AATTAT	110
AGCATG	110
TACCTT	110
GCAAGA	109
TTTTTC	109
CGCATA	109
AGCTTC	109
GGACAT	109
CTCAAT	109
GTATGC	109
GTATTT	109
CTGCTC	109
GTCGTA	109
GTCAAA	109
CGTCAT	109
GTCATG	109
AAATCC	109
TGAAAC	108
TATCTT	108
AGCATA	108
TCTTTA	108
GCCGCT	108
AGTATG	108
GCCTTC	108
TACGAA	107
AACACT	107
TATCGG	107
AAGGCG	107
GGACGG	107
CTTCTC	107
TTCTCG	107
GATTCA	107
CGGCAT	107
TTTGTA	107
AATCAA	107
ACGCTC	106
TGTAGG	106
ACCCTC	106
CATTAG	106
CACCAA	106
AGCCAA	106
TTAACC	105
ATTACC	105
AACGGA	105
AGGTAA	105
TCTTTC	105
TCAGAT	105
ACGGTA	105
GCCGCC	105
GCAAGC	105
TGAGCC	105
CCAGCT	105
TATTCA	104
GGTGCT	104
GCTACA	104
GCGTGA	104
GGTTTT	104
TACCGC	104
TTCATC	104
CAGTCC	103
TCGGCA	103
TTGGCT	103
TGGACT	103
CCGTTT	102
ATTTTC	102
TTGGAT	102
TTATAT	102
CACCTT	102
GGTTGG	102
ATATTT	102
CGCGGC	102
GTCATA	102
TCCGTA	102
TCATGC	102
GACTTT	102
TGCGTC	102
ATCGAA	102
GGCACA	102
CCGCTG	102
GGTTTA	101
AACGCA	101
CTTTGA	101
CTGCCG	101
GCAACT	101
CGAGAT	101
AACATC	101
GGTCAA	101
ATGTCA	100
GCTGGA	100
CAAATT	100
AGTTAA	100
CGCGTA	100
AGCAAC	100
GTACCC	100
CTTAAG	100
TTGGTA	100
AACAAC	100
TATGTA	100
GTGGCC	100
CTTTCT	99
GCCAGA	99
TCATAG	99
TTGGTG	99
AAGATA	99
TCTTAA	99
TTTTCA	99
GTGCTG	99
CTGTAG	98
CTTATT	98
CAAGGT	98
CGGTAT	98
TTGTTA	98
TTAGTA	98
CGAGAA	98
GGCTAA	98
CCTGCT	98
GCCGAC	98
ATTATT	98
TGTCGC	98
ACTTTA	98
AAGACG	97
CATCCA	97
TTGCTA	97
CAGTTA	97
AGTTGT	97
CCATCT	97
TGAACG	97
TTGGGA	97
ATGTCT	97
GTCGCC	96
AACCGC	96
CATCTC	96
CGCTGC	96
CCATGC	96
TCCCAA	96
CGTGTA	96
TCACGC	96
TGGTGC	96
TGGAAG	96
CCGTCT	96
ATAGTG	96
AACGAA	95
ACAATT	95
CGCCGG	95
ATACGC	95
TGCCAC	95
TCGATA	95
TTCAAA	95
TCCTGC	95
GTCTTC	95
TGAAGA	95
CTCTTA	95
TAGCTT	95
GCTACC	94
AGAAGA	94
GACAGA	94
ACTGAA	94
ACGACC	94
TTCAGC	94
AAAACT	94
TGGTGG	94
CTACTA	94
TATTAT	94
GTTAAA	94
TGTAGC	93
CCAATC	93
TGAAGG	93
CCGCTT	93
TTTACT	93
GGCGTA	93
AGTAAA	93
TATTGG	93
ATTAGC	93
TCGTAA	93
TTTTTT	92
CCGGTT	92
GTGGTA	92
TTCCCA	92
TTCAAG	92
CGAGCG	92
CGAAGA	92
GCCTTT	92
TGAGGG	92
TCTGAC	92
GGGAGG	92
TTAAAC	92
AGGACG	92
AGTATT	92
ACTTTG	92
AGGTAT	92
CCTTGA	91
TGCGTT	91
TGCTTT	91
TTAAGA	91
GTATAA	91
TGTTGG	91
TTAAGG	91
TTTAAG	91
GACGAA	91
ATAAGA	91
TACTAA	91
TCAATC	91
AATTTC	91
GGTTGA	90
AGCCGC	90
CTTCCA	90
CTTATC	90
GCTCAA	90
GTTGGC	90
AACGTC	90
GCATTG	90
TATGCG	90
CAAGTT	90
TGTGGC	90
TCAAAT	90
CGTACG	90
AACAGG	90
TGCTAA	90
CATACA	90
TTGAGA	90
AGGGTA	89
CCATTA	89
CGACCC	89
GATTGA	89
CCTTCT	89
CGATTT	89
GACTAA	89
CCAGTA	89
TGGTTA	89
ACAGCT	89
TACTTC	89
TTGCGA	89
AACTTT	89
ATAGTC	89
CTGCTA	89
ACGAAA	89
TTCCAA	89
GGCGCC	89
GGAGTA	88
GTTAAT	88
ATGGCT	88
CGCAGT	88
TATTTA	88
TTCGGC	88
TTGAGG	88
CGGATT	88
CGTAAA	88
ACGGAA	88
ATGAAC	88
CAAAGT	88
CCAATG	88
CCGACT	88
TTGGAG	88
AGGAAC	88
CTTAAA	88
TTCAAT	88
GCCACC	88
ACTGGA	88
TGGATG	87
TAGTAA	87
CGTCGT	87
TGCAAC	87
TGAAAA	87
GTATTG	87
GGATAT	87
TCCAGC	87
TTTTGG	87
ATAATA	87
TTGAAC	87
TTTTCC	87
ACTCCT	87
GTATCC	87
TGAGGC	87
TGCAGG	86
AAACTA	86
GTTGTC	86
GGTCTA	86
TAGAGC	86
TTCAGA	86
ATTTCA	86
GGCAAG	86
CATCAC	86
TTCTAT	86
CACGCT	86
ATGGAT	86
TTTGGC	86
ATTGGC	86
TTCGCT	86
GAAAAG	86
CGCTAA	86
ATGCTC	86
CGTGAC	85
AGGTGA	85
AGACTC	85
CCGATA	85
AGGCCA	85
TTATGA	85
TTATAG	85
GCTTCT	85
AGCGTC	85
GAAATC	84
GTGTAA	84
TTGCAA	84
CATACG	84
GGTTCT	84
CATATA	84
TGTTCC	84
CTCGTA	84
GCAGTT	84
CTGTTA	83
GAGCAT	83
CCAGCC	83
TCTGCC	83
CGCCGC	83
AACGAG	83
CAGCCA	83
GTTGTT	83
TATCCA	83
TCTAAA	83
GAGTCA	83
GGACTT	83
CCTTCA	83
AGTGGA	82
ACCAAG	82
TGGTGA	82
GCTCGC	82
CCAAAA	82
TCCAAC	82
TTGCCG	82
CATGAC	82
CCCCAA	82
AGTGAG	82
CGAAGG	82
TCTTAT	82
TCATTA	82
TACCGA	82
TTTGTC	81
CCTGAA	81
GTATCG	81
TGCAGA	81
CGTCGC	81
CGTTTA	81
TGCCAA	81
CAGTTT	81
CAAGGC	81
CAAATA	81
TCCTTG	81
GCGGTT	81
TGTTTG	80
TCTGAA	80
CTCGCC	80
GGCTCT	80
AGAGCG	80
TCATCT	80
GTATGT	80
ACGTTG	80
AATTAC	80
CGTACC	80
ATCATT	80
TCACGA	80
TTACGA	80
TGTGCC	80
ACTTAA	80
TACATC	80
TCTTCT	79
TTTAGG	79
TACCCT	79
AGGAAG	79
TAGCAA	79
CTTGAC	79
GTGTGA	79
GCTTGA	79
TGCCTA	79
TTTAGA	79
GACCGC	79
AGTTCG	79
TTGAGC	79
TGAGAT	79
TAGGGT	79
TCCATA	79
TTGTTT	79
GCGCCA	78
CTCATA	78
TTACAG	78
CTAAAT	78
CGTGGA	78
GGGGAA	78
TGGGAA	78
GATGTT	78
GTGACT	78
CAACCT	78
CAAACA	78
TCTGTC	78
GGCGCA	77
GCGATA	77
TACGTT	77
TATCGC	77
GGGGTT	77
TCGCTT	77
GCGTTA	77
GATACC	77
GATAAC	77
ATACAA	77
TCTTCG	77
TGGCTA	77
TGCTCC	77
CCGCAT	77
AACTTA	77
AATAGA	77
GCCAAA	76
AATCGC	76
CATCTT	76
AGCGTG	76
GTAAAC	76
CCTCAA	76
GTGCTC	76
CGTGCC	76
TAGAGG	76
GACCAC	76
CGTTAT	76
GGTCGC	76
ACATTT	76
ACAAGC	76
GTCGGC	76
ATGAAT	76
TTCCGA	76
TTGACC	76
TGGAGA	75
TCCATC	75
GTACCT	75
GCCTCA	75
CGCTCT	75
GTGATA	75
ATCATC	75
TGAGGT	75
TTTTAG	75
TGGTAG	75
ATTTGA	75
ATATAA	74
CTCAGC	74
GATTTC	74
ACAGGC	74
AGCCTT	74
CGGTGT	74
CGAACA	74
AAATTC	74
ATGCCA	74
TATACC	74
AGTAGA	74
CAGCGG	74
TCGTGA	74
ATTCGC	74
GACGGC	74
CGAAGC	74
ACCGCC	74
TGGTTC	74
CGGTCA	73
GCGTCA	73
CTTCAA	73
GGCGCT	73
CGCCGA	73
CCCATC	73
ACTTCC	73
AGATAA	73
TCTTAC	73
TGCGTG	73
CATGGA	72
CAGGCA	72
TGTTGC	72
CAGTTC	72
TTCATA	72
CCACTC	72
GTGGTT	72
CCAACT	72
TCGCCA	72
CAACAA	72
ATGACC	72
GCAGTC	72
CAAGGA	72
ATCGCA	72
GAACGC	72
GATTTT	72
GACCGA	72
GATGGA	72
GAGGCC	72
TCGTTA	72
TATCAC	72
CGACTA	72
TACCAA	71
GTTCCT	71
ACTTGA	71
GATCGT	71
ACCACC	71
AGCGAA	71
GCATTC	71
CTGTTC	71
TGCAGT	71
AAACTT	71
CACGAA	71
CCTGCA	71
ACCTGA	71
CGATGA	71
TCATCC	71
TTGATT	71
CAATTC	71
GAGGTA	70
GGTCGG	70
GGCAGC	70
AGACCT	70
GTGAAA	70
GCAACG	70
AAGTGG	70
TCAAGG	70
CTAATT	70
GCTCTA	70
ACTGCA	70
ATAGAA	70
TTTGCT	70
AGACGA	69
TTATCC	69
ATCGTC	69
ATGTAA	69
AATTAA	69
GGACGC	69
GCTGCC	69
TCCAGA	69
AGTGTA	69
AAGTCC	69
TTCTCT	69
ACAATG	69
TTGGAA	69
CTAAAA	69
CAATCA	69
CACTTT	69
CCTAAC	69
TACTCA	69
ATACAT	69
AGATGA	69
TGACCC	69
TAGGTC	69
CGAAAG	69
AACTAA	69
TCTCCA	69
TCAAGC	68
CGTCCC	68
TGTCTC	68
CGTTTC	68
CTGAAC	68
TCCCGA	68
GCCGCA	68
CTGAGG	68
CTTCCT	68
TTACCC	68
TAGGAA	68
ACGATA	68
AGACCC	68
TTTTCG	68
ATTACT	68
CAGCAC	67
GGTACG	67
CTAATC	67
GGTAGC	67
CCTGAC	67
TGAGAC	67
TCTGCA	67
ATACTC	67
TCTCAC	67
ACAAAG	67
ATAGAC	67
AGTGGC	67
GTAGAG	67
GTCTAG	67
GGATTA	67
AGATTC	66
ATTTAT	66
TGTCCA	66
ATGCTA	66
CCGGCG	66
CGTATC	66
GGCTGC	66
ACCTGC	66
TTGAAG	66
ATGTAG	66
CCGCCT	66
TGACAC	66
TCACCT	66
GTCAAG	66
CGACGC	66
CAAAGG	66
TTCAAC	66
CAAAGA	66
TTATAC	65
CTCACT	65
CACGCA	65
GGGTAA	65
CGCCTC	65
TATCGA	65
TGCTAC	65
ACACGC	65
GACGCT	65
CTGGAG	65
GCGGCG	64
CGAGGC	64
TATGAA	64
CTGAGC	64
TTGGGG	64
GTGTTC	64
AGTATC	64
GTTATC	64
CTCCTA	64
TGGAAC	64
CGGACC	64
CACTCC	64
AGGAGG	64
GCAGCG	64
CGAGGG	64
ACGACT	64
TGACAA	63
CAGCTA	63
CAGCCT	63
GGAGAG	63
AAGTCT	63
CGGATA	63
TGCGAC	63
GTAAGC	63
CTCAAG	63
ACATTC	63
CGCGAT	63
GTGTTA	63
CGGCGC	63
GCCAAG	63
CTCATG	63
GGTGGT	63
GTTCGC	62
CGAGTA	62
CTTTTC	62
TTTGCC	62
GTGGCT	62
CCGTTC	62
TAGCAC	62
AGACAA	62
ACGGCC	62
TGCAAG	62
CAGGCT	62
CGTTGG	62
CCTTTC	62
TCCTAA	62
TACAAA	61
CATTAC	61
CCACTT	61
CTCGTG	61
GGCCAC	61
TCGTCA	61
CAAGTC	61
TCAGGG	61
ACTTAT	61
GCTCTC	61
TCATTC	61
GGCGAG	61
GAGCGC	60
TTGTGG	60
CCGATT	60
TGGTCT	60
GGTATC	60
GTTTGC	60
TGCGGA	60
CAGTGG	60
CTTTTA	60
TCGTCT	60
ACTTGG	60
CGTTCA	60
TGGCTT	59
AGCGAC	59
GACCTA	59
TACGTG	59
CAAGCG	59
GTCGCG	59
GAAGAT	59
CACATT	59
AACTAT	59
GCGTCG	58
CCAGAT	58
CTATGT	58
TGTGTG	58
GACTTG	58
CGTCGA	58
CGCAAA	58
TTCCAC	58
TCGGCG	58
TACTCT	57
TCATAA	57
GAGGCG	57
TTGTAA	57
AGAGAA	57
ATCTAT	57
TTGCGC	57
TGTGAC	57
TGTCTT	57
CGAGCA	57
CCTTAA	57
AAAGAT	57
CCTCAG	57
TTAGTC	57
CTGTCG	57
CGCAGA	57
GGTGTC	57
TACGCG	57
CTGTCT	57
TGCCAG	56
GAACGA	56
AATTGG	56
GCTCCC	56
TGCGGC	56
TTCCGC	56
CGTCCT	56
ACTTCG	56
AGTGCT	56
CACGAC	56
ACTGCG	56
CGTGGC	56
GAAGCT	56
GTTATG	56
TTGTAT	56
GTCAGC	56
TGCTCG	56
CGTAGA	56
AGCTAC	56
TACGCT	56
CTCGTC	56
ACAATC	56
GTGTCG	56
ATGCCC	55
AGACAG	55
CAGACC	55
ATGTGC	55
GCGAAC	55
TGGCAG	55
CGATGG	55
ACGAAT	55
AGATCC	55
TGAGGA	55
GCTTTC	55
AGAGGA	55
ATCGCT	54
CCCGAA	54
GTATTA	54
GTCTGC	54
TTGTCA	54
TGCGCC	54
CTTCTA	54
TGCGCG	54
CGGTGG	54
TGCATG	54
CCATTC	54
CCCAAG	54
AGGTCT	54
TTATCT	54
CACAAA	54
CGGCAC	54
GACTTA	54
CTTCCC	54
GCCGGA	54
CCTAGA	54
AGCAAA	53
GCGACC	53
GATGGC	53
CCTCAT	53
TCACTA	53
TCAACT	53
CTATCA	53
TTTACG	53
CGCAAT	53
TCTGCG	53
ACGCGG	53
CTACTC	53
TTGTTG	53
CGCCTT	53
TCTGGC	53
ATGTAT	53
AGGAGA	53
CTAGGA	53
TCCTAG	53
GCTCGG	53
TCTTCA	53
TATGTC	53
CTGCAG	53
ACGTGA	53
CTAATA	53
GACGTC	53
ACAACT	52
CATCCT	52
AAGGCA	52
TCCCTA	52
AGATCG	52
TATTAG	52
TACCAC	52
CGGGAG	52
ACCACT	52
CCTCTA	52
TCACAC	52
GGAGGG	52
CGTGAA	52
TAGCTC	52
TCGCAA	52
GCCATC	52
ACGACG	52
GCACCT	52
AAGGGG	52
GCATTA	51
AGGAGC	51
ACGGCG	51
TTACGC	51
ATGTTA	51
GCTCAC	51
TTTCGA	51
GCTTAG	51
CGACGT	51
AGTACG	51
CTAGAC	51
TCAGGC	51
ATGGTC	51
TCTACC	51
GCCGAA	51
GGACAC	51
CCGAGA	51
ACGCCA	51
GCGGCT	51
CGGTCT	51
GAGCAC	51
GCATCT	51
AACACC	50
CTAAAC	50
GCGATG	50
TTTGTG	50
TGGACC	50
TTCTCC	50
GCTGCG	50
CCATTT	50
GTTGTG	50
ATGTTC	50
GAGCCG	50
GAGCCT	50
ACACTA	50
GACAGC	50
CAGAGA	50
TGCACA	50
ACCAGG	50
ACAGTC	49
GAGTTA	49
TAGTGC	49
CCAAAG	49
TGGGAG	49
GTGGAC	49
CCACGG	49
GTGAGA	49
AGTTGA	49
ACCCTA	49
TATAAA	49
TGTATC	49
ATTAGG	49
AGGGGC	49
AGACGC	49
TATTAC	49
ACCGCA	49
ACGTCA	49
ATCTAA	49
ATCGGA	48
TCAATG	48
AAACAC	48
TGCAGC	48
TCAGTC	48
GGCCCC	48
TGGATA	48
TAGGAG	48
CCGTAA	48
GTCCAC	48
CGACAG	48
CACGAT	48
TGAAGC	48
CTAAGA	48
TAGGGA	48
GCTGGG	48
CGTGCT	48
CGAATA	48
CACATC	47
TGCCCG	47
TGCGCA	47
CGCAGC	47
AGCTGC	47
TCATCG	47
TGCGAT	47
CTGGAA	47
ACTAAC	47
CGACTC	47
TAGATC	47
TTGTCT	47
ACCTAA	47
AGAATA	47
CTAGTT	47
TTGCCA	47
AAGAGG	47
GAGTCT	47
ACACTC	47
CCGTCC	47
GTAGGC	47
GACTCC	46
CGGGAT	46
CACGAG	46
CGACCT	46
GGGCCT	46
GTGAGG	46
ATCGGC	46
ACGGCA	46
ACAACC	46
GTCTCA	46
CCTAAT	46
TTCAGG	46
TGGTGT	46
AGTGTC	46
ATCCGA	46
TGGCCG	46
AGTGAT	46
TAGCGG	46
GCCTAC	46
CGCAAC	46
CCGACG	46
TCCTCT	46
TGCCCA	46
CGTTCG	46
AATATA	46
GAACTC	45
AAAATC	45
TTCCCC	45
CAGGGC	45
ACGACA	45
ACATCT	45
ACTATG	45
ATTTAC	45
TCTACA	45
AAGTGC	45
TTAGGA	45
GTGGTC	45
TGTGCT	45
TCTAGG	45
CTACAA	44
GGACTC	44
GGTGTG	44
TGGGTT	44
CTCACC	44
ATTGAT	44
CTCCCA	44
TAGCCT	44
ACCGGA	44
GGTCCG	44
TAGTTT	44
ATCCTC	44
GGCAAC	44
AACTGC	44
CGGCGA	44
GCTCGA	44
TATCTA	44
CAGGCC	44
GGGAGA	44
ATTCGA	44
TCATAT	43
CCGCAA	43
CGACTT	43
CGGCTT	43
GCAGGT	43
CCAGAG	43
CTAAGC	43
CCGTTG	43
TTCGAC	43
TGCGAG	43
TCGGGA	43
CGCAGG	43
ACTGAG	43
AGAGCA	43
ATTCCA	43
TGTGGT	43
GTATTC	43
GCGAGC	43
CCGACC	42
CCGCGG	42
ACACTG	42
TCACAT	42
ACCTTC	42
ATTGAA	42
GGGTGC	42
TGACCT	42
TACGCC	42
TCCCCA	42
ACTATC	42
GCGCAA	42
TAGCTA	42
TCCTCA	42
TGGCAA	42
ACACGA	42
ATAACT	42
CCTAAG	42
CTTACC	42
ACGGAG	41
CGAGGT	41
GTGCTA	41
GCAGGG	41
TACTCC	41
GTGACG	41
TGGGCA	41
ACGAAG	41
GTGAGC	41
GTCCAA	41
GCCTCT	41
CCTTCG	41
GCCTTA	41
TGTGTA	41
CCTCCC	41
CCTTTG	41
ACTCGC	41
CCTATC	41
TTCGTC	41
TGTCAG	41
TCCGCT	41
GCGCTC	41
CGCGCA	41
AGGTGC	41
ACGAGC	41
TACGGA	41
TCAGTG	41
GGGAGC	41
GAACTA	40
CGGAGT	40
ATTTGC	40
TCTTCC	40
GCAAAT	40
CTGGGA	40
CGAATC	40
AGTCTA	40
CAGCCG	40
GCTCCT	40
ATCCCC	40
CCGTGG	40
TCCGCC	40
AACCCA	40
TACGAC	40
AGTTCC	40
GGAGAA	40
ACTCAG	40
CGGTAG	39
TACAGG	39
TCGCTA	39
TCGAAG	39
ACTTCA	39
CGCCAC	39
ATGTGA	39
GTAGAA	39
AACGGG	39
GCCACT	39
CCAATT	39
CTGGCC	39
GCGACG	39
TATTCC	39
TCGTTC	39
TCTAAC	39
ACGGTC	39
CTGGAC	38
TGTTCG	38
CCCTGC	38
CCAGCG	38
CGACCG	38
CTGATC	38
CCCATG	38
CATTTA	38
ATCAAT	38
GGTGTT	38
ATTTCG	38
TCGGAA	38
ATATAC	38
TAGGTA	38
CTCGCA	38
GAGAAC	38
GGAGTC	38
GCAGCT	38
TTGGCA	38
CGGCTC	38
TCAGGT	37
CTGAGT	37
ATACAC	37
ATCCCA	37
ATTATA	37
TACGGG	37
GTTACG	37
TATGAC	37
CACGCG	37
ACGCTA	37
GTCTCC	37
ACAGCA	37
CTGCGA	37
TTATAA	37
CCCATT	37
TGGGGA	37
CACCGG	37
CGATCT	37
GCTATG	37
TGAGAG	37
GGTCAT	37
CGCGTC	37
GACGGG	37
ACGGGG	37
GCGGAA	37
TTCGGG	37
TCGCGA	37
CTCCCG	37
GTTTGT	37
ATGACT	37
GTTCTC	37
CCTCTT	37
GGTAAG	36
GCGACT	36
ACCTCC	36
CGGGGA	36
CTCGAG	36
ACGAGA	36
TCGCAG	36
GAAAGC	36
CTTAAC	36
GCCCTC	36
CACTCT	36
TTAGGC	36
GCGTTC	36
CCAGGT	36
AGTAGG	36
CCTTCC	36
TCGAAA	36
GTTACC	36
AGGCAA	36
CCTAAA	36
TCCTAC	35
ACCCTT	35
GGGTGA	35
GCGAGG	35
GCGAAA	35
GCACTA	35
GCAGAC	35
ACGTGG	35
AGTTGG	35
CGGCCA	35
CGAAAT	35
GCAGCC	35
CCTACC	35
TGTCCG	35
CATGGG	35
GTGTTT	35
AAGAAT	35
AGTACC	35
GTAGAC	35
CAGACT	35
CGCCCT	35
GTAGTA	35
GTAGCC	35
ATCCGC	35
CATCCC	35
TTTCGC	35
CACCGC	35
AGAACC	35
GGGTCA	35
TAGCGC	35
ATTAGT	34
CGCTCC	34
ACTTTC	34
CTTTTG	34
CAAGCC	34
CTACAC	34
GCACGA	34
GGAGCG	34
CAAAAG	34
GAGGAA	34
AGGTCC	34
CCTGTC	34
TCTGGA	34
CGACGA	34
TGTGAG	34
CCAAGT	34
CGCACG	34
CCTACT	34
GGTTCG	34
AGTTAG	34
CGTTAG	34
ACCTTA	33
CGAGCT	33
CCCGAC	33
GTGTCA	33
GCGCCG	33
TCTAAG	33
TAGATT	33
CCCAGC	33
AGTATA	33
ATCCTA	33
ACACTT	33
TGCGCT	33
AAGACC	33
CTGCGC	33
GGCTGA	33
CCTAGT	33
CCTATA	33
CGCCTA	33
CGGACT	33
CGGCGG	33
CGGGCA	33
TACTAC	33
CGCGGA	33
CGCGCT	33
CGGTTC	33
CAAACC	33
TGATAG	33
TACCCG	33
ATTGTC	33
TCCTTA	33
GGGCAA	33
TCCGGC	33
CCAGTC	33
ACTCTC	33
GTAGCT	32
CTGGCT	32
CACAAG	32
CCCGGC	32
CATGTA	32
CACACC	32
GGCGGA	32
TTTCCC	32
GTGTAC	32
TCCCTC	32
GCGGAC	32
TTAGAA	32
GAGCCA	32
GTCTTA	32
TAGTGA	32
AGACTA	32
GTGTGC	32
GTGAAG	32
ACATCC	32
GCACTT	32
CTGTGA	32
CCATAG	32
CACGCC	32
CCTCAC	32
GAGGGA	32
GCCCCG	32
CGCACC	32
AGTCTT	32
CCCCAC	32
CCTCGC	32
GCGAGA	31
GTCTGA	31
GTACAC	31
TGCGGT	31
CCCTTC	31
GGCGAA	31
ATGGCC	31
CTGTCC	31
TTGCGG	31
AGGGAT	31
AGTCGA	31
ATAGCC	31
GGCTTA	31
GCAATT	31
AGGGCT	31
CTTCAC	31
GATACA	31
AAGTAT	31
GATTCG	31
CCATCC	31
ATTCCT	31
GGGCGA	31
ACGCTT	31
CATGCA	30
GGATCT	30
TTCCCT	30
CTCTCA	30
TGCACT	30
AGAGAG	30
AGTGCA	30
CTCCGC	30
GTAGTT	30
AAGTTC	30
GCGTCC	30
CGTGCA	30
TGGCTC	30
ACTTGC	30
CGATGT	30
ATGTCC	30
ACAGGA	30
GGTAGA	30
ATGTCG	30
CCGGAG	30
CTAGGG	30
CCGAGG	29
GGCGCG	29
CAATCG	29
GGGCGG	29
ATGGGC	29
CGCATC	29
GCAACC	29
TGTACC	29
AGGGGA	29
CGGCCT	29
CCATCG	29
TGGTAC	29
TTGCCT	29
TCACAA	29
TCTCCC	29
GGATGC	29
AAAGGC	29
TACCCC	29
ATTACA	29
GCGGTC	29
GTACGA	28
TCCGAG	28
CTAGTA	28
CCCTCC	28
AGCCCC	28
CACAGG	28
TCGCCG	28
CGGAGC	28
CGTAAC	28
CCCTTA	28
AGGTAG	28
GCGACA	28
GCCAAC	28
TATTCT	28
CACGGC	28
CCGCTA	28
CTCTCT	28
ACTTAG	28
ACATGA	28
TCCCCC	28
GTAGGA	28
CCCGTC	28
TTCGCC	28
GAGGAT	28
ACCCCA	28
GCTCCG	28
CCGGGC	28
TTTATA	28
CACCTC	28
ACATTG	28
GTATAT	28
CGGACG	28
TAGTTC	28
TGTCCC	28
TTGTAG	28
GTCGGA	27
TACTGG	27
ACAAGT	27
ACGGCT	27
TACCTA	27
GAGTGC	27
CTCCTC	27
CCCCTT	27
ATGCAC	27
GTCCCC	27
ACTAGG	27
AACCCC	27
GGCACC	27
ACAAGA	27
CCTCGA	27
GGGCTT	27
GTTAGG	27
ACAGAC	27
TCGTTT	27
CATGTC	27
GAACTT	27
AGCGAG	26
GTGCAC	26
GGATAG	26
GTTCCC	26
TGTGCA	26
TAGAAG	26
TGCACC	26
TCCGCA	26
TGTACG	26
GGATTC	26
AAGCCC	26
AGTTAT	26
TGCCGG	26
ATAGAG	26
CACAAC	26
GAGGCA	26
CGCGAA	25
GGGCGC	25
AGCCGG	25
TTCGGA	25
CTTGTC	25
CAATTA	25
CGGGTA	25
TATGGG	25
TGCTCT	25
CAACGA	25
CCCGTA	25
TTGGAC	25
ACAGGG	25
CCGTTA	25
CCCCGA	25
GAACCG	25
ACGTCG	25
TACCTC	25
GCTTCA	25
GCCTAA	25
TGTAGA	25
CTGTGC	25
GGAGCT	25
AGCGGA	25
AGCGCT	25
GCCCAT	25
CTTAGA	25
CCACAC	25
TGGGGT	25
CGCGAG	24
ATGGGA	24
TACTAT	24
CGGGGC	24
GGAGAC	24
TTATTC	24
AGCGCG	24
AGGATT	24
TGCATC	24
GTTAGA	24
GTGGCG	24
TCGGAT	24
TAGCTG	24
GGGCCG	24
CTATCT	24
ACAACG	24
GAGGGG	24
TCCCAT	24
CCCTCG	24
GTTCGA	24
TACTTA	24
CCGGAT	24
TTTGGG	24
TCTGGG	24
CAGCGC	24
CAGCTC	24
CGTCCA	24
CGCGAC	24
TCTGAG	23
TTCGAG	23
GTGCCG	23
TAGGCC	23
CCTTAC	23
ACTAAT	23
GCTGTC	23
GACGTA	23
ACCCGA	23
CCGAAA	23
CGACAA	23
ATCGCC	23
GGGGTA	23
GACCCA	23
AGGTCG	23
TGGGTG	23
GTAGTC	23
TTCACA	23
TTGCCC	23
TACAGC	23
TGGGTC	23
GGGTCT	23
GGGGCG	23
AGGTGG	23
CGGCTA	23
GAGTGA	22
TCGCCC	22
GGGGAC	22
AATTCT	22
ACATAT	22
GGCCAA	22
GGGACG	22
GCAGGC	22
CAGTGC	22
CGAGTC	22
CCTCCG	22
AGGGAA	22
ACAGCC	22
GTCCCA	22
CAACCC	22
CATCTA	22
TACAGA	22
GTTGGG	22
GTGGAA	22
TTGTGC	22
CAGAGG	22
TAGGAT	21
GAGTTC	21
CCATTG	21
ACGCCC	21
AATTGC	21
TCTTAG	21
CTATCC	21
TCCGAA	21
TACACC	21
GTGAAC	21
CCTATG	21
GCCCCT	21
CTCCCC	21
AACTAC	21
GGCTAT	21
TTACAA	21
CGCCCC	21
ACTCTA	20
CTACCC	20
GGGGCC	20
CAGGAT	20
CCGCCG	20
GCACTC	20
CACCCA	20
CCGATG	20
CACCCT	20
CTGCAC	20
CTGCCT	20
GTACTC	20
CGGTCG	20
GGGACA	20
ACAGTG	20
ACAAAC	20
GCGGAG	20
GATCCA	20
CACCTA	20
ACTATA	20
CTGTGT	19
CTTATA	19
GAGCTA	19
TCAGCT	19
GACTCT	19
TCATGT	19
CGTGAG	19
GGTGAA	19
GGTAGG	19
GGTCGA	19
AATCTA	19
CCAGGG	19
TGGGGG	19
CCTGTG	19
AGCTAG	19
TCCCAG	19
AGCCGA	19
TGTCGG	19
GTATCT	19
TGGGAT	19
CCGAGC	19
CCTCCT	18
CGGAAC	18
GACGGA	18
TTGGCC	18
TCCCAC	18
GAGCGG	18
GATAGG	18
ACACCC	18
CCGATC	18
ACCTCT	18
GGGGGA	18
TCGTGC	18
CTACCT	18
CCGCTC	18
ACATCG	18
TTGTGT	18
GTTAGC	18
ACAATA	18
CCCCTA	18
TGGACG	17
CCCAAC	17
TCGGTC	17
TGGAGC	17
AGAGAC	17
CCATGT	17
TTGAAA	17
GCGCTG	17
TCACCC	17
GCGCTA	17
CTTAGT	17
GCCCGA	17
GTGCCT	17
CGGCCC	17
ATCCCT	17
GCGTGC	17
GCTAAC	16
TGTCGA	16
TCGAAC	16
CTAGGC	16
GGAGGA	16
CTACGC	16
GGGACC	16
TAGTTA	16
GGTCTT	16
ACCGCG	16
ACGGGA	16
GTTTCG	16
CCTCTC	16
ACACCT	16
TTAGAT	16
ACTACC	16
GCAAAC	16
TACGGT	15
AGTGGG	15
GTGACC	15
TCTAGA	15
CGTACA	15
GCTATC	15
TGATCT	15
ACGCGC	15
GAGATC	15
TACATT	15
AGAGGG	15
AGTGCG	15
GCATCC	15
TCGATG	15
CCCCGT	15
TCCTCC	15
CGTGTT	15
TGAACC	15
TCCGTC	15
CGACGG	15
TCCCGC	14
CTCAGA	14
CGAGTG	14
TTGTGA	14
TCAGCC	14
GCACGC	14
GGGGAG	14
GGTACA	14
TGCCTT	14
TTACAC	14
TTCTAA	14
GTGTCC	14
TGCCTC	14
ACGTCT	14
TTCACC	14
TTGTCC	14
CCACGC	13
TCGGAC	13
CGGTGC	13
GGAGAT	13
CCGCCC	13
AGCCCG	13
TGTGAA	13
TCCCTT	13
CCCCCC	13
TCGGCC	13
CTGGGC	13
TACAAG	13
GCATCG	13
TCGGCT	13
CGCCCG	13
TTTACA	13
CCGGAC	13
AGGATC	13
ACACAA	12
CCTACG	12
GATCGC	12
GATCGA	12
TCCCGG	12
GAGGGC	12
ACTCCA	12
GTCATC	12
TCACGG	12
TCACTC	12
TCGACC	12
GTCACC	12
GGTTCA	12
ACGCCT	11
GTGTCT	11
TCGCAT	11
GACATC	11
CGGAGA	11
CAGTAC	11
ACCCCT	11
CTATGC	11
TTCGCA	11
GGCAGG	11
CAACAC	11
CTCCAT	11
CCCCTC	11
CGAGAG	11
GGTGCG	11
GAGATA	11
AATTGA	10
CACACT	10
AGTTTC	10
AAACCC	10
GCATGC	10
AGGTTC	10
TCAGAC	10
TCGATC	10
GATCAC	10
TCCGAC	10
GAGTCC	10
GCGGGG	10
CCGCGC	10
GATAGA	10
GGGGCT	10
CCAGTG	10
TGTATA	10
TCGGGG	9
CTCGAA	9
AGCCTA	9
TAGGCT	9
ATTCCC	9
TCACCG	9
TTCACT	9
CACCCG	9
CGCGCG	9
GGCGGG	9
CGGAGG	8
ATGGAG	8
TACACT	8
CCCCAG	8
ACCCAC	8
GATGTC	8
AGGACA	8
GTCTCG	8
CTACGA	8
TGTGTT	8
GTACAA	8
TCGTCC	8
GGGTCC	8
ACTACG	7
CGGATC	7
CCTTTT	7
CACCAC	7
GCCGGC	7
CCAGAC	7
GCCCGC	7
GTTCTA	7
TCGGTG	7
GGCTCG	7
CTAGTG	7
CTCCGA	7
ATCGAC	7
GGTCTC	7
TGCCCC	7
GATCAA	7
CCGCAG	7
TCGTGG	7
TGGTCC	7
ATTGGA	7
TGAAAG	7
CAGTCT	7
AGATCT	7
CACGGG	6
CTAGCA	6
CAAGGG	6
GGAGCC	6
AGGACC	6
CACATG	6
GACCTC	6
GCTATA	6
GTAGGG	6
CGCACT	6
ACGATC	6
TACAAC	6
AATANT	6
ACTCGG	6
TTCGAA	5
CGTAAG	5
TGGGTA	5
GTGATC	5
GAGACC	5
GGCTAG	5
CGGTGA	5
TAGCNT	5
ACATGT	5
GGTGGA	5
TACCGG	5
TCCAAT	5
ACACAC	5
GCGAAG	5
TGATCA	5
GGATCG	5
CGAGCC	5
GCCCAA	5
CGATCG	5
GTGCGC	5
CCCCCG	5
AAGATC	5
GGGGTC	5
CAGGGA	5
GGGCTA	5
TGTACA	5
TTGCNT	5
TGGGGC	5
TAAANT	5
GGTCCT	5
TCTAGC	5
GTAANC	4
CCCCCT	4
TTGCAC	4
ACCCGT	4
CCCCTG	4
CGTATA	4
GGGCAG	4
CTAGCC	4
GAATNA	4
CGGGGG	4
CACTAG	4
TAGAAC	4
GCCCAC	4
AGGCCC	4
ACCGGC	4
CGTAGG	4
CTGTAT	4
TTAANT	4
GTGGAG	4
GATCCC	4
ACCTAG	4
CAAGAC	4
GAACCC	4
TTGCTC	4
CCATGG	4
CGTGTC	4
TGTGGA	4
GGCTCC	4
ACGGGC	4
CACGTC	3
ACCCCG	3
TCCCCT	3
TAATNT	3
TTACNG	3
GCGGGA	3
GTGGGT	3
CCCGAG	3
CCCGCG	3
CCCGTT	3
ATAANG	3
ACTCGA	3
ACCCAA	3
CCGGGA	3
TGTGCG	3
GTGTGT	3
ATAANT	3
AGTCNT	3
TAAGNG	3
AGAACA	3
GCACCC	3
CGGGCG	3
TCGGAG	3
CGGGTT	3
ACGTGT	3
CTTCNT	3
TTGGGC	3
AGGGCC	3
CGTGGT	3
ACCCCC	3
ATATAT	3
ACATGC	3
AGGGCA	3
CGGTTT	3
TGCGAA	3
GGGGGT	3
AGGGAG	3
ACAACA	3
ACACAT	3
GAAANG	3
GGTACC	3
CTAGAT	3
TATCTC	3
GGGCAC	3
GATATC	3
CGGAAG	3
GATCCT	3
AGTTCT	3
ACGAGG	3
AANTTG	3
CTTTNG	3
GAGCTC	3
TAGTAC	3
ACCTNT	2
ACTACA	2
AACGNA	2
NAAGAA	2
NTCTGT	2
TCCANT	2
AGCTNT	2
CTGAAG	2
GTATAG	2
AAACNC	2
GAGGTC	2
TGCGGG	2
ACTCCC	2
CACTNC	2
CTATNC	2
CTCANG	2
CTCTNT	2
AAGTNT	2
CCCAGT	2
TAGGGC	2
GAACCT	2
ACTAGT	2
TAGGGG	2
GTAANG	2
ATATNA	2
TAGGNA	2
GAAGNA	2
GAAGNT	2
GTACNT	2
TCTTNT	2
CAGTCA	2
GAATNT	2
AAATNA	2
ACAAGG	2
GCTCCA	2
TGATCC	2
TACGAG	2
CCCGGG	2
TGATCG	2
GGGATA	2
GCTACG	2
ATTTNG	2
TTGTAC	2
CATANA	2
CTGGGG	2
CATANT	2
CGCTNC	2
TAAANA	2
GGGGGC	2
TGTTCT	2
CCTGGA	2
AGNTTT	2
TCACNT	2
CCTTAG	2
ACTCNT	2
NAGCAT	2
GGGGCA	2
CGGCCG	2
CGGATG	2
CCTTGG	2
GGGCTC	2
ATCANT	2
TTAGNC	2
ACGTNA	2
TGTGTC	2
GTGCAA	2
GCATGT	2
CACCCC	2
CGCCCA	2
TGTCCT	2
TACGTC	2
ACAGAG	2
GCCCCA	2
CCAGGA	2
GCCCTA	2
CAGATC	2
ATGCAT	2
TGGGCT	2
AGTANT	2
TGGGCC	2
CCGGCA	2
GTCTCT	2
AGAACT	2
GTGGTG	2
TAATNA	2
GTTANT	2
AGTACA	2
TCGCTC	2
NAGTTT	2
AACACA	2
AAGCNC	2
AACGNT	2
TTGATC	2
GAGTNT	2
AGTGAA	2
NAAGGG	2
GCGATC	2
GGGGGG	2
NCGCCG	1
GGCCNA	1
NTTGGT	1
NTGCGT	1
ACGGNT	1
TACANG	1
GTTANG	1
NTGATT	1
NTCGCG	1
NAAACT	1
ACCCGC	1
NTGTTT	1
GTTTNC	1
TATTNA	1
NTGGAA	1
GTTGNC	1
NATGAT	1
TANCCC	1
NGATGG	1
NGATTA	1
NGATTG	1
NCACGT	1
GGTCCC	1
NATTTC	1
TANTGA	1
NGCAAG	1
NGCAGT	1
NATGTT	1
GGTCNG	1
NGCGAG	1
GTCCNA	1
TAGANT	1
TAGANC	1
NGCTTT	1
NATCAG	1
TAAANG	1
NGGCCT	1
TAAGNT	1
TAAANC	1
NGACAA	1
NCGAGG	1
ACGANC	1
TAACNC	1
NCTACT	1
NCCTGT	1
ACGCAT	1
GTACNG	1
GGTTNA	1
NCTTCA	1
NCCGCG	1
TAGTNT	1
GGGGNT	1
NCCATA	1
ACAGNT	1
NCATTC	1
NGAGGT	1
ACGCNG	1
GTATGA	1
NCATCA	1
GTATNC	1
NCAGCG	1
GGTCNT	1
TAAAAN	1
NACGAT	1
NACCCG	1
GTGGGA	1
NTACGG	1
GTGGGC	1
GTGGGG	1
NTACGT	1
TACGGC	1
TAATNC	1
NAATGA	1
AATTNG	1
NACGTA	1
NTATGA	1
TATGNG	1
GTGTNC	1
GTNTCA	1
ACCGGG	1
NTATGT	1
NTATTT	1
NTCACT	1
NTTTGT	1
NTTTCA	1
GGGCNG	1
ACAGCG	1
NGTATG	1
GTCTNA	1
NGTCAG	1
NGTCAT	1
NGTGAC	1
GTCTNG	1
NACTGT	1
GTGANA	1
GTGANT	1
NTCCGT	1
NGTTGT	1
TACTAG	1
GTGCCC	1
NTAAAA	1
GGGCCC	1
NTAAGT	1
GTGCGA	1
NACGTG	1
GTGCNT	1
NTAATT	1
CCGAAC	1
CCGGAA	1
TTGTNT	1
ATTGNT	1
CCGANT	1
TCGGNA	1
TCGGNT	1
GATCAT	1
AACTNT	1
GATATA	1
GATANT	1
CCGAAT	1
CCGGCC	1
TTGGNA	1
CCCTNA	1
TGCTNT	1
TTAANC	1
CAACNT	1
TGCTAG	1
TCGTTG	1
TTGCNG	1
ATACNT	1
ATACNC	1
CCCGCT	1
CCGTGA	1
TTNTCG	1
ACTGGG	1
ATTCNC	1
ACTGNA	1
ACTGNC	1
CTAGAA	1
CTAGAG	1
AAGCNT	1
CCGTGC	1
CTAGTC	1
GCACNC	1
CTGANT	1
TTNAGT	1
CTATNA	1
CCGGCT	1
TCGCCT	1
GATTNC	1
GATTNA	1
TCGCGC	1
TCGCGG	1
GATTCC	1
ACTTNT	1
AGTCNG	1
GACCNG	1
AGCCNC	1
ATAANC	1
TTCGNG	1
CTTGNT	1
CTTTCA	1
CCACNT	1
AANTGT	1
CTTTNA	1
TTCCNA	1
TTAGNT	1
GACCNT	1
CCAAGG	1
CATTNC	1
GAAANC	1
CATCGA	1
TTATNG	1
CATCNT	1
GAACNT	1
AGTGNT	1
CATTCG	1
CATTCC	1
AACANC	1
TTGANA	1
TCTANC	1
TGCCCT	1
CTGCCC	1
CCCCGG	1
CCCCGC	1
GAGANC	1
CTGGAT	1
ATACNA	1
CACANG	1
CCCANG	1
AGGGNC	1
CACCNT	1
CTGTNC	1
AGCGNG	1
AGCGGG	1
TTCTNG	1
TTACNC	1
TGATNG	1
GACGNG	1
CACTNT	1
CTTCNC	1
ATCTNT	1
GCTAGC	1
CGAGNT	1
CGTGGG	1
ATCTNC	1
ATGGNT	1
CGTGNA	1
CGCGCC	1
TTTTNA	1
TTTCNG	1
GCTAGT	1
AATGNA	1
TTTCNC	1
CGTTCC	1
GCGTNC	1
TCACNG	1
CGGGCT	1
CGAGNA	1
ATGTNA	1
ATGANT	1
CGCCNT	1
CGGTNC	1
AGGGGG	1
ACGTNG	1
TGGTNG	1
GCTTNG	1
CGGANA	1
CGTAGT	1
ATGCNA	1
CGAGGA	1
TGTCNT	1
CGATCA	1
CGTCNT	1
AAACNA	1
TCATNG	1
ATGGGG	1
GGACNG	1
AATCNT	1
GGATNC	1
CTAANT	1
TCCANA	1
TCAANG	1
TCCGGA	1
AGGGNA	1
GGATCC	1
TCCGGG	1
TGTTAG	1
TGGCCC	1
CCTTNT	1
TCAANC	1
ATTANG	1
GCCCNG	1
ATCGGG	1
GCCANT	1
TGTTGT	1
TGGCCA	1
TGTTNG	1
CGGGAA	1
CGTTNG	1
TCCANC	1
ATGTNT	1
AGGTNG	1
GCGGGC	1
ATNAGT	1
AATCNA	1
CGGGCC	1
GCGCNA	1
TCCCNT	1
GCGCCC	1
TGGGAC	1
CGACNC	1
CTAANC	1
GCGCAC	1
AAAANT	1
