process_radtags v2.1, executed 2018-10-25 11:16:21
process_radtags -p /panfs/pfs.local/scratch/sjmac/b961k922/kinbre/b017_macdonald/data/intercross_f18/raw/Sample_Sam3852_F18_p02/ -o /panfs/pfs.local/scratch/sjmac/b961k922/kinbre/b017_macdonald/data/intercross_f18/raw/Sample_Sam3852_F18_p02 -b /panfs/pfs.local/scratch/sjmac/b961k922/kinbre/b017_macdonald/info/b017_p02_barcodes.txt -i gzfastq -e mseI -r -c -q
File	Retained Reads	Low Quality	Ambiguous Barcodes	Ambiguous RAD-Tag	Total
Sam3852_F18_p02_CGATGT_L008_R1_001.fastq.gz	18034930	241562	410617	224856	18911965

Total Sequences	18911965
Ambiguous Barcodes	410617
Low Quality	241562
Ambiguous RAD-Tag	224856
Retained Reads	18034930

Barcode	Filename	Total	NoRadTag	LowQuality	Retained
TCGAGT	Db3852	161984	5979	2067	153938
GGGAAT	Dsam	65623	398	919	64306
CGTCTG	32a.04	172127	489	2275	169363
CTCTAC	32a.05	205644	507	2717	202420
GCGCGT	32a.06	26058	811	345	24902
AAGGAC	32a.07	42415	1412	573	40430
TATATG	32a.08	494661	760	6645	487256
GGCATT	32a.09	136228	1901	1724	132603
CAATAT	32a.10	93971	3768	1140	89063
GATGAG	32a.11	67083	566	863	65654
TCTCGT	32a.14	242725	7608	3218	231899
CATAGC	32a.16	306101	863	4103	301135
CTTGCG	34a.01	46992	731	631	45630
ATATGG	34a.02	191069	961	2683	187425
GGTTAC	34a.03	197269	792	2555	193922
AAGCGA	34a.04	293026	786	3964	288276
AAACGG	34a.05	157280	1298	2218	153764
TCTATT	34a.06	296749	2427	3949	290373
CCCTAT	34a.07	185248	1008	2438	181802
TCCACG	34a.08	264016	420	3521	260075
TTCCTG	34a.09	265824	775	3589	261460
TAGTCG	34a.10	254798	406	3422	250970
CACTGA	34a.11	301098	2236	4053	294809
GAGAGT	34a.12	178004	5802	2262	169940
GGAATG	34a.13	236050	890	3067	232093
AGGCGT	34a.14	237262	2601	3167	231494
GTTCAG	34a.15	232946	1083	3182	228681
ACTGTT	35a.01	368726	2706	4838	361182
GACAAT	35a.02	31750	4131	377	27242
CGATAC	35a.03	239647	522	3152	235973
ATCACG	35a.04	227284	5936	2987	218361
GTCGAT	35a.05	76030	270	992	74768
GATCTG	35a.06	193321	468	2501	190352
CTCGGT	35a.07	72562	5929	902	65731
ACGTAC	35a.10	89528	659	1131	87738
CTAACG	35a.11	213156	648	2825	209683
GCGTAT	35a.12	147440	421	1922	145097
TTAGCG	35a.13	156372	661	2173	153538
ACCGAT	35a.14	36202	4161	428	31613
TAAGCA	36a.02	215045	8518	2719	203808
GAATAC	36a.03	376714	1141	4954	370619
ATTCTG	36a.04	475993	954	6050	468989
GCTGAT	36a.05	72416	1767	961	69688
CTGACA	36a.06	164362	728	2117	161517
TAGACA	36a.07	194676	617	2508	191551
GGAAGT	36a.08	112342	2907	1460	107975
TATAGT	36a.09	222576	5034	2863	214679
AGCTCA	36a.10	189329	669	2456	186204
CTCTGG	36a.11	213283	382	2857	210044
TGAATT	36a.12	117639	5000	1489	111150
CAACTG	36a.14	112914	1765	1428	109721
ATGATG	36a.15	467631	1225	6023	460383
GTCCGG	37a.01	180258	363	2382	177513
GCACAG	37a.02	206233	408	2693	203132
ATCCAG	37a.03	145434	701	1870	142863
GAATGG	37a.04	149936	3697	1948	144291
TGTAAT	37a.05	117288	756	1499	115033
TCTCTG	37a.06	193345	311	2623	190411
AAATAG	37a.07	682034	1988	8747	671299
AACCTG	37a.08	199664	1070	2624	195970
TAATTG	37a.09	249085	11708	3083	234294
GAGTAG	37a.10	214901	743	2721	211437
AATCCG	37a.11	286709	869	3744	282096
GTAACA	37a.12	270881	869	3507	266505
AAGCAG	38a.01	149532	5428	1827	142277
AATGCC	38a.03	87650	992	1158	85500
TTACTT	38a.05	123877	4388	1648	117841
AAGGTT	38a.06	429844	7365	5627	416852
AGAGTT	38a.07	312191	6502	3773	301916
AGTCAC	38a.09	344352	2319	4389	337644
CAGGTG	38a.10	164183	573	2086	161524
ATCTTG	38a.11	280577	921	3681	275975
GGACCA	38a.12	86074	465	1129	84480
TTTCAT	38a.13	44550	1402	594	42554
CATTGT	38a.14	172912	6098	2211	164603
AACTCG	38a.16	208397	514	2650	205233
AATAAG	39a.01	574167	1377	7642	565148
GGGTTG	39a.02	146764	450	1949	144365
CCACCA	39a.04	153560	830	2022	150708
GTTGCA	39a.05	63198	778	818	61602
CCCACA	39a.06	178997	408	2325	176264
GTCCTT	39a.07	48814	881	642	47291
GCCGTG	39a.08	62963	873	838	61252
GACACG	39a.10	124285	334	1733	122218
TGACTG	39a.11	161436	450	2215	158771
GCCTGG	39a.13	103484	1080	1289	101115
ATACCG	39a.14	198801	630	2713	195458
GGCCGT	39a.15	101273	1152	1341	98780
GAAGTG	39a.16	63020	4110	773	58137
AGGCTG	42a.01	83348	673	1139	81536
CGCTTG	42a.02	115345	676	1520	113149
CTTCGG	42a.03	211237	644	2733	207860
AATGTG	42a.04	203834	770	2672	200392
GGCCTG	42a.05	175976	344	2358	173274
ATAGGT	42a.06	223023	12575	2716	207732
AATGGT	42a.07	68727	30874	507	37346

Sequences not recorded
Barcode	Total
ATCTGT	6466
TAGCAT	6345
CATACT	6161
CTAAGT	5244
AACTGT	5003
TTCAGT	4768
TTCTGT	4746
AAAAGT	4592
TGATGT	4487
TAACAT	4401
GTTACT	4290
ATCCGT	4281
GTACAT	4153
GATACT	4141
TAAAAA	4042
CCACAT	3969
TAAAAT	3921
ATTTGT	3808
TCCTGT	3686
TGACAT	3676
TAACGT	3482
AGGTTT	3385
CACCAT	3289
TAATGT	3215
AGACAT	3080
ATGAGT	3033
AACCGT	2892
ATCAGT	2788
TAATAA	2727
TAAATA	2664
GACTGT	2648
ATGTGT	2518
TAGCGT	2462
GTCAGT	2446
ATGTTT	2296
TACTGT	2176
GGTTGT	1966
AACGTA	1867
TAACAA	1857
TAAGAT	1762
TAATGA	1756
CTAGCT	1755
AGATGT	1735
TAAAAG	1706
GAACAT	1702
TACTTT	1681
AATACT	1676
TAGTGT	1620
GACATA	1588
ACCTGT	1567
GAAGGT	1564
TATGCT	1560
TAAGTT	1546
GTGATT	1538
TACCGT	1514
TCCGGT	1493
CATGAT	1456
TAAAAC	1453
TAAACT	1453
CACAGT	1416
AGTAGT	1384
AACAGT	1378
TCAGTT	1374
CTACAT	1372
AAATGT	1364
TAAATC	1363
TAGAAT	1362
CCACGT	1358
AAGTGT	1347
AGCAGT	1257
TAAAGA	1232
GAACGT	1211
TAAAGC	1196
TAATGC	1184
ACTCAT	1142
TAACGA	1115
CTACGT	1085
CTATTT	1074
AGTACT	1054
TAATCT	1041
TAAAGG	1031
GTCTGT	1020
CTGGTA	1006
CCTGGT	996
ATTCGT	992
TAACCC	980
TAACAC	968
AGCTGT	952
TTCGTT	951
GTAAAT	935
TTCATT	930
TAACTC	910
TTATGT	901
ATGCCT	897
TCGGTA	878
TAACTA	876
TTGCGT	871
GAATTT	857
CATGTT	848
TAACAG	843
GAGTTT	822
TAATCC	820
ACTTGT	813
CAAGCT	800
GAAACT	795
TAAGTC	784
AGCACT	776
GTCACT	772
GTAATT	760
TAAACG	758
TCCTTT	754
ACCAGT	739
TAACCT	729
CTGTTT	728
TAAGGT	714
CAACGT	702
CTTGTT	693
TGCTGT	688
CATGCT	684
CTGATT	673
TAAGAG	673
GGTACT	670
TCTGTA	666
CGGTGT	661
TAAGAC	649
CTTACT	648
TAACGC	635
TCGGTT	629
CGTATT	618
GTGCAT	617
TAAGGC	616
GTTAGT	604
TAAGGG	601
ACACGT	596
GCATTT	595
TAACCG	593
CGACAT	589
TTCTTT	577
GATGTA	559
TCAGTA	553
CTACTA	536
CGTACT	533
ATAGTA	520
CCTGTA	513
CTGAAT	500
GCTTGT	499
TAAACC	498
AACATA	498
ATTGTA	493
CGGTTA	491
GCCGGT	460
CTGTAA	452
CTGCAT	443
AATATT	442
AAAGTA	419
ATCGTA	403
TCCGTT	398
GCCAGT	395
TTCCGT	395
CGCTGT	389
CAGGGT	385
ACAGTA	377
ACCGTA	374
ATTCAA	359
AAAATA	349
ATGGTA	336
CACGTA	335
CTGGTT	332
ACCATA	326
GTTCGT	320
ACGTTT	320
CCAGTA	315
ACTACT	314
GAAATT	306
CCGTGT	301
GGTGTA	292
GCTGTA	290
CACATA	289
AGATTG	289
CTTGTA	281
GCGATT	275
CCGGTA	274
TATGTT	274
TCATTT	274
AAGACT	272
AAAATG	271
CGAACT	267
ACGATT	266
CAAAAA	262
TACATA	260
AAAACG	256
TCCGTA	256
CAGCAA	256
AAGTAA	253
TTCGTA	246
AAGCCT	245
CAGAAG	244
CTGCGT	242
TACGTA	238
AAAGCG	238
CTATAA	236
GTGGTA	231
GAATCT	231
TTTTTG	230
CCATAA	229
AGCATA	228
GTTTAA	227
CTATTC	225
CGTTAA	224
ATTGCT	220
GGGTGT	220
ATGCTT	218
CTATTA	218
AGGTTA	217
GCAGTA	217
TATGTA	215
CATATT	213
AATATC	213
TGATAA	212
GATATT	212
GTACTA	210
AGCCAT	210
GGATTT	207
AGAACG	206
AAGCTC	206
TGACGT	204
TGATTA	203
AGCAAT	202
CGCCAG	202
GATAAA	201
AGCGTA	201
CCTACT	200
TGCTGG	199
ATTTCT	199
AGAAAT	197
AAAAAT	197
TGCGTA	197
CAGTAA	196
AGAAGC	195
ATAACC	195
CTTTAG	195
ATTTAA	194
TGGTAA	194
TTATCA	194
AGTTTA	192
TTCTGC	192
GGTAAA	191
TTTATC	191
CAGAAA	191
AAACAT	190
AAATTA	189
GTTTTC	189
GAATTA	188
AATCTT	187
AATCTC	186
TGCATA	186
TTTAGC	185
GGACAT	185
CCTTTA	185
CATTCA	183
AAGTTA	181
AAATGC	181
GTTGAC	181
ATGAGA	179
CTATTG	178
AGTCCT	178
GATTGC	178
ATCAGC	178
TCAAAA	177
AATTTT	177
ATACTA	177
TGCTTA	175
AACCAA	175
CGTGTA	174
AAATTT	174
AAATGA	174
TTAAAT	173
AAGAGC	173
TGTTCA	173
TGTTGA	173
TTTTGA	173
TTAATA	172
GGAAAA	172
AAACCA	171
TTTACC	171
TGATGC	170
CAATGC	170
CTGTTG	170
GTTTAT	170
ATTTTT	170
AGTCGG	170
CATAAA	169
CGTCAA	168
AAAGGA	167
GTAAGG	167
TGCTGC	166
AGCAAG	164
ACCAGA	163
GCGGTA	163
AATTTA	163
CCATGA	163
ACAATT	163
GCTTTA	163
CTTTTT	163
TATTTT	163
CTCAAA	162
TGGTCA	161
ACCAGC	160
TTCTGA	159
ACATAA	158
TGACGA	158
GTCAAC	157
TCAGAA	157
TTTGTA	157
ATAAAA	156
GAGGCT	155
CTCTTT	155
GCCATA	155
GTAAAG	155
GACCAG	154
AGGACT	154
TTGTAA	154
TTAAGT	153
ATAATT	152
GCAGAA	151
ATGTAA	151
CCAGAA	151
TCGTAA	150
TATCAG	150
TCAACA	150
AGCTTT	150
TGGTAT	150
ATTAAA	149
TGAGTA	149
AAAATT	148
TCAATA	148
TTAGAC	148
GAGCTT	148
ATATCA	148
TGTTAA	148
TGGTTT	148
ATTAGA	148
GATCGT	147
TTAATG	147
ACTGAC	147
TTACGG	146
CATGAA	146
AGAAAA	146
CGTTCT	146
ATAAAC	146
AAGAAA	145
CAGCTT	145
TATTGA	144
ATCTCT	144
CGGTAA	144
GGCAGA	143
GCCAGC	143
CAGGAA	142
TTGAAT	142
TTTGGT	142
GAAACC	142
AGAAAC	141
CAAGAA	141
GACCAA	141
CTGCTT	141
AAAAGA	141
CGATTA	140
TGAACA	140
ACGATA	140
ATAAGC	140
TGCTGA	139
AGCATC	139
GAATCA	139
TTAAGC	139
TTATAT	139
CGTTTT	139
GTTTTG	138
GTGTAA	138
CTCTTA	138
CTTAAT	137
AAAGCT	137
AAAAAA	137
ACTTCT	137
ATCGTT	136
GTTTGA	136
TGTTTA	136
AGTGTA	136
AGGATA	136
CATTAA	135
CATCAG	135
GAACAA	135
GCGTTA	135
TATTAA	135
AACCAT	134
AAGTTG	134
GTACTG	134
GAAATA	134
GCTAAA	134
GCATAA	133
TATGAT	133
TTATTA	132
CGGAAA	132
ACATTA	132
GAAGAA	131
GAGTTA	131
GTTTCT	130
CAAATC	130
ATGGAA	130
GATGCT	130
GGCGTA	130
GTTTGG	129
ATCATA	129
TATGGC	129
CCAAAT	129
ACCATT	129
AGAATC	129
TTTGAG	129
CTCATC	129
CATAAT	128
TGACGC	128
TACTAA	128
ATTTTA	128
CTCACT	128
TTTGAC	128
ACCAAA	128
GCCTTT	128
AACAAA	128
GCAAGG	127
GCTGGC	127
TTGACG	127
TTTTTA	127
ACAAAT	127
GTTATT	127
TTTGGA	127
TCATGG	127
GTTAAC	126
TATTGC	126
CATCAA	126
TGATGG	126
ATGAAA	125
ATCTGA	125
TCCAAA	125
AAGGCG	125
GACGAC	125
GAAAAA	124
CAGAAT	124
TGCTAT	123
TTAACT	123
GTTATA	123
TGGCGC	123
GCTTAA	123
ACTAAA	122
AAACTC	122
CAAACT	122
AAATCA	122
GGAACC	122
CGCAAG	122
ATGCAA	121
GAGATG	121
AAAACA	121
ATTTAG	121
TGGCAT	121
TTACCA	121
CCAATA	121
TATCCT	120
AGCAGG	120
CACCAG	120
TTCTCA	120
ACGGTA	120
CTATGA	120
GCTTTG	119
TTAAAG	119
TGATGA	119
AGCCTC	119
AGAAAG	119
GACGTT	118
AGAAGG	118
TTAATC	118
TTGGTT	118
ATAAAG	117
TATCAA	117
CAAGTA	117
AACATT	116
TGAGAA	116
TGATTC	116
ACCTTT	116
GCTTGC	116
CCAACC	116
CGCTGC	116
GACGGT	116
AACAGC	115
AAATCC	115
TTTGTT	115
AAGTCA	114
GCATCA	114
TGCCGA	114
TTGGTC	114
ATAATC	114
ATCAGA	114
ATCTCC	114
ATGGAT	113
TGCCGC	113
GATTAT	113
ATGCGG	113
CGCGTT	112
GTACGT	112
ACAAAA	112
GTCATG	112
CACGTT	112
GACCCT	112
AGTAAA	112
TTTTCT	111
TTGTTA	111
AGTTTG	111
AGAGGC	111
GACTTC	111
TAGCTA	111
ATCAAC	111
CCGGTT	110
CCGAAG	110
TTCAGC	110
GCTACT	110
GTCAAA	110
GTAATC	110
TACCAT	109
TTAAAA	109
ATACGA	109
AACCAC	109
AATCAT	109
GGATGA	109
ATGCGC	109
GCTTCC	109
GAAGGA	109
TTTCTC	109
AGTATG	108
GGGTAA	108
GGAGTA	108
AATCAA	108
AGCCAA	108
GAGAAA	108
GATTAA	108
TTGACT	108
GGATTA	107
TATAAC	107
CTTCTT	107
AGCAGC	107
AGCACC	106
GGCGTC	106
CGTTGA	106
AGCTGG	106
TCAAAG	106
TGGCGA	106
ACTCAA	106
GGAAAC	105
GATTCT	105
AACTTC	105
GCTCTT	105
ACGCAA	105
TTTTGT	105
AACTTT	105
CCTTGC	105
GGTTTA	105
AGCTAT	105
ACGCTC	104
CAAGGT	104
TGGCAC	104
AACGGC	104
TGTTTT	104
CTTATG	104
GGCGGC	104
ATCTGC	104
TTATGC	104
ATGAGC	103
CACTTC	103
GCCGCT	103
TTTCCA	103
GCAATA	103
GAGGTA	103
ACGTTA	103
TCACTA	103
CGAAAA	103
CAACGC	103
CAAATT	102
TCTTGC	102
GACTCA	102
GTAAAC	102
GCAAAA	101
ATATTA	101
AACAGA	101
ACTGGC	101
TTGATA	101
CGCCAT	101
TACCAG	101
CCAGTT	101
CATTTC	101
CTTTGC	101
CTTTCC	101
AACAAC	101
AACCGC	101
AGATTA	101
AGATAT	100
TGGCGG	100
TTTCCG	100
CGGCAG	100
TGCGTC	100
TTTTAC	100
TTTAAA	100
ATTACC	100
CATCAT	99
TTCCGA	99
CGGCAT	99
TGGAGG	99
CCAAAC	99
TTCTTC	99
AAACCT	99
GTCTAA	99
GTAGTA	99
TCTTTC	99
CTTTAA	98
ATGGCG	98
CTGGTC	98
TGCAAA	98
CATTTG	98
ACATCA	98
AGTAGC	98
CAGTTA	98
AAAACT	97
ACCATG	97
GGCACA	97
GGCGAC	97
GACGCA	97
GTTTTT	97
GAAAGA	97
TCATCA	97
CATTAG	97
TATTTA	97
TAGCTT	97
TTTAAG	97
AAATCT	97
CTTGAT	97
ATTAGC	97
ATATTC	97
TTTTCC	97
ATCAAA	97
AGGGCG	96
CAGCGT	96
AACGCT	96
ACAGAA	96
TCTTGG	96
TCGTTA	96
TGATAT	96
AACATC	96
ACCATC	96
AAAGAA	96
AAAAGC	95
AGCGGC	95
GTCAGA	95
CTGCCG	95
GATTTA	95
CTGTTA	95
ATGAAC	95
GTTGGT	95
GAAGGC	95
CTTGGA	95
TACCGC	94
TGTGTA	94
TTGGTA	94
CCGTCA	94
TACTGC	94
TGCCAT	94
CAAGAG	94
CTTCCA	94
ATATTT	94
TTCAAT	94
GCAATC	94
GTCGTA	93
TCCAGC	93
AGCAGA	93
GCATGA	93
TATCTT	93
AGCGGT	93
CAGATA	93
CCGATT	93
ACGCCG	93
CCGTAA	93
TGCTTC	93
CTCAAT	93
TTTTTT	92
TCTTGA	92
TCAGGA	92
TAGTTA	92
TAGTAA	92
ATAGCA	92
TTTTGC	92
TTAGTA	92
GCAAGA	92
AACCCT	92
TGGCCT	91
CAATCC	91
GTGCCA	91
GTCGTC	91
ATGGCA	91
AGGGTC	91
AGCGCC	91
ATACGC	91
TTGGAT	91
CTGCTG	91
CCAAGC	91
TCAAAC	90
GACGCC	90
ATTTCC	90
TCTGCT	90
TATTCA	90
ATGGCT	90
GCGGCA	90
CTTATT	90
TTCAAG	90
CGTTGC	90
TTGTTC	90
ATTCCA	90
ATTATT	90
AAACAA	90
GGTCAA	89
ATATCT	89
AGTTAA	89
AGATGC	89
CGTAAA	89
AGGAAA	89
TTTTAA	89
TCTTTA	89
ATTAAT	89
GTATGC	89
AAGATA	89
TGTTTC	88
AACGGA	88
CAGCTA	88
CTCCAA	88
CTTGGC	88
AGATAA	88
CCAAGA	88
CATGTA	88
ACCGTC	88
AGGACG	88
GGATAA	88
TGGAAG	87
AAAAAC	87
GTATTA	87
GACTTT	87
TTCTCG	87
CTGCTA	87
GTACCC	87
AGGAAG	87
CAGAAC	87
GTGTGG	86
CAGTTT	86
ATTAAC	86
GTCATA	86
TCATGC	86
TGGTTA	86
GTGCTG	86
TGGTGC	86
GCAATT	86
CGGCAA	86
ACTGAA	86
CTATAG	86
CGCGGC	86
TCGATA	86
TTTAAC	86
TCCCAA	86
AACAGG	85
AGCATG	85
AGGTAA	85
GTACGC	85
TCCTTC	85
TCCTGA	85
CTTGAA	85
ATTGGC	85
CTTTAT	85
GGCTAA	85
TTTCTA	85
ATTGAG	85
AGTATT	85
AAAACC	85
TGAGTC	85
CACCTT	84
AATTCA	84
ATTGAC	84
CCATTA	84
TGAGCC	84
TGGATG	84
GGTTGA	84
GCAAGC	84
CGTGAC	84
CGTCAT	84
GACTAA	84
AGCGAA	84
TTATAG	83
ATGCTC	83
CGCCAA	83
AGCCGC	83
TGTAGG	83
CTCATA	83
CACCAA	83
TATCGG	83
TACCTT	83
GCTTTT	83
GGTTTT	83
GGCGCC	83
CTGCAA	83
TCAACC	82
GATTGA	82
TATGCG	82
CAAGTT	82
TTCTTA	82
TCTTCG	82
TCAAGA	82
AGTTGC	82
TTCCCA	82
GCAGGA	82
CATACG	82
CTTTCT	81
TATTTC	81
GCCGAC	81
CAGCAT	81
GTTTTA	81
TGTAGC	81
AGGAGG	81
TGAAAC	81
ACGAAA	81
TTAAGG	80
GCTTCT	80
GCAGCA	80
CGTGAT	80
ATTTGA	80
GGTATA	80
AATAGA	80
GACTGC	80
TTTGAA	80
TATCCA	80
AACGCA	80
ATATAA	80
CTGCTC	80
GCCTCC	80
AATTAT	80
ACCAAC	80
GTAAGC	80
ATGTCT	80
TTCAGA	80
AATTTC	80
TGGTGG	79
AGAGCC	79
ATTTTC	79
TCTCAA	79
TATTAT	79
ACCCTC	79
TTTGGC	79
AGGGTA	79
ATTCGC	79
TGAACG	79
TTTTCA	79
TATTGG	79
TGCAAC	79
TGGTTC	78
CCTTCT	78
TCAATC	78
CAAAAC	78
AGAAGA	78
CGAAGA	78
GGTTGG	78
CAAACA	78
TCTGAA	78
ATTCGA	78
GGATCT	78
GTTAAT	78
CGCTAA	77
GCAACT	77
GGTGGC	77
TTGGCT	77
TCTTAA	77
AGTCCA	77
GGCAAA	77
TGTTCC	77
CATCTC	77
AATTCT	77
AATGAA	77
TATACC	77
TTAACC	77
AAAGTC	77
TTTAGA	76
ATACAA	76
TCATAG	76
CTCGTA	76
CTCTCT	76
TGGACT	76
CCATGC	76
CTAATT	76
CAGGCA	76
AGCTTC	76
GCTGGA	76
GAAATC	76
ATAGTG	76
CTAAAT	76
CTTAAG	76
TTGGAG	76
TGTCAA	76
TGTCTA	76
CTACAG	76
ATTTAT	75
TCAAAT	75
CATATA	75
ATAAAT	75
TGCCAC	75
GACAGA	75
ATTGGG	75
CGTACG	75
CCAATG	75
GCTCAA	75
TTAAAC	75
GGTTCT	75
CGAAGC	75
GTCGGC	75
GACGGC	74
ATGCTA	74
CGGTAT	74
TACGAA	74
GAGCAT	74
CAGTCC	74
TGCAGG	74
TCCTGC	74
ATATCC	74
TTCCAA	74
CAGCAC	74
GGAGAG	74
CATGAC	73
CGCATA	73
ACGACC	73
ACCAAG	73
GTTGTT	73
CCTTTC	73
GTATTG	73
GGTGCT	73
CCTGAC	73
CGACCC	73
AGTTTT	73
TTGAGG	73
TATGGA	73
CTCATT	72
TTAAGA	72
AGTTGT	72
TGGAAA	72
TTCAAA	72
GCTTCG	72
GCGATA	72
ACTTAA	72
TGACCC	72
ATAAGA	72
CATACA	72
AGCGTC	72
TTACAG	72
TCAGAT	72
TAGAGG	72
GCCTTC	72
CGAGAA	72
AGGCCA	71
ACTTTG	71
TGAGCT	71
CCGCTG	71
GAAGCT	71
CTTTGA	71
CCGCTT	71
TCATGA	71
TGAAAA	71
TTGCAG	71
ACTTTA	71
GTATCC	71
AATTAA	71
CATCCA	70
AGATGA	70
TACGTT	70
CCTGAG	70
TCGCCA	70
GGACGG	70
GGCGCT	70
TGAGGC	70
TATTCT	70
AGGTGA	70
AACACT	70
TGCTTT	70
TGTCGC	70
GTATTT	69
CCTTGA	69
TTGCAA	69
AAACTA	69
TGAAGA	69
ATAGAA	69
GTGGCC	69
TGAAGG	69
TTTTCG	69
AACTTA	69
CCTCAA	69
CAACCT	69
ATTACT	69
AGGAAC	69
CAGTGG	69
TACAAA	69
AGTAGA	69
TACATC	69
CGAACC	69
TTTTTC	69
TGAGGG	69
GCATTG	69
TCACGA	69
TCTTAT	68
ATAATA	68
TCTGCC	68
ACTGGA	68
GAAAAG	68
TATCAC	68
GATTTC	68
TGTTGC	68
GTTGGC	68
TAGAGC	68
TTCATC	68
CAGATT	68
TCACGC	68
CAGCCA	68
GCTACA	68
GTATGT	68
ACGTTG	67
ATTATC	67
TCGTCA	67
AGATTC	67
CGCCGC	67
TTGCTA	67
GCAGTT	67
ACAGGC	67
GGGGAA	67
TCCCTA	67
ATGACC	67
CCGTTA	67
AAGTGG	67
CTTAAA	67
GGATAT	67
CTGAAC	67
TTGCCG	67
TTGTAT	66
CGTCGT	66
CCATCT	66
GTTAAA	66
CACGAT	66
TGGGAA	66
TACTTC	66
AATTAC	66
TCAAGG	66
TGAGAT	66
TCCAAC	66
AGCAAC	66
GCTACC	66
CTTCAA	66
CGGATT	66
CCGTTT	66
TATCGA	66
ATTGAT	66
GATGTT	66
TTCTAT	66
TGCTAA	65
GCGTGA	65
CTAAAA	65
ACAGCT	65
ATACTC	65
ACATTT	65
CAAAGT	65
GTATAA	65
TTACCC	65
TCATCC	65
TTGCGA	65
AGTGGA	65
TACCGA	65
GCCGCC	65
GAAGCC	65
CTGTAG	65
AGAGCG	65
CTTGAC	65
TGCGTT	65
TAGGTA	64
ATCATT	64
AGCGTG	64
CGCCGG	64
GGCAGC	64
AACTAA	64
CGTTGG	64
GGTCGC	64
GGCTTC	64
ATAGTC	64
TCTAAA	64
GGCAAG	64
ACAAGC	64
TTCGCT	64
GAACTA	64
CCCATC	63
TCTTAC	63
AGAGGA	63
ACAATG	63
TTGGAA	63
TTCGGC	63
CGACGC	63
CGAGCG	63
GCGCCA	63
ACTAAC	63
GGAGGC	63
TTGAAC	63
CCAGCT	63
TCCATC	63
TGCCTA	63
TCATTA	63
CGTGGA	62
GGGCCT	62
CGCAGT	62
CCGAGA	62
TCAATG	62
ACTCCT	62
CTAATA	62
TCGGCG	62
TCGGCA	62
CGTTTA	62
AAGACG	62
TAGGGT	62
ATCTAT	62
ACGACT	62
TGCTCC	62
GACTTG	62
TTTTGG	62
TGTTGG	61
CAAATA	61
ATCGAA	61
CGTTTC	61
AACGAG	61
TAGCAA	61
CAGCGG	61
AAACTT	61
AGACTC	61
TGCAGA	61
GATTCA	61
TTGGGA	61
CTTCTC	61
ACTGCA	61
TCCATA	61
GTTTCC	61
AGACCC	61
TACGCT	61
GATACC	60
ATGTTC	60
CCACTT	60
TTGGTG	60
TGTGGC	60
GTATCG	60
ACCTGA	60
CCTGAA	60
CCAAAA	60
ATCCGA	60
AAGTCT	60
CGTCGC	60
CCTGCT	60
TCCAGA	60
ATGAAT	60
GGGAGG	60
AATATA	60
TTGAGA	59
CCAATC	59
GGTAGC	59
AGACAG	59
TTCCGC	59
GTTATC	59
GGTGGT	59
AGCCTT	59
CACGCT	59
CGAAAG	59
CGTAAC	59
GCTTGA	59
CTTATC	59
GATAAC	59
ACCACC	59
CGATGA	59
GAGTCA	59
TGGATA	59
CGACTA	59
ATGCCA	59
GTCAGC	58
TCAGGT	58
TCTTCT	58
ATCATC	58
TGCGTG	58
GTGGTT	58
CTTTTC	58
CCTGCA	58
CATCTT	58
CGATCT	58
CAAGGC	58
TTATGA	58
ACGGAA	58
TGGCTA	58
AATCGC	58
TGAGAG	58
TTCCAC	58
TTTACT	58
GCCGCA	58
CGGTCA	58
CATCAC	57
GCAACG	57
GTGTGA	57
GCCAAG	57
TTAGTC	57
GCCACC	57
GGTAAG	57
GGTACG	57
AACGAA	57
CCTAAC	57
GTGACT	57
CTCGTG	57
ATTAGG	57
TGCAAG	57
ATGTCA	57
CCGTCT	57
CGATGG	57
CGAGAT	57
TCTGAC	57
AGTATC	57
GTCTTC	57
GGTCTA	56
CCTTAA	56
CTAATC	56
TCCTTG	56
CCGCAT	56
CTGAGC	56
CACGCA	56
TGCTCG	56
AAATTC	56
GCATTC	56
CGTTAT	56
TAGGAA	56
GTGATA	56
TAGCAC	56
GACCGC	56
TTATCT	56
GGCTGC	56
GTCTAG	56
TGTTTG	56
GACGTA	56
GCTCGC	56
CAGTTC	55
TTCATA	55
AGTGGC	55
GGACTT	55
TGAGGT	55
TGACAA	55
CAACAA	55
CTCATG	55
CGAGGC	55
GTGTTC	55
TCGCTT	55
TCTGTC	55
CTAGTT	55
CAAAGA	55
TACTCA	55
CGTACC	55
AATTGG	55
CACTTT	55
GCCAAA	55
TGGACC	54
GATGGA	54
CCTCTA	54
GTGTTA	54
TCATAA	54
GACGAA	54
TCTTCA	54
CGGCGC	54
ACGCCA	54
TCACCT	54
GACCTA	54
CAGACC	54
AGACAA	54
TGTCTC	54
TATCGC	54
GTCCAA	54
ATTTCA	54
CCAGGT	54
CCGTTC	53
CTGTTC	53
AGATCG	53
CCGACT	53
TCTACA	53
TGGTGA	53
GACGCT	53
CATTTA	53
CATGGA	53
CGCCGA	53
CCTTCA	53
GCCAGA	53
TTGTTT	53
TCATCT	53
AGTTCG	53
GTTCGC	53
AGACGA	53
ACCGCC	53
CGTATC	53
CAATCA	53
GCGTCA	53
TACCAA	53
AGCGAC	53
GCATTA	52
GCAGTC	52
ACGACG	52
GGTCGG	52
CCAGCC	52
CACGAA	52
GCGGCG	52
CCGATA	52
TGCCAG	52
ATCGCA	52
TTTGTC	52
CGATTT	52
GAAGAT	52
ACTTCC	52
ATGCCC	52
GACCAC	52
CGCTCT	52
CAGCCT	52
GATTTT	52
TGGTAG	52
CCTAAT	51
CACATT	51
CGAACA	51
CTGGAG	51
TGCGAC	51
CGCAAC	51
GTCCAC	51
ACGGCA	51
TTTAGG	51
TGTGAC	51
TCCCGA	51
TGACAC	51
TCTACC	51
CTAGGA	51
CAGGCT	50
TACCCT	50
CGGACC	50
TTTTAG	50
TGGCTT	50
CTCGTC	50
ATCGCT	50
CGTAGA	50
TAGGGA	50
CCAACT	50
GTCTCA	50
CAATTC	50
TCTGCG	50
TCACAC	50
GTCGCC	50
CAAGGA	49
CCTCAT	49
TCAAGC	49
CCACTC	49
TGAGAC	49
CGTTCA	49
TACTCT	49
TTGACC	49
GCTGCC	49
TACATT	49
CAGGGC	49
TTGTCA	49
AGTGCT	49
TTATAC	49
CGCGTA	49
ACCTGC	49
GGGGTT	49
TGCCCG	49
TCTAGG	49
CTGGAC	48
GGACGC	48
GCTATG	48
TTCAAC	48
ATCCTA	48
CCTTTG	48
CTTCCT	48
ACAAAG	48
GTGCTC	48
CTGAGT	48
ACGAAT	48
GTCAAG	48
TAGCTC	48
ACATTC	48
ATTTGC	48
ACTTCG	48
AGGTAT	48
ATCGTC	48
GAGCAC	48
CGCCTC	48
ACTTGG	48
GTAGAG	48
TGGAAC	48
TCCTAG	48
CATTAC	48
TTTGTG	47
CCCGAA	47
GGCGCA	47
TGATAG	47
CGGATA	47
ACTTGA	47
CGAGTA	47
CTAGTA	47
TCTCAC	47
TCTAAC	47
CGCAGA	47
CACTCC	47
TAGGAG	47
TACGTG	47
CAGGCC	47
CTCAGC	47
TTGTTG	47
TTGTGG	47
GTACCT	47
ACACTC	46
ATCGGC	46
AAGTCC	46
AACGTC	46
CACGAG	46
TGGGAG	46
TATGAA	46
AAGGCA	46
CTATCA	46
AGGTCT	46
CGCGAT	46
TACGCG	46
AAGAGG	46
CCCCAA	46
ACACTA	46
AGGGGC	46
TGCCAA	46
GTTATG	46
TACAGG	46
GGACAC	46
CAAGCG	45
ATGTTA	45
TGGTCT	45
TTTACG	45
TCAGGG	45
CTAGAC	45
TGCAGT	45
CGAAGG	45
ACCACT	45
TTGAAG	45
CACGAC	45
GTGGCT	45
CATCCT	45
GTTCCT	45
CCTAGA	45
ACGTGA	45
GGCTCT	45
CTTCTA	45
CGTCCC	45
ACTTAT	45
ACTTCA	45
TGTGTG	45
GCAGCG	45
TGTGCC	45
GCTCTA	44
CTAAGC	44
GCCTAC	44
GAGGCC	44
ACGGGG	44
ACGGCC	44
CCGGCG	44
GCTCGA	44
ACTATG	44
ATGTAT	44
CCATTC	44
CAATTA	44
TGCTAC	44
ACACTT	44
AAAGAT	44
ATGGCC	44
AGTTCC	44
TATGTC	44
GGGAGC	44
TTTGCC	44
TGCATG	44
TGGTGT	44
TTATCC	44
GTGAAA	44
GTGAGC	44
TACGGA	44
GGAGGG	44
CGTCCT	44
AAAATC	44
CTATGT	44
GCGATG	43
TTGATT	43
TTGAGC	43
TGTCCA	43
AGACCT	43
CTCACC	43
TTCAGG	43
TGTCTT	43
TTACGA	43
AGTGAG	43
TAGGTC	43
CTTCCC	43
GCCGGA	43
GGATGC	43
TCGGGA	43
AGGAGA	43
GGCCAC	43
AGCTAC	43
CTGAGG	43
AAGGGG	43
GGTATC	43
ACAACT	43
GCCTAA	43
CGGCAC	43
GCTCAC	43
ATACAT	42
CCATAG	42
TCGTGA	42
GCGAAC	42
GAACGC	42
TTCTCT	42
ATCCCA	42
ACGAGA	42
AGTGAT	42
CGTGCC	42
ACGAAG	42
GACTTA	42
CAAAGG	42
ACTCAG	42
GAGCGC	42
AACTAT	42
CCTTCG	42
TATTAC	42
TATTAG	42
GGAGAA	41
CTAAAC	41
GCCGAA	41
GTTAGG	41
TACCAC	41
CGCCTT	41
CGGTGG	41
TGGCAG	41
TCATAT	41
TGCGAT	41
CAAGCC	41
GAGGCG	41
CGAGCA	41
TCTTCC	41
GTGGAC	41
CCCGGC	41
CGGCGA	41
CTTTTA	41
TTTGCT	41
GGCTGA	41
GCTCCC	41
GGTTCA	41
TTGTCT	41
CGAGGG	40
ATTAGT	40
TTGCGC	40
GACGTC	40
GTAGTT	40
CGGGAG	40
TGGAGA	40
CCAGAT	40
CTACTC	40
CCGCCT	40
GGCGAG	40
GCTTAG	40
CGTGGC	40
CCAAAG	40
CGTCGA	40
GCGCAA	40
ACCTAA	40
CTGTCG	40
CTGCAG	39
TAGCGG	39
CCTCAG	39
TCTGCA	39
AGTGTC	39
GTGTCG	39
CTCAAG	39
ATGGTC	39
TCAGTG	39
GACCGA	39
GGTGCC	39
AGGCAA	39
AGCTGC	39
GTGACG	39
AGTTGG	39
TTGGGG	39
TGGGTT	39
ACCGGA	39
ACGGCG	39
TGTCAG	39
GCTTTC	39
CCAATT	39
TGCGGT	38
AGGGAT	38
GCTCTC	38
CCCATT	38
AAACAC	38
TCCTCT	38
CCGACG	38
GGCGGA	38
CTGGAA	38
GAACTC	38
CGACGT	38
GGCCCC	38
TTTCGC	38
TGTATC	38
TACTCC	38
GCAGGT	38
TATAAA	38
TATCTA	38
CGGCTC	38
TGTGGT	38
ATAGAC	38
GCGTCG	38
TCAACT	38
ACCGCA	38
GCACCT	38
TACGCC	38
CGGGTA	38
CGTGAA	38
TACGAC	38
GCCTTA	38
TCATCG	38
ACCTTC	38
CGACAG	37
GAGTCT	37
CGCAGC	37
AGGTGC	37
CGCCCT	37
GACAGC	37
ACACGC	37
CCTCTT	37
TACTAT	37
ACAACC	37
GCAGCT	37
CACCGC	37
GCACTT	37
CTCCTA	37
GGACTC	37
ACAGTC	37
TCGCTA	37
CAAAAG	37
CGACTC	37
ACCCTA	37
AACCCA	36
CACAAA	36
AGGAGC	36
AACTGC	36
GAACTT	36
TTCGGG	36
GCCTCA	36
GACTCC	36
CTACAC	36
GCAGGG	36
AAGTAT	36
TAGTTT	36
CGAGGT	36
ATCGGA	36
GCCATC	36
AGTAGG	36
TGTGAG	36
AGGGCT	36
CGGCTT	36
GCGAGA	36
TTTCGA	36
ATGTCC	36
AGTCTT	36
GCGGCT	36
TGCCCA	36
AGTTGA	36
TTGCCA	36
ATACAC	36
TTCGTC	36
CTTTTG	36
GAACGA	36
TTCTCC	36
CGAATA	36
GTAGGC	35
GCCACT	35
AGAGCA	35
GGTCAT	35
TTACGC	35
ATCAAT	35
GTTTGC	35
AGAGAA	35
ACATTG	35
GCTGCG	35
TTCGAG	35
CCGTGG	35
TCGTCT	35
GAGCCT	35
TGAGGA	35
CAGACT	35
GCATCT	35
ATGTGC	35
TCAGTC	35
TGCGAG	35
CGCAAT	35
GCCAAC	34
CACGCG	34
GAACCG	34
TCGAAG	34
GTAGAA	34
CACATC	34
TCATTC	34
CTCCGC	34
GCGCTC	34
GTATTC	34
GCGGTT	34
TACTAC	34
ATTGAA	34
ACGACA	34
CAGAGA	34
GTGCTA	34
GGAGAC	34
TAGTGC	34
ACGCGG	34
ATCTAA	34
ATGTAG	33
ATTCCC	33
TCCTAA	33
CTCGCC	33
CTTAGA	33
TCTGGA	33
TCGAAA	33
ACCAGG	33
CCCGTA	33
ATTATA	33
CCCAAG	33
ATTACA	33
AGTCTA	33
CGCAAA	33
GCCTCT	33
TGTTCG	33
AACCCC	33
ACAATC	33
TATGAC	33
GTGGTC	33
AGAATA	33
GTGCAC	33
ATAGCC	33
ATGGGA	33
TCAGGC	33
CCTAAG	33
ACGTCA	33
TGCGCG	33
GTCCCC	33
CTGGCT	33
GCGCCG	33
GCAACC	33
CTACAA	32
CTGCAC	32
ACTGCG	32
CGTGCT	32
GTTACC	32
TGCACA	32
GTGAGA	32
GTCGCG	32
GTGTTT	32
CCAAGT	32
CAGCGC	32
GTAGCT	32
GGTGTC	32
GGGAGA	32
TCTGGC	32
GCGAGC	32
TGCGCT	32
GCACTA	32
CGACCT	32
CGACTT	32
GAGTTC	32
CTTACC	32
TTCCCC	32
TGGTAC	32
TGGCTC	32
ACTAAT	32
CTCCCA	31
GTGTCA	31
AGTCGA	31
CGGACG	31
GTTGTC	31
AAAGGC	31
ACTCTC	31
GGTTCG	31
CACAAG	31
CTGTCT	31
TTAGGA	31
TCGCAA	31
GAGGAA	31
GGCAAC	31
CCGATC	31
TGGCCG	31
TGCGGC	31
GAGAAC	31
GCAAAT	31
CGTTCG	31
CGAAAT	31
CGCACG	31
CTGCGA	31
TGCAGC	31
TGTACG	31
CTGTCC	31
AGTACG	30
AGCCGA	30
CACACC	30
TACAGA	30
TCACAT	30
CAAGTC	30
TCTCCA	30
ATTTCG	30
ACTTGC	30
ACGGTC	30
CGGTAG	30
GATAGG	30
AGACGC	30
CCACGG	30
GTAGGA	30
CTGTGA	30
AGACTA	30
CCGACC	30
GTCCCA	30
GTCTTA	30
ATGTGA	29
CCGCGG	29
GCGAAA	29
ACCTCC	29
CGGTCT	29
AGAACC	29
AACTAC	29
GAGCCG	29
CGCGCT	29
ATCCGC	29
TTATAA	29
TTCGAC	29
TTGGCA	29
CGGGAT	29
TCGTTC	29
GTGAGG	29
CATCCC	29
CTCCCG	29
GTATAT	29
GTTTGT	29
TAGATC	29
TATGGG	29
CACAGG	29
GGTGTG	29
CCATTT	29
GCTGGG	29
TCGCGA	29
CCCCTA	29
GGGGCG	29
CCATCC	29
GACGGG	28
GGTGTT	28
TGTAGA	28
TGTCCG	28
TGCGCC	28
TACACC	28
TCCTCA	28
TGGGCA	28
AGTACC	28
TTGGAC	28
GAAAGC	28
AAGACC	28
CGCGCA	28
CGATGT	28
CCCCAC	28
CCCCTT	28
CGAATC	28
ATCCCC	28
CGGCCA	28
CCTCCC	28
CCATCG	28
CAGCCG	28
CGGACT	28
AGATCC	28
ATCCTC	28
CGCACC	27
CCCGAC	27
ATAACT	27
GAGGAT	27
TAGATT	27
CCCATG	27
TCCCCA	27
ACATCT	27
AGCAAA	27
CGCAGG	27
CGCATC	27
ATTTAC	27
CCAGAG	27
GTACAC	27
TTCCCT	27
TGATCT	27
CTCGAG	27
TACTGG	27
GCGACG	27
ACTGAG	27
TCACAA	27
GCGTTC	27
TGCGCA	27
AGGATT	27
GCTGTC	27
CCCTTC	27
GGTCCG	26
TAGTTC	26
TGTGCT	26
TTTATA	26
CAGGGA	26
ACGAGC	26
CATGTC	26
CCTCAC	26
TAGAAG	26
ACGGAG	26
CCATTG	26
CATGGG	26
ACTCGC	26
TCTCCC	26
GGGCAA	26
ACTATC	26
CGGCCT	26
TGCCGG	26
GCTCGG	26
GCAGCC	26
CGACGA	26
CTCTCA	26
GAGCCA	26
CGGGCA	26
CCGGGC	26
GTTCTC	26
GGGCCG	25
GTCTGC	25
CTGGGA	25
GTCGGA	25
CTGATC	25
AAGCCC	25
CCTAAA	25
GCGACC	25
CCGTTG	25
GCCCAT	25
TGCTCT	25
CCTCGA	25
TGGGGA	25
CCGAGG	25
TGTCCC	25
GGAGTC	25
CCCTCC	25
ACAGAC	25
ATTCCT	25
GAGGGG	25
TACTTA	25
TTAGAT	25
GGTCGA	25
TCGTTT	25
CGCGTC	25
TCGTGC	25
ATATAC	25
GTACGA	25
CTATCT	25
TAGTGA	25
TAGCTG	25
TAGCCT	25
ACCCCA	24
TCGGAA	24
CCTTCC	24
GCTCCT	24
TTCGCC	24
CCGCAA	24
CGTGCA	24
AATCTA	24
AGGTGG	24
CTAAGA	24
TAGCGC	24
TGCACC	24
CGAGAG	24
CGCGGA	24
GATGGC	24
CTATCC	24
GATACA	24
ACATCC	24
CGGTTC	24
GCGGAC	24
TCCCAT	24
CATCTA	24
CACCGG	24
GCCCCG	24
TCCGCT	24
CTTAAC	24
GTTACG	24
CACCCA	24
TGCGGA	24
GCCCCT	23
CCTTAC	23
CCCAGC	23
GGTAGA	23
GCGAGG	23
TTAGAA	23
GGCACC	23
TACCCC	23
TGTGAA	23
GTGCCG	23
TTGTAG	23
CCTAGT	23
CGGAGT	23
CGGAAC	23
CAGGAT	23
TTGCGG	23
ACCCGA	23
TCCGAG	23
AAGAAT	23
AGTATA	23
AGCGCG	23
GTAGAC	23
CCGCTA	23
CCGGAT	23
GGGTCA	23
TGTACC	23
TTGCCT	22
TCCCAC	22
GTTCGA	22
ACGCTA	22
CGCCTA	22
CCAGTC	22
ACAGGG	22
TGAAGC	22
CAAACC	22
TCCTTA	22
TCCTAC	22
ACACCC	22
CCGTCC	22
GCAGAC	22
GCACTC	22
GCTATC	22
CTACCT	22
GGGTGA	22
CCTGTC	22
CAGAGG	22
TGCATC	22
CCGAGC	22
AGTTAG	22
CGACCG	22
AGTTAT	22
TATTCC	22
CACCTC	22
GGCGAA	22
TGGCAA	22
GAGGGA	22
ATGACT	22
GCCCTC	21
TGCCTC	21
CCTATG	21
CTTATA	21
CCTATC	21
TGGGAT	21
GCGGTC	21
CTTAGT	21
GTGTAC	21
CGTTAG	21
GGGACC	21
TTAGGC	21
GGCTTA	21
CACGCC	21
TGACCT	21
ATCCCT	21
TCTAGA	21
TAGGCT	21
ACGTGG	21
ATGTCG	21
AACACC	21
TACCTA	21
ATGGGC	21
ACCCTT	21
CGCTCC	21
TCGCAG	21
ACGTCG	21
CGGGGA	21
AGCGGA	21
AATTGC	21
GGAGAT	20
TCCGAA	20
ACACGA	20
TTTCCC	20
ACAAGT	20
ACAGCA	20
GTTCCC	20
CCATGT	20
CGCGAA	20
CGGTGC	20
AGGGGA	20
GAGCTA	20
GGCTAT	20
TACAGC	20
GAGCGG	20
TTGTGC	20
TTGTGT	20
ACTTTC	20
GCACGA	20
GCTCCG	20
CACACT	20
AAGTGC	20
CTCGCA	20
CACGGC	20
GCGACA	20
CCTATA	20
CACCTA	20
AAGTTC	20
CTTCAC	20
ACTAGG	19
CCTCTC	19
TGGGTG	19
GTTAGA	19
ACCTCT	19
CCTGTG	19
AGCTAG	19
CGGCCC	19
ACACTG	19
CGACAA	19
TCGGTC	19
ACAGCC	19
CTGGCC	19
CCAGCG	19
CCCTGC	19
CTCCTC	19
TAGGAT	19
GATCGC	19
CCCAAC	19
ACAAAC	19
GTTGTG	19
GGCCAA	19
GAGTCC	19
CGTGTT	19
GGGTGC	19
GGGCGG	19
GGGGAC	19
CAGTCT	19
TCCGCC	19
TACGGG	19
AGGTCC	19
CATGCA	19
TCCCTC	19
GCGGAA	19
CTGTGT	19
AGTGCA	19
GCGACT	19
ACTTAG	19
AGCGAG	18
AGGTAG	18
ACAGGA	18
GTCACC	18
CACAAC	18
TTCGGA	18
CAGTAC	18
GGAGCG	18
ATTGTC	18
CGAGTC	18
TCTAAG	18
ACTCTA	18
TTATTC	18
ACATAT	18
CCAGAC	18
CTGGGC	18
TCCGAC	18
TTGTGA	18
GATTCG	18
TACCCG	18
GCAGGC	18
TTACAA	18
CCCTCG	18
CGGCGG	18
GCTAGT	18
ACAATA	18
GGGACG	18
TCCGGC	18
AGTGGG	18
CCTCGC	18
GGATAG	18
CCGAAA	17
CGTGAG	17
CTAGGG	17
CCCTTA	17
GTGTGC	17
TCCGTC	17
CGGGGC	17
GATAGA	17
CTGTGC	17
GCTTCA	17
TCAGCT	17
TACCTC	17
CAGTGC	17
ACATGA	17
CCGGAG	17
GGATTC	17
ACTATA	17
TTGAAA	17
CCCGTC	17
ACAAGA	17
GACCCA	17
CGGAGC	17
GTCATC	17
CACTCT	17
AGCCTA	16
GAGGCA	16
TCACTC	16
TGGGGT	16
GGGCGA	16
TTGCCC	16
CTCAGA	16
GGGTCT	16
CTCCCC	16
TCGCCC	16
TCACCC	16
TCTGAG	16
ACGCTT	16
GTGAAG	16
CCTTTT	16
CTGCGC	16
TTCTAA	16
AGAGGG	16
GCGTCC	16
CGCGAG	16
CCGCCG	16
TCCCAG	15
GATCGA	15
GTTTCG	15
AACGGG	15
CGCCCC	15
AGAGAG	15
TGCACT	15
CACCCT	15
GTGTCC	15
TCCTCC	15
TCTTAG	15
GGGGTA	15
AGGTCG	15
CCGCTC	15
GGGACA	15
CGGCTA	15
CCACAC	15
ACCTTA	15
CCTACC	15
CCACGC	15
GCAAAC	15
AATANT	15
ATCGCC	15
CGCCAC	15
CGTACA	15
TGGAGC	14
GACTCT	14
GGCAGG	14
TTTGGG	14
GAGTGC	14
GGGGCC	14
CACGGG	14
GGTAGG	14
ACGCCC	14
GATCCA	14
ATGCAC	14
CAGCTC	14
TCCGCA	14
TTTACA	14
ATAGAG	14
CCGGAC	14
GTGGCG	14
CCGATG	14
GTAGCC	14
GTACTC	14
AGAGAC	14
TTCACC	14
TTCACA	14
TGTCGA	14
ACACAA	14
TCTAGC	14
TCATGT	14
GCGCTG	14
CGAGTG	13
CTGCCT	13
CGTCCA	13
TCCCCC	13
ATTGGA	13
CAACCC	13
GCACGC	13
GGGGGA	13
GGAGCT	13
TGGGTC	13
CGCGAC	13
GTCTGA	13
AGCCGG	13
GGTCTT	13
CCGCCC	13
TCCCGG	13
TGTCGG	13
ACGGGA	13
GGTACA	13
CCAGTG	13
TCGGCC	13
AATTGA	13
GCGGAG	12
GCATCC	12
TCAGAC	12
CCTCCG	12
GCGTGC	12
CCCCGA	12
AGTGCG	12
CTACGC	12
GGGCTT	12
CGAGCT	12
GTGCCT	12
CAATCG	12
ACGGCT	12
GTGAAC	12
GTAGTC	12
TCGGCT	12
AGCGCT	12
TCGATG	12
GTTAGC	12
TTGGCC	12
ACAGTG	12
CAACGA	12
GGGGAG	12
TGGTCC	11
GAGGGC	11
CTACCC	11
CCCCTC	11
CTATGC	11
ATGGAG	11
CTCCGA	11
AGGATC	11
TGTATA	11
TCGTCC	11
CGACGG	11
TTGTCC	11
CGGTCG	11
CGTAAG	11
TGTGCA	11
GGAGGA	11
ACGCGC	11
GAGATC	11
TCTGGG	11
GCCGGC	11
GTTCTA	11
GCGCTA	11
TACGGT	11
ACCGCG	11
CCCCGT	10
ACACCT	10
GTTGGG	10
TCGGAG	10
TCCCTT	10
TAGAAC	10
GTATCT	10
TTCACT	10
TCGCCG	10
ACTACC	10
GCATCG	10
ACGCCT	10
GATCAC	10
TAGGCC	10
GGTGAA	10
TGGGGG	10
ACATCG	9
AGGTTC	9
TAATNT	9
CCTACG	9
GACATC	9
GTGTCT	9
CCATGG	9
GATCCC	9
TCGGGG	9
GGGGCT	9
TCGGAT	9
CTTGTC	9
CCGCAG	9
TACAAG	9
CGGAGA	9
ACTCCA	9
ACGTCT	9
TAAANT	9
GAGTGA	9
GCTAAC	8
GTCTCC	8
CAACAC	8
CACCAC	8
TCGACC	8
AGCCCC	8
GCTATA	8
GAGATA	8
TGCCTT	8
CCAGGG	8
TCACCG	8
CCGCGC	8
GTGGAA	8
ACCCCT	8
CGCCCG	8
TCAGCC	8
GTGGAG	8
GGCTCG	8
TCGAAC	7
ACTCGG	7
CGGTGA	7
GCATGC	7
TACGAT	7
GTGACC	7
TCCAAT	7
ACCGGC	7
AGCCCG	7
ACAACA	7
TGCCCC	7
GAACCT	7
ACTACG	7
ATAANT	7
CCCCTG	7
AGGGAA	7
AGAACA	7
CCGGCA	6
TGTTGT	6
TCGGAC	6
CTGTAT	6
TAACNT	6
CCCCCC	6
GGCGCG	6
CGTAGT	6
ACTAGT	6
CTAGGC	6
GTGCGA	6
CCCCCT	6
TCGATC	6
GTATAG	6
GGGCGC	6
AATCNT	6
TGATCG	6
AGTTCT	6
TGGACG	6
TCCCGC	6
TGATCC	6
GATATA	6
GAGACC	6
AGTTTC	6
CCCCAG	6
AGATCT	6
CGGTTT	6
GATCAA	6
GACGGA	6
TAGCNT	6
TAAANA	5
TCGCAT	5
TGGATC	5
AGGCCC	5
ACGATC	5
GGTGGA	5
CTACGA	5
AAGCNT	5
CTCGAA	5
GTGATC	5
CGGAGG	5
TAAANC	5
AGGGCC	5
TACAAC	5
CGGGGG	5
TCCGGA	5
CGATCG	5
ATGCAT	5
TGATNT	5
ACCCGT	5
AGTGAA	5
GTGTGT	5
CTCCAT	5
TAATNA	5
CGTGGT	5
AAACCC	5
TGTTCT	5
CTAGCA	5
TCGTGG	5
AGGACC	5
GCGATC	4
GGGCAG	4
CTATNA	4
TATCNT	4
AAGATC	4
CTAGTC	4
ATGANT	4
TACTAG	4
GTACAA	4
TCCCCT	4
TGGGTA	4
GTGCGC	4
GTCTCG	4
TGGGCC	4
GCCCCC	4
ATGTNT	4
CGGGCG	4
CACTAG	4
AAGTNT	4
GCCCAA	4
CCTCCT	4
TAAGNT	4
ACAACG	4
CGAGGA	4
ATCTNT	4
AGGGCA	4
AGAANG	4
GTGGGT	4
ATCANT	4
TGAACC	4
TATCTC	4
TTCGCA	4
GACCTC	4
GGCGGG	4
GATCCT	4
ATTGNT	4
ACATGT	4
GTAGGG	4
ACTCGA	4
TAACNC	4
GCTACG	4
ACACAC	4
GGTCTC	4
AGGACA	4
CCCCCG	4
CTGGGG	4
TACACT	4
CACCCG	4
TACANT	3
TCACGG	3
CATANT	3
TAGGGC	3
GGGCTC	3
GGGATA	3
CCGTGA	3
AGACNT	3
GGTGGG	3
AGTACA	3
TCCANT	3
CAAGGG	3
TATCCC	3
GTTTNC	3
GTATGA	3
TCACNT	3
AGCGNT	3
NAAATG	3
CCCAGT	3
TGCGAA	3
CACGTC	3
CCGGAA	3
TGAAAG	3
GCTAGG	3
TACGAG	3
TCCTNT	3
GGTACC	3
CCACNT	3
GGGGGG	3
TAATNC	3
CCGAAT	3
AACTNT	3
GTACNT	3
AATACA	3
TACCGG	3
ACACAT	3
TAGGGG	3
TAAANG	3
GGTCCT	3
AATTNT	3
ACCCAC	3
NCCAGT	3
CGGGAA	3
TGTACA	3
TTCTNT	3
GCATGT	3
GAGGTC	3
CGGATG	3
TTACAC	3
TTGATC	3
TGGGGC	3
TTGCAC	3
AGTCNT	3
GACTNT	3
TTGGGC	3
AGGTNT	3
GCCCGC	3
CCTTGG	3
CGCCCA	3
GCCCCA	3
GCCCAC	3
CGGGTC	3
TGTGTT	3
TGGCCA	3
CTAGAG	3
CTAGAT	3
GAAANT	3
GAACCC	3
ACGGGT	3
ACGTGT	3
TTCANG	3
GATGNA	3
CTAGTG	3
GATGTC	3
TGTGTC	3
GATTCC	3
CGGAAG	3
ATAGNC	2
GTACNG	2
GAAGNT	2
GGTGCG	2
GACCCC	2
TTATNT	2
CGCGGG	2
CCAGGA	2
TCGTTG	2
TCGGTG	2
ATTTNG	2
ATTTNT	2
GTAANG	2
GGGTCC	2
GTAANT	2
GAATNT	2
GGCTCC	2
AAATNT	2
TGTCCT	2
ACCCAA	2
GGACNT	2
ATCCNT	2
GGAGCC	2
GGATCC	2
GGATCG	2
GATATC	2
TGACNT	2
CCCGCG	2
CCCCGG	2
CGATCA	2
GGCTAG	2
GGTANT	2
TCTTNT	2
GAGCTC	2
GGGATC	2
CGATNG	2
AAGCNC	2
GGGCTA	2
GAGCAA	2
GGGGCA	2
TTACNG	2
GGGGGT	2
GGGGTC	2
ACCCGC	2
ATTGNA	2
AGGGGG	2
CACTNC	2
TCAANG	2
NAGTGT	2
CACATG	2
CACCGT	2
TTTANT	2
TATGNT	2
CTCCCT	2
NTATGT	2
AANTTT	2
TAGTAT	2
TAGTAC	2
TAAGNG	2
AATCNA	2
ACTGGG	2
NACTGT	2
CACTNT	2
CTAGNT	2
CTAGCC	2
CAGACG	2
TACCCA	2
AAAANT	2
AGTANT	2
TACGTC	2
CTAANT	2
CAGATC	2
AGCCCT	2
AATANA	2
TACTNT	2
CGGGCC	2
TCGCAC	2
ACACNT	2
CGCTNT	2
AAATNC	2
ATACNT	2
TCCGGG	2
ACNTTT	2
GTGCAA	2
CGGATC	2
ACTAGC	2
CTTANT	2
CATCGA	2
ATAANG	2
GTGTNA	2
TTCGAA	2
CAAGAC	2
TTGCTC	2
CGGGGT	2
CGGGTT	2
CTGCNG	2
TTGGGT	2
TCATAC	2
CTGANC	2
CAGTNT	2
NAAAGT	2
NAAATA	2
NAACAA	2
NACCGT	2
GCGGGG	2
CCGTNA	2
ATGCNG	2
GCGAAG	2
ACCTAG	2
GCCCGA	2
CCTGNA	2
TGCGGG	2
GCACCC	2
CCGGGA	2
CCGGTC	2
CGGGAC	1
AGATNG	1
CTNTCT	1
CTNTCG	1
TTGCNG	1
TCCATN	1
GTGGGC	1
CTTGNC	1
GTGGGA	1
TGCTAG	1
CGGCCG	1
GTGCNT	1
CAACNT	1
TTGANT	1
TTGANA	1
AGAACT	1
GTGCCC	1
CCGGGT	1
ACTACA	1
GTGANT	1
NAACAG	1
CTGANT	1
TTNAGT	1
GCCCTA	1
NAAATT	1
TGGGAC	1
NAAAGA	1
NAAAAG	1
CTCTNT	1
CAGTNG	1
AGCANT	1
AGTTNT	1
CAATNA	1
GTTGNG	1
CTGANG	1
GCGGGA	1
AAAGNT	1
TTGGNG	1
ACTCNT	1
CTGCCC	1
AGCANG	1
AACTNC	1
CTGGAT	1
TCATNG	1
TGGGCG	1
GTTANT	1
CGGGCT	1
TGGGCT	1
CATANA	1
CCAGNC	1
ATAGTN	1
TCGTAG	1
TTCANT	1
ACGGGC	1
AACACA	1
GCAGNT	1
GTAANC	1
GCAGNA	1
ATTTNA	1
ATATAT	1
GCTANT	1
CCTTAG	1
GGTTNT	1
ACAGAG	1
GACANA	1
CGCGCG	1
AACANA	1
CCATNA	1
TGGTNC	1
TCTANC	1
ATATNC	1
ATATNT	1
GGTCCC	1
TGGTNG	1
TGGTNT	1
GGTANG	1
CCTGGG	1
AGGCNA	1
GTCTNT	1
TTCTNG	1
TTCTNC	1
CTTTNA	1
GTCTCT	1
CTTTNG	1
AAATNA	1
CCGGCT	1
GAAANA	1
GAAANG	1
CCTGGC	1
TTCGNT	1
CATGNT	1
ACACNG	1
AGAANT	1
TCGCGG	1
GTATNC	1
AGAGNC	1
ATGCNT	1
GTAGNT	1
ATAGNA	1
TCGGGC	1
CCACNC	1
AACGNT	1
GCTAAG	1
NTTCTA	1
TAACNG	1
TAACNA	1
TAGTNT	1
TGGCNT	1
TTTCNC	1
CTCANA	1
CTCANT	1
AANTGT	1
CAGTCA	1
NTTTTC	1
NTTTCC	1
NTTGGT	1
NTTCTT	1
TAGGNT	1
NTTCGA	1
NTTATA	1
NTTACT	1
NTGTTT	1
NTGTGT	1
NTGGTA	1
NTGAGT	1
NTCTGT	1
NTCCAA	1
NTCAGT	1
NTCACT	1
NTCAAC	1
NTCAAA	1
TAGANC	1
TACTNG	1
CTAAGN	1
CCTANT	1
CTAANA	1
AATANC	1
GCCTNA	1
TTTTNT	1
TACGGC	1
AAAANG	1
TACCNT	1
CGTTCC	1
GCCTNT	1
TGGCCC	1
NTATTT	1
TACANC	1
TACANA	1
AGNTTT	1
GCCGNT	1
CGTGTC	1
CGTGNA	1
CTATNC	1
CTATNG	1
CTATNT	1
TAATAN	1
CTATTN	1
TAAGNC	1
AATCNC	1
NATACT	1
NCCGCT	1
TATTNC	1
TATTNG	1
NCACTA	1
NCACGT	1
TATTNT	1
NCAAGT	1
NATTAA	1
NATGTT	1
NATGGA	1
CGTATA	1
CGTAGG	1
GCGCAC	1
CACCNT	1
NAGTTT	1
NAGCGT	1
NACGGA	1
GCGCCC	1
NACCAT	1
NAATTT	1
NAATTC	1
NAATGT	1
NAATGA	1
NAAGGG	1
TCACNG	1
NAACTC	1
ATCGGG	1
NGATTA	1
NTAGTT	1
TATCNG	1
NTAATA	1
NTAAGT	1
NTAAGA	1
NGTCGG	1
NGTACT	1
NGTAAG	1
NGCTGT	1
NGCTCT	1
NGCATC	1
NGCAGT	1
NGCACG	1
NAACAT	1
NGATGG	1
TATGNC	1
NGACCC	1
NGACAT	1
NGAAGG	1
NCTTGT	1
NCTGCG	1
NCTCTT	1
ACTTNT	1
NCTCGG	1
NCTACT	1
NCGGTG	1
NCGATT	1
TGCCNT	1
ATCCNA	1
TGTGGG	1
GGGGGC	1
ATCGAC	1
GATANT	1
ATNTGT	1
GATCAT	1
TGATCA	1
CCCANT	1
CGAGNT	1
GAGANA	1
AACCNC	1
TGTCNT	1
TGCCCT	1
CGCACT	1
ATGTNG	1
ATTANG	1
AAGANT	1
GCTCNC	1
TGCCNC	1
CCGCAC	1
ACGAGG	1
CCCGGG	1
ATTGNG	1
GAGCNT	1
CCCANC	1
GGAANA	1
GACTNG	1
TGTTAG	1
ACCANT	1
ATGGNT	1
ATGGGG	1
ATGGNA	1
ACGANT	1
GATTNT	1
GATGNT	1
TGTGGA	1
TGAANC	1
GATTNA	1
GATANA	1
ACCTNT	1
GGCCNC	1
ACCCCG	1
ACGCAT	1
TCTGNT	1
TGAGNT	1
CCCCNA	1
ATCGNT	1
ATTCNA	1
TTAANT	1
CCCGTT	1
GCTCNT	1
AACGNA	1
