process_radtags v2.1, executed 2018-10-25 11:19:25
process_radtags -p /panfs/pfs.local/scratch/sjmac/b961k922/kinbre/b017_macdonald/data/intercross_f18/raw/Sample_Sam3852_F18_p08/ -o /panfs/pfs.local/scratch/sjmac/b961k922/kinbre/b017_macdonald/data/intercross_f18/raw/Sample_Sam3852_F18_p08 -b /panfs/pfs.local/scratch/sjmac/b961k922/kinbre/b017_macdonald/info/b017_p08_barcodes.txt -i gzfastq -e mseI -r -c -q
File	Retained Reads	Low Quality	Ambiguous Barcodes	Ambiguous RAD-Tag	Total
Sam3852_F18_p08_ACTTGA_L008_R1_001.fastq.gz	21069340	276039	399122	201366	21945867

Total Sequences	21945867
Ambiguous Barcodes	399122
Low Quality	276039
Ambiguous RAD-Tag	201366
Retained Reads	21069340

Barcode	Filename	Total	NoRadTag	LowQuality	Retained
AATGTG	Db3852	292210	1075	3618	287517
ATATGG	Dsam	359834	1494	4768	353572
CGTCTG	68a.09	333505	744	4210	328551
CTCTAC	68a.10	270738	727	3409	266602
GCGCGT	68a.11	123957	662	1532	121763
AAGGAC	68a.12	182720	1318	2376	179026
TATATG	68a.14	745899	834	9497	735568
GGCATT	69a.01	245504	1849	2974	240681
CAATAT	69a.05	76427	3514	959	71954
GATGAG	69a.07	347503	910	4586	342007
TCTCGT	69a.08	274482	7296	3419	263767
CATAGC	69a.09	304128	1074	3825	299229
CTTGCG	69a.10	252556	1255	3261	248040
GGTTAC	69a.11	278712	1091	3426	274195
AAGCGA	69a.13	132223	996	1754	129473
AAACGG	72a.02	223166	1191	3116	218859
TCTATT	72a.04	373319	2084	4674	366561
CCCTAT	72a.05	71611	861	918	69832
TCCACG	72a.07	242130	461	3102	238567
GGGAAT	72a.09	78843	523	1009	77311
TTCCTG	72a.11	498705	1121	6364	491220
TAGTCG	72a.12	352035	500	4343	347192
CACTGA	72a.13	344489	3118	4453	336918
GAGAGT	72a.15	431759	6191	5378	420190
GGAATG	72a.16	335506	1166	4254	330086
AGGCGT	75a.01	339262	2468	4149	332645
GTTCAG	75a.02	426197	3776	5506	416915
ACTGTT	75a.06	292527	2204	3788	286535
GACAAT	75a.08	27305	2720	349	24236
CGATAC	75a.11	390059	833	5129	384097
ATCACG	75a.12	372973	4361	4682	363930
GTCGAT	77a.01	26573	347	324	25902
GATCTG	77a.02	325187	472	4154	320561
CTCGGT	77a.06	30753	6686	298	23769
ACGTAC	77a.08	93886	664	1170	92052
CTAACG	77a.10	330973	936	4321	325716
GCGTAT	77a.11	23412	535	325	22552
TTAGCG	77a.13	71262	880	994	69388
ACCGAT	78a.03	24090	2263	293	21534
TAAGCA	78a.04	45721	4378	564	40779
GAATAC	78a.05	357608	840	4646	352122
ATTCTG	78a.13	248091	1102	3320	243669
GCTGAT	78a.15	36891	2205	424	34262
CTGACA	79a.03	231884	978	3088	227818
TAGACA	79a.04	278122	702	3664	273756
GGAAGT	79a.05	101584	2640	1344	97600
TATAGT	79a.06	31298	3649	438	27211
AGCTCA	79a.07	355566	864	4589	350113
CTCTGG	79a.08	386911	550	4912	381449
TGAATT	79a.09	168859	3370	2156	163333
CAACTG	79a.11	216346	1468	2757	212121
ATGATG	79a.14	81167	1368	1089	78710
GTCCGG	79a.15	176985	461	2334	174190
GCACAG	79a.16	132842	456	1835	130551
ATCCAG	80a.01	328708	995	4376	323337
GAATGG	80a.03	295571	3094	3827	288650
TGTAAT	80a.04	58731	823	805	57103
TCTCTG	80a.05	324931	436	4292	320203
AAATAG	80a.06	154836	1589	2100	151147
AACCTG	80a.08	39676	1235	669	37772
TAATTG	80a.10	140555	5168	1785	133602
GAGTAG	80a.13	224374	1373	2895	220106
AATCCG	80a.14	245595	1035	3214	241346
GTAACA	80a.15	356814	1108	4543	351163
AAGCAG	80a.16	215751	2413	2785	210553
AATGCC	100a.03	147602	1362	1841	144399
TTACTT	100a.04	607747	5799	7798	594150
AAGGTT	100a.06	317109	5425	4097	307587
AGAGTT	100a.07	278923	3921	3528	271474
AGTCAC	100a.08	336692	2849	4299	329544
CAGGTG	100a.10	102516	646	1304	100566
ATCTTG	100a.11	432389	1325	5539	425525
GGACCA	100a.12	109896	620	1386	107890
TTTCAT	94a.01	204359	3834	2646	197879
CATTGT	94a.04	94829	4572	1101	89156
AACTCG	94a.06	157478	550	2084	154844
AATAAG	94a.09	703998	1764	8943	693291
GGGTTG	94a.12	219940	618	2796	216526
CCACCA	94a.13	174026	1098	2203	170725
GTTGCA	95a.04	445512	1068	5603	438841
CCCACA	95a.05	110920	439	1431	109050
GTCCTT	95a.07	261588	1427	3211	256950
GCCGTG	95a.08	40070	1226	528	38316
GACACG	95a.11	31626	370	443	30813
TGACTG	95a.14	219279	566	2808	215905
GCCTGG	99a.01	102692	911	1340	100441
TCGAGT	99a.02	21441	4984	222	16235
ATACCG	99a.03	46010	1057	675	44278
GGCCGT	99a.05	162785	1250	2020	159515
GAAGTG	99a.07	72007	3947	948	67112
AGGCTG	99a.08	197812	930	2555	194327
CGCTTG	99a.09	149671	950	1944	146777
CTTCGG	99a.10	309208	1502	3979	303727
GGCCTG	99a.11	143856	402	1814	141640
ATAGGT	99a.12	87206	10575	1053	75578
AATGGT	99a.13	75721	19879	742	55100

Sequences not recorded
Barcode	Total
TACTTT	7395
TTCAGT	5924
CTAAGT	5752
CATACT	5201
ATCTGT	4897
TCCTGT	4736
TTCTGT	4252
ATCAGT	4090
GTTACT	4086
TGACAT	3934
GTACAT	3880
GATACT	3634
GTGCAT	3583
TTCATT	3422
GTCAGT	3273
AGACAT	3239
ATTTGT	3046
TAACGT	3015
TCCTTT	2768
AAAAGT	2750
AACTGT	2733
ATCCGT	2718
GACTGT	2605
CACCAT	2595
TAGCAT	2369
TTCTTT	2244
GGTTGT	2153
TACTGT	1996
AGGTTT	1977
CCACAT	1939
TAACAT	1826
AACGTA	1779
TAAAAT	1772
GAACAT	1750
GAAGGT	1745
TAAAAA	1718
TGATGT	1708
GACATA	1665
ATGAGT	1657
ATGTGT	1605
AGCTGT	1520
ATGTTT	1502
TAGAAT	1456
TAGTGT	1409
CTACAT	1398
AACAGT	1340
TAGCGT	1316
ACTCAT	1289
TTATGT	1282
TAATGT	1282
TTGCGT	1275
CTACGT	1268
ACCAGT	1245
CTAGCT	1238
AATACT	1227
CTGGTA	1225
CATGAT	1218
AAGTGT	1210
AACCGT	1201
CTATTT	1198
AGCAGT	1196
GTCTGT	1125
AGTAGT	1116
ATGCCT	1042
CCACGT	1039
CTGCGT	1011
CAACGT	989
GAATTT	975
TAATAA	959
ACTTGT	932
TAAATA	919
GTAAAT	873
TCCGGT	851
TCGGTA	844
TTCGTT	836
AAGACT	799
CCTGGT	797
GGTACT	791
GCATTT	765
TGCGTA	747
TAAGTT	741
GTTAGT	734
AGTACT	718
TGCTGT	676
TATGCT	674
TAACAA	664
CTTACT	661
TCAGTA	657
GAGTTT	653
CAAGCT	645
CTGAAT	626
CGACAT	616
TAAGAT	605
CGTACT	605
TAAAAG	595
GTCACT	580
CATGCT	566
TCTGTA	563
CTGCAT	563
GTGATT	562
CTACTA	551
CACAGT	538
GTAATT	536
TAAAAC	535
TTCCGT	534
TAATGA	533
TAAAGG	530
TAAACT	523
TAAAGC	522
ATGGTA	522
TAAATC	520
AGCACT	515
AACATA	514
CTGTAA	510
CGCTGT	504
GAAACT	498
TAACGA	490
GTTCGT	479
CCTGTA	475
TGCATA	467
TAAAGA	464
GCCTTT	451
ATTCGT	448
GCTTGT	438
ATTGTA	437
CTGTTT	433
ATTCAA	422
TAACCC	420
AAATGT	418
TAATCT	413
CTGATT	405
CTATAA	388
TAATGC	383
AGGACT	382
ACACGT	371
CCAGTA	367
TAAGTC	367
CGAACT	364
CACGTA	363
TCCGTT	352
TAAGGT	349
ACAGTA	349
TAAGAG	346
CCTTTA	345
TAACCT	342
AAGCCT	337
CATGTT	334
CAAAAA	333
AGATTG	333
CAGCAA	332
TAATCC	327
TTTTTG	325
CTTGTT	324
GTTTTC	323
CTTGTA	320
ATGCTT	319
CTATTC	319
GGATTT	317
TAACTC	315
AAAATG	313
TGCTGG	312
TAAACG	310
TAACAC	308
CAGAAG	307
TGACGT	306
AATATC	304
AAAGTA	303
TAACCG	303
GCCGGT	302
AAAATA	300
TAACTA	299
ACCATA	297
GATGTA	295
GATATT	295
ATTGCT	295
TCATTT	295
TAACAG	294
GAACGT	292
CAGAAA	291
TAAGGC	291
AATATT	285
AGATGT	285
AGCAAT	284
ATAGTA	281
GGTAAA	278
AGCCAT	274
GTTTAA	273
CGTTAA	272
CGGTGT	271
CAGGGT	270
CTTTAG	269
AAACAT	268
ATTTCT	267
CGGTTA	267
GGGTGT	266
TGTTCA	266
TAAGGG	264
GATAAA	263
ATAACC	262
TACATA	261
AGAAAT	261
AGAAGC	260
AGAACG	258
ATATCA	258
TTCTGC	257
TTTATC	256
TAAGAC	256
GGTGTA	255
TGATAA	255
AAAACG	254
ACTACT	254
TACCGT	253
GCTTTA	252
AAAAAT	251
TAACGC	247
TTCGTA	246
ATCAGC	244
AAATGC	244
GTTTAT	242
TTAATA	242
CTATTG	242
CATAAA	242
TTATCA	242
ATTTAA	242
AAGTAA	241
CCATAA	241
GACCAA	240
TTCTGA	240
GCCAGT	239
TGCTTA	239
TGACGA	238
TCAAAA	237
AACCAA	236
GTTGAC	235
GTGGTA	235
CAATGC	235
TGGTAA	235
TTATTA	234
AAAGGA	232
AATCTC	231
TGATGA	231
CTCATC	230
TTTTGA	229
ACCTGT	229
CTGTTG	228
GCAGTA	228
ATGCGG	228
TTAAGT	227
CAGTAA	227
TGTTGA	226
CATTCA	225
TATGTA	225
ATCTCC	225
TGGTTT	225
AATCTT	224
CGTCAA	224
GTAAGG	224
AAGCTC	224
CTCTTT	224
AAGAGC	223
TAAACC	223
GTTTGA	221
CGTTCT	221
TGATTA	221
GCTGTA	220
TGATGC	219
AAATGA	218
AGTCGG	218
ACTTTA	218
TTTAGC	217
GGAAAA	217
TGCTGC	217
ATCGTA	216
CGCCAG	216
GGATGA	216
AAACCA	215
TTTGGT	214
TATTTT	214
CAGCTT	213
ACTTCT	213
AGAAAA	213
ATAAAC	213
CCAGAA	212
AAATTA	212
TCAATA	211
GGACAT	211
GTTATT	211
TCAGAA	210
ACGTTT	210
ATTTTT	210
GTCAAC	209
TATTGA	208
TTAATG	208
AAGTTA	207
TTTTTA	207
TTACGG	207
GAGGCT	207
AGCAAG	207
ACCAGC	206
TATCAG	206
AATTTA	206
CATGAA	204
ATTAGA	204
ATTTTA	204
TTAAAT	203
AAATTT	202
CTTTTT	201
TATTAA	201
AAGAAA	201
CGCGTT	201
GTACTA	201
GAAATT	201
GATTGC	200
TTTACC	200
GACCAG	199
GTAAAG	199
TGAACA	199
GCCAGC	198
CCGGTA	197
TATGTT	197
AAAATT	197
AGTCCT	196
TTACCA	196
GAATCT	195
TGAGTA	195
AAAGCT	194
ATAATC	194
AGAAAC	193
ATAAAA	192
ATGGAA	191
CGTTTT	191
TGATTC	191
GACGAC	190
AAAACA	190
AAAGCG	190
AGCTTT	189
AACAAA	189
ATCTGA	189
GCATAA	189
TGGTCA	188
ACTGAC	188
AATTTT	188
CATAAT	188
ACATTA	187
CAGAAT	187
AGGATA	187
GGAACC	186
CAAATC	185
ATCTCT	185
TCCGTA	185
AAATCA	184
GAAGAA	184
ATAAGC	184
CTCAAA	184
AAAAGA	183
GAGCTT	183
GATGCT	182
TATAAC	182
CCATGA	181
GTTTGG	181
CACATA	180
CACCAG	180
ACATAA	179
AGCGGC	179
TTGACG	179
ATTAAA	179
GCTGGC	179
TCAACA	178
AACCAT	178
TACGTA	178
CCTACT	177
GATCGT	177
GAACAA	177
TTTGAG	176
TGACGC	176
GCCATA	176
GAAACC	175
GCAATC	175
GCAGAA	175
TTTGTA	175
GTTTTG	174
TATCAA	173
TGTTAA	173
ACCAAA	173
CATTAA	173
GTTTCT	173
TCATGG	173
GCAAGG	173
TTTTCT	172
CATATT	172
AGAATC	172
AGAAGG	172
ATAGCA	171
TTTGGA	170
GTCATG	170
GCTTGC	170
CATCAA	169
ATTTAG	169
AGTTTA	169
TGCTAT	169
AGCCTC	169
TGGCGA	167
TTTAAA	167
GAATTA	166
TATGGC	166
TTAATC	166
TATTGC	166
ATGCAA	165
CGGTAA	165
CATCAG	165
TCTTTA	165
TTATAT	165
CAAGAA	165
GTACGT	165
ATGAAA	165
CTGCTT	164
GCTAAA	164
CTCACT	164
TGCCGC	163
GTTAAC	163
TTGAAT	163
ATCAAC	162
GTTATA	162
TGGCGC	162
CAAACT	162
ATCATA	162
GATTAT	162
TACCAT	161
ACCAGA	161
CTCTTA	161
GTCTAA	161
TCCAAA	161
GGCAGA	161
AGCAGC	161
TTAGAC	161
AGAAAG	160
CTTATG	160
CTTAAT	160
GGAAAC	160
ACTAAA	159
CTTGAT	159
CCAAGC	159
GCTTCC	159
GAAAAA	158
CCAAAT	158
GAGAAA	158
GTCATA	157
GACCCT	157
GACTTC	157
AGCTGG	157
GGTGCC	157
GAAATA	156
TGTCAA	156
GTAATC	156
TTTGTT	156
AAGTTG	156
TGAGAA	155
TATCCT	155
TTTGAC	155
CGGAAA	154
GATTCT	154
CATCAT	154
TTGATA	153
AACGGC	153
ATCAAA	153
AGCACC	153
AAAAAA	153
GACGGT	153
AGTATG	152
TGCTGA	152
ACCATG	152
CTATGA	151
CCGAAG	151
GCGTTA	151
TGCCAT	151
GCTTAA	151
TCTTGG	150
AGATAT	150
ATAATT	149
AGCATC	149
TGGTAT	149
TGGCAC	149
TGTTTA	149
AACAGA	149
CGGCAG	149
CCAAAC	149
CCAAGA	148
CTTTGC	148
TTAACT	148
GTCAAA	148
CAGCGT	148
TTTTGC	147
ACAGAA	147
GAGATG	147
ACCTTT	146
CTCCAA	146
GTTTTT	146
CAGGAA	146
ATCAGA	146
ATACGA	145
GCTACT	145
TCATTA	145
GTGTGG	145
CTTTCC	144
TGATGG	144
CTTGGC	144
TGTTTC	144
TTTTAC	144
GACTCA	144
ATGAGA	143
GGCGTC	143
TTTCCG	143
CATTTG	143
ATGCGC	143
CGGCAA	143
AGTAGC	142
TACTGC	142
AAGTCA	142
GCAAGC	142
AGTTTG	141
TTTTGT	141
CAAGGT	141
TGTAGG	141
AAAGAA	141
TTGGTT	141
CTGGTT	141
GTGCTG	141
GTCGTC	141
CTTTAA	141
CATTTC	141
ACGCTC	141
CGTTGA	140
GGACTT	140
TTAAGC	140
TGCCGA	140
CCGTCA	140
CCTTGC	140
AGGAAA	140
ACAAAA	139
CAGATA	139
CACTTC	139
CTATTA	139
TTAAAG	139
AGCAGG	139
TTGGTC	139
GAAAGA	139
GAATCA	139
GTACTG	138
TGCGTC	138
GTCAGA	138
ATGTAA	138
ATGGCG	138
CGCAAG	138
AGATGC	137
AGCGTA	137
ATATTA	137
CAAGTA	137
GATTAA	137
AGGGTC	136
TTGTAA	136
TTTCTC	136
GACGCC	136
TGCTTC	136
ATATTC	136
ATACGC	136
AGCGGT	135
AACAGC	135
TTCCCA	135
CGCTGC	135
ATACTA	135
TCTTGC	134
TGGAGG	134
CATACG	134
GAGGTA	134
TTAAAA	134
GCAATA	134
TCAGTT	134
AACATT	134
TTGTTA	134
AATCAT	134
ACGATT	133
AGGTTA	133
TGGCGG	133
GCTCTT	133
GCGGTA	133
TTCTCA	133
CAGAAC	133
ACAAAT	133
TACCAG	133
TTCAAG	132
AGTTAA	132
GTGCCA	132
GACGTT	132
AAATCT	132
GGCGGC	131
CTATAG	131
TCAGGA	131
ATACAA	131
AACAGG	131
TCAAAG	131
ACGCAA	131
TCAAAC	131
TATCTT	131
TTTTAA	131
GTATGC	131
ATTTTC	131
GTAAAC	130
ACTCAA	130
TCTGCT	129
TTATGC	129
ATCTGC	129
AAAAGC	129
CAACGC	129
GCTTTG	128
CGTTGC	128
AGCTAT	128
CTTTGA	128
TCGTAA	127
AGCAGA	127
GCATGA	127
CGTCAT	127
GCGGCA	127
CAATCC	127
GAAGGA	127
TTTACT	127
AATGAA	127
TACTAA	127
GTCGTA	127
GACGCA	127
TGTCTA	127
ATTTCC	126
TCTTTC	126
ATATCC	126
ACGTTA	126
GAAGGC	126
CGCCAA	126
CCAATA	126
CTGCCG	125
GTACCC	125
CAAGAG	125
CTACAG	125
CAGCAT	125
GCCACC	124
AAATCC	124
AGGTAA	124
ATAAAG	124
CTGGTC	124
TTGTTC	124
TTTTCC	124
TTTCCA	124
GGAGGC	124
GGTCAA	124
ATTGAC	124
TATTAT	123
GCAGGA	123
GCAAAA	123
TTCTTA	123
TGGCCT	123
AACAAC	123
CGCCAT	123
ACCGTC	122
AACCAC	122
CTGCTC	122
CCATGC	122
ATCGTT	122
TCATCA	122
TGTTTT	122
TCGGTT	122
AACTTC	122
ATGGCA	121
AGGGCG	121
TTGGTA	121
CGTATT	121
TTCTTC	121
GTTTCC	121
GTACGC	120
TTACAG	120
GTATAA	120
GACAGA	120
ACGGTA	120
TGGCAT	120
TTCAGC	119
ACCGTA	119
GGTATA	119
CCAGTT	119
ACATCA	119
GATTTA	119
AACGCT	119
ATGCTA	119
TTCCGA	119
GCAGCA	119
GCTTTT	119
CTTAAA	118
AACATC	118
CTGCTG	118
GGCGAC	118
GCGATT	118
AGTTGC	117
AAAAAC	117
CACGTT	117
GGCAAA	117
TATTTA	117
TATTCA	117
CCGCTT	117
ACCATT	117
AAAACC	117
TTACGA	116
CTGCAA	116
TACCGC	116
TGCGTT	116
ATTACC	116
ATTATT	116
GTTGGT	115
ACAATT	115
TAGCTT	115
GCCTCC	115
TATTGG	115
AGAGCC	115
CAGATT	115
TGGACT	115
ATATCT	114
GACTGC	114
GGTTGA	114
CGCCGC	114
TGCAGG	114
GCTCAA	114
CTTCCA	114
CTTATT	114
GGAGTA	114
AGATTA	114
CTCATT	114
CTCATA	114
GGCTAA	113
GGAGAG	113
AGGGTA	113
GGATAA	113
TGAAGG	113
TTGCAG	113
GTTTTA	113
TGCAAA	113
TATGGA	113
TGAGCT	113
CACCAA	113
TTAAGG	112
GGTGGC	112
ATTAAT	112
TGGTGC	112
TGAGGC	112
TTAACC	112
TCACGC	112
AGAGGC	112
CTTATC	112
CTCAAT	112
CGTGTA	112
GCATCA	112
CGGCAT	112
GGATTA	111
AATCAA	111
AGCATG	111
AGCATA	111
CTTGAA	111
CTTTAT	111
TTTAAC	111
ACCAAC	111
AGTTTT	111
CGAAAA	111
AGTGTA	111
CATTAG	111
TGGAAA	111
TATTTC	110
AACTTA	110
TGGTGG	110
TCCTTC	110
GGTTCT	110
GATTCA	110
CCGTGT	110
AACGCA	109
CCATTA	109
AACGGA	109
CGTGAC	109
GGCGCC	109
CGTCGT	109
ATTGAG	109
GCCTTC	109
CTTCTC	109
GGCTTC	109
GTTGGC	109
ACCAAG	109
ACTGGC	109
GACTTT	109
TATGCG	108
ATTGGC	108
GGTTGG	108
CGCGGC	108
AGCTTC	108
TGAGTC	108
TTTCTA	108
TTCTCG	108
TTCAAA	108
TTGGAG	107
TTAGTA	107
CATCAC	107
TGCTTT	107
TCTGAA	107
TCAATC	107
TCAACC	107
ATGCTC	107
GGGAGG	107
GATGTT	107
CTTGGA	107
TCATGC	106
TATCGG	106
TTCAGA	106
GTATTT	106
GAAGCC	106
CGATTA	106
TTTTTT	106
AGCGAA	106
AGGCCA	106
AAACTC	106
AGACAG	105
ACGCCG	105
TCTTGA	105
AGTATT	105
GGTTTT	105
AGCGCC	105
GCTTCG	105
AACACT	105
ACTGAA	105
TTTTCA	105
TCAAGA	105
TCGGCA	105
TTTTGG	105
TGCAAC	105
ATTGGG	105
CAAAAC	105
CCAACC	105
GCCGCT	104
GCAAGA	104
AAACTA	104
TATCCA	104
TTGACT	104
TTGGCT	104
GTAGTA	104
CTTCTT	104
CGAACC	104
TCCTGA	104
TCTCAA	103
GCTTCT	103
GTCGGC	103
GTGATA	103
ATTATC	103
GTCGCC	103
ATGAAC	103
CAAAGT	102
TGTTGC	102
TTCATA	102
TCCATC	102
AGCCAA	101
TGAACG	101
CCATCT	101
CGGATT	101
TCATGA	101
AATTAC	101
TTTGTC	101
TGTCGC	101
TTGGAT	101
GCTACA	100
TGATAT	100
GATTGA	100
GGCGTA	100
TACCTT	100
CAAATT	100
GCATTG	100
ACCATC	100
CGAGCG	100
TCCTGC	100
AGAAGA	100
CAGTCC	100
AAACTT	99
CCTGAG	99
AAGGCG	99
TGCTAA	99
GAAATC	99
TAGTAA	99
CGCATA	99
ATAAAT	99
AAGACG	98
AGGACG	98
CGCGTA	98
GTTGTT	98
TACGAA	98
GTTGTC	98
CGTGAT	98
CTGTAG	98
ATATTT	98
GTAAGC	98
GGCGCA	98
ACCCTC	98
GATTTC	98
ATTTCA	98
CGATGG	98
ATTAAC	97
TGGTTA	97
GTATGT	97
TGGAAG	97
AGCCGC	97
TACTTC	97
CTGCTA	97
CGAGAA	97
TTGCTA	96
ACTCCT	96
TTCAAT	96
AATTTC	96
TTGAGG	96
TGAAAC	96
AAACCT	96
TTGAAC	96
CGAAGA	96
TCTGCC	96
CTAAAT	96
TTCCAA	96
AATTAT	96
TTACCC	96
ATTAGC	96
ATAATA	96
TGAGGG	96
TGTAGC	96
CCAATG	95
CATGAC	95
ATGGCT	95
TACATC	95
AGTCCA	95
ACTTAA	95
CAAGTT	95
TTCGCT	95
TCAAGG	95
CTTTCT	95
TCCTTG	95
AGTAAA	95
TTGGTG	95
ATAGTG	95
TGCCAC	95
TTCATC	95
TGCCTA	95
CGTACG	95
GTCTTC	95
AATTAA	94
TTTTTC	94
TGTTCC	94
GCAACT	94
TCCAGC	94
CGACGC	94
TCATAG	94
TTTGAA	94
CCAGCT	94
CTTGAC	94
GTATCG	94
GTATTG	94
CGTTAT	94
ATGAGC	94
AGTTGT	93
ACGACC	93
TGGTTC	93
AAGATA	93
CCTTCT	93
TCCCAA	93
GCCGAC	93
GGTTTA	93
GCGTCA	93
GACGAA	93
TCCATA	93
ACCTGA	92
GTATCC	92
CGGTAT	92
TGAGAT	92
ACAGCT	92
ATCATT	92
CATTTA	92
TATACC	92
ATTTGA	92
ATAGTC	92
TTGGGA	91
GGCACA	91
AACTTT	91
TCAAAT	91
TATCGA	91
GGCAAG	91
GCAACG	91
GTGTGA	91
GTGGCC	91
GGGGAA	91
ATCGAA	90
GCCAAA	90
GACCGC	90
ATATAA	90
TGTGAC	90
CCAAAA	90
CCACTT	90
CATCTC	89
ATACTC	89
GCTGGA	89
CGCTAA	89
CATGTA	89
CACCTT	89
GAAAAG	89
GGACGG	89
GTTAAA	89
TGAGGT	89
CTTAAG	89
ATAAGA	89
TTGATT	89
CCTTGA	89
CTAAAA	89
TGTGGC	89
CAACCT	88
TCTTAA	88
AATTCA	88
CGATGA	88
CGTTGG	88
TTGCAA	88
TTCTAT	88
GCCGCC	88
TCAGAT	88
ACCGCC	87
ACAAGC	87
TGTTGG	87
TTGCGA	87
GATTTT	87
CAAACA	87
CTCGTA	87
AAAGTC	87
TGGGAA	87
CCTCAA	87
GTTATG	87
TTCGGC	87
TTTAAG	87
ACGTTG	86
GAGCAT	86
GTCAAG	86
GACGGC	86
TCGTCA	86
GTACCT	86
TTATAG	86
TTAAAC	86
GGTGCT	86
CTAATT	86
AACCCT	86
TTTGGC	86
TTTTCG	86
CATACA	85
ATAGAA	85
CCGTCT	85
AGGAAG	85
AAAACT	85
CGCAGT	85
ACTTTG	85
TAGAGG	85
CAAGGA	85
ACATTT	85
CACATT	85
TCTGAC	85
TGACAA	85
TTGTTT	84
CTGAAC	84
GCAGTT	84
ACGAAA	84
ATGCCA	84
TAGAGC	84
CATATA	84
CGTTTA	84
TACTCT	84
GATAAC	84
GGGGTT	84
AATAGA	84
CAGCTA	84
CCGCTG	84
TCGATA	84
GGATAT	84
GCGCCA	84
CGTACC	84
ATTTAT	84
TGACAC	84
GCGTGA	84
AAACAA	84
AGCGTC	83
CGAAGC	83
CATTAC	83
GTTAAT	83
AGCAAC	83
CGGCGC	83
GCTTGA	83
TGGTGA	83
CAGTTT	83
GTGTAA	83
TTTAGA	83
CAGTTA	83
AGTGGA	83
CCTGAC	83
CGCCGG	83
TTTAGG	82
ATGTCA	82
TTGAGA	82
TTATGA	82
TCTAAA	82
TTCTCT	82
ATTCCA	82
CAAAGG	82
CCGTAA	82
GGCAGC	82
ACAAAG	82
TCATCC	81
AGATGA	81
CTGTTA	81
AGGTGA	81
AGTATC	81
TACCGA	81
CCTTTC	81
TCGCCA	81
CGTAAA	81
TCCAAC	81
GCTACC	81
CAAATA	81
CAGCAC	81
CTTCAA	81
TTAAGA	81
CCAGAT	80
GCTGCC	80
GATGGA	80
TATGTC	80
CACTTT	80
AATCGC	80
TTCAAC	80
TGAAAA	80
CCTGCT	80
TTCCGC	80
TTACGC	80
CAAGGC	80
TCTGTC	80
ATGGAT	80
TGCTAC	79
GACTAA	79
CCAGCC	79
CGTCGC	79
ACATTC	79
TATCAC	79
TGCGTG	79
GTGTTA	79
TACGTT	79
AACGTC	79
TCACTA	79
TAGCAA	79
TCACCT	79
GCATTC	79
TACGCT	79
AGCGTG	78
TTGAGC	78
ACAATG	78
AATATA	78
GTGTCG	78
TGGTAG	78
CCTGCA	78
TTGAAG	77
TGTATC	77
CTTCCT	77
GGTCGC	77
CCGTTT	77
ACTTCG	77
AGATAA	77
TTGCCG	77
TCGTTA	77
TGGCTA	77
TGTCTC	77
CAGGCA	77
GCTCGC	76
TGGATA	76
TTATCT	76
TGGATG	76
CCAATC	76
AGACTC	76
GGGTAA	76
GTGGCT	76
CCTCAT	76
ATGACC	75
CGGATA	75
TCCCGA	75
TCTTAT	75
TCATAA	75
TGAGAC	75
GGATCT	75
CAACAA	75
TATGAT	75
AGAGCG	75
GAGTTA	75
CGAAGG	75
CATCCA	75
TCTTCG	74
TTTGCT	74
GGTACG	74
TTATAC	74
GCATTA	74
CTTTTC	74
AGTGGC	74
ATACAT	74
GCCAGA	74
CCTGAA	74
CTGTTC	74
ACAGGC	74
CAGCGG	74
CCCCAA	73
TTGGAA	73
ATTACT	73
CGCAAC	73
CTGGAG	73
TTCCCT	73
GTTCGC	73
GGCTCT	73
TTGGGG	73
TCTGCA	73
TGAAGA	73
CGTTCA	73
TGCAGT	73
AGCCTT	73
TGCTCC	73
ACGGAA	73
TAGGGT	73
TTATCC	73
TCACGA	73
GAGTCA	73
GTTTGC	72
CGGTCA	72
CGTTTC	72
AACCGC	72
GTTGTG	72
TCATTC	72
TGTGTA	72
CCGGCG	72
CCTTCA	72
CTAGGA	72
ACGCCA	72
TGGAAC	72
AGTAGA	72
TGAGAG	72
GTAGAG	72
GTTATC	71
CGAAAG	71
TCTTCA	71
GGACGC	71
CTGAGC	71
TCGTGA	71
GTGACT	71
TAGCGG	71
GGCGCT	71
ATCGCA	71
ACGGCC	71
CTCTCT	71
ATGTCT	71
CCTAGA	71
CAAAGA	70
TACTCA	70
TGTGTG	70
CTCAGC	70
CACGAT	70
TGACCC	70
TTGCCA	70
GGGAGC	70
GGTATC	70
CTATGT	70
TACCCT	70
CGTGGA	70
CCGATA	70
TAGCTA	70
AGACAA	70
TGCAAG	70
AACGAA	70
CGCAAA	70
TAGGAA	70
TCTCCA	70
CAGGCT	70
TGTCTT	70
AGGAGA	69
CAGTTC	69
AACTAA	69
ACCGGA	69
ACGATA	69
CCACTC	69
TTTGCC	69
ATCTAT	69
CGCCTC	69
CCTCAG	69
TGCGAC	69
TCGCTT	69
CCGCAT	69
TCTGCG	68
GACCTA	68
CGACTA	68
TCTTAC	68
CCTAAC	68
CCATTC	68
GATACC	68
TGTGCC	68
CAGCCA	67
ACTGCA	67
GCGGTT	67
TTGACC	67
ACTTGA	67
CTTTTG	67
TCAGGG	67
AAGTCT	67
GTGGTT	67
CATGGA	67
GCCTCA	67
CAATCA	67
AGAGAA	67
CGCTCT	67
TCTTCT	67
CCAACT	67
GGTAAG	67
CCTTCG	67
TTGTGG	67
CGTATC	67
TAGGTC	66
CGACCC	66
GGCAAC	66
ACTTAT	66
GTTCCT	66
CGAGAT	66
GCCATC	66
CTACTC	66
AGCGAC	66
CTAATC	66
AGAGGA	66
ATCATC	66
CATCTT	66
CAAGCG	66
AGGAAC	66
CGTGCC	66
AAGGGG	66
TGCAGA	66
ACAACC	65
TCCTAA	65
AGTGAG	65
CACGCT	65
GACTTG	65
AGTTCG	65
CTTTTA	65
GAGGCC	65
TGTTTG	65
TTAGTC	65
GGTCTA	65
AAGTGG	65
GGTAGC	65
ATTCGC	65
ATTAGG	65
CTTCCC	65
ATAGAC	65
CAGCCT	64
GCAGCG	64
TATGAA	64
CGCCTT	64
ACTATC	64
GGTCGG	64
CAGACC	64
GTCTAG	64
CACATC	64
TCCTAG	64
TACAAA	64
TGTCCA	64
CTATCA	64
CCGATT	64
TGGCTT	64
GGCTGC	64
CACGAA	64
CACGAG	64
CTCGCC	64
CTGAGG	64
GTGTTC	63
ACACGC	63
GAAGCT	63
GGGAGA	63
CCGGTT	63
GAACTA	63
TCGTCT	63
TTGGCA	63
TACAGG	63
TCTAGG	63
ACGGCA	63
TCTACA	63
AGTGCT	63
AATTGG	63
ACTTCC	63
TCATCT	63
GTCCAA	63
GCGTCG	63
CGGGAT	62
CGCAGC	62
TGAGCC	62
CTGCAG	62
CTAATA	62
TCAAGC	62
TACCAA	62
GGTTCA	62
TCAGGT	62
ACTTCA	62
TGGACC	62
CTCGTG	62
CTAGAC	62
CGAACA	62
GCAGTC	62
TGGTCT	62
TCCTCT	62
TGCATG	62
GAACGC	62
CGAGTA	62
ATCGTC	62
TTCGTC	62
CAAGTC	61
ACCTGC	61
GAGCGC	61
TGCCAA	61
AAGTCC	61
AGGCAA	61
ACTGGA	61
GGCCAC	61
CACTCC	61
TTTACG	61
TTCCAC	61
GTCTCA	61
CTCATG	61
CGCGAT	61
CCGCCT	61
TAGGTA	61
GACAGC	61
ACCACC	61
TGCGCC	61
GGTGGT	61
TTGTCA	61
CTGGAA	61
GCCTAC	61
GCTGCG	60
CGATTT	60
GCGAAC	60
GTGACG	60
AGGGCT	60
TATTAC	60
TGCGGA	60
GCCAAG	60
TACATT	60
GTCCAC	60
GTGCTC	60
GACCAC	60
GCTCTA	60
GGCGAG	60
ACTAAC	60
TGGCCG	60
AGGTAT	60
CTTCTA	59
GCGACC	59
TACGTG	59
GTGCTA	59
ATGCCC	59
GAGCCG	59
ATGAAT	59
GTGGAC	59
AGCTAC	59
TAGTGC	58
CTCGTC	58
GAGGCG	58
GCACTT	58
TGCCCA	58
GGAGGG	58
TGGGTT	58
GACGCT	58
AGCTGC	58
ACTTGG	58
CGGACC	58
TACGCG	58
ACGTGA	58
GGTCAT	58
CGACTC	57
TTGCGC	57
GTAGGC	57
TCGGCG	57
TTGTAT	57
CGTCGA	57
CGTCCT	57
ATCGGA	57
ACGACG	57
GACCGA	57
TATAAA	57
GCGGCG	57
CCGACT	57
GACGTC	57
GCCGCA	57
CAGGGC	57
TGGTGT	57
CGAGGC	57
CCTCTA	56
AACGAG	56
AGGGGC	56
TCTCAC	56
TGGAGA	56
TCAGTC	56
CGAGGG	56
ATTATA	56
CTGGAC	56
CCATCC	56
AAATTC	56
TGCTCG	56
GGATGC	56
AGTCTA	56
GGCGGA	55
TTGTTG	55
AGGAGC	55
TAGGAG	55
ACTCAG	55
TGCGAT	55
TCAGTG	55
ACGCTA	55
ATAGCC	55
GCGATA	55
CACGCA	55
TCTACC	55
TTTTAG	55
ACCAGG	55
AGATTC	55
ACAGTC	55
CCGAGA	55
GCTCGA	55
AGGTCT	55
CGTGCT	55
CGGTCT	55
CGACTT	54
ACACTC	54
ACGTCA	54
CATCCT	54
TGCAGC	54
ACGAAG	54
GAACTT	54
TTATAA	54
ATGGTC	54
ACAACT	54
TAGCTC	54
ACTGCG	54
ACGAAT	54
CTGAGT	54
TTCGGG	54
GACTTA	54
CACGAC	54
AGACTA	54
CGCAGA	54
GCTTTC	54
TGCGCA	54
CGAGCA	54
CAATTC	54
AAACAC	54
TTTCGC	53
CCGTGG	53
GTGAGA	53
ATCCGA	53
GCTCGG	53
ACGAGA	53
CGACGT	53
AGACGA	53
GCTCAC	53
CTAGTA	53
CCTAAT	53
CTCCTA	52
GCTGTC	52
AGTTCC	52
GCATCT	52
CCCGAC	52
TGGCAG	52
GGTGTG	52
TGTGGT	52
CTGTCT	52
ATGTAT	52
TGTGCT	52
CGTAGA	52
ATGTGC	52
AAGAGG	52
CGGCTT	52
ATGTTC	52
AGGTGC	52
CCCATC	52
CCGTTC	52
TAGGGA	51
TTCAGG	51
CTGTCG	51
GCCGGA	51
GTCGCG	51
TTTGTG	51
AGAATA	51
TCTGGC	51
CGGCAC	51
TGACCT	51
AACTGC	51
GAAGAT	51
GCTATG	51
CAAAAG	51
GGTGTT	51
GTATTA	51
CGAATA	51
TTGCGG	51
CGCCAC	51
ACGACT	51
CGTGAA	51
ACCTTC	51
GCTCTC	51
AAAATC	51
CTCCCG	51
AAGGCA	50
GAGCAC	50
GAACGA	50
TCGGGA	50
TATGAC	50
ACTGAG	50
TACGAC	50
GACTCC	50
CTAAGA	50
CGATCT	50
CGTGGC	50
CCCGAA	50
TTTATA	49
ACTCGC	49
GCGATG	49
GCGCAA	49
GGACTC	49
TGCGAG	49
GTGAAA	49
CGGGAG	49
TCAACT	49
CCTAAG	49
TGTCAG	49
AAGTGC	49
AGTCTT	49
GCAGGT	49
GGTGTC	49
GCAATT	49
GGGCCT	49
GCTTAG	48
TCGCAA	48
TCCTTA	48
CCTGTC	48
AGGGAT	48
TGGGAG	48
AGTAGG	48
CTACAA	48
ATTACA	48
AGATCG	48
TACCAC	48
TCACAC	48
TACGGA	48
ATTTCG	48
TGCGCG	48
TGAAGC	48
ACGCGG	48
ATCCCA	48
ATACAC	48
TATCTA	48
ATTCGA	48
AATTGC	48
GTCCCC	48
ACGAGC	47
CGTCCC	47
AAAGAT	47
CGGCGA	47
TACGCC	47
TCCAGA	47
ATGTCG	47
TGCACA	47
CGGAGT	47
CGTAAC	47
GCGGCT	47
TGATAG	47
CAGTGG	47
TAGTTT	47
TGCCAG	47
GCCAAC	47
TGCGGC	47
TATTCT	47
GTATTC	47
GCAGAC	47
CCTTTG	47
GCGAGC	47
TAGCCT	46
TTCTCC	46
TCATCG	46
GTCAGC	46
CCGCAA	46
AGACCC	46
TATTAG	46
TAGCAC	46
GTTACC	46
ATTGAA	46
AGTGTC	46
CCAATT	46
GTGAGC	46
GCCGAA	46
ACCACT	46
TGTACG	46
GCTCCT	46
GGACAC	46
TATCGC	46
AGATCC	46
CGCAAT	46
CGACCT	45
CCCTTC	45
AGAGCA	45
ACCCTA	45
ATCGGC	45
ATCTAA	45
CACAAA	45
GCTGGG	45
GCGCTC	45
GCGAGA	45
GAGAAC	45
GGCCCC	45
CTAAAC	45
CGCCGA	45
TACTAT	45
TCGAAA	45
TCGGAA	45
AGACCT	45
ATCCTA	45
TCAATG	45
CCGTTG	45
CCTAAA	45
ATGGCC	44
CAAGCC	44
ATGTAG	44
TGAGGA	44
TGGTAC	44
TCGCGA	44
TCTAAC	44
CACAAG	44
CCGTTA	44
CTCCCA	44
ATATAC	44
CGTTCG	44
GCTCCC	44
GTCTGC	44
GATGGC	44
TCTTCC	44
TGGGCA	44
CGGTTC	43
GAGTCT	43
CAGCCG	43
CACGCG	43
CCACGG	43
CTCAAG	43
TCATAT	43
CTCACC	43
AACTAT	43
GGTAGA	43
CGACAG	43
ACTATG	43
TCCCTA	43
ACGGTC	42
GAACCG	42
GGGCCG	42
TCTGGA	42
GCGTTC	42
CGCAGG	42
CCGCTA	42
TTTCCC	42
TTAGGA	42
CCAAAG	42
CTTAGA	42
CGGTAG	42
GGTTCG	42
CCTTAA	42
GCACTA	42
TTTCGA	42
GGGTGC	42
CCTCTT	42
TCACAT	42
AGTACC	42
CAGAGA	42
TCCTAC	42
ATTTAC	42
TAGATC	42
CCCAAG	42
ATCCCC	41
TCGAAG	41
TGCGGT	41
AGGAGG	41
TACTAC	41
TTGTCT	41
CTCGCA	41
AGTTGG	41
ACTAAT	41
GCCTTA	41
CTGCGC	41
CGAATC	41
GAGCCT	41
TGGCAA	41
CTAAGC	41
TGCCCG	41
ACACGA	41
AAGTAT	41
ACTTGC	41
GAACTC	41
CCAGCG	41
CTTACC	41
CGGCCT	41
GTGTCA	41
TCGTTC	41
GAAAGC	41
CGTGCA	40
GTTAGG	40
CGCGCT	40
ATGTCC	40
CTCCTC	40
GGTCCT	40
TACTCC	40
GAGTTC	40
TCGCAG	40
GCAAAT	40
ACAATC	40
CTGATC	40
GCCTCT	40
ACCTAA	40
ACATTG	39
TCCTCA	39
GGAGTC	39
CCATAG	39
AGTCGA	39
CGGGCA	39
TCAGGC	39
CGGCTC	39
CCTCAC	39
ACAGCA	39
CAGACT	39
GCAACC	39
GCGACT	39
GCCCCG	39
ACGGGG	39
CGGTGG	39
CCGCGG	39
AGTGAT	39
TGTTCG	39
ATTTGC	39
GTAGCT	39
ATGTGA	39
CCAAGT	39
CGAAAT	38
CGCCTA	38
ATCCTC	38
CAAACC	38
ATCGCT	38
ATGGGA	38
ACACTG	38
CGCGTC	38
CGACAA	38
TGTAGA	38
CTGGGA	38
GTGTAC	38
AGCAAA	38
TAGATT	38
GCCTAA	38
CATCCC	38
CCCGGC	38
CGCATC	38
TGCCGG	38
CGACGA	38
GCAGCC	38
CACCGC	38
GCAGGG	37
ACCTCC	37
CGACCG	37
CCTAGT	37
TACGGG	37
CTACAC	37
AACACC	37
CCGGAG	37
ATGTTA	37
TATTCC	37
GTGGTC	37
CTCGAG	37
GCGGAA	37
CTGCGA	37
AGACGC	37
CGTTAG	37
CGGACT	37
TGTACC	37
ATAACT	37
CTTAAC	36
GCAGCT	36
AGAACC	36
AGGATT	36
TTCTAA	36
TTGGAC	36
CGGCCA	36
GGAGAA	36
GCGAAA	36
GGGTCA	36
ATCAAT	36
GATACA	36
CTAGTT	36
TGGGTG	36
AGTTGA	36
ACATAT	36
ATCCGC	36
ACATCC	36
TGCACC	36
ACACTA	36
ACGTGG	36
CCAGGT	36
GTTACG	35
CCGACG	35
CACACC	35
GTAGAA	35
GTACAC	35
TACTGG	35
GAGCCA	35
CGGCGG	35
GTTCGA	35
TGTCCG	35
CGTACA	35
CGCGAA	35
AGTTAT	35
TCTCCC	35
ATGCAC	35
AGTTAG	35
GTAGTT	35
GCTCCG	35
TTCGAC	35
ACATCT	35
TCCGCC	34
GTCCCA	34
AATTCT	34
CGGAAC	34
CATGCA	34
ACGCCC	34
CATGGG	34
CAGGAT	34
CCCAGC	34
AGCCGA	34
AGTATA	34
GAGGGA	34
TAGAAG	34
CTATCC	34
GTAGGA	34
CCCATG	34
CGCGAG	34
ACACTT	34
GCCACT	34
GCGGAC	34
CGCCCT	34
CCAGAG	33
TGGGGA	33
GTGCAC	33
GTTCTC	33
ACAATA	33
ACCCCA	33
TTGCCT	33
GCGAGG	33
TATGGG	33
GGGTGA	33
ATTGAT	33
GATAGG	33
GGGCAA	33
CATCTA	33
CCTCCC	33
TCGTTT	33
TGATCT	33
ACCGCA	33
GATCCA	33
CCTCGC	33
CCTTCC	33
AAGACC	33
ACTTTC	33
AGTACG	32
CCGGGC	32
CCACAC	32
TGCTCT	32
TCCGCT	32
TCCGCA	32
CTGGCT	32
GGCGAA	32
TTGTGC	32
GGCTAT	32
TTTGGG	32
CCATTT	32
TACCCC	32
AGGTCG	32
ACGACA	32
GGCACC	31
GTAGAC	31
GGTGAA	31
CTCTCA	31
CTGTGA	31
TGCATC	31
CTTAGT	31
CTGCCT	31
TCTAAG	31
GTGTGC	31
GTCTCC	31
CAGGCC	31
TGGCTC	31
CATGTC	31
TTCGCC	31
CCATGT	31
CCGAGG	31
TGCGCT	31
CTATCT	31
ACAAGT	31
CCTATG	31
CAACGA	31
AAAGGC	31
CAATTA	31
TTACAC	30
CGATGT	30
ACTCTC	30
TACCTC	30
GGCTTA	30
CTCCGC	30
TTAGAT	30
TCATGT	30
CCAGTC	30
TAGCTG	30
GCCCAT	30
TGTGCA	30
GCCCCT	30
CTTGTC	30
GGCTGA	30
CCGTCC	30
CCTCGA	30
ATGACT	30
GTGAGG	30
GTCTTA	29
CGCACG	29
TCCCCA	29
TCCCAT	29
ACTATA	29
ATCGCC	29
TCCCAC	29
CGCGCA	29
GTTAGA	29
TAGTTC	29
GTGCCT	29
CGCCCC	29
GCACCT	29
CACCGG	29
TTCCCC	29
ACGGAG	29
GACGGG	29
CACAGG	28
CCATCG	28
GCGACG	28
GCGCTG	28
CCCTCC	28
GTGAAC	28
CCGATG	28
AAGAAT	28
AACCCA	28
GCTTCA	28
GTACGA	28
CCTTAC	28
TGCCTC	28
GCGGTC	28
AGTGCA	28
ATTGTC	28
TCGCTA	28
GATCGC	28
TCCCCC	28
ACATGA	28
ACGGCG	28
AGCGCG	28
GCGCCG	28
AATCTA	28
CTTATA	27
AAGTTC	27
TCGCCG	27
CGGACG	27
ACCCTT	27
GGGCGG	27
TACCTA	27
ACCTTA	27
GATCGA	27
TCCGAG	27
CCTATC	27
GTACTC	27
CTACCT	27
GACTCT	27
GGGGCG	27
TGTCCC	27
TAGCGC	27
GCTAAC	27
CGGGTA	27
CGGGGA	27
TGTGAG	26
CCTGTG	26
GTTCCC	26
ACACCC	26
CAATCG	26
AGGTCC	26
GTAGCC	26
GAGGAA	26
ACGCTT	26
TCCCTC	26
CACACT	26
GGGGTA	26
AACTAC	26
CACGCC	26
CACCTA	26
CCCGTA	26
GCACGA	26
GCGACA	26
GCCCTC	26
CGGAGC	26
TTAGAA	26
CACAAC	26
TACTTA	26
ACAGGG	26
ATTAGT	25
AACGGG	25
CCGGAT	25
TTGTGA	25
TTGTAG	25
GACCCA	25
CACCTC	25
CCGAAA	25
TACACC	25
TTATTC	25
ACTAGG	25
TTGTGT	25
CGGTCG	25
GTAGTC	25
GTCGGA	25
CTGTGC	25
AGCCTA	25
CTGTCC	25
TGGGTC	25
GGGACA	25
TAGGAT	25
CTGCAC	25
GTCTGA	25
AGGTGG	24
GGATTC	24
TTTACA	24
ATGGGC	24
TCCGAA	24
CTATGC	24
ACCCGA	24
CGTGAG	24
ACAAGA	24
TACAGA	24
CCCTGC	24
CCCTCG	24
CACTCT	24
AGGGGA	24
TCTTAG	24
TACGGT	24
GAGTGC	24
GGAGCT	24
GTGCCG	24
TTACAA	24
GTATCT	24
GTTTGT	24
AGCTAG	24
TGGGGG	24
AGGTAG	24
TAGGCC	24
GAGCGG	24
CTTCAC	24
CGCGGA	24
GGGTCT	24
GGTACA	24
GAGGAT	24
GGGCGA	24
TGCCTT	24
GGGACG	24
AGTGGG	23
CGTGTT	23
CAGTAC	23
GGTCTT	23
TCTGGG	23
GAGTGA	23
AGCGGA	23
ACAGAC	23
CCCGTC	23
GAGCTA	23
GCAGGC	23
CAGTGC	23
GTCACC	23
AGCCCC	23
TCCGGC	23
CCGATC	23
CACCCA	23
TCTAGA	23
GTGGCG	23
CCTACC	23
GTTTCG	22
TCACCC	22
CTGGGC	22
GGGACC	22
GTATAT	22
TCACAA	22
GAGGCA	22
TCCCAG	22
CCCATT	22
TACAGC	22
GATAGA	22
ACTCCA	22
CCCTTA	22
TGCACT	22
CCGACC	22
GGAGAC	21
CCATTG	21
CGCGAC	21
TCTGAG	21
AGCGAG	21
CAGCTC	21
CCACGC	21
GATTCG	21
CCTCCG	21
GCGTCC	21
TAGTGA	21
TACCCG	21
TTCACC	21
GTCATC	21
ACAGGA	21
CGGCTA	21
CTGGCC	20
ACGGCT	20
ACAGTG	20
AGGGAA	20
TTGTCC	20
GAGGGG	20
GCGCTA	20
CCTATA	20
GAGTCC	20
ATTCCT	20
GGATAG	20
TAGGCT	20
TTCGGA	20
CTACCC	20
TCGTGC	20
GCTATC	20
CCGCCC	20
GGTCCG	20
CAGCGC	20
CAACCC	20
CACGGC	20
CCCAAC	20
TTGCCC	20
GCATCC	20
GGGGCC	20
CTCCCC	20
TGGGGT	20
ACTACC	20
ACCGCG	19
ACGTCG	19
GGGGGA	19
ACCTCT	19
CACCCT	19
GTTGGG	19
CGAGGT	19
TTCGAG	19
CGAGCT	19
CCCCCC	19
ACTTAG	19
CGCTCC	19
AATTGA	19
ACACAA	19
ACAAAC	19
GACGTA	19
CGGTGC	19
GGGCTT	18
TTAGGC	18
CTCCGA	18
ACAGCC	18
TTGGCC	18
CGAGTG	18
CCCCTT	18
CTGTGT	18
CCCCGT	18
AGAGGG	18
CGACGG	18
GTGAAG	18
GCGGAG	18
GTTAGC	18
ACAACG	18
AGAGAC	18
GGGGAC	18
TGGGAT	18
ATCCCT	18
TTCACA	18
TCGCCC	17
CTAGGG	17
AAGCCC	17
TCGCAT	17
GTGTCT	17
TGTCCT	17
CCTCCT	17
ACTCTA	17
TGGACG	17
GATCAC	17
GCAAAC	17
CCCCTA	17
GTGGAA	17
TTCACT	17
CCCCGA	17
GTGTTT	17
TAGAAC	17
GCATCG	17
CGAGTC	17
AGAGAG	16
CTCCAT	16
GCACTC	16
CAGGGA	16
ATAGAG	16
CGTCCA	16
GTACAA	16
GAGATA	16
ATTCCC	16
TCGACC	16
GAGGGC	16
TCGGAC	16
ACATCG	16
TCGGAT	16
CAACAC	16
CGCCCG	16
GGAGGA	16
CGGCCC	16
GTGGAG	16
CCAGAC	16
TGTCGA	16
CGCACC	16
TCGGCC	16
CAGAGG	16
ATGGAG	15
GGCCAA	15
CAGTCT	15
GCGTGC	15
ACACCT	15
GGCGCG	15
GTGACC	15
ACGGGA	15
CCGCAG	15
GATCAA	15
CTACGC	15
CCGAGC	14
TCAGAC	14
TCGATG	14
TCGGCT	14
ATGCAT	14
GCACGC	14
GTGTCC	14
TCCCGG	14
TCAGCT	14
CCGCCG	14
CCGGAC	14
GGAGCG	14
TGTGAA	14
TACAAG	14
CTCAGA	14
CGGGGC	13
GGCTAG	13
TCCGTC	13
GTTCTA	13
GCTAGT	13
CCATGG	13
AGATCT	13
TTGAAA	13
CCTCTC	13
GGTCGA	13
TCACGG	13
GGTAGG	13
AGTGCG	13
TGGTCC	13
TGTCGG	12
CGAGAG	12
TCGGTC	12
TCTAGC	12
AGGCCC	12
CCGCTC	12
CCCCAC	12
TCCCTT	12
GGGGAG	12
GATCCC	12
ATTGGA	12
TAGTAC	12
ACGCGC	12
ACGCCT	12
AACACA	12
GACGGA	11
GGTCTC	11
GAGACC	11
GGTGCG	11
CCGCGC	11
TCACTC	11
TCCTCC	11
TCCGAC	11
TAGTTA	11
AGGTTC	11
CCAGTG	11
CGGAGA	11
TCGAAC	10
CGGGGG	10
CGGGCG	10
ATAANT	10
GGCAGG	10
GTATAG	10
CACGGG	10
CGGAGG	9
GAGATC	9
TGTACA	9
TCCCCT	9
TACTNT	9
TGGGTA	9
AGCCGG	9
CCCCTC	9
TCCAAT	9
AACCCC	9
GAACCC	9
ACGATC	9
GGGCGC	8
AGTTTC	8
GGGGCA	8
GTGTGT	8
CGCGCG	8
CCAGGG	8
TACCGG	8
TTATNT	8
GCATGC	8
CTCGAA	8
GTATGA	8
GGGTCC	8
GGGCAG	7
GGAGAT	7
GTGGGA	7
GCATGT	7
CCTTGG	7
TCGTCC	7
AGGATC	7
GATCAT	7
GGGATA	7
AGTTCT	7
AATTNT	7
TACANT	7
TTCGCA	7
GACCTC	7
GGTACC	7
TCGGGG	6
AGCCCG	6
TATCTC	6
ACGTCT	6
GGAGCC	6
GGGATC	6
GACATC	6
CACCAC	6
CACCCG	6
ACTACG	6
TGATCG	6
AGGGCC	6
GTAANG	6
GCACCC	6
GCCCGC	6
GATATA	6
TCACCG	6
TGTATA	6
AGGACA	6
GGCTCG	6
CTACGA	6
CCTTTT	6
CGTAAG	6
GCGAAG	6
CGGTGA	6
TGTGTT	6
GCGGGA	5
TTCANT	5
CGCACT	5
TTGCNT	5
GGGGTC	5
CACTAG	5
CACGTC	5
TGAACC	5
GGATCG	5
AATACA	5
GTGATC	5
TCAGCC	5
CGGTTT	5
GATCCT	5
CGGAAG	5
TGGGGC	5
GATANT	5
GCCCGA	5
CTATNC	5
TGTTGT	5
TCGTGG	5
GTTCNT	5
AGGGGG	5
GTAGGG	5
ACTAGT	5
GATGTC	5
CCCCTG	5
TGTGGA	5
TACTAG	5
ACCCCT	5
CGTATA	4
ACGTGT	4
GCGATC	4
TCATAC	4
GCCCAA	4
GGCGGG	4
ACGGGT	4
AATANT	4
TCCANT	4
AGAACA	4
AGCGCT	4
TACGAT	4
GTCTCT	4
ACATGC	4
GTTANT	4
GAGCAA	4
TGGGAC	4
GTCTNT	4
CGTAGG	4
TTAANT	4
GTCTCG	4
CCCCGG	4
CGGGTC	4
TGTGTC	4
CCTACG	4
CCTGGA	4
GGGCTA	4
CCTGGG	4
CGGGAC	4
CGATCG	4
ATGTNT	4
GGGCTC	4
GTACNT	4
ATCTNT	4
TGCCCC	4
ATGGGG	4
CACATG	4
CTAGGC	4
CTAGCA	4
CTAGAG	4
CTAGAA	4
GATATC	4
CTAGAT	3
TGGGCC	3
TCCCGC	3
AAGATC	3
CTGAAG	3
TGGCCA	3
CTGGGG	3
CTGTAT	3
CCTGGC	3
CGGATG	3
TGATCA	3
TTCTNT	3
ATATAT	3
NTCACT	3
ATCCNT	3
ATCGGG	3
NTAAGT	3
ATAANG	3
TTGTAC	3
GGAANA	3
TTGGGC	3
TTGATC	3
CAAGGG	3
NACTTT	3
GCGGCC	3
TACAAC	3
TACACT	3
TACCCA	3
AGGGAG	3
TTACNG	3
CCAGGA	3
CCAGGC	3
CCCAGT	3
GTGGTG	3
ACGGGC	3
GTGCNT	3
GTGCGA	3
GCCCCA	3
GAAANT	3
ACTACA	3
CTTTNC	3
GAGCTC	3
TAGGGC	3
GGGCAC	3
AGAACT	3
CTTTCA	3
TGACNT	3
ACCGGC	3
GCCCCC	3
TCGATC	3
GACTNT	3
GACCCC	3
CTTCNT	3
AAGTNT	3
TCGGGC	3
ATACNA	2
CCCGCG	2
CATTCC	2
AATANA	2
GAGTNC	2
TCGTTG	2
CCTTAG	2
GCTATA	2
TCTANG	2
ACTGGG	2
GGTCNA	2
CCGTAG	2
TTTANG	2
GGCGNT	2
GGTCCC	2
ACATGT	2
CCGGGA	2
GCTACG	2
TAACNA	2
TCGCCT	2
GTNTCA	2
ACACAC	2
GCTAAG	2
ATCTNC	2
TATANA	2
ACTCGA	2
AAAGNT	2
CAATNC	2
ATTANG	2
GGGGGT	2
TCCTNT	2
TCGGTG	2
NCCTGT	2
TTGGGT	2
GGGGGC	2
TATTNT	2
NATACT	2
NATCGG	2
TTGCAC	2
ATTCNC	2
AGTGAA	2
TTGCTC	2
TTCGAA	2
CATANT	2
CATANA	2
CTTANG	2
GTTTNG	2
CAGACG	2
ATGCNG	2
AANTTT	2
AGTACA	2
AACCNT	2
NGACAT	2
TACANG	2
CACCNT	2
ACTCGG	2
GCATNC	2
ATGGNT	2
TCGCTC	2
TGGAGC	2
AGACNT	2
CGTGGT	2
GTAANT	2
GCGCCC	2
TGGCCC	2
AGAANG	2
ACCCGT	2
CTGGAT	2
TGGATC	2
CTGCCC	2
CTAANT	2
NTCAGT	2
NTTACT	2
GGATNA	2
GCCGGC	2
AGATNA	2
ATCANT	2
AAGCNT	2
CTACNT	2
TAGCNT	2
TGACNA	2
CTAGTG	2
ATATNC	2
ATATNA	2
ACCCCC	2
TAGANT	2
ACCCAC	2
GTCANT	2
TCGCAC	2
ACCTAG	2
GCCCAC	2
GTGCGC	2
GATTNT	2
CGCANA	2
AGGACC	2
TCCGGG	2
CGCCCA	2
ACTAGA	2
CGCCNG	2
GCGGGC	2
CGCGCC	2
NTACAT	2
TTTCNG	2
TGATCC	2
TAAANA	2
TAAANT	2
ACTTNT	2
CGGGGT	2
GGTTNT	2
CGGATC	2
TATGNT	2
TACTNG	2
TCCGGA	2
NCTCAA	1
NTTTAC	1
TATTNG	1
NTGTGA	1
NCCCTG	1
NCATAC	1
GGGGNG	1
NTTATC	1
NTGAGT	1
NCTCCG	1
NCCGCC	1
NGATTT	1
NTAACC	1
TAAATN	1
NGTTGC	1
NGTGGC	1
NGTCAT	1
ACACAT	1
NGTAAC	1
NTACCT	1
NTATAG	1
NTATTT	1
NGCCAG	1
ACAAGG	1
NCTGTA	1
NGATGT	1
GGGGCT	1
NTCATC	1
TAACNC	1
AATANC	1
TAACNG	1
NTCTCC	1
NTCTGT	1
TAACNT	1
NTCTTT	1
GGGCCC	1
GTGCCC	1
AATCNT	1
GTAANC	1
ATAGNC	1
TAGTAT	1
TAGTNA	1
TACTNC	1
GTGANT	1
GTGCAA	1
GGCTNA	1
GGCTCC	1
ACCAAN	1
GGTGGG	1
GGTGGA	1
GTGGGT	1
GTNAAA	1
GTNACT	1
TATANC	1
TAGANC	1
AATCNC	1
GTATNG	1
ACCCGC	1
GTACNG	1
GTACNC	1
ACCCCG	1
TATGNA	1
TATGNC	1
TACGNA	1
ACCANT	1
ACCTNT	1
AATGNA	1
GTCGNA	1
GTCGNC	1
ACCANA	1
TACTTN	1
NACTGT	1
NACATC	1
NACCAG	1
NACCAT	1
NACGGC	1
NACGGT	1
NACGTT	1
TATCNT	1
NACTGC	1
NACAGT	1
NAGAAT	1
NAGAGA	1
TAATNT	1
NATAGG	1
NATCGT	1
NATCTA	1
NATGGG	1
NATTAC	1
TATCNA	1
GGTANT	1
GTTACN	1
GGTANA	1
TATCCC	1
TACGAG	1
GTTCNC	1
TACCNT	1
TACCGN	1
NCACGT	1
GTTTNC	1
NAAAAG	1
NAAAAT	1
NAAACC	1
NAAATG	1
NAAATT	1
NAACTT	1
GAACNG	1
CTTTNG	1
CTTTNT	1
TTATNC	1
CANTTG	1
CANGGT	1
CAGTNC	1
CAGGNA	1
GAACCT	1
CTTTNA	1
GAACNT	1
TGAANG	1
CAGCNG	1
AGNTTA	1
GAAGNT	1
AGNTTT	1
AACANT	1
CATGNT	1
TGATNC	1
AGGGCA	1
CTNATG	1
CTTANT	1
CATTNG	1
CATTCG	1
AGGGNT	1
AGACNA	1
ACTTNC	1
CATGNG	1
CTTGNA	1
CTTGNT	1
CATCNT	1
CATCNG	1
AACCNC	1
AACCNA	1
TTGANC	1
TTCTNC	1
TTCTNG	1
GACTNA	1
GACTNG	1
AAATNC	1
CAAGAC	1
AGTCNT	1
GAGANG	1
CAATNA	1
GAGCNA	1
CAACNT	1
GAGGNT	1
GAGGTC	1
CAAANC	1
ATTTNT	1
ACTCNT	1
AGTANT	1
TGAAAG	1
TTCCNA	1
TTCCNT	1
TCTTNT	1
AACANA	1
CACTNC	1
GAATNA	1
GAATNT	1
TGATNT	1
AAGTNA	1
CACGNT	1
AAGTNG	1
CACCCC	1
CACANT	1
CACANG	1
CAATNG	1
AAGANT	1
TGGGCT	1
TGGGCG	1
CGTAGT	1
CCNATT	1
TGTGNA	1
AGCGNC	1
CCGTGA	1
AGCGGG	1
CGGTNG	1
CGTGTC	1
CGTTNG	1
CCGGTC	1
CCGGCT	1
CCGGCA	1
TGGANG	1
TGGANC	1
AGGANG	1
CGATNG	1
CGAGNG	1
CGAGGA	1
CGAGCC	1
TGNCGG	1
TGNCAT	1
CGAANG	1
AGGANC	1
TGGANA	1
TGGTNG	1
CGCTNA	1
AGCTNG	1
AACTNT	1
CGGCCG	1
CGGGCT	1
CGGGTT	1
CTCTNA	1
CTCCCT	1
CTCCNG	1
AAGCNC	1
CTCGNG	1
TGCGAA	1
CCAGNT	1
CCAGNA	1
AGATNT	1
CTCANT	1
TGCCCT	1
CTCTNT	1
CCACNG	1
CTGANT	1
TGCANA	1
CTGCNT	1
CCAANT	1
CTATNG	1
CTACNG	1
CTAGCC	1
CCGAAT	1
TGTTCT	1
CTAGNT	1
CTAGTC	1
CCCTNC	1
CTATNA	1
ACGAGG	1
CCCGCT	1
CCCCNA	1
CCCCCG	1
CCCCAG	1
TGCTNT	1
CCCAGG	1
TTAANA	1
ATGGNA	1
GATGNT	1
TCAGNA	1
AGTTNC	1
AANTCT	1
ACTCAN	1
GCCGNT	1
TCATNT	1
ATCCNA	1
TCCGNT	1
TCGGAG	1
GCAGNA	1
TCGGNA	1
ATATNT	1
ACGTNG	1
GCCTNC	1
TTGGNT	1
TTGCNG	1
GCAANC	1
GCCCTA	1
AAACNC	1
AAACNA	1
ATGTNG	1
ATTANT	1
GCTTNA	1
GCTAGA	1
GCAANT	1
GCCANG	1
GATTNC	1
ATGTNA	1
ATACNT	1
GATTCC	1
TCGCGG	1
ATGANA	1
ATCGAC	1
GCTANG	1
GGAGNT	1
GCGGGG	1
TTNAGT	1
TCGTNA	1
GCTCCA	1
GAGTNT	1
ACGGNT	1
GAGTNA	1
GGAGNC	1
GGATCC	1
AANTTG	1
ACGGTG	1
TCAANG	1
GGATGN	1
TCAANA	1
GCGCAC	1
AANTGT	1
GANTGT	1
GCTAGG	1
ATAGNA	1
GGACNG	1
GCTCNC	1
TTGGNC	1
TTTTNT	1
GGACNC	1
AAAANG	1
TCACNG	1
TCACNT	1
ACGCAT	1
TTGTNT	1
