process_radtags v2.1, executed 2018-10-25 11:17:32
process_radtags -p /panfs/pfs.local/scratch/sjmac/b961k922/kinbre/b017_macdonald/data/intercross_f18/raw/Sample_Sam3852_F18_p01/ -o /panfs/pfs.local/scratch/sjmac/b961k922/kinbre/b017_macdonald/data/intercross_f18/raw/Sample_Sam3852_F18_p01 -b /panfs/pfs.local/scratch/sjmac/b961k922/kinbre/b017_macdonald/info/b017_p01_barcodes.txt -i gzfastq -e mseI -r -c -q
File	Retained Reads	Low Quality	Ambiguous Barcodes	Ambiguous RAD-Tag	Total
Sam3852_F18_p01_ATCACG_L008_R1_001.fastq.gz	19014383	266967	368186	185903	19835439

Total Sequences	19835439
Ambiguous Barcodes	368186
Low Quality	266967
Ambiguous RAD-Tag	185903
Retained Reads	19014383

Barcode	Filename	Total	NoRadTag	LowQuality	Retained
GCGTAT	F1	86720	517	1176	85027
ATAGGT	Db3852	136473	5638	1806	129029
CATAGC	Dsam	236612	1012	3217	232383
CGTCTG	96a.01	1959	522	68	1369
CTCTAC	96a.02	238253	716	3203	234334
GCGCGT	96a.03	119497	917	1694	116886
AAGGAC	96a.06	150286	1436	2134	146716
TATATG	96a.09	335626	646	4681	330299
GGCATT	96a.10	124470	1895	1626	120949
CAATAT	96a.12	182920	2871	2502	177547
GATGAG	96a.13	143444	875	1932	140637
TCTCGT	96a.15	244604	5305	3430	235869
CTTGCG	96a.16	29479	2779	401	26299
ATATGG	98a.03	230968	1279	3298	226391
GGTTAC	98a.07	248866	963	3390	244513
AAGCGA	98a.14	245021	1044	3361	240616
AAACGG	98a.15	296596	1484	4213	290899
TCTATT	1b.01	374303	2292	5190	366821
CCCTAT	1b.02	200799	1337	2733	196729
TCCACG	1b.03	243326	581	3408	239337
GGGAAT	1b.06	56060	329	775	54956
TTCCTG	1b.08	294218	1092	4057	289069
TAGTCG	2b.01	256610	494	3563	252553
CACTGA	2b.03	282825	2054	4013	276758
GAGAGT	2b.04	320335	3657	4314	312364
GGAATG	2b.05	141253	1006	2004	138243
AGGCGT	2b.09	317095	2208	4486	310401
GTTCAG	2b.12	255358	2406	3404	249548
ACTGTT	29a.04	395624	2391	5256	387977
GACAAT	29a.05	62249	3750	790	57709
CGATAC	29a.07	323696	709	4457	318530
ATCACG	29a.08	201509	4384	2676	194449
GTCGAT	29a.11	79671	423	1148	78100
GATCTG	29a.12	140343	477	1886	137980
CTCGGT	29a.13	111411	4199	1442	105770
ACGTAC	29a.14	227530	757	3127	223646
CTAACG	29a.15	323415	920	4457	318038
TTAGCG	33a.01	373439	962	5267	367210
ACCGAT	33a.05	71468	2504	1007	67957
TAAGCA	33a.06	207197	6322	2842	198033
GAATAC	33a.07	195589	903	2679	192007
ATTCTG	33a.10	517841	1083	7133	509625
GCTGAT	33a.12	80931	1949	1116	77866
CTGACA	33a.13	184693	846	2471	181376
TAGACA	33a.15	268429	717	3686	264026
GGAAGT	45a.02	125576	2161	1767	121648
TATAGT	45a.04	290259	3337	3846	283076
AGCTCA	45a.08	281010	833	3920	276257
CTCTGG	45a.09	144211	505	2020	141686
TGAATT	45a.10	197287	4574	2642	190071
CAACTG	45a.12	131536	1558	1809	128169
ATGATG	45a.13	238212	1382	3375	233455
GTCCGG	48a.01	117047	384	1625	115038
GCACAG	48a.07	415039	694	5783	408562
ATCCAG	48a.09	264784	1022	3745	260017
GAATGG	48a.12	121085	2530	1763	116792
TGTAAT	48a.15	90059	807	1244	88008
TCTCTG	52a.01	296632	455	4231	291946
AAATAG	52a.04	256324	1647	3473	251204
AACCTG	52a.05	262832	1377	3642	257813
TAATTG	52a.07	340088	6719	4573	328796
GAGTAG	52a.10	90722	773	1279	88670
AATCCG	52a.11	131381	728	1873	128780
GTAACA	52a.12	150974	943	2114	147917
AAGCAG	52a.13	144842	4040	2072	138730
AATGCC	67a.14	120120	1383	1602	117135
TTACTT	76a.05	171049	4275	2335	164439
AAGGTT	76a.06	260244	4593	3662	251989
AGAGTT	76a.07	116538	5155	1623	109760
AGTCAC	76a.10	411270	2258	5387	403625
CAGGTG	76a.11	205604	877	2636	202091
ATCTTG	76a.14	312261	1191	4256	306814
GGACCA	81a.08	37692	580	493	36619
TTTCAT	81a.11	155404	2460	2094	150850
CATTGT	92a.07	179495	5442	2445	171608
AACTCG	92a.10	228342	541	3191	224610
AATAAG	92a.13	114841	1347	1715	111779
GGGTTG	30a.01	146976	603	1983	144390
CCACCA	30a.03	491748	1262	6454	484032
GTTGCA	30a.04	283513	997	3873	278643
CCCACA	30a.05	114937	539	1583	112815
GTCCTT	30a.06	97660	1086	1308	95266
GCCGTG	30a.07	87493	1177	1104	85212
GACACG	30a.08	133212	760	1843	130609
TGACTG	30a.09	162925	514	2256	160155
GCCTGG	30a.10	70053	925	865	68263
TCGAGT	30a.11	186588	4629	2516	179443
ATACCG	30a.12	262700	941	3650	258109
GGCCGT	30a.13	160562	1088	2135	157339
GAAGTG	30a.14	228720	3565	3017	222138
AGGCTG	30a.15	81125	893	1171	79061
CGCTTG	30a.17	237621	1014	3215	233392
CTTCGG	30a.18	225718	807	3168	221743
AATGTG	32a.01	247993	770	3344	243879
GGCCTG	32a.02	146259	416	1996	143847
AATGGT	32a.03	139679	16695	1732	121252

Sequences not recorded
Barcode	Total
CACCAT	6904
CTAAGT	4353
ATCTGT	4345
TAGCAT	4264
TTCTGT	3727
AACTGT	3576
CATACT	3539
TAAAAA	3509
TAAAAT	3271
TAGCGT	3110
ATTTGT	2978
TTCAGT	2953
AGACAT	2792
TAACGT	2776
GTTACT	2726
TCCTGT	2596
TGACAT	2583
CCACAT	2575
TAATGT	2496
TTCATT	2423
ATCAGT	2331
GTGCAT	2243
GATACT	2122
TAACAT	2098
GAAGGT	1989
GTCAGT	1884
TGATGT	1854
TACTTT	1789
ATCCGT	1722
GACTGT	1691
ATGTTT	1662
AACCGT	1631
TAAATA	1629
CACAGT	1543
AACGTA	1529
AAAAGT	1497
ATGTGT	1461
TAAGTT	1428
AAGTGT	1409
TAATAA	1343
TACTGT	1333
GTACAT	1318
TAAAAG	1298
TAAACT	1259
ATGAGT	1224
AGGTTT	1220
TAAGAT	1203
GGTTGT	1177
ACCTGT	1155
CTATTT	1119
TACCGT	1107
CTACGT	1100
GACATA	1099
TAGAAT	1078
TAAAAC	1035
TTGCGT	1014
GTGATT	1013
TAAATC	982
CCACGT	981
ACTCAT	979
GAATTT	974
TAAAGC	970
TAACAA	966
TAGTGT	965
TCCTTT	928
TAATGA	911
TCAGTT	893
CATGAT	876
TAAAGA	873
AGTACT	864
CTACAT	855
AGCAGT	834
ACCAGT	831
TAAAGG	785
CTAGCT	770
ATGCCT	759
AACAGT	748
GAACGT	742
TATGCT	695
ATTCGT	695
TTCTTT	669
AAATGT	659
GAACAT	657
CAACGT	657
TTCGTT	650
GTCACT	641
TAACGA	638
GCTTGT	630
TAATGC	630
TAAGTC	603
AGATGT	595
CATGTT	594
GGTACT	592
TTATGT	580
ACTTGT	576
TAATCT	569
AATACT	568
TCGGTA	564
CTGTTT	564
TAAACG	562
CGTACT	555
AGCTGT	555
TAAGGT	549
AAGACT	547
CGGTTA	542
AGCACT	540
TCCGGT	535
CTGATT	531
TAAGAG	527
AATATT	520
CTTACT	516
CTGGTA	516
CGGTGT	510
GTAATT	503
GCCAGT	492
TGCTGT	491
TCGGTT	491
ATTCAA	488
ATTGTA	479
TAAGGC	478
CTTGTT	462
CTGAAT	459
TAACAC	457
TAACTC	457
TAACCC	455
TAACCG	451
GTTAGT	448
GAAATT	446
CGACAT	446
ACCATA	441
CTGCAT	441
AGTAGT	436
TCAGTA	429
TCTGTA	426
CAAGCT	426
TAACAG	425
ACTACT	419
CCTGGT	419
CATGCT	416
TAAGGG	415
TAAACC	413
ACGATT	406
TAACGC	400
TAATCC	395
CAGGGT	391
CTACTA	379
TAAGAC	376
TAACTA	368
GCATTT	368
ACAGTA	365
AACATA	359
ATGGTA	356
TGCATA	356
CTGTAA	353
CAGCAA	348
TAACCT	347
AAAATG	341
CGCTGT	339
GTTCGT	338
TTCCGT	335
CAGAAG	334
TATGTT	332
CATATT	328
CTATAA	322
ATGCTT	318
CAAAAA	316
CCTGTA	316
AGATTG	311
TCATTT	306
CTGGTT	304
ATTGCT	303
TCCGTT	297
CAGAAA	294
GAAACT	293
CCAGTA	292
GAGTTT	290
AAAATA	288
GATGTA	288
AAAAAT	287
TGCTGG	285
GATATT	284
AAACAT	283
GTCTGT	283
AGAACG	283
AAAACG	280
AGAAAT	277
ACACGT	274
GTTTTC	273
CTATTC	272
GGTGTA	271
AGCCAT	271
CGAACT	271
TGATAA	271
AGCAAT	269
CCATAA	267
TGCTTA	266
CTTTAG	266
ACGTTT	265
GTAAAT	264
CGTATT	264
ATCGTA	263
AATATC	262
TTTTTG	261
TGATTA	260
AAAGCG	260
AAGCCT	259
AAGCTC	258
TTAAGT	256
ACAATT	254
ATAGTA	253
TTTAGC	252
TTCTGC	251
AGCGTA	251
AAATTA	249
TTTATC	246
GTTTAA	246
AAATGC	246
AGGACT	246
TTCTGA	243
AATCTC	238
AAAGGA	238
ATTTTT	238
AGAAGC	238
GTTGAC	237
GATAAA	235
ATATCA	234
ACCGTA	234
ATAACC	234
ATTTCT	233
CTATTG	233
ATCAGC	232
AAAGTA	232
TGACGT	232
TCAAAA	232
CTGTTG	231
TTATCA	229
TGACGA	228
AAATTT	228
CCTTTA	227
CATAAA	226
CAATGC	224
AATTTA	224
TGTTCA	222
CGTCAA	222
GCAGTA	222
ATTTAA	222
AGCAAG	221
CCGTGT	221
CGCCAG	221
ATGGAA	221
CTTTTT	220
AGTCGG	219
CATTCA	218
GCCGGT	218
TGCTGC	218
GATTGC	218
AACCAA	218
TTAAAT	218
AAGAGC	217
AAATGA	217
AAGAAA	217
CAGCTT	216
CGCGTT	215
CTCTTT	215
ATCTCT	214
AAGTAA	214
GACCAA	214
AGAAAA	214
CGTTAA	212
TTTACC	212
CTTGTA	212
TTTTGA	211
TGATGC	211
GTTTGA	211
GTTTAT	210
CATGAA	210
GCGATT	210
TTATTA	209
ATAAAA	208
CACGTA	208
TTAATA	208
AAACCA	208
TATTGA	207
GCAGAA	207
TATTTT	207
GTCAAC	206
TGGTCA	204
GGTAAA	204
CGTTTT	203
ACCAGA	203
ACCAGC	203
AACCAT	203
GAGGCT	202
CGTTCT	202
GCTTTA	202
GACCAG	201
TTTTTA	201
GCCAGC	200
ACCATT	200
ATCTCC	200
TTTGGT	199
GGAAAA	198
AAAAGA	197
CACATA	197
TCAGAA	197
ATTTTA	197
AGAATC	196
ATGAGA	195
CTCAAA	195
GAAACC	195
CATTAA	194
TCAACA	194
CTGCGT	194
CCAGAA	194
ACTGAC	193
AATTTT	192
ATAAGC	192
ATAAAC	191
TGTTGA	190
CCATGA	190
TGATGA	190
TTAATG	189
TGGTTT	188
GCATAA	187
TATGTA	187
ACTTCT	187
AAAATT	186
TGCCGC	185
GAATCA	185
TATTAA	185
GGGTGT	185
GAAGAA	184
TATCAG	184
CTCATC	184
TCAATA	183
TGTTTA	183
AAATCA	183
CAGAAT	182
CAAGAA	182
AGAAAC	181
TTTGAG	181
TATTGC	180
GACGAC	179
CTGCTT	179
ATGCAA	178
TTCGTA	178
AAAGCT	178
TTTGGA	178
ACATTA	177
AAAACA	177
TGGTAT	176
TTAAGC	174
AAGTTA	174
TATCAA	174
CAAATC	174
AGGATA	174
CATCAA	174
CACCAG	173
TGAACA	173
CTTAAT	173
GTTTGG	171
CGATTA	170
GAAGGA	170
ATGCGC	170
AGCCTC	170
AGCATC	169
CCAAAT	169
ATGAAA	169
TTGGTC	169
ATTAGA	168
AGAAGG	167
TGGTAA	167
TTGGTT	167
AATCTT	167
GTTTCT	167
TATGGC	166
AGCTGG	166
GAACAA	166
ACATAA	166
AGTCCT	166
TTTCTC	166
GTTAAC	166
ACCTTT	165
CTATTA	164
GCAATC	164
ATAATC	164
TTATGC	164
AGCTTT	164
CATCAG	164
GTTATT	164
CAGTAA	164
TGAGTA	164
AGATAT	163
ACCAAA	163
ATACGA	163
GCTAAA	163
TACCAT	163
GGATTT	161
AAGTTG	161
TTTGTT	161
AAAAAA	160
TGGCGA	160
CTCTTA	160
TGACGC	160
TACGTA	160
CCTACT	159
GATTAT	158
TTGACG	158
TCATGG	158
GTCTAA	157
GTTATA	157
GATGCT	157
AAAAGC	157
ATCAAC	157
TTAGAC	157
TGTTAA	157
GCTGGC	156
TTACCA	156
TTTGTA	156
TGCTAT	156
GACGGT	156
TGCGTA	156
GACTTC	155
GTCAAA	155
TTGAAT	155
TCCAAA	155
TGCTGA	155
TGATGG	155
GCCATA	154
CTTGGC	154
CCTTGC	154
ATCTGA	154
GTTTTG	153
GAAAAA	153
GAGCTT	153
TGGCGC	153
CGCAAG	153
TTACGG	153
AAAGAA	153
CTTGAT	152
CAGGAA	152
TACATA	152
GCTTCC	152
ACAAAT	151
GACCCT	151
AGCAGG	151
CCAAAC	151
CCAAGA	151
TGCCAT	151
CCAGTT	151
GCTCTT	150
GTTTTT	150
GCTTTG	150
GCAAGA	149
GCAAGG	149
AGCATA	149
ATTAAA	148
TGCCGA	148
AGAAAG	148
GAGATG	148
AGCACC	147
TGAGAA	147
AGGTTA	147
TTAAAG	147
GGATGA	147
TGATTC	147
AAAAAC	147
CCAATA	147
GGCAGA	147
TTTGAC	146
CAAGAG	146
CGGAAA	146
AACAGC	145
GATTCT	145
TTTTCT	145
AGCAGC	144
CATAAT	144
CTTATG	144
TTAACT	144
GGCGTC	144
ACAGAA	144
ATGCGG	143
GCAAGC	143
GCTACT	142
ATCAAA	142
TCTGCT	142
TGGAGG	142
TTTTAC	142
AACCAC	141
TGTTTT	140
CAGCGT	140
TGCTTC	140
ACCGTC	140
GCTTGC	140
GCATCA	139
GTCGTC	139
CATCAT	139
TGTCAA	139
GTACGT	139
TTTCCG	139
CAAACT	139
GCTTAA	139
GGAAAC	139
TCTTTC	139
AGTTTG	138
AGCGGC	138
CGGCAA	138
ATAGCA	138
TGTTTC	138
TTCTCA	138
AACATT	138
TGGCGG	137
TATCCT	137
GCAATT	137
CCAAGC	137
GCCTTT	137
GAGAAA	137
TTTCCA	136
ATCATA	136
GCGGCA	136
CGTTGA	136
CTGGTC	135
CCACTC	135
GAATCT	135
GTACTA	135
CTTTAA	135
ATTTAG	135
GTAAAG	135
AGGGTC	135
ACTAAA	134
AAACAA	134
ACTCAA	134
AAGTCA	134
CAGAAC	134
CAAGTA	134
GATTAA	133
AACTTC	133
GTACTG	133
TTGATA	133
GACTCA	133
CTTTGC	133
AGGAAA	132
TGATAT	132
CCGAAG	132
GCAATA	132
ATGGCG	132
AGCGCC	132
TGAGCT	132
AACGCA	131
AGTAGC	131
CTTGGA	131
AAACTC	131
CTTTCC	131
CAATCC	131
AATCAT	131
CTATAG	131
GCATGA	131
CTCAAT	131
ACCATG	131
ATTTTC	130
CGGCAT	130
CGTCAT	130
TACCTT	130
GCTGTA	130
TTTTGT	130
TACTGC	130
AACAGA	129
GACGTT	129
TTGTTA	129
TATAAC	128
CAACGC	128
TGCAAA	128
ATACTA	128
TCGTAA	128
TGAGTC	128
TTAATC	127
CTGCCG	127
AACGGA	127
CCGGTA	127
AACAAA	127
GGAGGC	127
AACAAC	127
CGTGTA	127
AAATCT	127
CTCACT	127
TTGTTC	126
TTAAAA	126
TCAAAC	126
TCTTGG	126
GCAAAA	126
AGCCAA	126
TCCGTA	125
GAAATA	125
CTTTAT	125
TTTTGC	125
ACCATC	125
TTTAAC	125
ACGCAA	125
AGGGCG	125
TCAGGA	125
TTTAAA	125
TCATTA	124
AACATC	124
TCAAAG	124
CACCAA	124
ATACAA	124
CACGTT	124
ATCAGA	124
CATTTG	124
ACAAAA	123
CGTTGC	123
CATTAG	123
TCTTGC	123
CGGCAG	123
GAATTA	123
CGCCAT	123
ATATTA	122
AACGGC	122
CAGCAT	122
AGCAGA	122
GCTTTT	122
ACATCA	121
ATAAAG	121
GTATGC	121
TACCAG	121
CCAACC	121
TCCTGA	121
AGGTAA	121
TCATCA	121
CGCGGC	121
TTTGAA	121
AAACCT	121
GCCGCT	121
CGCCAA	120
TGTCTA	120
GGCGAC	120
AACAGG	120
CGGTAA	120
ATTATT	120
TACCGC	120
TCCTTC	120
TCGGCA	120
AGTATG	120
TGGCAT	120
GGAACC	119
CGGTAT	119
ATTTCC	119
ACGAAA	119
GAAGCC	119
CCATTA	119
CATTTC	119
TTCTTC	119
TACTAA	119
AGCGGT	118
CAAGGT	118
GAAAGA	118
GACTGC	118
CTACAG	118
CAGATA	118
CAGATT	118
AACCCT	118
GCAGGA	118
CCGTCA	118
GTCGGC	118
GTCAGA	118
GGTCAA	118
TTGAGG	117
TGCGTT	117
CTTGAA	117
TGCGTC	117
CCGATT	117
AGTCCA	117
CACTTC	117
GTGGTA	116
GGCTAA	116
GGCACA	116
ATCTGC	116
TTGGAG	116
ATATTT	116
ACGTTA	116
GATTGA	116
CGCTGC	116
TCTTAA	116
GGCGGC	116
ATATCC	115
GGAGAG	115
TTAAGG	115
AGATGC	115
AAGGCG	115
GAAGGC	115
CTGCTC	115
CTCCAA	115
CTCATT	115
GACGCC	114
TGGAAG	114
AGTTTA	114
TTCAAG	114
AGCAAC	114
TATTTC	114
CTTCTT	114
AAGATA	113
TGGAAA	113
ACCAAC	113
AACACT	113
AGTTAA	113
CATCTC	113
TTGGTA	113
AGTTTT	113
TCATGA	113
CAAATT	113
CTTCCA	112
CTGCAA	112
TTATAT	112
GACGCA	112
TATGAT	112
AGATTA	112
GTGCTG	112
GTCATG	112
GGCGTA	112
ATTACC	112
GTAAGG	112
TTGCTA	111
TTAAAC	111
ATAATT	111
TTGCAA	111
CATACG	111
TTAGTA	111
TTAACC	110
ATGAAC	110
TATTCA	110
ATTAAT	110
GTATTT	110
TCAACC	110
TGTAGC	110
ACCAAG	110
ACGCTC	110
ACTGAA	110
GCGTTA	110
AGCGAA	109
GTACGC	109
ATCGAA	109
ATATTC	109
TTTTAA	109
TGCTAA	109
GACTTT	109
CGACCC	108
ACGGTA	108
TCTTGA	108
ATTTGA	108
CAGTTA	108
TCAAGA	108
CCGGTT	108
GCTTCT	108
GTTGGT	107
TACGAA	107
AATTCA	107
TGTAGG	107
GGATTA	107
AACCGC	107
TTCAGC	107
GCCACC	107
AAGACG	107
CGTGAT	106
ACGCCG	106
CGAGAT	106
ATATCT	106
AGAGCC	106
CTGCTG	106
GTTGGC	106
TTGCGA	106
AACTTA	106
GTTTCC	106
TGGTTA	106
TGGCAC	106
CCACTT	106
CACCTT	106
TGAGCC	106
TCTTTA	106
TTCGGC	106
CGAACC	105
CTAATT	105
AGTGTA	105
TCAAGG	105
ATGAGC	105
TATTGG	105
GGACTT	105
TAGCAA	105
GGTATA	105
TACCGA	105
TTGGTG	105
CCAGCT	105
AAATCC	105
TAGCTT	104
TGAAAC	104
GGCTTC	104
TGAGGC	104
TGGACT	104
CGAGAA	104
TTTTTT	104
AAAACC	104
AGCCGC	104
ATACGC	104
ACAGCT	103
TTGCAG	103
TTCTTA	103
AACGCT	103
ATGGCA	103
AACTTT	103
CTAAAT	103
CTTATT	103
ACTGGC	103
GACAGA	103
GCCTTC	103
GCTTCG	103
TATTAT	103
GCCGAC	102
AGTTGC	102
TATCTT	102
AGAGGC	102
CTTATC	102
AATCAA	102
TTGACT	102
TGAACG	102
ACGATA	102
GTGCCA	102
TCATCC	102
TTTCTA	102
GTCATA	102
ATTAGC	102
TCTGCC	102
GCCTCC	102
GGATAA	101
TGAAGG	101
GAGGTA	101
ATTATC	101
GGTCGC	101
CGAAAA	101
CAAAAC	101
TGTCGC	100
GCAGCA	100
TTTTCC	100
CCGCTT	100
TTTTCA	100
AAACTT	100
ATTGAC	100
AGTTGT	100
CTATGA	100
CAAAGT	100
AGAGCG	100
ATGTAA	100
ACTTTG	100
CGAAGA	99
CCATGC	99
TTCCCA	98
GTTTTA	98
AATGAA	98
ATCGTT	98
TCCATC	98
TCCAAC	98
CGCCGC	98
TCTGAC	98
GTCGTA	97
CCAATG	97
TTGGCT	97
CGAAGC	97
TCGTTA	97
ATTCGC	97
TGGTGC	97
TTTACT	97
ATTAAC	97
AGGCCA	97
CTTTGA	97
AATTAC	97
AATTAT	97
ATAGTG	97
GTATTG	97
TACTTC	96
GGTTGA	96
CTTAAA	96
TGAGGG	96
GTAAAC	96
CGTACG	96
GCTCAA	96
CCTTCT	96
ATTGGC	96
GTCGCC	96
GATTTA	96
TCTCAA	96
TGACAA	95
CCATCT	95
GGGAGG	95
TTACAG	95
AGACAG	95
TATTTA	95
AAAACT	95
CCAAAA	95
CCGTTT	95
CATCAC	95
AGCTTC	95
GGTGGC	95
CAGTCC	94
GATTCA	94
GCTCGC	94
AACGAA	94
TCATGC	94
AATAGA	94
TTTTGG	94
TCGATA	94
ATTTCA	94
AGTTCG	94
CGCATA	93
CGTTTA	93
CCTCAA	93
AGGACG	93
AGCTAT	93
TCAATC	93
CATGAC	93
TTGAAC	93
TTGTAA	93
AAAGTC	93
ATTGGG	93
ATTGAG	93
TTGGAT	93
GTTGTT	92
ATGGCT	92
GGTTTA	92
TTCTAT	92
CGCAGT	92
GCCAGA	92
TTTGGC	92
ATAAAT	92
GCCGCC	92
TCCTGC	92
TATCGG	92
TAGTAA	91
TTCAAA	91
ACCTGA	91
TTCTCG	91
AGCATG	91
GTGGCC	91
ACCCTC	91
TTGGGA	91
GGGGAA	91
TATCCA	91
ATATAA	91
CGAGCG	91
GGTTGG	90
TCACGC	90
CGCTAA	90
TTAAGA	90
GTGGTT	90
GGTTCT	90
GGTGCT	90
CCTGCT	90
GTATAA	90
TGAAAA	90
TGTGGC	90
GAAATC	90
ACTTAA	90
TTCAAC	89
CAGTTT	89
CAGCGG	89
TCGCCA	89
AGGTGA	89
TTCCGA	89
AGTAGA	89
AAGTCT	89
TTATAG	89
TCTTCT	89
TCTTCG	89
GATGTT	89
GAAAAG	89
AGGAAC	89
CGAAAG	89
AGGAAG	89
CAAGGA	88
CAAGTT	88
ACAAGC	88
TCTGAA	88
CCGCTG	88
ATGCTC	88
TATGCG	88
CTTGAC	88
TTCCAA	88
GGTGCC	88
TCAAAT	88
GTGTGG	87
TAGGGT	87
AGTGGC	87
TCCAGC	87
TGGCTA	87
TGGTGG	87
ACGACC	87
TGTTCC	87
ATGGAT	87
GGCGCC	87
TTGATT	87
GTAATC	87
CTGTAG	86
CATCCA	86
TTCAAT	86
ATTCCA	86
TTCAGA	86
TACTCT	86
CTGTTA	86
TCCCAA	86
TGTTGG	86
TTGCCG	86
GTGATA	86
TTGAAG	86
AGAAGA	86
CCGACT	86
CATACA	85
GGCAAA	85
CTCATA	85
GCTGGA	85
ATAAGA	85
ACATTT	85
TGGATG	85
CGTTAT	85
GTTAAT	85
CGTGAC	85
TCACTA	85
GATGGA	85
TTTGTC	85
GTGTAA	85
GGCGCT	85
ATGCCA	85
TTTTTC	85
AATTAA	85
ATAGTC	85
TAGTTA	84
ACTTTA	84
TATGGA	84
GTGACT	84
GACGAA	84
TTATGA	84
TCCATA	84
ACGTTG	84
GCAGTT	84
GCGCCA	84
AGTGGA	84
AATTTC	84
TGGCCT	84
ATAGAA	84
TGCGAC	84
TGGTTC	84
TGCCAC	84
TTTAAG	84
AGTATT	84
CCTTGA	83
CCTGCA	83
CGAGGC	83
TATCGC	83
CGCCTC	83
TCCTTG	83
CATATA	83
ACCGCC	83
ACTCCT	83
GACGGC	83
GACCGC	83
TACATC	83
TGCAGA	83
CTGCTA	83
ATGCTA	83
AATCGC	83
TGTTGC	82
GCGGTA	82
ATCATC	82
CAGGCT	82
GCAGCG	82
TTCATC	82
TGCAGG	82
CTTTCT	82
ACTGGA	82
ACTGCA	82
TGGGAA	82
TCATAG	82
TGCTTT	82
TATACC	82
AGTATC	81
TTACGA	81
ATGTCA	81
TACGCG	81
ACAATG	81
GTATCG	81
CTTAAG	81
TGCAAC	81
CTGAGC	81
TGCGTG	81
AGATGA	81
CCTGAG	81
CGCAAC	81
CGAACA	81
TATGTC	81
ATTACT	81
GCCAAG	80
AACGTC	80
TAGAGG	80
CACGCT	80
AGCGTC	80
TTATAC	80
GGTTTT	80
CGTTTC	80
GGATAT	80
TGAAGA	79
TCGCTT	79
TCACGA	79
TAGAGC	79
GTATGT	79
TCAGAT	79
ATAATA	79
TTTTAG	79
TCTAAA	79
CGTGGA	79
AAACTA	79
GCCAAA	79
GGCTCT	79
CTGAAC	79
GAGCAT	78
GCAACG	78
CGGTCA	78
CAGGCA	78
TTTAGA	78
CCTGAA	78
CCTGAC	78
GCTACA	78
GCTACC	78
TGAGGT	78
CTGAGG	78
AAGTGG	78
CCGATA	78
AGACGA	78
CGCTCT	77
TCAGGT	77
GAGTTA	77
TATCGA	77
GATTTT	77
TACCCT	77
AGATAA	77
GCCTCA	77
TTGGAA	77
AGCGTG	77
ATCGTC	77
GTAGAG	77
TCTGTC	77
TGGTGA	76
TCTTAT	76
ACAGGC	76
CAAATA	76
CTTCAA	76
AGGTAT	76
ACGGAA	76
TATTAC	76
ATCATT	76
AGATTC	76
CTTTTC	76
CGTATC	76
GGACAT	76
ACAACT	75
TAGGAA	75
CCCCAA	75
CATGGA	75
TACGTT	75
CGCGTA	75
CGATGA	75
TCCCTA	75
ACTTGA	75
GTTAAA	75
TGCTCC	75
CAACCT	75
CAAAGA	75
TGAGAC	75
CAAGGC	75
GTCTAG	75
ACCTTC	75
CAAACA	74
ATTTAT	74
TACTCA	74
CGTAAA	74
ATTCGA	74
CGTTCA	74
GCGTGA	74
AGACTC	74
GCGGCG	74
TGTGAC	74
GCGATA	74
CAAAGG	74
GATAAC	74
ACAAAG	74
TTTGCC	74
ACGCCA	74
GCTCTA	74
GGACGC	74
GCATTG	73
GCCGCA	73
CTCATG	73
ATGACC	73
TTGTTT	73
TACGCT	73
TTTTCG	73
TGAGAT	73
ACCACC	73
CAGCAC	73
CATCTT	73
GCGTCA	73
GACTAA	73
TTCTCT	73
TACATT	73
CGTTGG	73
ATGTCT	72
CGATTT	72
CACGAG	72
GCATTC	72
CGACTA	72
AGGAGC	72
TTCGCT	72
GTAAGC	72
CTGTTC	72
TGTGCC	72
TTACCC	72
CTTCTC	72
TGACCC	72
ACATTC	72
GTACCT	72
TTGCGC	71
TAGCAC	71
TCATAA	71
CGACGC	71
CCTAAC	71
AATATA	71
TCTTAC	71
GATTTC	71
TCGTCA	71
TGCACA	71
GCGGTT	71
GCTGCC	71
ATCCCA	71
CCGTCT	70
GGCTGC	70
GCAACT	70
GCTTGA	70
GAACGA	70
AGCTAC	70
CAGCCA	70
GGAGTA	70
GGTAGC	70
GCTGCG	70
ACACGC	70
AGTAAA	70
CACGAA	69
ACGACT	69
CTAATC	69
CACATT	69
CGCGAT	69
GATACC	69
ATGAAT	69
AACGAG	69
TTGAGA	69
AACTAA	69
AGCCTT	69
TTCATA	69
CCGCAT	69
AGTGAG	68
GAGCGC	68
TCCCGA	68
CTGGAG	68
TATCAC	68
CAAGCG	68
CGCCTT	68
CCAATC	68
GTATCC	68
GAAGCT	68
CCTTTC	68
CTCGTC	68
GACTTG	68
TGTTTG	68
CGTACC	68
TGCCTA	67
TTGTGG	67
GTGACG	67
ACTTCA	67
ACTTCG	67
CTAAAA	67
AAAATC	67
TGGTCT	67
TGCGGT	67
ACTTCC	67
CACGCA	67
TAGGTA	67
CAGCCT	67
CGGATT	67
TGGAGA	67
GGCGCA	66
TCAAGC	66
CCGGCG	66
CTTCCT	66
CCAGCC	66
TGTCTC	66
CTAGGA	66
TTTAGG	66
ACTTAT	66
ATCTAT	66
CCATTC	66
CTCGTG	66
CGCAGA	66
ATGTTC	66
AGGGTA	66
TGGGAG	66
GTGTTA	66
GGTACG	65
GGCAAG	65
GTCAAG	65
CACGAC	65
GGTCTA	65
ATACTC	65
TGGTAG	65
ATCGCA	65
GAGTCA	65
CCGCCT	65
GTTATG	65
CAATCA	65
GGACGG	65
TTGACC	65
GTTGTC	65
GACAGC	64
TCTACC	64
ACGAAT	64
ACTTGG	64
TCTCCA	64
GGAGGG	64
TGCTAC	64
ACCCTA	64
TTTGCT	64
TTATCT	64
GCGAAC	64
GTGTGA	64
GCTTTC	64
CCTTCA	64
CTCAGC	64
AGACCC	64
GCTCAC	63
GTCTTC	63
GACCGA	63
CGCCGA	63
CGAAGG	63
GGTGGT	63
CCTCAT	63
CGGCGA	63
CCTTAA	63
CGACGT	63
TGTGTG	63
GATCGT	63
AGGAGG	63
GTACCC	63
TACCAC	62
GGGAGC	62
CGCAAA	62
AAGTCC	62
CTATGT	62
TGCTCG	62
TTGTCA	62
CAAGTC	62
AAGAGG	62
AGCTGC	62
TGAGAG	62
AATTGG	62
CGAGTA	62
TGACAC	61
TTGAGC	61
GTCAGC	61
GGCAGC	61
TGCGGA	61
CTCCCA	61
CTCGTA	61
GGGGTT	61
ATGGTC	61
TCCTAG	61
CGTGAA	61
CAGACC	61
GACCTA	61
GCGAGC	61
TCATTC	61
CCGTTC	61
TCGTGA	61
CAGGGC	60
CTTACC	60
AAGGGG	60
GAGGCC	60
CTCAAG	60
GCAGTC	60
TCATCT	60
TGTGTA	60
AGACCT	60
TGTATC	60
TGGCAG	60
TAGGGA	60
TACAAA	60
ACAACC	60
TCTTCA	60
ATGCCC	60
TTTACG	60
AGAGGA	60
TGCGAT	60
CTTTTA	60
CTGATC	60
ACGGCA	60
TCTGCA	60
TTCCGC	59
CGCCGG	59
CACTTT	59
CGGGAG	59
GCAGGT	59
CCCATC	59
TGTCTT	59
CCTCAG	59
ACCTGC	59
ACCGGA	59
TGCAAG	59
TAGATC	59
GAAGAT	59
GTTATC	59
TTAGTC	59
CATCCT	59
GTTCGC	58
AAACAC	58
CACGAT	58
GACGCT	58
TGCCAA	58
CCCGAC	58
GTTACC	58
TCTGGC	58
CATTTA	58
AGTCTA	58
TGTCCA	58
GAGCCG	58
CGTCGC	58
TCGGCG	58
TGGATA	58
CAACAA	58
GTCCAA	58
TATGAA	58
TTCAGG	58
CAGTGG	57
ACGGCG	57
CGTTCG	57
CATTAC	57
GTTCCT	57
GTCGCG	57
GAACGC	57
TGGAAC	57
TATTAG	57
TCCTAA	57
ACTCAG	57
TCTCAC	57
TTGTAT	57
GAGCAC	57
CGGCGC	57
CGATGG	57
TACCAA	57
TTATCC	57
AGGAGA	57
CCGCAA	56
ATTTGC	56
TGGCTT	56
CCTAGA	56
AGATCG	56
CAGCTA	56
GACCAC	56
TACGCC	56
CCAACT	56
TCAGGG	56
AATTCT	56
GACGTC	56
GGACAC	56
CACGCG	56
CTGTCG	56
CACTCC	56
CTGGAC	56
TCCAGA	56
ACTAAC	56
ATACAC	56
ATACAT	56
TGCAGC	56
CTAGAC	55
CCAAGT	55
GGTCGG	55
GTCTCA	55
TCAATG	55
GTAGTA	55
CCAGAT	55
AGAATA	55
CGCAAT	55
GCTTAG	55
GCTCCC	55
GAGGCG	55
CCAAAG	55
ATTAGG	55
ACGACG	55
GTGTTC	55
CGAATA	54
TTCCAC	54
ACGGAG	54
GCTCTC	54
CGTCGA	54
ATCCGA	54
ACCACT	54
GCGTTC	54
ACGAGA	54
CCATTT	54
CTGGAA	54
TAGGAG	54
CGTAAC	53
ACAGTC	53
TCACCT	53
ATCGGC	53
CAGTTC	53
AACTAT	53
TGCAGT	53
ACACTA	53
TGGTGT	53
GTGGCT	53
ACGGCC	53
GCCGGA	53
GCCGAA	53
ATAGAC	53
GGTATC	53
GTAGGC	53
TCATAT	53
CCGAGA	53
CCGTAA	53
ATCCTA	52
GCCTAC	52
CGGATA	52
AGTTGA	52
CACCGC	52
TGAAGC	52
CTCTCT	52
GCCATC	52
ACGCGG	52
GCAGCT	52
GCAGAC	52
ATCGGA	52
GGCGAG	52
GCACTA	52
TTCGAC	52
TAGTTT	52
GTTTGC	52
ACCAGG	52
TACTCC	52
TAGGTC	52
CTATCA	52
GGAGTC	51
ACGTGA	51
CGCAGC	51
CGAGCA	51
TCAGTC	51
CGCATC	51
ATCCCC	51
ATGTAG	51
AGTGCT	51
TCTGCG	51
GGTGTG	51
AGACAA	51
TTGCCA	51
AAGGCA	51
CCCAGC	51
TGCATG	51
TGCCAG	51
TCCTCA	51
TGGGTT	51
TTGTCT	51
AGCGAC	51
TTCTCC	50
AAATTC	50
TACTGG	50
ATATAC	50
CAATTC	50
GTAGTT	50
CCACGG	50
ACTGCG	50
TAGCTC	50
TGCCCG	50
ACTATG	50
AGAGCA	50
GAGTCT	50
ATCCTC	50
GCATCT	50
CGGCTT	50
CGGGAT	50
CCTCTA	50
TCGCAA	50
TACGTG	50
AGCCGA	50
GAGCCT	50
CATCCC	50
CGTCGT	50
GCTCGA	50
TCTAGG	50
TAGTGC	49
GACTTA	49
TAGCGG	49
CGAATC	49
TGCCCA	49
CGACGA	49
GGTCAT	49
TTGGGG	49
TACTAC	49
CGGGCA	49
TACAGG	49
GTGAAA	49
CTAATA	49
TCTAAC	49
GGACTC	49
AGGGGC	49
ATGTAT	49
TTAGGA	49
AACACC	49
GGGTAA	48
AGAGAA	48
TCTACA	48
CGTAGA	48
GTATTA	48
GCAAAT	48
TATTCT	48
GTGCTA	48
GCCACT	48
ACTATC	48
CACATC	48
ATTGAT	48
CCCCCC	48
TCAGTG	48
CTTCCC	48
GGCCCC	48
GCTGGG	47
ACCTAA	47
TGGACC	47
GTTCTC	47
CGCAGG	47
GCCTTA	47
CCGTTA	47
ACAATC	47
GCGTCG	47
ACCGCA	47
CCTAAT	47
ACGCTA	47
ATTGAA	47
CTGAGT	47
ACACTC	47
CCATAG	47
TTGTTG	47
CGACAG	47
TGCGCC	47
GTAGGA	47
ACACTG	47
CCCGGC	47
CATGTA	47
GGCCAC	47
AGTTCC	47
TGCGGC	47
GTAGAA	47
ACGTCA	47
TCACAC	47
CGTGGC	47
AGATCC	46
TGTGGT	46
GCCTCT	46
TGATAG	46
CTCCTA	46
GGGAGA	46
CGCCCT	46
ATTTCG	46
TCCTCT	46
TCGCAG	46
ATGTTA	46
GTCTGC	46
GTGCTC	46
GCTCGG	46
CGAGGG	46
GCGGCT	46
GTCCAC	45
CTTTTG	45
TGCGCA	45
AGTAGG	45
CCGTTG	45
GCTGTC	45
CGCGCT	45
AGGCAA	45
CGGACC	45
CTCGAG	45
TTCGTC	45
CTAGTT	45
CGACTT	45
CAGGCC	45
CTACTC	45
CGGCAC	45
TCGGGA	45
CCCGAA	45
CCTTCC	45
CGTCCT	45
GTGGAC	45
CTGCGA	45
GGTGTC	45
CCTAAA	44
ATCGCT	44
TTTGTG	44
CGGTGG	44
ACACTT	44
TGAGGA	44
GCACTT	44
ACGGGG	44
ACTAAT	44
CCAGAG	44
CTGTCT	44
TTGGCA	44
GCGCTC	44
CTCGCC	44
GGGCCG	44
TATAAA	44
GCGATG	44
AAGTAT	44
CTCACC	43
GGCTGA	43
CGACTC	43
ATGGGA	43
GGCAAC	43
AAGTGC	43
GATGGC	43
TGGTAC	43
TTTCGA	43
AGGGAT	43
CCTAAG	43
GCAGCC	43
CTGGCT	43
CCCATG	43
ACTTGC	43
CACAAA	43
GCTATG	43
CTAAAC	43
CTGTGA	43
AGGTGC	43
TGTGCT	42
CAAGCC	42
CCGTGG	42
CGGCGG	42
CGGCTC	42
AGTGTC	42
TGGCCG	42
CGTGCC	42
CCCAAG	42
GCGACT	42
TCCGCT	42
CTGCAG	42
ACAGCA	42
ATGTGC	42
TTCGGG	42
CTACAC	42
ACAATA	42
CCAGGT	42
CTTCTA	42
GAACTT	42
TCGCGA	42
CGGACT	42
ACTCTC	42
GTAGCT	42
CGCCAC	41
TACGAC	41
CTAAGC	41
TCTTCC	41
GTGAGA	41
GCTCCT	41
TCAACT	41
TCATCG	41
ACTGAG	41
GTTCGA	41
CGAGGT	41
GTATTC	41
GAGCCA	41
TACGGA	41
ATGTCC	41
CCTCTT	41
AGTTGG	41
GCATTA	41
TTTCGC	41
ATGGCC	41
AGGATT	41
TGGCAA	41
AAAGAT	40
GTGGTC	40
GCGACC	40
TGTTCG	40
CCTTCG	40
ATCAAT	40
CCCATT	40
GACGGG	40
TAGTGA	40
AACTGC	40
CGTTAG	40
ATCTAA	40
CGGTAG	40
GGTTCG	40
CCACAC	40
TATGAC	39
GTGAGG	39
AAAGGC	39
CGGAGT	39
AGTGAT	39
TCAGGC	39
ATTATA	39
TCGGAA	39
TCCCCA	39
GTGAGC	39
CATGTC	39
CAGACT	39
CTACAA	39
GCGGAA	39
CAGAGA	39
TAGCCT	39
ACCTCC	39
CTAAGA	39
ATAGCC	39
AGACGC	39
GAAAGC	39
CGTGCA	39
CGGCCT	38
CACGCC	38
AACCCA	38
GGAGAA	38
TCACAT	38
CCGCGG	38
ATCCGC	38
ACGACA	38
CGGACG	38
TCTGGA	38
GTGTTT	38
GTTGTG	38
CTGGGA	38
TATGGG	38
CGCGTC	38
GTTAGG	38
ACAGAC	38
CGACCT	38
GCGCAA	38
GGCGGA	38
TGCGCG	37
ATGTGA	37
CTCCCG	37
TTGGAC	37
GGTAGA	37
AAGACC	37
TGTCCC	37
CAAAAG	37
TCGTTT	37
AGTTAT	37
GGAGAC	37
TCGTGC	37
GGAGCT	37
CCTTTG	37
CTAGTA	37
CGGGGA	37
TCCTAC	37
TGTCAG	37
CCGGAT	37
TTCCCC	37
AGGTCT	37
ATTCCT	37
CTTAAC	37
TGTACG	37
TGTACC	37
TCGTCT	36
TCTCCC	36
GACGTA	36
ATTGTC	36
ATTACA	36
CCCTTC	36
CACAAC	36
AGTACC	36
TTACGC	36
CGATCT	36
GAGGGG	36
CTCCTC	36
CGTCCC	36
GCGAGA	36
TTGTAG	36
TGGGCA	36
TCCGCC	36
CCAATT	36
TATCTA	36
GTGCCG	36
TCGAAA	36
GAACTA	36
ATAACT	36
GCTATC	36
AGTCTT	36
CGCGGA	36
GCACCT	36
CAATTA	36
GCTTCA	35
TTAGGC	35
ACTCGC	35
ACATTG	35
CCGACG	35
TTCGCC	35
TGCGAG	35
CCATGT	35
ACCCTT	35
TTTATA	35
ACGGTC	35
CTATCC	35
ACACGA	35
CCATCC	35
GTGTAC	35
GCAGGG	35
ACGAGC	35
TAGCTA	35
TGTCCG	35
ATGACT	35
CCTCCC	35
TGGCTC	35
AGTATA	35
AGCAAA	35
ATTTAC	35
GTCCCC	35
TGTAGA	35
TTAGAA	34
TACCTA	34
GTACAC	34
AGTTAG	34
TACGGG	34
ACATCT	34
TGTGAG	34
CCGGGC	34
CACACC	34
GGATCT	34
GAACCG	34
CGCGAA	34
GTGAAC	34
CAGCTC	34
TAGATT	34
CGGGTA	33
CGGAGC	33
CGTGCT	33
CAAACC	33
ATGCAC	33
GTCTTA	33
TACTTA	33
AGTCGA	33
GATTCG	33
CCTACC	33
ACTTTC	33
TGCCGG	32
TCGCTA	32
AGTACG	32
AGGTAG	32
CGGTTC	32
TACCTC	32
GCGACA	32
AGGGGA	32
GAGGAT	32
GGTAAG	32
CCCGTC	32
TTGCGG	32
CCTGTC	32
AAGAAT	32
GCCCCG	32
ACCCCA	32
CCGTCC	32
GACTCC	32
GTGCAC	32
GTGTCA	32
GAGAAC	32
TGGGAT	31
CTCTCA	31
ACATCC	31
CCTCGA	31
TTGCCC	31
CGGGGC	31
CCTGTG	31
CGCGCA	31
AGAACC	31
GGAGCG	31
TCTAGA	31
CAGCCG	31
CCAGCG	31
CAGTAC	31
GAACTC	31
GGATGC	31
GCCAAC	31
CCATCG	31
CCCCTA	31
TTCTAA	31
GCGAGG	31
CCTAGT	31
CGTACA	31
CGAGTC	31
CGATGT	30
ATTAGT	30
TGCACT	30
GCAACC	30
CTGCGC	30
CATGGG	30
GGGCCT	30
CCAGTC	30
TCGAAG	30
CCTATC	30
GGGTGA	30
GGTTCA	30
GTGTCG	30
CGGCCA	30
TTTCCC	30
CACCGG	30
GGGACA	30
CTGTCC	30
GCCCTC	30
TTGCCT	30
CTGCCT	30
GGTCTT	30
CTGGCC	30
GAGTGA	30
GCCTAA	30
GTAGAC	30
CCCGTA	30
GCGCCG	30
TCCCAT	30
GTCTCC	30
ACGAAG	30
TAGCGC	30
CCGGAG	30
CGTGTT	30
GCGTCC	30
GTAGCC	30
GCGGAC	30
AGACTA	29
GGCGAA	29
ACATGA	29
GTTACG	29
ACAAGA	29
CACCTC	29
CCGACC	29
CCGCTA	29
TTATAA	29
TAGAAG	29
ACTATA	29
GGGTGC	29
TACTAT	29
CCTCAC	29
GTCGGA	29
TCACAA	29
CTAGGG	29
TCCTTA	29
CTTCAC	29
GGTGTT	29
GACCCA	28
TACCCC	28
CCCTTA	28
CGCGAG	28
CTGTGT	28
GTGTGC	28
TTCGAG	28
CCCTCC	28
CTTAGA	28
CGCCCC	28
ACGCCC	28
ACATCG	28
TGACCT	28
TGCACC	28
CCGAAA	28
CGAGTG	28
CCTTTT	28
ATGTCG	28
ACAAGT	28
TCTGGG	28
CCTTAC	28
CACAAG	28
AGCGGA	28
GAGGGA	27
TCTTAG	27
TGGGTC	27
TCATGT	27
TCAGCT	27
GGCACC	27
GCAGGC	27
TAGCTG	27
CTCGCA	27
TCTAGC	27
ACGCTT	27
GGATAG	27
TCGTTC	27
CTCCGC	27
TACAGC	27
CCTCGC	27
GGGTCA	27
AGCGAG	27
CGGAAC	27
GGGACG	27
GCTCCG	27
CAGGAT	26
GTTTGT	26
TGGGTG	26
TACAGA	26
GGCTAT	26
ACTCTA	26
GCGACG	26
TGCATC	26
CCGAGG	26
CCCCTT	26
ACCTTA	26
CACAGG	26
ACAGGG	26
CACCCT	26
CCACGC	26
ACACCC	26
GATACA	26
TGGGGA	26
GCACGA	26
CGGTGC	25
ACGTGG	25
TTTGGG	25
AGGTCG	25
GTCTGA	25
GAGCGG	25
AGAGAG	25
GAGGAA	25
GCGGTC	25
ACCTCT	25
GCGAAA	25
TGCGCT	25
CGGTCT	25
CGAAAT	25
TAGTTC	25
GTATAT	25
CAGCGC	25
ACCCGA	25
GGGGAC	25
GCCCAT	25
GGGCGG	25
AAGCCC	25
GGGCAA	25
CCCTCG	24
CGACAA	24
TCCCAC	24
CATCTA	24
CTACCC	24
GTATCT	24
GTAGTC	24
CTATCT	24
TACACC	24
TCGGTC	24
ATAGAG	24
CCATTG	24
AAGTTC	24
AACTAC	24
GGTGAA	24
AGTGCA	24
GAGTGC	24
GAGTTC	24
CATGCA	23
ATGGGC	23
TTATTC	23
GTTGGG	23
CGCACG	23
TTGTGT	23
ATTCCC	23
CCGAGC	23
AATTGC	23
AGCTAG	23
ACACAA	23
CCCTGC	23
CTTATA	23
GCGCTG	23
CCTATG	23
CCTATA	23
CAGGGA	23
TACCCG	23
GCACTC	23
TATTCC	23
GCACGC	23
GGCTTA	23
CACGGG	23
TGGGGG	23
ACAGCC	23
CAGAGG	23
ACGCGC	23
ACTTAG	23
CTGTGC	23
ATCGCC	22
CGAGAG	22
TCCGCA	22
GAGTCC	22
GAGCTA	22
AGGTGG	22
TTGTGA	22
GCGCTA	22
TGCCTT	22
CGCGAC	22
GTGCCT	22
GCTAAC	22
GTTAGC	22
GGAGGA	22
ATCCCT	22
CACGGC	22
CGACCG	22
CCGATC	22
GTGAAG	22
CACCCA	22
GCCCCT	22
ACGTCG	22
CCTCTC	22
CGCCTA	22
GGGTCT	22
AGGTCC	22
GGGGCG	22
GGGGCC	22
GATAGG	22
TTCCCT	21
CGCTCC	21
CAGTGC	21
ACAGTG	21
TGCCTC	21
TCCGGC	21
TCCCAG	21
CCGCCG	21
AACCCC	21
TCTAAG	21
TCCCTC	21
TGTGCA	21
CAACCC	21
GGTCGA	21
GTGGCG	21
CGGTCG	21
ACAGGA	20
TTCACC	20
CAATCG	20
CCCAAC	20
CGTGAG	20
TCGGAT	20
CCGATG	20
TTGTGC	20
TTAGAT	20
TGTGAA	20
CTGCAC	20
GGCGCG	20
CTTGTC	20
TCCGAA	20
GTACGA	20
TTGAAA	20
TGGAGC	19
TAGGCT	19
TAGGCC	19
TTCACT	19
TTGTCC	19
GGAGAT	19
TACGGT	19
GTGTCC	19
AGAGGG	19
CCGCTC	19
GAGATA	19
TCCCCC	19
TCGGCC	19
ACCGCG	19
TCCCGG	19
ATGGAG	19
CTGGGC	19
ACGCCT	19
AGCCGG	19
TTTACA	19
AGCCTA	19
CTACGC	19
TCGCCG	18
GAGGCA	18
GTCCCA	18
CACCTA	18
GGTAGG	18
GTTAGA	18
CACTCT	18
ACGGCT	18
CAACAC	18
ACGGGA	18
GGGCTT	18
TGCTCT	18
CGCACC	18
CGGCTA	18
CCTCCT	18
GTGTCT	17
TCACCC	17
GGGCGA	17
ACATAT	17
CTACCT	17
GGTACA	17
AGGGCT	17
CTCCCC	17
CTTAGT	17
TTCGGA	17
GTTCCC	17
ACAAAC	17
GGTCCG	17
TCCGAG	17
GGCCAA	17
CCCCGT	17
AGGGAA	17
TCGCCC	17
CCCCGA	17
AACGGG	17
CGAGCT	17
CGGCCC	17
CCGCCC	17
CCTCCG	17
ACTACC	16
ACTAGG	16
GCATCG	16
TGATCT	16
TCCTCC	16
AGGTTC	16
TCCGTC	16
GCATCC	16
CTAGGC	16
TTCACA	16
ACACCT	16
TCACTC	16
TCGGAC	16
ACTCCA	16
CCCCTC	15
AGCCCC	15
GAGGGC	15
AGCCCG	15
GCAAAC	15
AGCGCG	15
GGGCGC	15
AATCTA	15
GATCCA	15
GTTTCG	15
GCGTGC	14
GGATTC	14
GGGGCT	14
CCAGGG	14
GTTCTA	14
GTGGAA	14
TGGGGT	14
CTCCAT	14
TGGACG	14
TCGACC	13
GTCATC	13
TGTCGG	13
AGTGGG	13
TCGATC	13
TTACAC	13
TTACAA	13
GAGACC	13
CAACGA	13
GGGGGA	13
TTCGCA	13
CCGCGC	13
TACAAG	13
CCGCAG	13
TCTGAG	13
TCCAAT	13
TCGAAC	12
CACTAG	12
GCCCAC	12
GGTGCG	12
GTGACC	12
CCAGAC	12
GTACTC	12
CGGGGG	12
TAGGAT	12
TGTCGA	12
GATCGA	12
TCAGCC	12
GATCGC	11
CTATGC	11
TCAGAC	11
GGGACC	11
TGTCCT	11
GCTAGT	11
CACACT	11
CCGGAC	11
TGGTCC	11
TTGGCC	11
TGTATA	11
CGTCCA	11
GACGGA	11
GGGGTA	11
CCCCTG	11
TCGGCT	10
ACGTCT	10
CCAGTG	10
TCGATG	10
TCCCGC	10
GAGATC	10
TCCGAC	10
GCGGAG	10
CTGGGG	10
GGGGAG	10
ATTGGA	10
GTCACC	10
GACTCT	10
GGTCCT	10
ACTACG	9
AATTGA	9
AGTTTC	9
TGTTGT	9
AGGATC	9
CACCAC	9
TCGTGG	9
AGAACA	9
CAGTCT	9
CGACGG	9
GCCCAA	9
CTCAGA	9
GCATGT	9
TCGCAT	8
ACTCGA	8
GCATGC	8
GGTACC	8
CTCCGA	8
GCCGGC	8
CCCCAC	8
TCCCTT	8
GGGTCC	8
CGGAGA	8
CGGAGG	8
GTAGGG	8
GATAGA	8
GATCAC	8
CGATCG	8
TGAACC	8
TCGGGG	8
AGTGCG	8
TCGTCC	7
TTGATC	7
GTGGAG	7
TCGGAG	7
GATCAA	7
CTAGTG	7
GGCGGG	7
CTAGCA	7
AATANT	7
GCCCGA	7
GTGCGC	7
GGCTCG	7
GATGTC	7
GGGGCA	7
AAGATC	7
GGCTAG	7
AGATCT	7
AGAACT	7
ATCGAC	7
ATGCAT	6
CGGGCG	6
CCCCCT	6
ACCTAG	6
GGAGCC	6
CGGAAG	6
GGTGGA	6
CTCGAA	6
AGGACC	6
ACTAGT	6
TACACT	6
GACCTC	6
CACCNT	6
CTGTAT	6
GCCCGC	6
CACATG	6
CGGTTT	6
CGTAAG	6
TGATCA	6
AGGGCA	6
TCACCG	6
TCACGG	6
GGCAGG	5
CCCCAG	5
AATTNT	5
ATATAT	5
TGATCC	5
TCCGGA	5
AGGCCC	5
TAAGNT	5
TACGAT	5
GTCTCG	5
GCCCTA	5
GACATC	5
ACATGT	5
TACAAC	5
GTATAG	5
CTACGA	5
AGTACA	5
CGGTGA	5
TAAANA	5
CGGGTT	5
CGGGTC	5
CCCCCG	5
GGGATA	5
ATCANT	5
TAAANT	5
AGGGCC	5
TTGTAC	5
TGGGGC	5
CGTGGT	5
TACANT	5
AGAGAC	5
GATCCT	5
ACCCCT	4
ACGATC	4
TCATAC	4
AGCGCT	4
TCGGTG	4
ACTCNT	4
CAGATC	4
TGTGTC	4
CATTCG	4
ACCGGC	4
GGGATC	4
CACGTC	4
TGTTAG	4
TGCGGG	4
ACACAC	4
TAAANG	4
TCCANT	4
TAAGNG	4
CCTACG	4
GCGGGG	4
TACTAG	4
TGGGTA	4
TAGTAT	4
TCCCCT	4
TAGTAC	4
TATCTC	4
CGGATG	4
GCGATC	4
CTGAAG	4
TACCGG	4
CGTGTC	4
ACTCGG	4
NAAAAT	4
ATGTNT	4
TGATCG	4
TAGAAC	4
CGCGCG	4
TTGGGT	4
GGATCG	4
AATCNT	4
CCATGG	4
GTCTCT	4
CTCCCT	3
TAGGGG	3
TAGGGC	3
GTGCGA	3
ACAACG	3
ACCCAC	3
CACTNC	3
TAACNT	3
CATANA	3
TCGGGC	3
TGGCCA	3
TGCCCC	3
CGTTCC	3
GGGGGC	3
CTCTNA	3
TTCTNT	3
CAAGGG	3
CCGGGT	3
TCGCGC	3
ACCCGT	3
TTGCAC	3
CGGATC	3
TCGCGG	3
CTATNC	3
CCACNT	3
CTAGAT	3
ACGTGT	3
CGCACT	3
CTAGNT	3
ACGAGG	3
CTAGTC	3
CACCCG	3
TGGGCG	3
CGTAGG	3
GATATA	3
CGGGGT	3
AGGACA	3
CGGGCC	3
GTGATC	3
CTATNG	3
CGCCCA	3
TGTGTT	3
NTCTGT	3
TAACNA	3
TGTGGG	3
GGGCAC	3
GTGCAA	3
CTTTCA	3
TGGGCC	3
GCTATA	3
AATACA	3
ATCTNT	3
GCCCCA	3
GAAGNT	3
CCTTGG	3
ACAACA	3
ACCCCC	3
GTTTNA	3
GTGGGC	3
GGTCTC	3
GCGAAG	3
TAAGNC	3
TCTTNT	3
ACGGGC	3
GATANT	3
CCAGGA	3
TATCCC	3
TCCGGG	3
GGTCCC	3
CAGTCA	2
AANTCC	2
ACGCAT	2
ACACAT	2
CTAGCC	2
TATGNT	2
GCCCCC	2
GTAGNT	2
TTGCNT	2
GTGTGT	2
NACTTT	2
TGATNA	2
CTATNT	2
CATTCC	2
ATCCNT	2
CACCGT	2
CCTGGC	2
CCGAAT	2
TTATNT	2
GAACNT	2
AACCNT	2
GATCCC	2
ACATGC	2
CGCGGG	2
TCTCNC	2
CAATNC	2
AGCCCT	2
ACCCCG	2
TACGTC	2
TACGAG	2
ATTTNT	2
AACACA	2
CCGTCG	2
GATATC	2
TGAAAG	2
TATTNT	2
NTCACT	2
TGTGCG	2
ACCCAA	2
TAGCNT	2
ACAANT	2
TTCTAG	2
CTAGAA	2
TCGCAC	2
NACTGT	2
ACGTNA	2
GGCTCC	2
GAACCC	2
ATACNA	2
TCGCTC	2
GTTGNT	2
AGTGAA	2
CGTAGT	2
ACTACA	2
GTTGNC	2
AGGGAG	2
TTGGGC	2
TAACNG	2
GTACNT	2
GGTGGG	2
GGGGTC	2
GTAANT	2
GTGGGT	2
CGGGAC	2
GTGGGG	2
AGACNT	2
TTCGAA	2
CGATCA	2
GAGCTC	2
TACCCA	2
TGTTCT	2
AGGGGG	2
GTGGTG	2
GTATNG	2
CAGACG	2
AACGNT	2
AGTTCT	2
AAGCNC	2
GCGGCC	2
GTACAA	2
AAGCNT	2
GCGGGC	2
AATTNG	2
CGAGCC	2
ATACNT	2
CAGTNT	2
CCCCGG	2
GCTAGC	2
TGATNT	2
GGGCCC	2
AGGTNT	2
GCACCC	2
GCGCAC	2
ACAAGG	2
GCTACG	2
GTTCNT	2
NAAGAA	2
AACTNT	2
CCCAGT	2
NCGGTA	1
CCTGCC	1
AGCTNT	1
CGTATA	1
GGCGNT	1
AGTANC	1
NTTACT	1
NTTAAG	1
ACCCNA	1
CGTCNC	1
ATGANT	1
ACAGCG	1
ATATNC	1
GGTTNT	1
CATGNA	1
AAACCC	1
TATTNC	1
GTATGA	1
TANAGG	1
TGNAGT	1
AATCNC	1
AGTCNT	1
ATACNC	1
TGTACA	1
CGCGCC	1
CGAGNT	1
ATTTNC	1
NATCGT	1
TTCTTN	1
TGGTNG	1
ATTTNA	1
NCATTG	1
GGGGGG	1
ACCTNC	1
TTTGNA	1
NTTAAT	1
CGAGGA	1
CCTANA	1
CGACNT	1
NCCGCG	1
TAATNT	1
TTTGNG	1
AGTCNA	1
AAAGNT	1
TATGNA	1
CGGTCC	1
TAATNC	1
NTTTTT	1
GTCANG	1
NATTTG	1
GTAANG	1
TGGGCT	1
CGCTNA	1
GTCANT	1
TAGCCC	1
CCTGGA	1
CGCCNA	1
NTTGCC	1
ATNCGT	1
NTTTAT	1
CGCCCG	1
NCCAGT	1
ATNTGT	1
TAGANC	1
NTTCTT	1
TTNTCG	1
TTGCTC	1
CGCTNT	1
GGTANA	1
ATNACT	1
NCAGTT	1
CGGCCG	1
NATGAA	1
NTTTTC	1
TGGGAC	1
NTTTGT	1
CCNCAT	1
CGCGNT	1
GGGCTC	1
GGGCTA	1
CGCGNG	1
TGTANG	1
ACAGAG	1
NCAGAT	1
TAGANG	1
NCCAGA	1
TAATNA	1
CGGGAA	1
GGCTNG	1
GTAGAN	1
AAATNC	1
NATCTC	1
NATGTT	1
NAAATG	1
NGAAGA	1
NTCAGT	1
CCATNT	1
TTTANT	1
AAAAGN	1
NAACCC	1
NGCACT	1
AGACAN	1
GCCANT	1
ACGGGT	1
ACGGNT	1
CAGANG	1
NAAAGA	1
ACTAGC	1
ATCTNC	1
NAAAAA	1
ACAGNA	1
ACGGTG	1
ATCTNA	1
NGAAGG	1
GCATNT	1
GCATNG	1
AANTGT	1
CTGCNA	1
GCGCCC	1
TTCCNC	1
TACTNG	1
CTGANC	1
CTGANG	1
NGCCTT	1
ATCCNA	1
NAAGTT	1
CTGCCC	1
GTTCNC	1
NGTTTT	1
TGAGGN	1
ATCCNC	1
ATGTNA	1
NCTGGT	1
NTAAAA	1
GAATNT	1
TCCGNT	1
NAACTC	1
TTACNA	1
GAATNA	1
TTTCNG	1
GAGGTC	1
CAGTNA	1
GATTNT	1
GATTNG	1
ACGTNG	1
ACGTNT	1
AAGTNT	1
NGACAT	1
GAAANG	1
GATGNT	1
CCAAGG	1
GAACCT	1
TCTTNC	1
ATAANC	1
CAGTNC	1
AANTAC	1
NGACCC	1
TTATNG	1
ACTGNA	1
GATANG	1
ATGGGG	1
CANAAG	1
CANCAT	1
NTAGCA	1
NTAGAC	1
TGACNT	1
GTGGGA	1
GTTTNT	1
AGGANT	1
GCAGNT	1
NTCACA	1
NTATGT	1
GTGGNA	1
AGGGNT	1
GTGGNT	1
NTAGTT	1
ATCGNT	1
NGCGTT	1
CTTGNT	1
AACGNA	1
TCGANA	1
TCGANC	1
TCGANG	1
TTAANG	1
CTTTNC	1
GCAANT	1
TTAANT	1
CCACNG	1
GTTGNG	1
NGTCTC	1
GGAGNT	1
TACGGC	1
NTGATT	1
NGGTCA	1
CTAANT	1
AGATNT	1
GGACNG	1
ACTCNC	1
CATCNC	1
NAGCAA	1
AACANC	1
CTACNT	1
NGGTGT	1
CCGANC	1
CACANT	1
GAGCAA	1
CTAGAG	1
NTGAGC	1
TCAGNA	1
ACGANT	1
CCCCNT	1
TCAGNT	1
CACCCC	1
CTAGNG	1
NTGTTT	1
NATACT	1
TGTGGA	1
GTTANT	1
NAGTTT	1
ATGCNA	1
GTCTNC	1
GTTANC	1
NTTAAA	1
TCAANC	1
TCAANG	1
CGTGGG	1
CATCGA	1
AAGANC	1
NTGCCT	1
ATGCNC	1
ATGCNT	1
GGATCC	1
TTAGNT	1
CAATNA	1
NGGTTA	1
TGGATC	1
CCGCGA	1
CAATNG	1
TCTGNC	1
GCTAGA	1
NACATG	1
NCTAAT	1
AAAANG	1
CATTNC	1
TGCGAA	1
CTCGNA	1
NCTCAG	1
TACTNT	1
ATAANG	1
CCCGTT	1
ATAANT	1
TTTANC	1
TGCCCT	1
CACTNG	1
CACTNT	1
TACANG	1
CCCGCG	1
TGTTNC	1
NAATCG	1
GCGCNC	1
TGCANT	1
TCCCNG	1
ATAGNC	1
GAGCCC	1
TTCGNT	1
NACTGC	1
GACANA	1
GCTGNG	1
AATAGN	1
CTATNA	1
GCTAGG	1
ATCGGG	1
CACGNA	1
AGNTTT	1
NACGAG	1
NACGAA	1
GCTCCA	1
NACCGT	1
