process_radtags v2.1, executed 2018-10-25 11:20:06
process_radtags -p /panfs/pfs.local/scratch/sjmac/b961k922/kinbre/b017_macdonald/data/intercross_f18/raw/Sample_Sam3852_F18_p06/ -o /panfs/pfs.local/scratch/sjmac/b961k922/kinbre/b017_macdonald/data/intercross_f18/raw/Sample_Sam3852_F18_p06 -b /panfs/pfs.local/scratch/sjmac/b961k922/kinbre/b017_macdonald/info/b017_p06_barcodes.txt -i gzfastq -e mseI -r -c -q
File	Retained Reads	Low Quality	Ambiguous Barcodes	Ambiguous RAD-Tag	Total
Sam3852_F18_p06_GCCAAT_L008_R1_001.fastq.gz	21611672	291634	350261	173077	22426644

Total Sequences	22426644
Ambiguous Barcodes	350261
Low Quality	291634
Ambiguous RAD-Tag	173077
Retained Reads	21611672

Barcode	Filename	Total	NoRadTag	LowQuality	Retained
GTTGCA	Db3852	379210	948	4925	373337
GTTCAG	Dsam	310089	2404	4074	303611
CGTCTG	69b.01	211594	754	2682	208158
CTCTAC	69b.02	235966	755	3216	231995
GCGCGT	69b.04	238418	1157	2952	234309
AAGGAC	69b.05	206850	1321	2747	202782
TATATG	76b.01	401206	670	5236	395300
GGCATT	76b.02	60069	1743	849	57477
CAATAT	76b.03	91064	3032	1228	86804
GATGAG	76b.06	206831	863	2812	203156
TCTCGT	76b.08	244489	3086	3281	238122
CATAGC	76b.09	189438	956	2449	186033
CTTGCG	76b.10	217778	1118	2903	213757
ATATGG	76b.11	260362	1282	3640	255440
GGTTAC	76b.12	231843	1045	3086	227712
AAGCGA	76b.13	195533	945	2669	191919
AAACGG	76b.14	388815	1498	5606	381711
TCTATT	76b.15	372550	1703	4797	366050
CCCTAT	76b.16	128621	1110	1759	125752
TCCACG	76b.17	37921	448	518	36955
GGGAAT	76b.18	56343	422	752	55169
TTCCTG	4c.01	265483	1017	3545	260921
TAGTCG	4c.02	302032	473	3797	297762
CACTGA	4c.03	270532	2460	3645	264427
GAGAGT	4c.04	387709	5335	5030	377344
GGAATG	4c.06	193522	1053	2493	189976
AGGCGT	4c.07	174610	2082	2210	170318
ACTGTT	4c.09	686260	2290	8980	674990
GACAAT	4c.10	40184	3822	548	35814
CGATAC	13c.04	294342	728	3736	289878
ATCACG	13c.06	49587	3962	645	44980
GTCGAT	13c.07	143913	397	1891	141625
GATCTG	13c.09	305367	617	4117	300633
CTCGGT	13c.10	77612	5218	1017	71377
ACGTAC	15c.01	43297	641	638	42018
CTAACG	15c.02	425708	920	5494	419294
GCGTAT	15c.03	105289	604	1414	103271
TTAGCG	15c.04	419463	982	5417	413064
ACCGAT	15c.05	50355	1947	727	47681
TAAGCA	15c.06	171497	4672	2298	164527
GAATAC	15c.07	14267	1108	345	12814
ATTCTG	15c.08	531453	1019	6986	523448
GCTGAT	15c.09	36091	1988	582	33521
CTGACA	15c.10	180905	974	2469	177462
TAGACA	15c.11	295628	727	3948	290953
GGAAGT	15c.12	70791	2087	1033	67671
TATAGT	15c.13	56382	2755	844	52783
AGCTCA	15c.14	393802	906	5141	387755
CTCTGG	15c.15	479287	635	6364	472288
TGAATT	15c.16	255597	3381	3372	248844
CAACTG	18c.01	214679	1433	2833	210413
ATGATG	18c.02	429013	1433	5375	422205
GTCCGG	19c.01	387114	525	5030	381559
GCACAG	19c.02	379063	600	5021	373442
ATCCAG	19c.04	257701	979	3536	253186
GAATGG	19c.08	238785	3058	3347	232380
TGTAAT	19c.09	66336	607	915	64814
TCTCTG	19c.11	295790	476	4026	291288
AAATAG	22c.01	290689	1658	3927	285104
AACCTG	22c.03	350510	1431	4770	344309
TAATTG	22c.05	144092	5159	1877	137056
GAGTAG	26c.01	251958	870	3254	247834
AATCCG	26c.02	137623	688	1816	135119
GTAACA	26c.03	247176	909	3301	242966
AAGCAG	26c.04	252237	3440	3521	245276
AATGCC	26c.05	122776	1340	1604	119832
TTACTT	26c.08	323561	4240	4244	315077
AAGGTT	26c.09	577618	4287	7455	565876
AGAGTT	26c.11	43357	3584	628	39145
AGTCAC	26c.14	484068	2418	6222	475428
CAGGTG	26c.15	200650	891	2601	197158
ATCTTG	31c.01	92728	1146	1415	90167
GGACCA	31c.02	151908	614	1961	149333
TTTCAT	31c.03	71440	2589	1042	67809
CATTGT	40c.01	162273	3510	2184	156579
AACTCG	41c.01	170113	529	2201	167383
AATAAG	41c.02	421035	1472	5729	413834
GGGTTG	41c.03	217723	637	2824	214262
CCACCA	41c.04	412846	1200	5234	406412
CCCACA	41c.05	138938	570	1768	136600
GTCCTT	41c.06	131537	1149	1716	128672
GCCGTG	41c.07	150750	1305	1847	147598
GACACG	41c.08	217456	482	2772	214202
TGACTG	41c.09	104329	490	1412	102427
GCCTGG	41c.10	123277	859	1615	120803
TCGAGT	41c.11	261694	2186	3473	256035
ATACCG	41c.13	310775	899	4089	305787
GGCCGT	41c.14	171114	1302	2143	167669
GAAGTG	41c.15	423067	2933	5461	414673
AGGCTG	41c.16	219090	999	2873	215218
CGCTTG	41c.17	227173	1072	2933	223168
CTTCGG	57c.01	332793	1196	4427	327170
AATGTG	57c.02	215821	772	2804	212245
GGCCTG	57c.03	91119	396	1204	89519
ATAGGT	57c.04	78476	7617	1087	69772
AATGGT	57c.05	98157	15067	1210	81880

Sequences not recorded
Barcode	Total
CTAAGT	4625
CACCAT	4351
AACTGT	3502
TAGCAT	3501
GAAGGT	3268
TACTTT	3234
ATCTGT	3173
TAGCGT	3012
TTCTGT	2958
TTCAGT	2728
TAACGT	2660
AGACAT	2563
GTGCAT	2463
CATACT	2415
AAAAGT	2288
TGACAT	2233
CCACAT	2219
ATGTTT	2192
TCCTGT	2095
GTTACT	2095
TAAAAA	2013
TGATGT	1946
TAAAAT	1934
GTCAGT	1866
AGGTTT	1854
TAACAT	1790
GTACAT	1789
ATGAGT	1729
AACGTA	1624
ATTTGT	1611
GGTTGT	1549
AACCGT	1477
TTGCGT	1469
AAGTGT	1405
ATCAGT	1335
ATCCGT	1297
ACCTGT	1283
TAATGT	1277
CTACGT	1262
TCCGGT	1245
ATGTGT	1230
AGCTGT	1167
CTGGTA	1161
TAAATA	1159
GACTGT	1147
GAATTT	1131
CACAGT	1127
TACCGT	1106
AGCAGT	1078
CTATTT	1032
AACAGT	1021
TAATAA	1021
GATACT	996
TCAGTT	989
TTCTTT	988
ACTCAT	987
TAGAAT	949
TTCATT	943
GAACAT	941
GACATA	922
TCCTTT	887
TAGTGT	866
CAACGT	861
GAACGT	846
TAAGAT	818
AGATGT	808
CATGAT	779
AGTAGT	753
TAAAAG	751
TAAGTT	732
ACCAGT	728
GTGATT	718
CTACAT	713
TCGGTA	701
TAAACT	696
CCTGGT	691
TAACAA	691
TAAAAC	690
CTGTTT	688
CTGCGT	687
TACTGT	677
ATTCGT	668
GTCTGT	660
TAAAGC	652
TTATGT	650
TATGCT	644
ATGCCT	642
TAAATC	627
TAATGA	623
TAAAGA	616
AAATGT	614
TAAAGG	607
AAGACT	582
GTCACT	556
TGCGTA	550
AGTACT	546
CTAGCT	539
TTCGTT	532
GCCGGT	523
AGCACT	517
TAACGA	517
GCTTGT	503
GGTACT	497
ATTCAA	497
CATGTT	455
TAATGC	449
CTGAAT	447
CGCTGT	443
CGGTTA	441
CTTACT	440
GCCAGT	436
GTAAAT	416
TAATCT	415
TAAACG	413
CAAGCT	412
GATGTA	406
TAACAC	404
TCAGTA	402
TAAGAG	394
CGGTGT	393
GTTAGT	386
TAAGGT	371
TAAGTC	371
TCGGTT	370
TAACAG	370
GTAATT	368
CAGCAA	368
CAAAAA	366
CTTGTT	366
AACATA	361
CTGCAT	361
TAACCC	359
CGACAT	358
TCTGTA	358
AAAATA	354
CAGGGT	351
TGCATA	348
GTTCGT	345
CTATAA	340
ACCATA	338
CTACTA	337
ATGGTA	336
ACGTTT	332
AAAATG	332
TAACGC	331
TAACCG	330
TAATCC	330
CGTACT	329
AGGACT	326
CCGTGT	323
CTGTAA	317
AAAACG	316
CAGAAA	312
CTATTG	311
CAGAAG	309
TAACTC	309
AATATC	301
ACAGTA	299
TGATAA	298
TAACCT	297
TAAACC	297
TCATTT	295
AAACAT	295
TTCCGT	295
CTGATT	294
TTTTTG	293
CATGCT	292
ATTGCT	292
TAACTA	290
TGCTGG	289
TAAGGC	288
AGCCAT	287
GGTGTA	282
TAAGAC	277
TAAGGG	276
CTTTAG	271
TGCTGT	270
ATTTAA	269
TTAAGT	268
GTTTTC	268
AGAACG	267
ATTTCT	265
CGCGTT	265
AGCAAT	264
ATGCTT	263
GAAATT	260
ATAGTA	259
ATATCA	257
ATCTCC	257
AGAAAT	256
GGGTGT	255
GATATT	255
AAGCTC	254
ATTGTA	254
ATCAGC	254
TTATCA	254
TTTAGC	253
AAAAAT	251
CTATTC	251
GCGATT	250
CATAAA	250
TCCGTT	249
CGTATT	248
CAATGC	247
ACCAGC	247
GTTTAA	246
CGAACT	244
CCGGTA	244
TTCTGA	243
GGAAAA	243
GGTAAA	243
CCATAA	243
AAAGTA	242
AATCTC	241
CTGGTT	241
TGCTTA	240
ACGATT	239
AAATTT	237
AAGCCT	237
AGATTG	237
CATTCA	237
GGACAT	236
AAAGCG	236
GTTGAC	236
ACACGT	236
TTTATC	236
CTGTTG	235
AACCAA	235
TGACGA	233
TTAATA	233
CCAGAA	232
AATATT	232
AGTCGG	231
AGCAAG	230
TTTACC	229
AAAGGA	229
TGTTCA	229
AAACCA	229
ACTGAC	228
CGTCAA	228
TTCTGC	227
CCTTTA	227
GATAAA	226
TTTTGA	225
TATGTT	225
ATTTTT	222
CTTTTT	222
CAGCTT	221
CGCCAG	221
TATTTT	220
CGTTCT	220
CTCTTT	220
AAATGA	219
AGAAGC	219
AGCGTA	218
GCATTT	218
AAGTAA	217
ATGCGG	217
AAGAGC	216
ATCTCT	216
ATAACC	215
AAGAAA	215
GACCAA	215
AGAAAA	215
TGTTGA	214
TGATGC	212
TTATTA	212
GAGGCT	212
TGATGA	211
ACCGTA	211
TGTTTA	210
GCAGAA	210
GCCATA	210
AAATTA	209
GACCAG	209
ACTTCT	209
AAATGC	209
TATTAA	209
CTGCTT	208
TGCTGC	208
GTCAAC	206
GCTTTA	205
TTAATG	205
CAAATC	205
AAGTTA	204
GCAGTA	203
CTCAAA	203
GTTTAT	202
GAAGGA	202
GTTTGA	202
CATGAA	202
TTAAAT	200
GATTGC	200
ATAAAC	199
CTCATC	199
TGATTA	199
ATGAGA	199
AATTTA	198
TATCAG	198
TTTGGT	198
AATTTT	197
ACATTA	197
CGTTAA	197
TGGTTT	196
TTAAGC	196
CCTGTA	195
CCAGTA	192
ATTAGA	191
TGGTCA	190
AAAATT	190
TTTTTA	190
GCCAGC	190
TGCCGC	189
GCAAGG	188
AGCATC	188
TTGGTT	188
TGGTAT	188
GTTTCT	188
TTGACG	188
TGGTAA	188
AAAAGA	188
TCAAAA	188
ATAAGC	187
TTTGAC	187
ATGAAA	186
ATGGAA	186
ACTTGT	185
CCATGA	185
TGACGC	185
TATTGA	184
AAAGCT	184
CATCAA	183
AAAACA	183
TTTGAG	183
TCAATA	183
GCTGGC	183
AGTCCT	183
AACCAT	182
GTTTGG	182
ATAATC	181
ACCAGA	181
GCATAA	180
TGACGT	178
TACATA	178
GAGCTT	178
AGCTTT	178
GATGCT	177
CGTTTT	177
TATGGC	177
TCAACA	177
TTAGAC	177
GAAACC	177
TTCGTA	176
TGATTC	176
CAAGAA	175
ATCAGA	175
CAGTAA	175
GTTAAC	175
TTTGTT	174
TTTGGA	173
TGAACA	172
TTGGTC	172
AGCCTC	171
ACAATT	171
GACGGT	171
GTTATT	171
GTAAGG	171
GTTATA	171
TGAGAA	170
AGAAAC	170
TATTGC	170
GTACCC	169
AGAATC	169
TTGAAT	169
ATAAAA	169
AGAAAG	168
GGATGA	168
GCAATC	168
ACATAA	168
CCAAAT	168
AGAAGG	168
AAATCA	167
TTAACT	167
GAAAAA	166
CACGTT	166
TCAGAA	166
TGGCGA	165
ATTTTA	165
TGGCGC	165
CGCAAG	165
TATCCT	164
ACCTTT	164
GTAAAG	164
AGGGTC	164
AACGGC	164
GAGATG	163
ACAAAT	163
GAGAAA	163
GAAGAA	163
CAGGAA	162
GGAACC	162
CATCAT	162
CCAAAC	162
CGGAAA	162
ACCAAA	162
TATAAC	161
CAGAAT	161
TACCAT	161
ACAGAA	161
AGCGGC	160
GTCAAA	160
CACCAG	160
CTCTTA	160
CATAAT	159
GATTAA	159
TTGATA	159
CGCTGC	159
GGTGCC	159
TGCTGA	159
CATTAA	158
CCACGT	158
TGCCGA	158
AGGATA	158
GTACGT	158
GACGTT	157
AAAAGC	157
GCTTGC	157
GCAAGC	157
TACCAG	156
CAATCC	156
GAATCA	156
ACTCAA	155
AAAAAA	155
AACAAA	155
CACATA	155
GTTTTG	155
AGATAT	155
CATCAG	154
TTACCA	154
ATTAAA	154
TTAAAG	154
GCGGTA	154
ATAGCA	153
AGCAGC	153
ATGCAA	153
AAGTCA	153
TGCTAT	153
CTTGAT	153
AGCCAA	152
ATCAAA	152
CGATTA	152
GGCAGA	151
GGCGTC	151
TTTAAA	151
ATCATA	151
GACGAC	151
TCCAAA	151
GAACAA	151
AACAGC	150
TTTTAC	150
TGGAGG	150
GCTCTT	150
ATACGA	149
CTTTAT	149
CATATT	149
TGATAT	149
GAAAGA	149
AAGTTG	149
ACCGTC	149
CTATGA	149
ACCATT	149
CCAAGA	149
TTATGC	149
ATCAAC	149
TTGTTA	149
CTTTCC	148
GAAGGC	148
CCTTGC	148
GATTCT	147
GCGGCA	147
TATCAA	147
TGATGG	147
GGAAAC	147
GAGTTT	147
ATTTAG	147
CTTATG	147
ACCATG	147
CTATTA	147
GTGGTA	147
TTCTCA	146
GATTAT	146
TCAAAC	146
AATCTT	146
CCACTC	146
TGTTAA	145
AACGGA	145
AGTAGC	145
TCTTGC	144
GTACTG	144
TTAATC	144
AGTTTA	144
GCTACT	143
TTGCAG	143
AACCAC	143
AGATTA	143
GACCCT	143
CTTTAA	143
CCGAAG	143
GCTAAA	142
CTTAAT	142
TGCTTC	142
AACATT	142
AACGCT	141
CAAGAG	141
AGCACC	141
TGCCAT	141
CAACGC	141
AACATC	141
ATGGCG	141
AGGTTA	141
GGCAAA	141
CAAGTA	141
GCCTTT	141
CACTTC	140
GCTTCC	140
GCTTAA	140
GCTGTA	140
ATGCGC	140
GACGCC	140
AGCGCC	139
CAGCGT	139
AGCATA	139
CATTTG	139
AAAAAC	139
GAAATA	139
TTTTGC	139
GATTGA	139
TTTCTC	139
GCAGGA	138
AGCAGG	138
AGATGC	138
TTAAGG	138
TGAGTA	137
GCATCA	137
TCTGCT	137
ATAATT	137
GCTTTG	136
AAACCT	136
CGGTAA	136
TTTTCT	136
TACTGC	136
CCAAGC	136
TTTCCG	135
TGTCAA	135
ATCGTA	135
CTCCAA	135
TGGCAT	135
GTATGC	135
GTCTAA	135
TGAGCC	134
AAAGAA	134
GAAGCC	134
ACGGTA	134
AGTTGC	134
GGTTGA	134
GATCGT	134
CATCTC	134
ATAAAG	134
TCTTGG	133
GTACTA	133
CTATAG	133
GTTGTT	133
ATGAGC	133
CCGTCA	133
GTGCCA	132
GTGTGG	132
GTTTCC	132
ACATCA	132
TGCGTC	132
CCTACT	132
CACCAA	132
CTTTGC	132
GCAATA	131
TCAAAG	131
CAGAAC	131
GCATGA	131
TGGCGG	131
TGGCAC	131
AGTTTG	131
AGCTAT	131
GTAATC	131
CTCAAT	130
AATCAA	130
AGTATG	130
TGAGTC	130
CGCCAT	130
GGCGGC	129
CTTCTT	129
CCAGTT	129
ACGCAA	129
CGTTGC	129
ACAAAA	129
CGGCAG	129
GCAAGA	129
TCCTTC	129
CAAATT	128
GTACGC	128
ATATCC	128
GGAGGC	128
CTTGGC	128
TCATGG	127
TTTAAC	127
CGTGTA	127
ACTAAA	127
ATTGGG	127
TGTTTT	126
TTAAAA	126
ACTTTA	126
AGGAAA	125
AGCAGA	125
TGTCTA	125
TATTGG	125
TTCAGC	125
GTTGGT	125
TGTTTC	125
AGTCCA	125
GACGCA	125
AGCTGG	125
TTCTCG	124
GCAAAA	124
GGCGAC	124
AATTAT	124
CCATTA	124
GACTTC	124
GCAGCA	124
AGCCGC	124
TCCTGA	124
CAGATA	123
TACCTT	123
CGGTAT	123
AACTTC	123
GTTTTT	123
CTTTGA	123
GACTCA	123
ATCTGA	123
TGGTGG	123
AGCGGT	123
AACAGA	123
TTGTTC	123
CTGCTC	123
CATTAG	123
CATTTC	122
AAACTC	122
GGTATA	122
TTGGAT	122
TCAGGA	122
CAGCAT	122
ATTTCC	122
GTCAGA	122
TTCTTA	122
TATGGA	121
TCTTTC	121
CTGGTC	121
CGTCAT	121
TTAACC	121
AACAGG	121
CTCATT	121
ACTGGC	120
CGAACC	120
CGAAAA	120
CCAATA	120
ATTATT	120
ATATTC	120
AACCCT	120
AAATCC	120
GTGCTG	120
CAAACT	120
AATCAT	119
ATCTGC	119
TATTCA	119
ATTAAC	119
AGGACG	119
ATGGCA	119
AACCGC	119
GGTTGG	119
ATATCT	119
ACCATC	119
TTTTAA	118
CTGCCG	118
CTTGGA	118
CCAACC	118
GCTTTT	118
TTTTGT	118
AGCGAA	118
TCTTTA	118
ATGAAC	118
TTGCGA	117
CGCGGC	117
CTTCCA	117
ACGAAA	117
AAGGCG	117
ATTTTC	117
GTCGTC	117
TGGCCT	117
GACTGC	117
GGCTAA	116
ATTAAT	116
CCAATG	116
GGTTTT	116
TATGTA	116
ATTGAC	116
AATTTC	116
GATTTA	116
TGGAAA	116
TGCGTT	116
GCCGCT	115
ACTACT	115
GTTTTA	115
TCATCA	115
TTAGTA	115
TACGAA	115
CGTTGA	115
TTCTTC	115
AACAAC	114
CTTGAA	114
TGTTGC	114
GGATTT	114
GCCACC	114
TATTTA	114
GGTGGC	114
TGAGCT	113
TATTTC	113
CGACCC	113
CTGCTG	113
TTTGTA	113
TGTAGC	113
CTTTCT	113
TTACGG	113
TTTGAA	112
CACGTA	112
GAGGTA	112
CCGCTT	112
TATCGG	112
TTCAAG	112
CGGCAA	112
GTCGTA	112
ATTAGC	112
AAATCT	112
TGTAGG	111
AAAGTC	111
AGAGGC	111
TCAAGA	111
GTCGCC	111
TGCAAA	110
TCATGC	110
CTGCAA	110
GGACTT	110
TCTCAA	110
TCAACC	110
CTACAG	110
TTGAGG	110
CAAGGT	110
TTTTCC	110
AACGCA	110
GACAGA	110
CGCTAA	110
CAGTTA	110
ACCCTC	110
CTAATT	109
GTCGGC	109
GGCGTA	109
TGGTGA	109
GAATTA	109
ATCGTT	109
AGTGTA	109
CTTATT	109
ATATTT	108
TGAGGC	108
ATGACC	108
TTCCAA	108
ACCAAC	108
TTCCGA	108
CGTTAT	108
GTCATA	108
TTTCTA	108
TTGCTA	108
GCTTCG	108
TTGGAG	108
GGTCAA	108
CTTATC	107
ATTGAG	107
GTCATG	107
GTATTT	107
CTGTAG	107
AGAAGA	107
ATCGAA	107
ATATTA	107
TTATAT	107
TGGTTA	107
CCTGAG	106
TGGACT	106
TTGGTG	106
ACGCTC	106
CTCACT	106
TCATGA	106
ACTGAA	106
CCATGC	106
CTTGTA	106
AGGCCA	106
GCTGGA	106
ACCAAG	106
TTCCCA	106
CATACA	106
GGATTA	105
TTTGTC	105
AGTTTT	105
TCAATC	105
CAGATT	105
AGGAAG	105
GGACGG	105
ATACAA	105
ACGCCG	104
TGTTGG	104
ATGGAT	104
AACTTA	104
ATTACC	104
CAGTTT	104
GGAGAG	104
ACCTGA	104
TCCCAA	104
TCGGCA	104
AAACAA	104
AAAACC	104
GCCTCC	103
AGCTTC	103
TCTGCC	103
TCGATA	103
CCTGCT	103
AGGGCG	103
CGGCAT	103
AGGTAA	103
TGCTTT	103
ACTTTG	103
TTGGGA	103
TATGCG	103
GTATTG	103
AGCAAC	103
GCCGCC	103
TTGGCT	103
TGCCAC	102
ACTCCT	102
GCTACA	102
CAGTCC	102
TGGATG	102
TTTCCA	102
TTCATC	102
TTAAAC	102
TAGCAA	102
CGTTGG	102
TGTGGC	102
CACCTT	102
AGGAAC	102
ATTATC	102
ACGGAA	102
GGCGCC	102
GCTTCT	102
TCTTGA	101
TTGGTA	101
TCCATC	101
ATTGGC	101
CGAGAA	101
TTTACT	101
TCTGAC	101
TTTTTT	101
GTTAAA	101
GTTGGC	101
AGCCTT	101
ATACGC	101
TGAAAA	100
ACTGGA	100
GAATCT	100
GTATCC	100
TAGCTT	100
GGCACA	100
CTGTTA	100
ATGTCA	99
TATACC	99
CATACG	99
TACGTA	99
GACTTT	99
GCCTTC	99
CATCAC	98
TATGAT	98
CATCCA	98
AACACT	98
TGAACG	98
TGAAAC	98
TGAGGT	98
GTGGCC	98
GTTGTC	98
GGGAGG	98
TCGTCA	98
AAAACT	98
CGTGAT	98
CTTGAC	97
CGAGAT	97
AATGAA	97
GGCTTC	97
TATCCA	97
TCCAGC	97
CAAGTT	97
TCCTGC	97
CGAAGA	97
GTAAAC	96
ATGCTA	96
CGAGCG	96
GCAACT	96
ACTGCA	96
CACGCT	96
ACGACC	96
TCAAAT	96
CCCCAA	96
CGATGG	96
GACGCT	96
TACTAA	96
ATACTC	96
CATGAC	96
TCTTAA	96
TGAAGG	96
TGGTGC	95
TCTGAA	95
ATGCTC	95
ACTTAA	95
GCGGTT	95
GATGTT	95
CAGCGG	95
CAAACA	95
CAAAAC	95
GCCGAC	95
TGCAAC	95
TGTTCC	95
AATAGA	94
TTATAG	94
CCTGAA	94
CGTACG	94
ATTTGA	94
TTTTTC	93
CAGCAC	93
CAAAGT	93
ATTTCA	93
TTTTCG	93
GCATTG	93
ATAAAT	93
GAGCAT	93
AGATGA	93
TGCTCC	92
AGGGTA	92
CGCCAA	92
GGTTTA	92
GGCGCA	92
CCTGCA	92
TTGTTT	92
AATACT	92
TTGAGA	92
CCGTTT	92
CGCATA	91
CTTCTC	91
ACGTTG	91
GTATCG	91
TGCTAA	91
AGGAGG	91
TTCAAC	90
CTTAAG	90
AAGTGG	90
GTATAA	90
TCGTTA	90
TACCGC	90
AAGACG	90
AGTTCG	90
TCAAGG	90
TTGACT	90
ATTCGC	90
ATGTCT	90
CCATCT	90
GCATTC	90
GGGGAA	90
CCTGAC	90
GAAATC	89
CGAAAG	89
CAAATA	89
TTACGA	89
AAACTA	89
GGAGTA	89
AATTAA	89
GTTAAT	89
TTACCC	89
TACGTT	89
ACAGCT	89
CTTAAA	89
TGAGAT	89
TCGCCA	88
CCGACT	88
AATCGC	88
GCCAAA	88
TGGTTC	88
ATAAGA	88
ATAATA	88
TGGAAG	88
GCGTGA	88
CCTCAA	88
GCGTTA	88
CTGCTA	88
TTGCAA	88
GATTTC	88
GCTCAA	88
GTAGTA	88
TTTTCA	88
GTGATA	88
CTCGTA	88
ATGAAT	88
TTTAGA	88
CCGCTG	88
CGTACC	87
AGTTGT	87
CCAGCT	87
TGTCGC	87
TACATC	87
TGACAA	87
ATGTAA	87
CGGATT	87
GATTCA	87
TTAAGA	87
GGCTGC	87
AGTTAA	87
AGCGTG	87
GGTGGT	87
TCACGC	86
ATGGCT	86
AGTAGA	86
TCTAAA	86
CGATGA	86
ATATAA	86
AAGATA	86
GTAGAG	86
TTGTGG	86
TTATGA	86
CTGAAC	86
CCTTGA	86
AGACAG	85
GCGTCA	85
CCAATC	85
CGAAGC	85
CCACTT	85
TCTTAT	85
GCCGCA	85
AATTCA	85
GGCAAG	85
CTCATA	85
GGTGCT	85
CTAAAT	85
CGTCGT	85
TCTTCT	84
AGTAAA	84
AACGAA	84
TTTAGG	84
CGACGC	84
CAAGGA	84
GGATAA	84
TTCAAT	84
TCATAG	84
CGAACA	84
TTGCCG	84
AACTTT	84
AAACTT	84
CGGTCA	84
CAGTTC	83
GGCGCT	83
AGAGCC	83
TCAGAT	83
GCGGCG	83
CAGGCA	83
AGATAA	83
TGAGGG	83
TCCAAC	82
TCCATA	82
TGCAGG	82
CTGTTC	82
GAGTTA	82
CCAGCC	82
TCATAA	82
ATAGTG	82
TATCTT	82
CCTTCT	82
CCGATA	82
GTACCT	81
TCACTA	81
AATATA	81
TCACGA	81
ACATTT	81
GACGAA	81
TTCTAT	81
AGCGTC	81
GTCTTC	81
AGAGCG	81
GAGGCC	81
TCGCTT	80
GCAACG	80
TCGTAA	80
TCTTCG	80
TTCAAA	80
AGTGGA	80
CTTCAA	80
CGCAGT	80
CCGGCG	80
CTAAAA	80
GGCTCT	80
AGGTGA	80
TCCTTG	80
CGGGAG	80
TGCGAC	80
GTGGTT	80
GATACC	80
CGTGGA	80
AGTATT	80
CCTTCA	80
TTGATT	79
ACGTTA	79
TGGAGA	79
GCCAGA	79
GGTTCT	79
GTAAGC	79
CGTCGC	79
TGCGTG	79
TGAAGA	79
ACTTGA	79
GGTAGC	79
GAAGCT	79
GAGCGC	79
GGCAGC	78
GTCAAG	78
TACGCT	78
TGTTTG	78
TGTGAC	78
AGATTC	78
CATGGA	78
CAATCA	78
GCTACC	78
TGCAGA	78
TATTAT	78
GTTATG	78
CAGCCA	78
TTACAG	78
TAGTAA	78
TTTAAG	78
TTGAAC	78
TAGAGC	78
ATCGCA	77
TCCCGA	77
CGTGAC	77
TCATTA	77
GATGGA	77
TCAGGT	77
GCAATT	77
AAGGCA	77
CTGGAG	76
GCAGTT	76
GGGTAA	76
CCGGTT	76
CGTTTC	76
CCGATT	76
TAGGAA	76
ACAATG	76
ATTCCA	76
CGCAAC	76
AGTATC	76
CAACCT	76
CCAAAA	76
CGCCGC	76
CCTTTC	76
AGACTC	76
ATGCCA	75
CACGAA	75
CGGCGC	75
TATCGA	75
GTATGT	75
TTTGCC	75
CGCTCT	75
TGCAAG	75
TTTGGC	75
CGCGAT	75
GGACAC	75
TTGTAA	75
ATAGAA	75
TAGAGG	75
CGCCTC	75
TCATCC	75
GAAAAG	75
ACACGC	75
TTATAC	75
TTCAGA	75
CGACTA	75
CGAGTA	74
TCTTAC	74
GACCGC	74
AACGAG	74
CGTAAA	74
CCTCAT	74
CGAGCA	74
TTGGAA	74
TTTGCT	74
ACAACT	74
TCCGTA	74
GTGAAA	74
ACAGGC	74
ACGACG	74
GCTGCC	74
CGCGTA	73
ATTACT	73
AGAGGA	73
CTGAGG	73
GAGTCA	73
ATTCGA	73
CAAAGA	73
TATCGC	73
TAGGGT	73
TTCGCT	73
TCTGTC	73
AACGTC	73
GCGCCA	73
TGGATA	72
ATCATT	72
GATTTT	72
GCATTA	72
TCTCAC	72
CTGAGC	72
TCAAGC	72
ACAAGC	72
GACCTA	72
TCACCT	72
ACGTGA	72
TGGGAA	72
GCCTAC	71
CAGTGG	71
TGGAAC	71
AAGGGG	71
CTTTTC	71
TTTTAG	71
CAGCCT	71
TGCCTA	71
GCGATA	71
TTGGGG	71
CGCCGG	71
CCCATC	71
TTCATA	71
TTGAAG	71
CATCTT	71
ATGCCC	70
CGTATC	70
GCAGCG	70
AGACCC	70
TGCTAC	70
CGAGGC	70
TTGAGC	70
AGTGGC	70
GTCCCC	70
TATTAG	70
AGTGCT	70
CGAAGG	70
CTCAGC	70
CGTTTA	70
GCCAAG	70
GTGCTA	70
TGGCTT	70
CGCCGA	69
CGGCAC	69
CAGACC	69
CAAAGG	69
ATCATC	69
TCGGCG	69
TATCAC	69
ACGATA	69
ATCGTC	69
TATTAC	69
GATAAC	69
TTATCC	69
GCCTCA	69
ACTTCC	69
GGGAGC	69
TGTGCC	69
GGCGAG	69
TGGACC	69
AATTAC	69
AATTGG	69
ACGGCC	69
TACTCA	69
GTGTTC	69
GTTCGC	68
TACCCT	68
GGTATC	68
TTCAGG	68
CATTAC	68
TCAGTG	68
TGAGAG	68
ATACTA	68
TGGTAG	68
GTGACT	68
ACGAAT	68
TGGCTA	68
AGGGGC	68
GCCATC	68
TATGTC	68
GGTCTA	68
CGAGGG	68
TCTACA	68
CAGGGC	68
CCGCAT	68
CGCCTT	67
AAGTCT	67
TGAGAC	67
CAAGGC	67
ATTTAT	67
ACGGCA	67
TACAAA	67
GACGTC	67
ACCTGC	67
ATAGTC	67
TGCCAA	67
GACGGC	67
CATATA	67
CGTGAA	67
CCGAGA	66
AGACGA	66
CCGCCT	66
CAACAA	66
TTTTGG	66
GGATAT	66
CCTAAC	66
GTGTTA	66
CCGTCT	66
GGTCGC	66
TTTACG	66
GGTCGG	66
ACAAAG	65
GTTCCT	65
ACCACC	65
CTAGGA	65
GGAGGG	65
CTTTTA	65
TTGTTG	65
GGTCAT	65
TGGTGT	65
GTCTAG	65
TTCTCT	65
ACTTAT	65
CACGCA	65
CGACGT	65
AGGGCT	64
CGGATA	64
TGTCCA	64
CATGTA	64
TGCTCG	64
GTAGAA	64
GGGGTT	64
ACATTC	64
GGTACG	64
AACTAA	64
AAGTCC	64
CACTCC	64
ACCGGA	64
CGTCGA	64
TACTTC	64
AGGTAT	63
TACCGA	63
CGATTT	63
CTTCCC	63
GAGCCG	63
CTCATG	63
TTGACC	63
GACTTA	63
GCCGGA	63
TTCGGC	63
CTAATC	63
CGACTT	63
TATGAA	63
ACGCCA	62
GCTCTA	62
CTTCCT	62
CGTCCT	62
CCATTC	62
TGTCTC	62
CACTTT	62
CATCCT	62
CGTGCC	62
ATACAC	62
CTGGAA	62
GTGTGA	62
CCTTAA	62
AACCCA	62
GTGCTC	62
GCAGGG	62
GACTTG	62
TATTCT	62
GTATTA	62
ATGTAG	62
ATGTAT	62
AGAATA	62
CAGGCT	62
AGGAGA	62
GTGGCT	62
CCAGAT	62
AAATTC	62
TCTTCA	62
GCTCGC	62
TTGCCA	62
TTGTCA	61
CGTTCA	61
TAGGAG	61
ATCCCA	61
GCTTGA	61
GTTATC	61
ACGAGC	61
CACATT	61
GAGGCG	61
CACGAC	61
CTTTTG	61
TACGCG	61
CTATGT	60
GTTGTG	60
TACCAA	60
AGGAGC	60
TGCCCA	60
CTCGTC	60
ACACTC	60
GAAGAT	60
GCAGGT	60
TCAGGG	60
ACGAGA	60
CCTTTG	60
AAGAGG	60
TAGGTC	60
CCTAAG	60
ACGTCA	60
CCGTTC	60
CGGCTT	60
CTAAGC	59
CTACTC	59
TTCGTC	59
CACATC	59
GATGGC	59
AGACAA	59
CTTCTA	59
GTGTCG	59
GGTAAG	59
CTCACC	59
GTTTGC	59
GACCGA	59
CACGAG	59
TCGTCT	58
TACTCC	58
AACTAT	58
GTCTCA	58
GCTCTC	58
AAACAC	58
TCATCT	58
GTCAGC	58
AGAGAA	58
CGGGAT	58
ATCTAT	58
CGGCGA	58
TTCCGC	58
CTGGAC	58
AGCATG	58
AGACCT	58
GGACGC	58
ATTAGG	58
ACTTCG	57
TGACAC	57
GCAGTC	57
TTTGTG	57
TCTGCG	57
CTGCAG	57
TTATCT	57
ACCGCC	57
GCTCGG	57
CACCGC	57
TACTCT	57
GCTTTC	57
ACCCTA	57
ACAACC	57
ACTTCA	57
CCAACT	57
AAAATC	57
CCTCAG	57
GACGGG	56
CACGCG	56
AGGATT	56
CGCAAA	56
GCTTAG	56
GCTGCG	56
TGAGGA	56
TTGTAT	56
GGTTCG	56
TGCGCG	56
TACCAC	56
TACGGA	56
AGATCC	56
GTGGAC	56
CTATCA	56
TCTACC	56
GTCTGC	55
GCGAAC	55
GCCTCT	55
CGACGA	55
ACTATC	55
GACCAC	55
GCGCTC	55
AGTGAG	55
GCAGCT	55
ATCGGA	55
AGATCG	55
TGTCAG	55
GGGAGA	55
CTCTCT	55
CTGAGT	55
CAAGCG	55
TCTCCA	55
GTGTAA	55
CCTAGA	54
GGCGGA	54
TTTCGA	54
GCGACC	54
CGCAGC	54
AGCTAC	54
ATTGAT	54
CGCGGA	54
AGTTGG	54
ACACTA	54
ACGCGG	54
GTAGTT	54
ACAATC	54
CAAGCC	54
TCCTAA	54
CTGTCT	54
CTGTCG	54
GTCGCG	54
AGCGAC	54
TAGGGA	54
CTCGAG	54
ACTTGG	54
GACGTA	54
CAGCTA	54
GGATCT	53
TGTCTT	53
CGACAG	53
AGGTCT	53
CGCAGA	53
ACGAAG	53
AGGGAT	53
GCCGAA	53
GTCCAC	53
AGCTGC	53
TGCAGT	53
CTAATA	53
TGCAGC	53
ATGGTC	53
TTAGTC	53
GACAGC	53
TGGGTT	53
TTGGCA	52
ACCGCA	52
TACGTG	52
CCACGG	52
ATAGAC	52
TTCGGG	52
TCCCTA	52
TACAGG	52
GGCCCC	52
TAGCTC	52
CACAAA	52
TCGTGA	52
GGTCCG	52
GGGCCG	52
CGTGGC	52
CCGTGG	52
CTAGTA	52
CTCAAG	52
ACCTTC	52
CCGTAA	52
GCTCGA	51
TACGCC	51
GCTATG	51
GGACTC	51
TCATTC	51
TGTCCG	51
AGGCAA	51
CGCAGG	51
GTGACG	51
AGTCTA	51
GGCAAC	51
CCTTCG	51
TGCGCA	51
TGCGGC	51
TCTGGC	51
CTCGCC	51
ATGTTA	51
CTAAAC	50
TTGCGC	50
TATCTA	50
ATCGGC	50
AGACGC	50
CCAAAG	50
TGGGAG	50
TAGGTA	50
GGTGTG	50
TTGTCT	50
GGAGAA	50
ATAACT	50
ACATCT	50
TCACAC	50
TGCGGT	50
ACAGTC	50
AATTCT	50
ACTTGC	50
ATCCTA	49
TCGGGA	49
ACTGCG	49
CTTACC	49
GTAGGC	49
GTGGTC	49
GACTAA	49
GCTCAC	49
GCTCCT	49
CGCAAT	49
GGCCAC	49
TGCGAT	49
TGCGCC	49
CGCGCT	49
GTCCAA	49
TATGAC	49
CGTCCC	49
CCAGGT	49
TGTGTG	49
CCCGGC	49
CGAATA	49
TGTGCT	49
AGTGTC	49
CCTCTA	49
AGGTAG	49
ATCCTC	49
CCTCTT	49
GAGCCT	48
CCCGAA	48
GTGAGA	48
ATTTGC	48
TGTGGT	48
GGAGTC	48
CCGCGG	48
TCAACT	48
GCACCT	48
TAGCGG	48
ATCCCC	48
ACGGAG	48
ATGTTC	48
ACAGCA	48
TGGTCT	48
ACCAGG	48
CGCGTC	48
CGGCTC	48
CACCGG	48
ATACAT	48
GAACGC	48
CTGGCT	48
TGCCAG	48
GCTCCC	47
CGGACC	47
GAGCAC	47
TGTATC	47
TCGCGA	47
ACGGCG	47
AGTGAT	47
GGCGAA	47
TGGCAG	47
TCAGGC	47
CTCCTA	47
TTGCGG	47
CCAAGT	47
GCGTTC	47
TCGAAA	47
CGTTAG	46
TAGATC	46
TTACGC	46
TCTGGA	46
TTCTCC	46
GCGGCT	46
TCTGCA	46
CGACTC	46
CGGTGG	46
ATGGCC	46
CCAGAG	46
CGGCCA	46
TTTCGC	46
TGATAG	46
GAGCCA	46
TCCAGA	46
CTGGGA	46
CTACAC	46
TCATAT	46
CTACAA	46
TAGCAC	46
TGACCC	46
TAGCCT	46
CTCGTG	46
GCGTCG	46
TCCTCT	46
ATTGAA	45
GAGTCT	45
AACACC	45
GGTAGA	45
CAAGTC	45
GCGAGA	45
TGGGCA	45
CGGGCA	45
CCCGAC	45
GCGATG	45
ACACTT	45
AGTTGA	45
CCATTT	45
CCTCCC	45
TCCTAC	45
TGGTAC	45
TCGCAA	45
CTGCGA	45
TCGCTA	45
TCTAGG	45
TCTAAC	45
ATCCGA	45
TAGTGC	44
CAGGCC	44
CAGACT	44
GCCACT	44
TGCATG	44
TGCGCT	44
GTAGGA	44
AGTTCC	44
GCACTA	44
GGTGTC	44
ACAGAC	44
TTCGAC	44
CGCCCT	44
CAATTC	44
GTTACC	44
GACTCC	44
TCCTAG	44
AGTAGG	44
ATCGCT	44
CGTAAC	44
GGTGTT	44
CGAAAT	43
CGTAGA	43
AGTCGA	43
ACTGAG	43
TTAGGA	43
CTAGTT	43
ACTATG	43
GAACCG	43
AGTCTT	43
CCGGGC	43
ATGTGC	43
TCGTTT	43
ATTTAC	43
TGCACA	43
ACCACT	43
TAGTTT	42
TCAGTC	42
TTCCAC	42
GTACAC	42
GTAGCT	42
GAACGA	42
CCGTTA	42
TGAAGC	42
ACGGTC	42
CTAGAC	42
TGGCAA	42
GCAAAT	42
ATCTAA	42
GCCCCG	42
CCAGCG	42
AAGTGC	42
CGAGGT	42
CATTTA	42
ACGGGG	42
CACGAT	42
TGCGGA	41
CGGAGT	41
TCGAAG	41
TCGCAG	41
GCCTTA	41
CCGCAA	41
CTCCCA	41
CCGTTG	41
ACACTG	41
CGGACG	41
CCATCC	41
GAACTC	41
CGCGAA	41
GTGAGG	41
GTTCTC	41
CGGTCT	41
CGGGTA	41
CCTAAT	41
TCATCG	41
TCACAT	40
TGGCCG	40
GCGAGC	40
AGAACC	40
AGGGGA	40
GCTGGG	40
CGACCT	40
AGACTA	40
CAGCCG	40
ACTCAG	40
CTATGC	40
CGTGTT	40
GCGGAA	40
CCCCTT	39
GATACA	39
CGGACT	39
CATCCC	39
AGGTCC	39
GCCTAA	39
CACAAG	39
TTGGAC	39
TGACCT	39
GCAGAC	39
GGAGAC	39
ACGCTA	38
TGCCCG	38
CTAAGA	38
ATGGGC	38
CTGCGC	38
CCAATT	38
CGGAAC	38
TCCGCT	38
TTCCCC	38
TCCTCA	38
CGAATC	38
TTCGAG	38
GGATGC	38
TGTTCG	38
TACGAC	38
CTGTGT	38
CAGAGA	38
ATGCAC	38
CCATCG	38
CTCGCA	38
GTACGA	37
CTCTCA	37
GCCCAT	37
ATTATA	37
CCCGTC	37
GTGAGC	37
CCGGAT	37
TGGCTC	37
GCGACG	37
ATGGGA	37
AGCCGA	37
ATTTCG	37
TGTGAG	37
TATAAA	37
GGGTGC	37
CTGTGA	37
TACTGG	37
AAGTAT	37
TCTCCC	37
CCGACC	37
ACTAAC	37
TTTATA	37
GTCGGA	37
CCGCTA	37
AAGACC	36
CCCTTA	36
GCGACT	36
TGTACG	36
TGTGTA	36
TGTACC	36
CCCAAG	36
CTTAAC	36
CCTTCC	36
GCGGTC	36
ACGACA	36
CATGTC	36
CAAACC	36
TTCGCC	36
CGCATC	35
ATAGCC	35
GCACTT	35
TCTTCC	35
TACCCC	35
TTGTAG	35
CATGGG	35
CGTGCA	35
CGGCCT	35
GAGAAC	35
GGGTGA	35
GTGTCA	35
TCGGAA	35
CGACCG	35
ACACGA	35
GGTTCA	35
GTTCGA	35
CCATAG	35
CTTGTC	35
CGTTCG	35
AAAGAT	35
GTTACG	35
ACCTTA	35
ATTAGT	35
ACTTTC	35
ACCTCC	34
AAAGGC	34
CCTCAC	34
GGAGCT	34
TACGGG	34
CACGCC	34
CTCCCG	34
GCGCAA	34
GCAGCC	34
ATCAAT	34
CGGCGG	34
CCCTTC	34
TTGCCC	34
AGAGCA	34
GAGGAT	34
GGCTGA	34
TACTTA	34
CGCGCA	34
CGTGCT	34
GTAGAC	34
TATGGG	34
GAGGGA	34
GGGCAA	34
GTGTGC	34
GTTAGG	34
CCCCCC	33
CCCAGC	33
GCTATC	33
GCATCT	33
CTGCAC	33
AGTTAG	33
ACCCTT	33
TGCATC	33
GTCTTA	33
CCAGTC	33
CTCCTC	33
CCCATG	33
CAAAAG	33
ATGTCC	33
CCGTCC	33
TAGCTG	33
GAGGAA	33
CGCCTA	33
CGCCAC	33
ACCCCA	33
TACTAT	33
GCACTC	33
CCTGTC	33
GATAGG	33
AATTGC	33
GAACTA	32
ACTAAT	32
ATGTGA	32
ATGTCG	32
ACGGGA	32
GGCTTA	32
TATTCC	32
ACTCGC	32
CTATCC	32
ACGCCC	32
GGAGCG	32
GTGTAC	32
AGCAAA	32
CCACAC	32
CAGGAT	32
AACCCC	32
TCCGAG	32
TACTAC	32
AGGTGC	32
GAGGGG	31
TCCCCA	31
GTCTCC	31
GTATAT	31
CAACGA	31
TAGTTC	31
GCACGA	31
ATATAC	31
CGGTAG	31
TGTCCC	31
CACAGG	31
GTATTC	31
GCGAGG	31
CGAGTC	31
CTTCAC	31
ACATCC	31
GGGCGA	31
TTTCCC	31
TTATAA	31
GGGCGG	31
TAGATT	31
GATTCG	30
AGTTAT	30
ACATTG	30
CCTAAA	30
GATCGA	30
TACATT	30
GCGCCG	30
GGGTCA	30
GAGGCA	30
CTGCCT	30
CGATCT	30
GGGCTT	30
GTCCCA	30
TTCCCT	30
AGGTCG	30
CCGACG	30
ACTCTC	30
AACTGC	30
ATTGTC	30
CACTCT	30
CCCTCG	30
CTCCGC	30
ATTCCT	29
GCCAAC	29
CGGTGC	29
CCTAGT	29
TCCCTC	29
TCTTAG	29
ACAGGG	29
GCTGTC	29
TTATTC	29
TCTAGA	29
GAAAGC	29
CGGTTC	29
CGAGTG	29
CCCCGT	29
TGCGAG	29
ATGACT	29
TCCGCC	29
TGGGAT	29
GCCCCT	29
TTAGGC	29
CGGGGA	28
AGGTGG	28
GCTTCA	28
CAGCGC	28
GGCACC	28
CCCTGC	28
CTTAGA	28
TCCCAG	28
GTGCCG	28
TGTGCA	28
TGCCGG	28
CCTATC	28
AGCCCC	28
CTTATA	28
AGTATA	28
TTGTGC	28
CCCTCC	28
CCTATG	28
TCCTTA	28
TGTAGA	28
CGCGAG	28
TACGGT	28
CGGAGC	28
TGGGGA	28
CCACGC	28
ATTCCC	28
CTGATC	28
GCGACA	28
CCTCGA	28
TGGGTG	28
TTAGAA	28
GAGCTA	28
CACCTA	28
TTGTGA	28
TACCTC	28
AGTACC	28
CACACT	27
TTCTAA	27
TCCGGC	27
CACACC	27
GAGTTC	27
AAGAAT	27
TCTAAG	27
TCCGCA	27
CGCACG	27
CCCGTA	27
AGAGGG	27
TCGTGC	27
GGAGAT	27
GCCCTC	27
GTGTTT	27
CTGTGC	27
CCGAGG	26
GCGAAA	26
TGATCT	26
GATCCA	26
TCGTTC	26
GTTCCC	26
ACCTCT	26
ACTCTA	26
TCACAA	26
CGCCCC	26
ACAGCC	26
GTAGCC	26
TCATGT	26
GCGTGC	26
CGATGT	26
TTCGGA	26
ATCCGC	26
GGGGAC	26
AGCGGA	26
GGGGGA	26
TACACC	26
GCGGAC	26
TAGCGC	26
CATGCA	26
GCGCTG	25
ATCGCC	25
TAGAAG	25
ACAATA	25
TGCCTT	25
ACGTCG	25
GAACTT	25
GGCCAA	25
TAGCTA	25
TACAGA	25
TCGGCC	25
CTACCT	25
CCTATA	25
CCGATC	25
GTGGCG	25
CACAAC	25
TCGGTC	25
ACGCTT	25
ACCTAA	25
ACGTGG	25
TGCACC	25
ACGACT	25
TCGACC	24
CACGGC	24
GTGCAC	24
CGAGCT	24
GCAACC	24
GCACGC	24
ACAGTG	24
GGTCGA	24
GGGCCT	24
ATTACA	24
TGCTCT	24
CCCATT	24
GTAGTC	24
CCATTG	24
CCGGAG	24
GGGGTA	24
GCGTCC	24
TTGCCT	24
CGGGGC	24
ACTACC	23
ACAAAC	23
TAGGCC	23
GGTACA	23
CAACCC	23
GCTCCG	23
TAGGCT	23
AGCCGG	23
TCGAAC	23
ACCCGA	23
TCCCAT	23
TCCCCC	23
CAGTAC	23
AGTGCA	23
TAGTTA	23
CAATTA	23
AGTACG	23
GTACTC	23
TAGTGA	23
TGTCGA	23
TTCACC	23
ACTAGG	22
GGGTCT	22
CTAGGG	22
GTTTCG	22
GGAGGA	22
CTATCT	22
CCGATG	22
CATCTA	22
TCGCCG	22
CTCAGA	22
TGGGTC	22
GTTGGG	22
ACAAGT	22
ACATGA	22
AAGTTC	22
ACTATA	22
CAATCG	22
CGGCCC	22
AGCCCG	22
GGTGAA	22
GAGATA	22
CTGGCC	22
CGCGAC	22
GAGTGC	22
CCTTAC	21
TAGGAT	21
TCAGCC	21
GTATCT	21
TCACCC	21
CCTGTG	21
ACTTAG	21
GCAGGC	21
TTTACA	21
TTGTGT	21
GTGAAG	21
CCATGT	21
TACAGC	21
GAGCGG	21
GCTAAC	21
CGGCTA	21
CCTCGC	21
CCCCGA	21
CTACCC	21
ACACCC	21
CTGGGC	21
AAGCCC	21
GGATAG	21
AATCTA	21
GGGCGC	21
TACCTA	21
CAGCTC	21
CCTACC	21
GAGTGA	20
GGTCTT	20
ACAAGA	20
GTGGAA	20
CGCACC	20
TCTGGG	20
GGGACC	20
TGGGGG	20
GGGGCG	20
GACTCT	20
CCTCCG	20
ATGGAG	20
GTTAGC	20
GTTAGA	20
TGCACT	20
GCGCTA	20
AACTAC	20
CTCCAT	19
GCAAAC	19
AGCGCG	19
AGGGAA	19
CACCCT	19
CCGAAA	19
TGGGGT	19
GTGCCT	19
TCGGAT	19
CCCCTA	19
CGTCCA	19
ACAGGA	19
AGAGAG	19
CACCTC	19
TGGAGC	19
CTACGC	19
TCCGTC	19
CCGGAC	19
CCAGAC	19
TGTCGG	19
CCCCAC	19
CTTAGT	19
CTGTCC	19
GTCACC	19
CGACAA	18
GATCGC	18
GTGAAC	18
GATCAC	18
CGCTCC	18
CCTCCT	18
CGGTCG	18
GTGTCC	18
TTAGAT	18
GAGTCC	18
TACCCG	18
TCAGCT	18
GACCCA	18
GGGACG	18
GGCGCG	18
CCGAGC	18
GGCTAT	18
GTTTGT	18
ATAGAG	18
ACATCG	17
ATCCCT	17
ACACAA	17
TCGCCC	17
GTCTGA	17
GCATCC	17
ACATAT	17
GTGACC	17
CACCCA	17
TGGACG	17
GCGGAG	17
TTTGGG	17
CGTACA	17
CGAGAG	17
TTCACA	17
TTACAC	17
TCCGAC	17
CAACAC	17
TGTGAA	16
TCTGAG	16
GTAGGG	16
CCGCTC	16
TCCTCC	16
CCCAAC	16
TTGTCC	16
ACGCGC	16
GGTAGG	16
TGGTCC	16
AGCGAG	16
GCTAGT	16
GAAACT	16
GGGACA	16
CCTCTC	16
CGTGAG	16
CAGGGA	16
CGGGGG	16
AACGGG	16
CCGCAG	16
TCCGAA	16
TCACTC	15
TCTAGC	15
CGGAGG	15
ACGGCT	15
TCAGAC	15
GTGTCT	15
GACGGA	15
CCCCTC	15
AATTGA	15
TTGGCC	15
TGAACC	15
GTCATC	14
CCATGG	14
GGGGCC	14
TTACAA	14
CCGCCG	14
CAGAGG	14
CCGCCC	14
TCCCAC	14
TGCCTC	14
GCCGGC	14
TCGCAT	14
GGTCCT	14
AGCCTA	14
TCGTCC	13
ATCGAC	13
GATCCC	13
TCGTGG	13
TTCGCA	13
CCTTTT	13
GAGACC	13
CCAGGG	13
CCAGTG	13
AGTGCG	13
TACAAG	13
TTCACT	13
CAGTGC	13
ACCGCG	13
CTCCCC	13
CGACGG	13
CAGTCT	12
CCCCCG	12
TCCCTT	12
ACGCCT	12
TCGGAG	12
CTCCGA	12
GCCCGA	12
TTGAAA	12
GTCTCG	12
GGGGAG	12
CACGGG	11
CGCCCG	11
GATCAA	11
CGATCG	11
GTTCTA	11
GCATGC	11
GGTCTC	11
ACTCCA	11
GTGGAG	11
GAGGGC	11
AGATCT	11
TCGATG	11
TGATCG	11
CCCCTG	10
GGCAGG	10
TCGGCT	10
ACACCT	10
CGGAAG	10
CTCGAA	10
AGCTAG	9
TCGATC	9
GGCGGG	9
AGGACA	9
TCGGAC	9
ACCCCT	9
GCATCG	9
TCAATG	9
CTAGGC	9
CTAGCA	9
AGGATC	9
GGGGCT	9
CACCCG	8
TCCAAT	8
TGTACA	8
TCGGTG	8
ACCCGT	8
CCTTGG	8
GACCTC	8
CGCGCG	8
TAGAAC	8
CACTAG	8
TACCGG	7
TGTGTT	7
CGGGCG	7
GGGTCC	7
GTGTGT	7
GAGATC	7
GCCCAA	7
GGATTC	7
CCGCGC	7
CTAGTC	7
CACCAC	7
CGGAGA	7
TCACGG	7
ACTCGA	7
GACATC	7
AGTTCT	7
TGGGTA	7
GCGATC	7
TCCCGG	7
TCGGGG	7
ACGATC	6
ATGCAT	6
TGTATA	6
AGGTTC	6
TCCCGC	6
AGTGAA	6
AGCGCT	6
GCCCGC	6
AGGGCA	6
AGAGAC	6
GGCTCG	6
CCTACG	6
GTGCNT	6
GTACAA	6
TGTTGT	6
AGTGGG	6
GGGCAG	6
ACCCAC	6
AACACA	6
GCTATA	6
ACACAC	6
AGTTTC	6
TCACCG	6
AATANT	6
TAGGGG	5
AGGACC	5
TGATCC	5
GGAGCC	5
GATAGA	5
ATTGGA	5
TGATCA	5
ACCCAA	5
GGCTAG	5
ACAACA	5
CGTGGT	5
GATCCT	5
CTAGCC	5
ACTCGG	5
TGTCCT	5
TACTAG	5
CGGGAC	5
CCCCCT	5
GTCTCT	5
CCCCAG	5
CGTAAG	5
GTATAG	5
AGAACA	5
CTGTAT	5
AGAACT	5
GCCCAC	5
TTGCAC	5
CAAGGG	5
GATGTC	5
AAACCC	5
TTGCTC	5
GGGATC	5
TAGCNT	4
GAACCT	4
GGATCG	4
ACACAT	4
ATTCNC	4
ATAANT	4
GCCCCA	4
TACGAT	4
ACGTGT	4
TGCCCC	4
CGGTTT	4
CTGGGG	4
GGGGTC	4
CGGTGA	4
CGGGTC	4
CGGGCC	4
AAGTNT	4
ATACNT	4
CTAGTG	4
CGGATG	4
CGGATC	4
CTTTCA	4
TGGGCC	4
CCAGGA	4
AGGCCC	4
ACGTCT	4
GTGGGA	4
GGTGCG	4
GTGGTG	4
GTATGA	4
GTGCGA	4
GGTGGA	4
ACTGGG	4
GTGGGT	4
TGTGTC	4
TACTNT	4
GTGCGC	4
CATCGA	4
GATANT	4
GATATC	4
TACACT	4
ATCTNT	4
GATATA	4
TTCANT	4
GTACNT	4
TTACNC	3
TAACNT	3
CACGTC	3
GCGGGG	3
TCGGGC	3
GGGCAC	3
ACAACG	3
GTTGNC	3
TGGGCG	3
GTACNG	3
CCCGCG	3
ACTACA	3
AGCCCT	3
GCACCC	3
ACATGT	3
TGGGGC	3
TTGATC	3
ACCCGC	3
TTGGGC	3
TAATNC	3
GCGAAG	3
CGTGTC	3
GGCTNT	3
ACGCAT	3
TCCCCT	3
ACTAGA	3
GGGATA	3
GTGANT	3
TGTTAG	3
GAAANG	3
ATGANT	3
AAGATC	3
GCATNG	3
GCATGT	3
GAACCC	3
CCTGGA	3
CCGGCA	3
ATTCNT	3
ACGAGG	3
CTAGAA	3
GTTTNC	3
GAGTNT	3
TAGTAC	3
ACCTAG	3
CTATNG	3
GAATNT	3
TGGATC	3
ACCCCG	3
CTGGAT	3
AACGNT	3
TACGTC	3
CGCCCA	3
CTGANG	2
TTCTAG	2
GTAANC	2
AATCNT	2
AAGANT	2
GCTACG	2
ATATNT	2
AGGTNT	2
GATTCC	2
GCTAGC	2
CTCTNA	2
GACGNG	2
AGGGNT	2
TAAGNG	2
CCCCGG	2
CGTAGG	2
CAGATC	2
ACTAGC	2
CGTAGT	2
GCTCCA	2
CTGAAG	2
NTCAGT	2
TTCGAA	2
CGATNG	2
CTATNA	2
TGTGCG	2
CCGGGT	2
ATATAT	2
CCGGGG	2
CAGTCA	2
ATCCNT	2
TATTNT	2
TCGTTG	2
AACTNT	2
GTGCNA	2
ATTCNA	2
GAGCTC	2
GTAGNC	2
CTACGA	2
CTAANA	2
ACGGGT	2
TGGCCC	2
GGCANG	2
TGGGCT	2
CCCGTT	2
AATANA	2
CCGTGA	2
TAGTAT	2
TGCTAG	2
NTATTT	2
TACCNG	2
ATCGGG	2
NTATGT	2
TAACNA	2
GGCTCC	2
TTTANC	2
CGTTCC	2
NGACAT	2
CTCCCT	2
TAGANC	2
TGGGAC	2
TACAAC	2
TCAGAG	2
TATCNT	2
AATTNT	2
TAAANT	2
CGGCCG	2
AGTANG	2
GCGCAC	2
CACATG	2
CCACNC	2
GGTANG	2
CTTCNA	2
TGTTCT	2
CACCCC	2
GGTTNT	2
AGACNA	2
GTGTNG	2
TAATNT	2
TTACNG	2
GGTACC	2
TCCGGA	2
AGATNC	2
CCTGCC	2
TTCTNT	2
ATGCNT	2
GTGATC	2
CCTGGC	2
TCCGGG	2
GCTAAG	2
CCTGGG	2
AGGGGG	2
TAAANC	2
GCACNT	2
ATGCNG	2
AGTACA	2
AACANT	2
GCCCCC	2
AGGGCC	2
CACCNT	2
CGGGTT	2
ACTCNT	2
GGGGGT	2
ATGGGG	2
GGGGGG	2
NGATGT	2
GGTCCC	2
CGGGGT	2
CATANT	2
GCGGGC	2
CGCGGG	2
CACCGT	2
ATCANT	2
AAAGNT	1
CGTTNC	1
CGTTNA	1
NTGGTA	1
CGGANA	1
AATGNA	1
CGCTNT	1
GGCGNT	1
ATATNC	1
NACCAC	1
CTAANT	1
NAAGAG	1
NAGAAA	1
CGAGGA	1
GGCGGN	1
AGGANG	1
GGCGNC	1
CGATCA	1
TGTCNT	1
NTGCCT	1
GTAGNT	1
TAGGGC	1
ATCANC	1
NAACGT	1
TAAANA	1
ACCTNT	1
ACATGC	1
NAAGAT	1
TTTCNG	1
NTGAGT	1
GGTANT	1
AAGCNC	1
ATGANA	1
NACTGC	1
TTTTNT	1
NTAGCA	1
NTGACC	1
ACGGGC	1
CCGGTC	1
NACGGT	1
ATGCNC	1
GGTGGG	1
TAGCNA	1
ATCTNC	1
CGGGCT	1
CGTCNA	1
TATCTC	1
TGTTNT	1
CCTTNT	1
TACANC	1
TANAAT	1
NTTTGG	1
CCTANT	1
ACCANT	1
NAAAGT	1
GTTTNA	1
CGGTCC	1
GGGCCC	1
NTCACT	1
CGTATA	1
ATCTNA	1
CGCGCC	1
GTAANT	1
CGGTNG	1
TAGTNC	1
TAGGNT	1
GGGCTA	1
NACGTA	1
GGGGGC	1
TGGTNT	1
TGGTNA	1
GGGGCA	1
ATGGNT	1
AATTNG	1
GGTGNA	1
GGTGNT	1
NAAGGA	1
ACCTNC	1
ATNCGG	1
GTACNC	1
CTCGNA	1
GTACNA	1
NACCAT	1
AAAANG	1
CGCACT	1
NTTATT	1
ATNAGT	1
NAACAC	1
NTAGTT	1
CCTCNA	1
CGTGNA	1
NAACAA	1
CGCGNC	1
NAAATG	1
ATGTNT	1
ATGTNC	1
TATGNT	1
CGGGAA	1
ATCCNC	1
TATGNA	1
TATCNA	1
CCGTGC	1
NACGTG	1
TGAANC	1
CCACNT	1
TGACNT	1
GTTANT	1
GTTANC	1
TACGNG	1
GCCCNT	1
AANTCC	1
NCACAT	1
TTAGNT	1
CCAANC	1
GAAGNC	1
GAAGNT	1
CCAAGG	1
GCCGNC	1
GTNTCA	1
ACAGCG	1
ATAAGN	1
NCCAGT	1
AANTCT	1
GTNTAT	1
TGAAAG	1
ACACNA	1
CATTNA	1
ACAANT	1
GTGANA	1
AANTTT	1
TGATNT	1
GTCTNA	1
GCGGGA	1
GCGGCC	1
TAACNG	1
TAATNA	1
GTTCNT	1
TCCCNT	1
CTTANC	1
TACGAG	1
GTTCNC	1
AACANA	1
GTTCNA	1
CCATNT	1
NGCGTC	1
TGATNG	1
TGATNC	1
AAGTNG	1
AGCANC	1
AACANC	1
NATCGA	1
TGAGNT	1
ACTCCC	1
CACANT	1
TCCGNA	1
CTTTNG	1
GCCGNT	1
CAGTNT	1
TAAGNC	1
CAGACG	1
NCGTTA	1
AGTGNT	1
TCGGNA	1
TCGGNT	1
GTGCCC	1
ACAGAG	1
CANTTG	1
NCTCGG	1
TCTCNC	1
CAGCCC	1
GATCNC	1
CATANA	1
GATCAT	1
GAGANG	1
NCTGCT	1
GAGCAA	1
TTCGNC	1
NCTGGT	1
GAGCCC	1
GANTTG	1
GANTGT	1
NCTTTG	1
GAGGTC	1
TCTANA	1
NCCTGT	1
NGCGAT	1
TCTTNT	1
TCTTNG	1
CATTCG	1
AACGNG	1
TCGANC	1
AGACNT	1
TCGANG	1
GCACNA	1
GTGCAA	1
AGACNG	1
AACGNA	1
GACCCC	1
AGGANA	1
NGCAAA	1
AATACA	1
ACTGNA	1
TCTGNT	1
ACTGNC	1
ACTGNG	1
CACTNC	1
GACCNA	1
TCGCGC	1
NCGAGG	1
CACTNT	1
ACCGGC	1
TGCGGG	1
CTAGNC	1
TACCNT	1
TTGGNG	1
GCTTNT	1
TTGGGT	1
CAAANT	1
ACNTTT	1
CAGGNT	1
NAGCTT	1
TGCGNT	1
TCATNA	1
TTNAGC	1
TTNATT	1
CCGCGA	1
GGATCC	1
ACTACG	1
CTAGAT	1
ACGGNT	1
TGCGAA	1
ATACNC	1
NTAAGT	1
ATACNA	1
CTCCNG	1
CCGAAT	1
AGCTNT	1
GTTGNG	1
AGNTTT	1
CCGAAC	1
GGACNT	1
TTGTAC	1
TCACNG	1
NGTCGT	1
TTAANA	1
GTTGAN	1
TCAGNA	1
TCAGNT	1
CCGANG	1
NGTCGG	1
NAGCGT	1
TGGANT	1
NGTCAT	1
NAGCTC	1
AAATNA	1
GGAGNT	1
GCNCAC	1
ACCCGG	1
CTGANC	1
TTNTAT	1
GCTAGA	1
CTACNT	1
TGCCCT	1
ACTAGT	1
AGCGNT	1
AGCGNC	1
TCCANA	1
TTNTCG	1
AGCGGG	1
CAAGNA	1
NGGGTG	1
ACAAGG	1
CTGGNC	1
NAGTCC	1
CCCAGT	1
TTACNA	1
TAACNC	1
CTGTNC	1
GCTCNT	1
NGGTGT	1
TGGCCA	1
NGGTCG	1
NGGTAG	1
GCTCNG	1
NGGTTA	1
TGCCNT	1
TGCCNG	1
TTGCNT	1
NTACAT	1
