process_radtags v2.1, executed 2018-10-25 11:16:21
process_radtags -p /panfs/pfs.local/scratch/sjmac/b961k922/kinbre/b017_macdonald/data/intercross_f18/raw/Sample_Sam3852_F18_p10/ -o /panfs/pfs.local/scratch/sjmac/b961k922/kinbre/b017_macdonald/data/intercross_f18/raw/Sample_Sam3852_F18_p10 -b /panfs/pfs.local/scratch/sjmac/b961k922/kinbre/b017_macdonald/info/b017_p10_barcodes.txt -i gzfastq -e mseI -r -c -q
File	Retained Reads	Low Quality	Ambiguous Barcodes	Ambiguous RAD-Tag	Total
Sam3852_F18_p10_TAGCTT_L008_R1_001.fastq.gz	21100520	282328	454279	229008	22066135

Total Sequences	22066135
Ambiguous Barcodes	454279
Low Quality	282328
Ambiguous RAD-Tag	229008
Retained Reads	21100520

Barcode	Filename	Total	NoRadTag	LowQuality	Retained
AACTCG	Db3852	177685	516	2284	174885
ATCACG	Dsam	192469	6100	2464	183905
CGTCTG	10a.07	192060	654	2678	188728
CTCTAC	10a.10	303347	734	4011	298602
GCGCGT	11a.06	109029	1035	1396	106598
AAGGAC	11a.07	230804	1558	3054	226192
TATATG	11a.09	445974	596	5892	439486
GGCATT	14a.11	146148	1870	1881	142397
CAATAT	16a.12	218307	3897	2746	211664
GATGAG	17a.06	350940	948	4484	345508
TCTCGT	17a.15	187667	6811	2400	178456
CATAGC	20a.01	238751	871	3107	234773
CTTGCG	21a.07	73483	1077	926	71480
ATATGG	21a.13	252842	1367	3470	248005
GGTTAC	27a.06	316396	1156	3987	311253
AAGCGA	27a.07	237268	1022	3199	233047
AAACGG	27a.09	98611	1134	1593	95884
TCTATT	27a.10	503680	2761	6576	494343
CCCTAT	27a.12	121435	1281	1617	118537
TCCACG	27a.13	76702	404	980	75318
GGGAAT	28a.01	51874	466	733	50675
TTCCTG	28a.03	73445	906	1102	71437
TAGTCG	28a.04	242666	462	3058	239146
CACTGA	28a.09	259749	3536	3450	252763
GAGAGT	28a.13	347295	10917	4433	331945
GGAATG	28a.14	205225	1128	2604	201493
AGGCGT	5c.01	198985	2825	2528	193632
GTTCAG	5c.02	268925	4027	3550	261348
ACTGTT	5c.03	403371	3044	5144	395183
GACAAT	5c.04	33475	5352	412	27711
CGATAC	5c.05	332838	720	4224	327894
GTCGAT	5c.06	13310	325	216	12769
GATCTG	5c.07	231090	658	3188	227244
CTCGGT	5c.08	61111	6824	796	53491
ACGTAC	5c.09	231725	737	2948	228040
CTAACG	5c.11	310782	842	4042	305898
GCGTAT	5c.12	62985	558	814	61613
TTAGCG	8c.02	257644	920	3270	253454
ACCGAT	8c.04	20032	3188	284	16560
TAAGCA	8c.05	51510	3868	701	46941
GAATAC	8c.06	356257	885	4632	350740
ATTCTG	8c.07	668426	1257	8697	658472
GCTGAT	8c.09	28838	2244	396	26198
CTGACA	12c.01	166133	930	2183	163020
TAGACA	3b.02	208725	700	2684	205341
GGAAGT	3b.05	93820	3390	1236	89194
TATAGT	3b.06	96605	3644	1291	91670
AGCTCA	3b.07	309834	830	4121	304883
CTCTGG	3b.08	380597	569	5065	374963
TGAATT	3b.12	208249	3202	2676	202371
CAACTG	3b.14	206999	1493	2759	202747
ATGATG	6b.03	398555	1502	5162	391891
GTCCGG	6b.05	212562	476	2802	209284
GCACAG	6b.06	329626	544	4404	324678
ATCCAG	6b.10	257011	1018	3617	252376
GAATGG	6b.15	202052	3891	2755	195406
TGTAAT	7b.01	42776	882	600	41294
TCTCTG	7b.10	299671	654	3906	295111
AAATAG	7b.13	510419	1914	6731	501774
AACCTG	7b.14	199105	1303	2678	195124
TAATTG	7b.15	51872	5391	675	45806
GAGTAG	9b.07	365509	979	4738	359792
AATCCG	9b.11	155995	1222	2082	152691
GTAACA	cage.01	304343	1070	3932	299341
AAGCAG	cage.02	244490	2803	3250	238437
AATGCC	cage.03	159655	1341	2160	156154
TTACTT	cage.04	415403	6732	5374	403297
AAGGTT	cage.05	395609	6477	4885	384247
AGAGTT	cage.06	231500	5820	2885	222795
AGTCAC	cage.07	354512	3190	4494	346828
CAGGTG	cage.08	195009	705	2486	191818
ATCTTG	cage.09	384143	1268	5111	377764
GGACCA	cage.10	140144	612	1833	137699
TTTCAT	cage.11	239929	4295	3145	232489
CATTGT	cage.12	158155	4482	2112	151561
AATAAG	cage.13	688740	1627	8872	678241
GGGTTG	cage.14	201046	622	2662	197762
CCACCA	cage.15	250099	1077	3375	245647
GTTGCA	cage.16	403965	1255	5166	397544
CCCACA	cage.17	180360	498	2395	177467
GTCCTT	cage.18	197136	1390	2632	193114
GCCGTG	cage.19	86518	1099	1096	84323
GACACG	cage.20	157630	386	1979	155265
TGACTG	cage.21	204544	545	2725	201274
GCCTGG	cage.22	90260	918	1143	88199
TCGAGT	cage.23	171735	3057	2233	166445
ATACCG	cage.24	294704	832	3831	290041
GGCCGT	cage.25	115668	1434	1419	112815
GAAGTG	cage.26	276278	4159	3653	268466
AGGCTG	cage.27	149383	919	2036	146428
CGCTTG	cage.28	141321	899	1833	138589
CTTCGG	cage.29	255473	992	3506	250975
AATGTG	cage.30	287623	771	3670	283182
GGCCTG	cage.01	144822	360	1897	142565
ATAGGT	cage.02	104206	15023	1286	87897
AATGGT	cage.03	106182	26335	1120	78727

Sequences not recorded
Barcode	Total
ATCTGT	8570
CTAAGT	7262
TACTTT	6354
GTTACT	6287
CATACT	6113
TTCTGT	5827
AACTGT	5561
ATTTGT	5538
TTCAGT	5216
AAAAGT	4991
TTCATT	4927
CACCAT	4662
GATACT	4491
GTACAT	4268
ATGAGT	4211
TGATGT	4005
TAACGT	3962
CCACAT	3860
GTGCAT	3722
TGACAT	3659
GAAGGT	3569
ATCAGT	3446
TCCTTT	3156
TAGCGT	3031
AGACAT	2987
ATCCGT	2850
GACTGT	2842
AGGTTT	2777
ATGTGT	2770
TAGCAT	2745
AAGTGT	2682
TACTGT	2660
ATGTTT	2614
AACCGT	2440
TAACAT	2438
GTCAGT	2368
GGTTGT	2327
AGTAGT	2321
AACGTA	2294
AACAGT	2080
CTATTT	2074
TACCGT	2041
TTCTTT	1996
GAACAT	1894
CACAGT	1885
AGCAGT	1670
GAATTT	1610
TAGAAT	1607
ACTCAT	1575
AATACT	1547
GACATA	1537
TCCTGT	1499
AGCTGT	1482
ATGCCT	1470
CTACGT	1461
AAGACT	1437
AGATGT	1433
TCAGTT	1402
CTGGTA	1378
ACCTGT	1375
TCCGGT	1369
AGTACT	1347
CATGAT	1324
TAGTGT	1308
ATTCGT	1307
CTACAT	1306
TTGCGT	1284
GAACGT	1279
TAAAAT	1267
TAAAAA	1252
CTAGCT	1198
ACCAGT	1142
GTAAAT	1132
ACTTGT	1123
AAATGT	1114
TAATGT	998
GGTACT	993
GTCTGT	991
CAACGT	985
TAATAA	973
CCTGGT	963
CTTACT	956
TTATGT	935
TCGGTA	934
AATATT	925
CGTACT	885
TAAATA	864
TCTGTA	830
CTACTA	762
CTGTTT	722
TGCTGT	720
ACTACT	715
TTCGTT	714
GTCACT	701
AGCACT	699
TGCATA	671
ATTGTA	663
CATGTT	657
TATGCT	645
CTGTAA	638
CAAGCT	635
GAAACT	634
CTGAAT	632
GAGTTT	626
AGGACT	624
GCATTT	621
ACACGT	614
ATAGTA	612
TAACAA	606
CTTGTT	602
CGGTGT	601
GATGTA	600
GTTAGT	597
CATGCT	589
TAAGTT	580
CGACAT	547
AACATA	546
TCAGTA	545
ACAGTA	540
TCGGTT	539
GCTTGT	523
GTGATT	510
TAAAAG	504
TAATGA	503
AAAGTA	502
GCCAGT	497
ATGGTA	485
CTGCAT	485
TAAGAT	476
ACCATA	475
CATATT	468
TAAAGG	467
ATTCAA	461
TAAAGC	457
TAACCC	455
AAGCCT	453
CGCTGT	448
GGTGTA	448
ATCGTA	442
TAAAAC	436
CAGGGT	433
TAACGA	425
GTAATT	423
TAATCT	420
ACCGTA	415
TAAACT	409
GCCTTT	409
GCCGGT	408
TCATTT	398
CCGTGT	394
CGGTTA	392
CCAGTA	391
CCACGT	385
TAAATC	385
TAACCT	384
CTGCGT	380
CGAACT	374
CTATAA	374
TAATGC	367
TAAAGA	365
GTTTTC	360
TAACTA	360
CAGCAA	358
TGCGTA	348
CCTTTA	345
CTTGTA	343
AAAATA	343
ACGTTT	342
GTTCGT	333
CAAAAA	329
CCGGTA	328
CTGATT	328
ATTTAA	327
TAATCC	326
GTTTAA	324
GTACTA	321
TAACAC	320
CTGGTT	317
TAACCG	315
GATATT	309
CACATA	307
CCTGTA	306
TAACTC	306
ATACTA	306
TGACGT	305
AAGTAA	304
AAAATG	303
GAAATT	302
CAGAAG	302
AGATTG	295
CCATAA	290
CGTATT	290
GCAGTA	288
ATGCTT	287
AGCCAT	287
CAGAAA	286
TTTTTG	286
GGGTGT	283
GCTGTA	282
AAACAT	278
TACATA	277
TCCGTT	277
TGAGTA	277
AATATC	276
TTATCA	275
AGCGTA	275
GGTAAA	275
CTATTC	271
ATTTCT	271
TGCTGG	271
ATTGCT	267
TAACAG	265
ATAACC	263
CAGTAA	262
CACGTA	262
TAAGTC	262
TTCGTA	260
TTAAGT	257
AAATGC	257
TTTAGC	255
CGTTAA	254
AAAAAT	253
AAGCTC	250
AGCAAT	250
AAAGGA	250
TTCTGC	249
TGATAA	249
CATAAA	248
TATTAA	248
GCCATA	248
TTCTGA	248
AATCTC	247
AGCAAG	246
AATCTT	246
AATTTA	245
CCTACT	245
TATGTT	245
TGGTAA	244
CTTTAG	243
AAAGCG	239
CTATTG	239
AGTCGG	236
TAAACG	235
TGATTA	235
TGTTCA	235
GTGGTA	235
ATATCA	235
ATCAGC	235
GTTGAC	234
CGTTCT	234
TAAGGT	234
CAGCTT	233
CAATGC	233
GGACAT	233
GATAAA	232
TTAATA	232
TGCTTA	231
AAGTTA	230
TAAGAG	230
CGCCAG	230
AAGAAA	228
AAACCA	228
AGAACG	227
AACCAA	227
AAATTT	227
TTTTGA	226
GGATGA	226
GGATTT	226
GCTTTA	226
TTTATC	225
AAGAGC	222
TCAAAA	221
GTTTAT	220
GCATAA	219
GTCAAC	219
ATTTTT	218
CATTCA	218
AGAAGC	217
TAACGC	216
AAAATT	216
AAATTA	216
TTATTA	215
AGAAAT	215
GTTTGA	214
TGCTGC	214
ATCTCT	213
ATTTTA	212
AAATGA	212
TTTTTA	211
CGCGTT	211
GATTGC	209
ATGTAA	207
TATTTT	207
TAAGGG	207
ATGCGG	206
TTTACC	206
AGTCCT	206
CGTGTA	206
AAAACG	206
CTCTTT	205
CCAGAA	205
AGTGTA	205
CATGAA	205
AGAAAA	204
TATTGA	202
ATAAAC	202
ACCAGC	202
CATAAT	201
TGGTTT	201
TGTTGA	201
TCAATA	201
AATTTT	201
CGTCAA	201
GTAAAG	200
TAAGGC	200
TTAAAT	200
TTTGGT	199
GACCAG	199
ATCTCC	199
GGCAAA	199
TACGTA	199
TGATGA	198
AGCATC	198
CAGAAT	197
TTAATG	197
GAATCT	196
GACCAA	196
TGTTTA	196
ACAATT	195
TGATGC	195
TGACGA	194
CTCAAA	194
GGAACC	193
GCAGAA	193
TTACCA	193
CTTTTT	192
ACCTTT	191
CTGTTG	191
ACATAA	190
CCATGA	190
GTTATT	189
CAAATC	189
TGCCGC	189
ATAAGC	189
TATTGC	189
GTCATA	189
TTGGTT	189
AAGTTG	188
TAAACC	188
AGTTTA	186
AACAGC	186
GAATTA	186
GGAAAA	185
CGGTAA	184
CAAACT	184
AGAATC	184
ATCATA	184
GTTTGG	184
TGGTCA	183
ACCAGA	183
ACTTCT	183
CATTAA	182
CGTTTT	182
GAAACC	182
GAGGTA	182
GTGTAA	182
GTTAAC	181
CATCAG	180
CAAGTA	180
CTATTA	180
ATAAAA	180
ACTTTA	179
AAAACA	179
ACTGAC	179
TTGAAT	179
ATGAGA	178
GAGGCT	178
TCATTA	178
ATCTGA	178
GCCAGC	178
CTGCTT	177
ATAATC	177
GCTGGC	177
GTCTAA	176
CCAAAT	175
GAGCTT	175
AAAGCT	175
TGAGAA	174
TGACGC	174
TTGTTA	174
TATCAG	174
ATGGAA	173
GGAGTA	173
AGCTTT	173
TTGATA	173
TTAGAC	172
TTATAT	172
ATGAAA	172
CTCATC	171
GCTTAA	171
TGAACA	171
TTGACG	170
TGGCGA	170
TTAAGC	170
TTTGAG	170
ACATTA	170
TCAGAA	170
AAATCA	170
GAGATG	169
TCAACA	169
GTTATA	168
TGGCGC	168
CCAATA	168
TACCAT	168
AGGATA	168
ACTAAA	167
AAAAGA	167
GTTTCT	167
ATAATT	167
CAGGAA	167
ATTTAG	166
CTCACT	165
GTACCC	165
TCTTGG	165
GCTAAA	164
AAAAAA	164
ATCAAC	163
AACCAT	163
GTAGTA	163
TCCAAA	163
GATTAA	163
AGAAAC	162
AGATAT	162
AGAAGG	162
TGCTGA	162
GCTTTG	162
AACAAA	161
CTTAAT	161
GAAGAA	161
GCAATC	160
TTTGGA	160
GGTGCC	160
GAAATA	160
GCTCTT	160
GTTTTG	160
GACGAC	159
ATTAGA	159
AAGTCA	159
CAAGAA	159
GAAGGA	159
CGGAAA	159
GACTTC	158
TATGGC	158
TCTTTA	158
TTTAAA	158
ATCAGA	158
TACTAA	158
TTAACT	158
AGCAGC	157
CACCAG	157
TTTCTC	157
TTTGTT	156
TTCTCA	156
TGGTAT	155
GATGCT	155
AAAGAA	154
GTCAAA	154
GTAAGG	153
AAAAGC	153
TTACGG	153
AGGTTA	153
AGCTGG	153
AGCCTC	152
CCTTGC	152
CAATCC	152
GAGAAA	152
TTTGAC	152
TGATTC	151
ACGATT	151
ACCAAA	151
ATGCAA	151
TTTTCT	150
TAAGAC	150
TATCAA	150
TATCCT	150
GCAATA	150
TATTTA	150
TGTCAA	150
GCAAGG	149
AGCGGC	149
TATGTA	148
GCATCA	148
GACTCA	148
CTTATG	148
CATCAA	147
GACGTT	147
GCTTGC	147
CTCTTA	147
TTGGTC	147
GGCAGA	146
TCTTGC	146
TTCCGT	146
AGGAAA	145
CGCAAG	145
AGTTTT	145
TTTTAC	145
TCCGTA	145
ATTAAA	145
TTTCCG	145
GAACAA	145
CAAATT	145
CTTTCC	145
GTACTG	144
CCAAGC	144
CGGCAG	144
GATTAT	144
TCATGG	144
GTAATC	143
GACCCT	143
CATTTC	143
AACGGC	142
ATGAGC	142
TGTTAA	141
CCGAAG	141
AGCAGG	141
GCGGCA	141
AGCATA	141
AACGGA	140
CTTGAT	140
TGCCAT	140
CTATGA	140
AGAAAG	140
TTTTGT	139
ATAGCA	139
CGTTGA	139
ATACGA	139
CCAAGA	139
ATCAAA	138
TTTTAA	138
GACGGT	138
ATATTT	138
AGCGCC	138
TGCTAT	138
CATCAT	138
GATTTA	137
ACGATA	137
ATATTA	137
TTTTCA	137
TGATGG	137
GCGGTA	137
AACATT	137
TGGCGG	137
GCTTTT	137
GATCGT	137
CCAAAC	136
GCAAAA	136
CTTTAT	136
CGCCAT	136
GTTTTT	136
GGCGGC	136
CTATAG	136
TCTGCT	135
ACAGAA	135
CCATTA	135
AAGGCG	135
GGCACA	135
ATAAAG	134
GCAAGC	134
TGTTTC	134
TCGTAA	134
AAACAA	134
AGGGTC	134
TATAAC	134
ACAAAT	134
AGTAAA	133
AACCAC	133
ATCTGC	133
TGCCGA	133
AAAAAC	133
GAAAGA	133
TATCTT	133
GGCGTC	133
CGTTGC	133
TCAAAC	132
CTGGTC	132
TACCGC	132
GCATGA	132
AGCACC	132
GAATCA	132
CATTTG	132
CTTTAA	132
TACCTT	131
GACGCC	131
GGAAAC	131
AGTATG	131
CAGATA	130
GTATTT	130
AGATTA	130
TTATGC	130
GGTGGC	130
ACTCAA	129
AGTAGC	129
GTACGC	129
ACAAAA	129
AAACTA	128
CGCCAA	128
TGATAT	128
TTCATA	128
CAGTTA	127
ATTATC	127
TTGTTC	127
TTCTTC	127
GGACTT	127
GAAAAA	127
GTCATG	127
GTATGC	127
ATGGCG	127
TTTGTA	127
ACGCAA	127
GCGTTA	127
AATCAA	127
GCTTCC	126
GTTTTA	126
TTAAAA	126
TTAATC	126
CACGTT	126
CAGCGT	126
TGCTTC	126
AGCTAT	126
AACCCT	125
TTTTGC	125
ATGCGC	125
GGAGGC	125
AAATCT	125
GTCGTC	125
ACCATG	125
GATTCT	125
TCAAAG	125
TTGTAA	125
TGGAAA	124
AACGCT	124
CGTCAT	124
GCTACT	124
AACTTC	123
GCTTCT	123
GTGTGG	123
TGGAGG	123
ACATCA	123
ATTATT	123
AGTTTG	123
TTCAGC	122
TGTTTT	122
TCCTTC	122
CTGCTC	122
CAGCAT	122
GACGCA	122
CATTAG	122
TGGCCT	122
TTGGAG	122
CTCATT	122
TGGTTA	121
TTAAAG	121
AGATGC	121
TACTGC	121
GGTTCT	121
CTTTGC	121
ATAAAT	121
CTCCAA	121
GAAGGC	121
TACCAG	121
AAAGTC	121
ACCAAC	120
TCATGA	120
GGTCAA	120
GTAAAC	120
GGTATA	120
AACAGA	120
TGCGTC	120
TCTTTC	120
TGAGTC	120
GAGTTA	120
ACGTTA	120
TATGAT	120
CGAGAA	120
GTTGGT	120
GGAGAG	120
GTCGTA	120
TCATCA	119
TTCTTA	119
GTGCCA	119
AAACTC	119
GGCTTC	119
GCCGCT	119
CCAGTT	119
AACAAC	119
CTTGGC	118
CCAACC	118
CCGTCA	118
TATTAT	118
TTCAAA	118
ACCATC	118
GCTACA	118
CGTGAT	118
GACTGC	118
AATTCA	118
AGGTAA	118
TTTCCA	118
AGCCAA	117
CTTGGA	117
ATTGAC	117
TGCAAA	117
CCACTT	117
CATACG	117
TGGACT	117
AATCAT	117
ACCGTC	116
CACTTC	116
TAGCTT	116
TGTGTA	116
GTACGT	116
CCATGC	116
ATTGGG	116
TTGCAG	116
CTTCCA	116
AACACT	116
ATTTGA	115
CTGCCG	115
GGCTAA	115
TAGTAA	115
CATGTA	115
TGCTTT	114
TGGCAC	114
GTTTCC	114
TTTTCC	114
AGTTAA	114
GTCAGA	114
AGAAGA	114
TTTACT	114
CGGCAT	114
TATCGG	114
CAACGC	114
ATCGTT	113
TTGACT	113
ATTGAG	113
AAATCC	113
TTCATC	113
CTAATT	113
CAAAAC	113
CAGTTT	113
AGCGGT	113
TGGTGG	113
ATGAAC	113
TATCCA	113
GAAGCC	113
CCATCT	112
GTGCTG	112
GATTGA	112
AGAGCC	112
AAGATA	112
CAGAAC	112
GTATGT	112
CAAGGT	112
TTAGTA	112
CAAAGT	112
TTGGTA	112
ATTAAT	112
ATATCC	111
CTCAAT	111
TTTTTT	111
GGATAA	111
TTTTTC	111
GCAGCA	111
ATTTCC	111
ACGCCG	111
CCTGAG	110
AATTAC	110
TGTTGC	110
CGCTGC	110
CTTGAA	110
ATGGAT	110
CGGCAA	110
TCAAGA	110
TCTTGA	110
GCCTTC	109
CTTTGA	109
ACTTTG	109
ATTTTC	109
CAAGAG	109
TCAATC	109
GCTGGA	109
CGTAAA	109
TTCTCG	109
TTCTAT	109
TAGCTA	108
CGATTA	108
CTTATT	108
ATTAAC	108
CTCATA	108
GGTTTT	108
TAGCAA	108
GTTGGC	108
TGGCAT	108
GCAACT	107
GATGTT	107
ATGTCA	107
TTAAGG	107
CCTCAA	107
TGTCTA	106
TGAGCT	106
AGAGCG	106
ATATTC	106
AGCCGC	106
CACCTT	106
AACAGG	106
TCCTGA	106
TTGGAT	106
ATATCT	106
AGAGGC	105
AGCAGA	105
ATTCGC	105
AGACTA	105
GTTGTT	105
CTGCAA	105
CTTATC	105
TCATAA	105
AAACCT	105
GAAATC	105
AAAACT	105
AAAACC	105
AACGCA	105
CCGTTT	105
CGGTAT	104
AGGCCA	104
ACTTAA	104
CAGGCA	104
AATTAT	104
CCTGCT	103
ACTGGC	103
CACCAA	103
TCTCAA	103
AATTAA	103
TCTTAA	103
ACCAAG	103
GCAAGA	103
TGGAAG	103
GTATTG	103
CTTCTT	103
TCTGCC	103
ATCGAA	103
ACGTTG	103
TCAGGA	103
GGCGTA	103
CGAAGA	103
ACGACC	103
GACAGA	102
TGGTGC	102
AGCAAC	102
TGAAAC	102
GGTTGG	102
TATTTC	102
TGAACG	102
CGCCGC	102
TTTCTA	102
ATGCTC	102
GCAGGA	102
TTGGCT	102
AGTATT	102
TCACGC	102
GACTAA	102
GACTTT	102
TTTAAC	102
ACCATT	101
AATGAA	101
GGGTAA	101
TACGAA	101
CAGATT	101
AACTTT	101
TGTAGG	100
TTGAGG	100
CATCAC	100
CTACAG	100
ATGTCT	100
GGTTTA	100
AGGACG	100
GTCTTC	100
CTAAAT	100
CGAAAA	99
TGCTAA	99
TTCAAG	99
AGTCCA	99
TGAGGC	99
GGATTA	99
TCCCAA	99
AGTTGT	99
CCTTCA	98
TATTGG	98
TCACTA	98
GGCGAC	98
GTGGCC	98
CATCTC	98
AATAGA	98
ACGAAA	98
CATCCA	98
AACATC	98
TTGCTA	98
GGTGCT	97
GGTTGA	97
AGGAAG	97
TATTCA	97
GGCGCC	97
ATAGTC	97
AGCGAA	97
GCCGAC	97
ATTCCA	96
AATTTC	96
TGGTTC	96
TCGATA	96
TGGATG	96
CAAATA	96
TGTGGC	96
TCTTCT	96
GTATAA	96
CTCGTA	96
TGCAGG	96
ATGGCT	96
TCAAAT	96
CTGTAG	96
AAGACG	96
CCTTGA	96
GTTGTC	95
TCAAGG	95
ACCTGA	95
CGTACG	95
CTTAAA	95
GCGATT	95
TGTAGC	95
TGAGGG	95
TTAACC	95
CGTGAC	95
ACCGCC	94
CCGCTG	94
CGCATA	94
GCCACC	94
AGGGTA	94
AACGAA	94
ATTACC	94
GCCTCC	94
TGTTGG	94
TCGGCA	94
TTCGGC	94
CTGTTA	93
TTTTGG	93
GTTAAA	93
TCAACC	93
CAACCT	93
GACGGC	93
CAGTCC	93
ATGGCA	93
CGCTAA	93
CCGGTT	93
TCTTAT	93
ACGGTA	93
CGTGGA	93
TTGGGA	93
TCATAG	93
CTTTCT	93
TGTTCC	93
TTACAG	93
TTAAGA	92
GGGGAA	92
TGCCAC	92
GTGATA	92
CGACCC	92
AGCATG	92
CCGACT	92
GTCCCC	92
TGAAAA	92
AGCTTC	92
CGAGAT	92
CTTAAG	92
ACGCTC	92
ATACGC	92
ATACAA	92
ATAATA	92
GCAGTT	92
AACTTA	92
TTTGTC	91
TGCAAC	91
AGTTGC	91
GATTCA	91
ATTAGC	91
GCGTCA	91
AACTAA	91
TATGCG	91
ACGACT	91
GCTCAA	91
AGTAGA	91
ACTGAA	91
ATCGTC	91
TTATAG	90
CCGCTT	90
ACGGAA	90
TCTGAA	90
ATAGTG	90
TATGGA	90
CTAAAA	90
GCTTCG	90
AGGGCG	90
AGGAAC	90
ATTACT	90
CGCGGC	90
CATGAC	90
AACGTC	90
TGGCTA	90
CTGCTA	90
ATAAGA	90
TCCCGA	90
TTGCAA	90
CTGCTG	90
CATGGA	89
TGACAA	89
TGGTGA	89
GCATTG	89
AGACAG	89
GCGATA	89
GGACGG	89
AAACTT	89
CATACA	89
TCTGAC	88
TTGGTG	88
TGCCTA	88
TGAGCC	88
ACAAGC	88
TCATGC	88
TGCGTT	88
TGGTAG	88
GCCGCC	87
CTGAAC	87
TATACC	87
CAGCGG	87
CCGATA	87
GCTACC	87
CGTCGT	87
TCGCCA	87
AATTCT	87
ATTCGA	87
ACTGGA	86
GAAAAG	86
GTAGAG	86
CAAGTT	86
ACAGCT	86
CGTTAT	86
GGGAGG	86
GCCAAA	86
TATTCT	86
GCAATT	86
GACGTA	86
TTGCGA	85
TTGGAA	85
TCGTCA	85
CCTAAC	85
ATGAAT	85
GAGCGC	85
AAGGCA	85
ATAGAA	85
ATTTCA	85
CGATTT	85
CAGCTA	85
TAGGTA	85
CGCAGT	85
GGCAAG	84
TCGTTA	84
TATCAC	84
CGAACC	84
ACATTT	84
ATGCTA	84
GTGACT	84
ACCCTC	84
CTCTCT	84
TTGATT	84
GTTAAT	84
TGTCGC	84
AGATAA	84
TCCAGC	84
GAGTCA	83
CCTGAC	83
GATGGA	83
CGTTTC	83
TAGGGT	83
TACGCT	83
TGCGTG	83
ACTTGG	83
TTTAAG	83
AGGAGG	83
AGATGA	83
CAGCAC	83
TTTGAA	83
AACGAG	83
GTATTA	82
TTGTTT	82
CCAGCC	82
GATTTT	82
AGCCTT	82
TTTGGC	82
TTCTCT	82
TTCCAA	82
TTAAAC	82
CCGCAT	82
CCGTAA	82
GACGAA	82
GAAGCT	82
TTAGTC	82
TTATCT	82
GGGGTT	82
CGACTA	82
GTCAAG	82
CATTTA	82
ATCATT	82
TGCTCC	81
TTCCCA	81
GAGCAT	81
TCTTCG	81
ACAGGC	81
TTGAAC	81
ATTGGC	81
TCCTGC	81
CGTACC	81
TCCATA	80
TGCAGA	80
TGCGAC	80
TACTCT	80
GTCGGC	80
TACGTT	80
TGAAGA	80
TCCTAG	80
CCAATG	80
ATGCCA	80
GCTGCC	80
GCTCTA	80
GGTCGC	80
TTCAAT	80
TTTAGA	80
GCCAGA	80
AGTTCG	80
TTTTCG	80
CGGATT	79
CCTGAA	79
GTCGCC	79
ACAAAG	79
CTGGAG	79
TGAAGG	79
TCCAAC	79
GATTTC	79
CTTCTC	79
TTATGA	78
TGTTTG	78
CGAAGC	78
TTGTGG	78
CAAGGC	78
GGTCGG	78
TTACCC	78
GCGTGA	78
CGACGC	78
ATACTC	78
GAGGCC	78
ATATAA	78
AGCGTG	78
CGAACA	78
AGATTC	78
TTGAAG	78
CCTTCT	78
CAGGCT	78
GCGCCA	78
AGGTGA	77
CGAGTA	77
AATCGC	77
CGAGCG	77
TCATCC	77
CCAAAA	77
AACCGC	77
ACTCCT	77
GGATCT	77
GCGGTT	76
TTACGA	76
TTCAAC	76
CGGTCA	76
CAGCCA	76
GTGTTA	76
TACTTC	76
TGACCC	76
TCTGCA	76
GATACC	76
CAAGGA	76
CGCAAC	76
TCACGA	76
CATTAC	76
TTTTAG	76
GGACGC	76
CGATGG	76
ACTTAT	76
TTGACC	76
CATATA	76
CCAATC	75
TTGCCG	75
TGGTCT	75
GGCGCA	75
GTAAGC	75
CGTTTA	75
CTTGAC	75
ACAATG	75
CAAAGA	75
TTTGCT	75
AAGTCT	75
CAAACA	75
TTGAGA	75
GATAAC	75
CACGAA	75
TCGCTT	74
GCTTGA	74
TGAGAC	74
TGGGAA	74
TCCATC	74
CTTCAA	74
ACTAAT	74
TCAGGT	74
ATGACC	74
CCTCTA	74
CCGGCG	74
CGAAAG	74
AATTGG	74
ACAACT	74
CTAATC	73
TGAGAT	73
TCCTTG	73
GGATAT	73
TTCAGA	73
GACCGC	73
CCACTC	73
GTGGTT	73
GGTAGC	73
TACTCA	73
ATTATA	73
GCCAAG	73
CACTTT	73
CCAGCT	73
GTATCC	73
TGTCTT	73
CCTTTC	73
TGGATA	73
TTCCGA	72
CACGCT	72
CGAAGG	72
CGGCGC	72
TAGAGC	72
TACCAA	72
ACTTGA	72
GACCAC	72
CTGTTC	72
CCCATC	72
GTACCT	72
CGCTCT	71
GTGAAA	71
GGTAAG	71
TACATC	71
AGCGTC	71
GTGGCT	71
TACCCT	71
CGTTCA	71
CCTGCA	71
GGCGCT	71
ATTTAT	70
TGCTCG	70
CACGAG	70
CCCCAA	70
TCGGCG	70
CGCCTC	70
ATACAT	70
ATTAGG	70
CTTCCT	70
ATCTAT	70
TTGTTG	70
GTGTTC	70
CGATGA	70
GGCTCT	70
AGTGGA	69
CGTTGG	69
CAAAGG	69
AACTAT	69
CGCCGG	69
AGGAGA	69
GGTGGT	69
GGTCTA	69
GTGCTC	69
GGTACG	69
GCATTC	68
CACTCC	68
AAGAGG	68
CCGTCT	68
AAGGGG	68
CTAGGA	68
TACGCG	68
GTTCGC	68
TGTGCC	68
CGAGCA	68
GGCGAG	68
TCTCCA	68
GACAGC	68
CAACAA	67
CTAAGC	67
CCGTTC	67
TCTACC	67
TCTAAA	67
CAGGGC	67
TCCTCT	67
TCAGAT	67
TACAAA	67
ACTAAC	67
TGTCTC	67
TATCGC	67
AGACTC	67
CGTCGC	67
GAAGAT	67
GGAGGG	67
AAGTCC	66
TTTGCC	66
AGTGAG	66
TTGTCA	66
CCTCAT	66
TCATTC	66
ACGAAT	66
GGACAC	66
CTTTTA	66
CTAGTA	66
GTCTAG	66
CACGCA	66
GAACTA	66
GGGAGA	65
TGTGAC	65
TCTTCA	65
ACTGCA	65
GTTATC	65
ACACGC	65
ACCTGC	65
CGCCGA	65
ATAACT	65
ACCTTC	65
TCGTGA	65
ATGGTC	65
CTCATG	65
CCGCCT	65
GTGTGA	65
TTCGCT	65
TGCTAC	65
ACTTCG	64
CTCGCC	64
TGGAAC	64
TGAGAG	64
AGACCT	64
GGGAGC	64
ACGAGA	64
TCATCT	64
GTATCG	64
TTCAGG	64
AATATA	63
GCGGCG	63
AAACAC	63
GCTCCC	63
GTTGTG	63
CGATCT	63
CTGGAA	63
TATCGA	63
CGCGAT	63
GTTATG	63
ATCCTA	63
TATGTC	63
TTGAGC	63
CGCAAA	63
TAGGAA	63
TCTTAC	63
CGTAAC	62
ACGTGA	62
CAGCCT	62
CCTAGA	62
TCTGTC	62
ACTTCA	62
ACGGCC	62
CATCTT	62
TACCGA	62
CGCAGC	62
GCAACG	62
CGGGAG	62
TTTAGG	62
CACGAC	62
CGTATC	62
TGACAC	62
GTTTGC	62
CTATGT	62
TTGGGG	62
CTCGTC	62
AGTATC	62
TTGCCA	62
CGACAG	62
TATTAC	61
GGCAGC	61
TATTAG	61
GTCAGC	61
TGTGTG	61
TAGCAC	61
GGCAAC	61
TAGGGA	61
CGACTC	61
ATCGGA	61
AGGTAT	61
TGGAGA	61
TCAGGG	61
ACAACC	61
CACGAT	61
CTTTTC	61
TTGCGC	61
TAGTTT	61
GACGCT	61
AGACGA	61
CTGAGG	61
TGAGGT	61
CTCAGC	61
ACCGCA	61
CGCCTT	60
TGTATC	60
GCCGCA	60
CTTCCC	60
CAATCA	60
AAATTC	60
CCCGAA	60
CCGTTA	60
GGACTC	60
TCAACT	60
CAGTTC	60
CGTCCT	60
TTATAC	60
TCACCT	60
GCGAAC	60
TCAAGC	60
AAGTGG	60
CCAGAT	60
TGCAAG	60
CTCGTG	60
AGTGGC	60
TGGCTT	59
GCTTAG	59
ATCATC	59
TCTACA	59
CCTTAA	59
TCGTCT	59
ACACTA	59
CGGATA	59
AGCTGC	59
CGACTT	59
GACCTA	59
TCTGCG	58
GCGTCG	58
TCGGAA	58
ACATTC	58
TCTGGC	58
TAGAGG	58
CCCGAC	58
TCTAGG	58
TCTAAC	58
TACCAC	58
TAGCGG	58
CCGAGA	58
CTGTCT	58
CCTCTT	58
AGACCC	58
CGGCAC	58
GCACTA	58
TAGGTC	58
GTCTCA	58
CCATTC	58
GAACGC	58
TTTCGC	58
TCACAC	57
CCTTCG	57
TTCGGG	57
GCAGTC	57
AGATCG	57
GGCCAC	57
ATGTGC	57
GCAGCG	57
CACGCG	57
GCCTCA	57
TCGAAG	57
CAATTC	57
CTAATA	56
TAGGAG	56
ACGCCA	56
AGAATA	56
TTGTCT	56
ACCACC	56
GGTCAT	56
AGGTCT	56
ATCCCA	56
TTATCC	56
AGTAGG	56
GCTTTC	56
CATCCC	56
CGGGAT	56
CGGTGG	56
GCAGGT	56
CCAACT	56
GCTCGC	55
TTCGTC	55
GACTTG	55
TGTGGT	55
ACTATG	55
GCGATG	55
ACTTCC	55
CACATT	55
CCTCAG	55
TTGTAT	55
CTGAGC	55
TCAGTG	55
GCCATC	55
GTTCCT	55
ACGGCA	55
GTGCTA	55
TGCAGT	55
TGCCAA	55
GCCTAC	55
TATGAA	55
CTGGAC	54
ATCGCT	54
TCCCTA	54
TTTGTG	54
ACACTC	54
CGGCGA	54
TTAGGA	54
TAGTGC	54
GACCGA	54
CATCCT	54
GGCTGC	54
TACGAC	54
GGTATC	54
TGAGGA	54
CTCCTA	54
ATCCGA	53
CTAAAC	53
AGACAA	53
GCTGCG	53
AAAGAT	53
GAGGCG	53
CAAGTC	53
AGGGAT	53
GCTCAC	53
GTAGGC	53
ATTGAT	53
TGGTGT	53
GTGTCG	53
TAGTTA	53
ATGTTC	53
AGGTGC	53
CGCAAT	52
ACGCTA	52
GCTCTC	52
CCATAG	52
TCGCAA	52
AGGAGC	52
TGACCT	52
CTCAAG	52
TCAGTC	52
GTCGCG	52
GTCCAC	52
AACTGC	52
ACTCAG	52
GACTTA	52
ATGCCC	52
GTGACG	51
CGTGCT	51
CGTGAA	51
TATAAA	51
TACGCC	51
ACGTCA	51
CGCGTA	51
GCATTA	51
CAGACC	51
TTTCGA	51
ATGTAG	51
TCGGGA	51
TGTCCA	51
TGCGCC	51
TGCGGA	51
TCTCAC	51
AAAATC	51
ATTTGC	51
CGTGCC	50
CCTTTG	50
GCAAAT	50
GCGCTC	50
TCCAGA	50
ATCGCA	50
GTGAGA	50
GCCGGA	50
TGCGAT	50
TGCGCG	50
GAGCCG	50
TGGGAG	50
GATGGC	50
GGTGTC	50
GGTGTG	50
GCCGAA	50
GTGGTC	50
ACCGGA	49
CGTCGA	49
GAGCCT	49
ATGTAT	49
TGCACA	49
GCCACT	49
CCGCAA	49
TCGCGA	49
CAAGCC	49
CAAGCG	49
CGCAGA	49
TGCAGC	49
AGAGAA	49
AGCGAC	49
AGTCTT	49
CTACTC	49
ACGCGG	49
TCCTAC	49
TTGGCA	49
CGAGGC	49
GGGCCT	49
TGGGTT	49
GAACGA	49
CTAGAC	48
TCAGGC	48
CCAAGT	48
CGGACC	48
AACCCA	48
GACGGG	48
CTACAA	48
AGCTAC	48
CGTGGC	48
CGACGT	48
TACTCC	48
CCGTGG	48
GTGAGG	48
GCAGGG	48
ACCCTA	48
AGTGCT	48
CAGAGA	47
GACGTC	47
CGGCTT	47
GTTCCC	47
TGCCAG	47
GTCTGC	47
TATGAC	47
AGAGCA	47
ACGACA	47
ATCGGC	47
TTCTCC	47
AGAGGA	47
TGGACC	47
AGTGTC	46
AACACC	46
GCGTTC	46
TCCTAA	46
CCCAAG	46
ATGTGA	46
TGCGCA	46
CTGAGT	46
ATAGCC	46
TACGGA	46
ACAGTC	46
AGTCTA	46
AGTTAT	46
GCGGAA	46
TCATCG	46
CCAAAG	46
GCCTTA	46
ACTGCG	45
ACTTGC	45
CTGGGA	45
TGTGCT	45
TTTACG	45
GTGTAC	45
GTCCAA	45
GCTATG	45
CTAGTT	45
ACTATC	45
TCCTCA	45
GCGAGA	45
ATAGAC	45
ACCTAA	45
CTCCCA	45
GCGAGC	44
ATGTCG	44
GCTCGA	44
ACACTT	44
ATCCTC	44
GTATTC	44
TAGATT	44
TGGCTC	44
AGTTGA	44
TTATAA	44
ACGGCG	44
TAGCTC	44
GTAGGA	44
AGTTCC	44
TACGTG	44
CAGTGG	44
CGGAGT	44
CGTCCC	44
TACAGG	44
CCTAAT	44
TCCGCT	43
AGGGCT	43
GGCCCC	43
CCTACC	43
GGAGAA	43
CTACAC	43
CTGCGA	43
ACAGAC	43
GCTCCT	43
CCATTT	43
CGTTCG	43
CTTTTG	43
TGGCAG	43
TGGCCG	43
GCCTAA	43
AGATCC	43
GGTTCG	43
ATTACA	43
CTTCTA	43
GCCTCT	43
TCTCCC	42
GGTGTT	42
CCAGGT	42
GTAGCT	42
TGTCCG	42
TCTTCC	42
ACATTG	42
TTCCGC	42
TGCGGT	42
GCAGAC	42
TGGGCA	42
GAGCAC	42
ACGACG	42
CGCCAC	42
ACGAAG	42
GCGACT	42
GCTGGG	42
TTCGAG	42
CGAGGG	42
CTTACC	42
TCACAT	42
ACATCT	42
CCTCAC	42
TCTGGA	42
ATTTAC	42
TATCTA	42
ATTTCG	42
CTCGAG	42
GCACCT	42
ACTCGC	41
TGTTCG	41
GGCGGA	41
CTCACC	41
CGGCTC	41
ATTAGT	41
TGCCCA	41
GTGAGC	41
CAGGCC	41
CGTTAG	41
CGGGCA	41
ACGGAG	41
CGGGTA	41
CATGTC	41
ACGGGG	41
CCCCTT	41
TGGCAA	41
CGCCCT	41
TTCGAC	41
AGGGGA	41
CGACGA	41
CACAAG	41
GGTCCT	41
CCTAAG	41
CACATC	41
ATGACT	41
CCATCC	41
CACCGC	41
CAAAAG	41
CTGCAG	41
GAACTC	41
CGCAGG	41
ACGAGC	40
CCACGG	40
AATCTA	40
ATATAC	40
ATTGAA	40
GTGGAC	40
ATCTAA	40
CCGCGG	40
AAGTAT	40
AGTTGG	40
GAGTCT	40
GCGGCT	40
CGAATC	40
ACCACT	40
CCAATT	40
TCCGAG	40
CCGTTG	40
GGAGTC	40
CCTAAA	40
AGTATA	40
ATGTTA	40
TGTCCC	40
GTTCTC	40
TTACGC	40
ATACAC	40
CCCTTC	40
CTGATC	40
CAGCCG	39
TTCGCC	39
GTAGAA	39
TGATAG	39
CCGACG	39
TCATAT	39
CAAACC	39
GCACTT	39
CGCATC	39
TGCCCG	39
TGAAGC	39
GCGACC	39
TGTGAG	39
GGGACC	39
GTTAGG	39
GCCAAC	39
GCGCCG	38
CCGATT	38
GGGTGA	38
ACGGTC	38
TGTCAG	38
GAGAAC	38
CGACCT	38
ATGGCC	38
GCGACG	38
CCGAGG	38
GTGTCA	38
CCATCG	38
GTGCAC	38
TAGCGC	38
CCAGAG	38
CTGTCG	38
AGCAAA	38
CGCGCT	38
TACTTA	38
GCAGCT	38
AGTCGA	38
CGGCCT	38
CTCCCG	38
ACCAGG	38
GGATGC	37
ACTGAG	37
AAGTGC	37
CCTGTC	37
TGCGGC	37
GTATAT	37
TGTACG	37
AGTACC	37
CCGATC	37
ATGCAC	37
CATGGG	37
CTATCA	37
GGGCGA	37
ATCCCC	37
TTCCCC	36
TAGTTC	36
GTTTGT	36
ACTCTA	36
TACCTC	36
GAAAGC	36
CTAAGA	36
CGCGAG	36
CTTAGA	36
CACAAA	36
TTGTGC	36
CCAGCG	36
GCATCT	36
GATAGG	36
CGGACG	36
TGGGGA	36
CAGACT	36
ATTCCT	36
GGCTGA	36
GACTCC	35
GAACTT	35
GCGGAC	35
CGCGGA	35
CCTTCC	35
TCGTTC	35
TCCCAT	35
CGACCG	35
TCGAAA	35
AATTGC	35
CGAATA	35
GATTCG	35
GAGCCA	35
AGGCAA	35
ATTCCC	35
GTAGTT	35
TGTACC	35
TAGCCT	35
CCGGAG	35
CTATCC	35
ACCTCC	35
CCTCGA	34
CTGCGC	34
CAACGA	34
TGGTAC	34
AGGGGC	34
GAACCG	34
AGACGC	34
GTGTTT	34
GTTACG	34
TGCGAG	34
ATCCGC	34
GCTCGG	34
CCTCCC	34
GCAGCC	34
CCCGGC	34
AGTTAG	34
AGTGAT	34
TCTAGA	34
GCACGA	34
CGGAGC	34
CCACAC	34
GCCCCG	34
ACAAGT	34
TACTAC	34
ACTTTC	33
CGCGAA	33
ACATGA	33
GGGTGC	33
ATGTCC	33
CGGTCT	33
GTCCCA	33
ACAGCA	33
CGGTAG	33
GGGCCG	33
AGGATT	33
TTGCGG	33
TCCTTA	33
TATTCC	33
CTCCGC	33
AAGTTC	33
GGTAGA	33
CTCGCA	33
TCTAGC	33
TAGAAG	33
CCTAGT	33
CGGTTC	32
TACTAT	32
GGCGAA	32
GGTCCG	32
TGCACT	32
AGCCTA	32
TTGTAG	32
CCTATG	32
TGCATC	32
TGTAGA	32
TGCATG	32
GCAACC	32
TCGCAG	32
CCGGGC	32
CGAAAT	32
GGTTCA	32
TTAGGC	32
CGATGT	32
CGACAA	32
TGGGGG	32
CCGTCC	32
GCTGTC	32
GTACAC	32
GAGGAT	32
GATACA	32
GAGGGG	32
GAGTCC	31
GGAGAC	31
TTCCAC	31
CCGACC	31
GGTGAA	31
TCTTAG	31
GTCTTA	31
TCACAA	31
AAAGGC	31
CGCGTC	31
CACCGG	31
GGGCAA	31
CCCATT	31
GCGAAA	31
CGCGCA	31
CACACC	31
ACGCCC	31
CGCACG	31
CTGCAC	31
AGAACC	31
GGATTC	31
GGGACG	31
CACGGC	30
CGGGGA	30
TACGGG	30
GAGTTC	30
CTGGCT	30
GTAGCC	30
ATCAAT	30
TATGGG	30
CAATCG	30
TTTATA	30
CCCTCC	30
CCCAGC	30
GCGGTC	30
GGCACC	30
CTGTGT	30
TTGCCC	30
AGGTCC	30
GTTCGA	30
GAGGAA	29
ATGGGC	29
TTAGAT	29
CCGAAA	29
CGCACC	29
CGGACT	29
GAGGGA	29
TGCGCT	29
CTTAAC	29
AAGACC	29
GCGCAA	29
TGCTCT	29
CACAGG	29
ACATCC	29
ACAGCC	29
CGGTGC	29
TCTAAG	29
TCGTTT	29
CATGCA	29
ATCCCT	29
CGTAGA	29
AGTGCA	29
TGTGCA	29
TCGGAT	29
ACAGGG	29
TCGCTA	29
TAGATC	28
TCCGCC	28
GCTCCG	28
ATGGGA	28
GTTACC	28
TACATT	28
TTAGAA	28
ACAATC	28
GGCTTA	28
AGGTAG	28
CCCGTA	28
GTACGA	28
CCCATG	28
CTCTCA	28
GCCCCT	28
GTCTCC	28
CGGCCA	28
ACTCTC	28
GTGAAC	28
TGCCTT	27
TACCTA	27
CGTACA	27
GGAGCG	27
GTTGGG	27
CAATTA	27
CGAGGT	27
CCAGTC	27
CTGTCC	27
GAGTGC	27
ACCCTT	27
GCGTCC	27
ACGTGG	27
TGATCT	27
ACACCC	27
AACTAC	27
GCGACA	27
TACCCC	27
CTTGTC	27
CCGCTA	27
ATTGTC	27
CGGAAC	27
CTTAGT	27
GTACTC	27
AGGTCG	27
AAGAAT	27
CTAGGG	26
TCCCTC	26
ACAATA	26
CTTATA	26
GTGTGC	26
CCTATC	26
GGGCTT	26
GCCCAT	26
CTGCCT	26
TTCACT	26
GAGCTA	26
GTGAAG	26
AGCTAG	26
TTTCCC	26
GCGAGG	26
CGAGTC	26
TCTGAG	25
TAGTGA	25
CAGTAC	25
TTGGAC	25
TTTGGG	25
AGCCGA	25
ACACAA	25
CGAGCT	25
ACTATA	25
TCCCCC	25
TCCCCA	25
CGTGTT	25
CGGCGG	25
AGGTGG	25
GCTATC	25
CACGCC	25
CTGGCC	25
GGAGCT	25
ATCGCC	25
GGGTCA	25
TCCGCA	25
CAGGAT	25
CAGCGC	25
ACAAGA	25
CCCCGA	24
GCTTCA	24
ATAGAG	24
AGGGAA	24
TGGGTC	24
GGGGTA	24
GCTAAC	24
CCGATG	24
GTGCCT	24
CACCCA	24
CTCAGA	24
CCATTG	24
CACAAC	24
TCAGCT	24
CTGTGA	24
AGCCCC	23
CGTGAG	23
TCAATG	23
GGGGCG	23
CCGGAT	23
ACGGGA	23
ACACGA	23
CCCTCG	23
CGGGGC	23
GAGCGG	23
ACACTG	23
TAGCTG	23
CGTGCA	23
TGGGTG	23
ACTAGG	23
TTATTC	23
TTCGGA	23
CCTATA	23
GCAGGC	23
GTAGAC	23
CCTTAC	23
TCGTGC	23
TGGGAT	23
ACATAT	23
TACTGG	23
GAGGCA	22
CCTGTG	22
ACCTCT	22
ACGCGC	22
CTGTGC	22
GCGCTG	22
TGCACC	22
TTGTGA	22
TTACAA	22
GGCTAT	22
CACCCT	22
CCCAAC	22
CACACT	22
TCTGGG	22
CCCCAC	22
ACGTCG	22
GTAGTC	22
CTTCAC	22
AGCGGA	22
GAGTGA	22
TTGCCT	22
GTGGCG	21
GTTAGA	21
CTATCT	21
AGTACG	21
TGTGAA	21
CATCTA	21
GGTAGG	21
TACACC	21
GCCCTC	21
CTCCTC	21
GTGCCG	21
CACTCT	21
AGAGAG	21
ACGCTT	21
CGCTCC	21
GGTCTT	21
ACCCGA	21
TCCGAA	21
ACTTAG	21
CGAGTG	21
TTCACA	21
TTCTAA	21
CCGAGC	21
CTATGC	20
GGGCGG	20
GACCCA	20
ACTACC	20
ACCTTA	20
GGCCAA	20
CCTCTC	20
CAGGGA	20
GTGGAA	20
ACGGCT	20
ACAAAC	20
TACAGC	20
GTCGGA	20
CGCCCC	20
TGGGGT	20
CCCTTA	20
TCCCAC	20
CGAGAG	20
CCCGTC	19
GATCGA	19
GGTCGA	19
CTACCT	19
CCCTGC	19
CGTCCA	19
TTGTCC	19
TACAGA	19
TAGGAT	19
TTCACC	19
AGCGCG	19
CGTAAG	19
TTACAC	19
CGCCTA	19
AGTGGG	19
CCCCTA	19
GGTACA	19
GTCACC	19
TGTCCT	19
CTCCAT	19
CGGCTA	18
GGATAG	18
TCATGT	18
GAGGGC	18
GCACTC	18
CACCTA	18
GCACGC	18
CGGAAG	18
TTTACA	18
TCCTCC	18
AACCCC	18
GATCCA	18
CTCCGA	18
GTTCTA	18
GGGACA	18
GTGTCC	18
AGCCGG	17
GGAGGA	17
CAGCTC	17
CCCCGT	17
CGGCCC	17
AGCGAG	17
ACAGTG	17
TTCCCT	17
GAGATC	17
GACTCT	17
CCGGAC	17
TCGGCC	17
AGCCCG	17
TCACCC	17
TCGCCC	17
TCGCCG	17
CAGAGG	16
GCGTGC	16
GCATCG	16
GCATCC	16
TTGAAA	16
TCACTC	16
TCCCAG	16
ACCCCA	16
GTGTCT	16
CCATGG	16
TTGGCC	16
GATAGA	16
TCGGAC	16
TGTCGG	16
GGGGGA	16
TCGAAC	16
CACCTC	16
CCATGT	16
CGGAGG	16
GTTAGC	16
CCGCCG	15
TCGGTC	15
AGGATC	15
TCCGAC	15
GGGGAC	15
TCAGCC	15
GGGCGC	15
TGCCGG	15
CCTTTT	15
GTCTGA	15
CCCCCC	15
GCTAGT	15
AGCGCT	15
GGTGCG	15
ACGTCT	15
TACCCG	15
AGATCT	15
ACATCG	15
CCTCGC	14
TTGTGT	14
GCGCTA	14
AAGCCC	14
TAGGCC	14
TCGATC	14
CTACCC	14
CACGGG	14
TAGGCT	14
CTACGC	14
ACAGGA	14
CAACCC	14
CAACAC	14
AACGGG	14
ACCGCG	14
CTCCCC	14
TCCGGC	14
TGAACC	14
GGGTCT	13
TTCGCA	13
CCGCGC	13
AATANT	13
GTATCT	13
ACACCT	13
TCCCGG	13
GTGGAG	13
CTCGAA	13
CTAGGC	13
GATCCC	13
GATCGC	13
CCACGC	13
CGGTCG	13
AATTGA	13
GAGATA	13
GGCTAG	13
CTGGGC	12
AGTTTC	12
GGCGCG	12
GCAAAC	12
TCCAAT	12
CCTCCG	12
TCAGAC	12
TGGAGC	12
CCTCCT	12
GTTTCG	12
ACTCCA	12
ACGCCT	12
GGGGCC	12
TGTTGT	11
CTGAAG	11
TCGTCC	11
CGACGG	11
TCGACC	11
CCAGAC	11
GGGGAG	11
AGGTTC	11
TCGGCT	11
GATANT	11
CAGTCT	11
CCGCTC	11
GATCAA	11
TCCGTC	11
GATCAC	11
CGGGGG	11
CGGTTT	11
ATGGAG	11
GCGGAG	11
CGGATG	10
ATCGAC	10
GCCGGC	10
CCAGGG	10
TACGGT	10
CCAGTG	10
CCCCTC	10
CGGAGA	10
CACTAG	10
AGTGCG	10
CAGTGC	10
CCGCAG	10
GTACAA	10
TCGGAG	10
GGGTCC	10
TGGACG	10
GATGTC	10
GTAGGG	10
TGGTCC	10
TCGTGG	10
GGCAGG	9
TCGCAT	9
ACCCCT	9
GACGGA	9
GTCATC	9
GGTCTC	9
TCACGG	9
ATGCAT	9
AGGACA	9
AGAGAC	9
GCATGT	9
CGCCCG	9
GTATAG	8
CGTGGT	8
AAGATC	8
GCGAAG	8
CGGGCG	8
TCGGGG	8
CTACGA	8
AGAGGG	8
GTGACC	8
TAGTAC	8
ACGATC	8
GTTCNT	7
ACACAT	7
ATATAT	7
TTGGGT	7
TCCTNT	7
GTGTGT	7
GGCTCG	7
ACTAGT	7
CCTACG	7
GAATNA	7
GGGGCT	7
ACCTAG	7
CCGCCC	7
ATAANT	7
CGATCG	7
GGAGAT	7
GGAGCC	7
ACCGGC	7
AGTACA	7
GCCCGA	7
ATTTNT	6
CGCGAC	6
CCTTGG	6
ACTCGA	6
ATTGGA	6
GAAGNT	6
TACCGG	6
GGCGGG	6
CAGATC	6
GGGCAG	6
CTATNG	6
GCATGC	6
TCGATG	6
GATCCT	6
TAATNT	6
ATCANT	6
GTGCGA	6
GTCTCT	6
TCCCGC	6
CCCCCG	6
GCTATA	6
CGCGCG	6
CACCCG	6
CTGGGG	6
AGGCCC	6
CTGTAT	6
AGGGAG	6
GCCCCC	6
AGGGCC	6
TAGAAC	6
TGTACA	6
GCGGGA	5
CCTGGC	5
CGGGTC	5
ATACNT	5
CCAGGA	5
TCCCTT	5
TACTNT	5
GCCCTA	5
GCGGGG	5
GTCTCG	5
TACAAG	5
TGCCTC	5
AACTNT	5
TTGCAC	5
GTAANT	5
CACCAC	5
GTGCNT	5
GTATGA	5
AACACA	5
ACGAGG	5
TGTCGA	5
GATCAT	5
GGGGGG	5
TGATCA	5
GGGATC	5
ACAACG	5
AACGNT	5
GTACNT	5
AGGGCA	5
TTCANT	5
ATGANT	5
TCGGTG	5
AGGACC	5
GCGATC	5
TTGCTC	5
TTGCNT	5
CAAGGG	5
CTAGTC	5
GTAANG	4
TTCTAG	4
GCTAGC	4
ACCCAC	4
GGTGGG	4
GGTGGA	4
TGTATA	4
ACCCGT	4
TCACCG	4
GGCTCC	4
TGTGTC	4
GCTAAG	4
TCCGGG	4
TTGTAC	4
NTCAGT	4
NTAAGT	4
NCACAT	4
TCGGGC	4
AATCNT	4
GTTANT	4
GGATCC	4
TACGTC	4
TGGGGC	4
TGATNT	4
GTGGGA	4
GCCCAC	4
GCCCAA	4
GTGATC	4
TTGATC	4
TCCCCT	4
GTCANT	4
TCCANT	4
GAGACC	4
CGCCCA	4
ATGGGG	4
AGAACT	4
CGGATC	4
GACCTC	4
CGGGAA	4
CCGAAT	4
CCCGGA	4
CCCGCG	4
CCCCTG	4
CGGTGA	4
CTAGCA	4
ATATNT	4
CGTANT	4
GATATC	4
CGTGTC	4
ACTCNT	4
GAACCC	4
CACGTC	4
CACTNT	4
CTAANT	4
CATANT	4
GGGATA	3
CAGACG	3
TGATCG	3
GTGCGC	3
CTACNT	3
GATATA	3
ATTCNC	3
AGAACA	3
GAGGTC	3
GAGGNT	3
TAGTAT	3
ACATGT	3
CGCACT	3
GATGNT	3
CACCNT	3
CCCCCT	3
GGGCTA	3
TGGATC	3
GAGTNT	3
TCCGGA	3
NTTACT	3
NATACT	3
GACATC	3
AGCGGG	3
TCGTTG	3
CTAGAG	3
GCTACG	3
CATCGA	3
TACACT	3
TACTAG	3
GGTACC	3
TACAAC	3
CGTATA	3
TTGGGC	3
GTAANC	3
AGTGAA	3
CGGGAC	3
ATCTNT	3
AGTCNT	3
TTCTNT	3
CGTAGT	3
AAATNA	3
GCACCC	3
CGTAGG	3
NTCATT	3
CGCGCC	3
GGATCG	3
TTTANC	3
AAACCC	3
GCTANT	2
AGTTCT	2
ACAACA	2
CCCAGT	2
TAAANG	2
ACACAC	2
TGACNT	2
GACANA	2
AATTNT	2
CATANG	2
CATTCC	2
TAACNT	2
NAAGAG	2
CAGTNT	2
NACAGT	2
GACGNT	2
TAATNA	2
CGGGGT	2
AATGNA	2
AAGGNG	2
AATACA	2
TACGGC	2
AGATNA	2
AGATNT	2
CCTTAG	2
AANTTG	2
GCTTNA	2
GAGCTC	2
CGAANG	2
CCTGGA	2
NGAAAA	2
TATCNT	2
CGAGGA	2
NGGTTT	2
NTACAT	2
TAGCNT	2
TAGANT	2
CCCCAG	2
TCAANG	2
TACGAT	2
TCAGAG	2
NCCAAC	2
CCGGCA	2
CCGGAA	2
TCATAC	2
ACGTGT	2
ACTACG	2
ACTAGC	2
NATGTA	2
CGGGCC	2
GAGCAA	2
NTCACT	2
GCTCNC	2
GTGGGT	2
TGTTAG	2
TGTGGA	2
GGGGGT	2
AGGTNT	2
GTGCAA	2
ACGGGC	2
GTGGGG	2
ACGGGT	2
CTGGAT	2
TGGGTA	2
GTGGTG	2
CAAGAC	2
GGGCTC	2
TGGCCA	2
CAATNA	2
GTGTNG	2
GTACNC	2
ACCCGG	2
AAAANT	2
ACTCGG	2
GGTCCC	2
ATATNA	2
GCCCGC	2
CTTGNT	2
TTCGNT	2
GTTGNG	2
TTCGAA	2
GTACNG	2
TTATNT	2
AACCNA	2
TTAGNT	2
AACGNA	2
TGTTNC	2
GGGCAC	2
CTAGAA	2
GCGGGC	2
CACATG	2
CTATNA	2
CTAGAT	2
TGCCCC	2
TGCGAA	2
ACCCCC	1
CTTTNC	1
NAACCA	1
GGTTNA	1
ACTGGG	1
ACCCAA	1
NAACCT	1
NAACTC	1
ACCANT	1
NTATGT	1
NAACGT	1
NTAGAG	1
NTCTAG	1
GTTCNC	1
NTACGT	1
NAAGCG	1
CTNTCG	1
CTNCTA	1
ACATNA	1
NAATCA	1
GTATNC	1
ACATGC	1
CTGTNC	1
NTAAGC	1
NGTAGG	1
NTGAGT	1
NTTCAC	1
GGTANT	1
GCATNG	1
NTTAAG	1
GTTTNT	1
NTGTTG	1
NTGTGT	1
GAACCT	1
GTTGNC	1
NTGCGT	1
ACCCGC	1
NTGCAT	1
NTGATT	1
NTCGGC	1
CGTTCC	1
NTCTGT	1
NAAAGT	1
GGTCNG	1
GGTCNT	1
GAAANG	1
CTACNA	1
GAAANC	1
GGTGNC	1
ACCCCG	1
CTTTNT	1
CTTTNG	1
NGGCTA	1
CTAGTG	1
NCCTAA	1
GTGANT	1
NCCGGT	1
GTGCCC	1
ACAGCG	1
NCAGCA	1
NCACGT	1
NACTTT	1
NAGACT	1
CTAGCC	1
CTAGNT	1
NATTGA	1
CTCCCT	1
GTCTNA	1
NAGCAT	1
CTCANT	1
NATGGG	1
NATGCG	1
NAGCGT	1
CTCANC	1
GTGTNC	1
NATATT	1
NAGCTG	1
ACAGAG	1
AGACNT	1
NAGGGA	1
NAGGAA	1
NCTGGT	1
CTGGTN	1
NGGGTA	1
NAGCTT	1
NGGATG	1
GTCANA	1
NGCTGT	1
NGCCAT	1
NGCACT	1
NGAGGT	1
NGACCG	1
NACCGG	1
NACGTA	1
CTGGNA	1
CTGTNA	1
ACACNT	1
ACTTNT	1
NCTGAC	1
CTGCNC	1
NCTCAT	1
NCTACT	1
NCGTGT	1
NCGACT	1
GTCCNC	1
NCCTTT	1
NCCTGT	1
NACTTG	1
AGGGGG	1
TGGCNT	1
CAAGNT	1
CAAGNC	1
TGGGAC	1
TGGGCC	1
TGGGCT	1
CAACNT	1
CAACNA	1
AACTNC	1
CAATGN	1
AACTNA	1
TGGTNA	1
AGGGNT	1
ATTTNG	1
TGTANG	1
ATTCNA	1
TGTGCG	1
TGTGTT	1
AGNAGG	1
TGCGNA	1
AAGCNT	1
AAGCNC	1
CAGANT	1
TGATCC	1
TGATNA	1
TGCANG	1
TGCCCT	1
TGCCNA	1
AGGCNA	1
AGNATC	1
TGCGNG	1
CACANC	1
CACANA	1
TGCTAG	1
AAGANT	1
AAGANC	1
TGCTNC	1
TGCTNT	1
CAATNC	1
ATAGNA	1
TTGANG	1
TTGANT	1
ATCCNA	1
AGTCNA	1
TTGCAN	1
ATCAGN	1
TTGGTN	1
TTGTNG	1
AAAGNC	1
ATCCNT	1
TTNAGT	1
TTNGGA	1
TTNTCG	1
TTTGNG	1
ATAANG	1
ATAANC	1
AAAANG	1
AAAANC	1
AAAANA	1
TTATNA	1
ATTANG	1
ATTANA	1
TTAANA	1
TTAANT	1
ATGTNG	1
TTACNG	1
AGNTTT	1
ATGGNC	1
ATGGNA	1
TGAGNG	1
ATGCNT	1
ATGCNC	1
AGTANT	1
ATCTNA	1
AACANG	1
AACANA	1
ATCGNG	1
TTCTNA	1
ATCGGG	1
TATCCC	1
CGATCA	1
TAGGGG	1
CGAGNT	1
CGAGNG	1
TAGTNT	1
CGAGCC	1
TANCGT	1
AATANA	1
CGACNG	1
CGATNG	1
TATCTC	1
CGAANT	1
AGCANC	1
AANTTT	1
AGCANT	1
CCTTNT	1
AANTGT	1
CCTGNT	1
CCTGGG	1
TAAGNC	1
NTTGTA	1
NTTTGT	1
CGTGGG	1
TAAANA	1
TAAANC	1
TAAANT	1
AATTNG	1
CGTCNT	1
TAACNA	1
CCTCNA	1
TAATNC	1
TACANC	1
TACANT	1
CGGTCC	1
CGGGTT	1
TACGAG	1
CGGCNT	1
TACGNG	1
CGATNT	1
CAGTCA	1
TCGCTC	1
CATTNA	1
TCGGNA	1
CATGNT	1
TCTANC	1
TCTCNA	1
AAGGNA	1
TCTGNT	1
CANCGG	1
TCGCCT	1
TCTTNT	1
AGGANT	1
TGAAAG	1
TGAANC	1
TGACGN	1
CAGCNT	1
CAGCNA	1
CAGCCC	1
TGAGNA	1
CCCCGG	1
CCGTGC	1
CCGGGT	1
CCGGGA	1
CCGCAC	1
AANAGT	1
AGCCCT	1
TCATNC	1
AAGTNT	1
CCCGTT	1
NTTGGG	1
CCCCGC	1
CCCANC	1
CCAGGC	1
CCACNT	1
CCACNC	1
CCAANA	1
CCAAGG	1
TCGCAC	1
GATANA	1
GGGCCC	1
GANTTG	1
GCGTNG	1
GGGTNT	1
GCTAGA	1
GAGTNC	1
GGCTNC	1
ACCTNA	1
ACCTNG	1
GGGGTC	1
ACCTNT	1
GATCNA	1
GACGNC	1
GATCNC	1
GATGNC	1
GGGCNG	1
ACGANT	1
GGNCGA	1
GATTNA	1
GATANG	1
GACTNA	1
GATANC	1
GCCCCA	1
ACNCGT	1
GACTNC	1
GCCTNA	1
GCCTNT	1
GATTCC	1
GATTNC	1
GATTNG	1
GCCCNC	1
GCCCNG	1
GCACNT	1
ACTCCC	1
GAATNT	1
GANTGT	1
GCCGNT	1
ACGGTG	1
GGCGNC	1
GGGGCA	1
GGAGNA	1
GGGGGC	1
ACTACA	1
GCATNT	1
ACGCAT	1
GAGANA	1
GAACNG	1
