Sourcing the config file
Current file: p09
*** Separate the relevant barcodes ***
*** Processing radtags for plate p09... 
Processing single-end data.
Using Phred+33 encoding for quality scores.
Found 1 input file(s).
Searching for single-end, inlined barcodes.
Loaded 96 barcodes (6bp).
Will attempt to recover barcodes with at most 1 mismatches.
Processing file 1 of 1 [Sam3852_F18_p09_GATCAG_L008_R1_001.fastq.gz]
  Processing RAD-Tags...1M...2M...3M...4M...5M...6M...7M...8M...9M...10M...11M...12M...13M...14M...15M...16M...17M...18M...19M...20M...21M...
  21513386 total reads; -406856 ambiguous barcodes; -204481 ambiguous RAD-Tags; +686862 recovered; -278013 low quality reads; 20624036 retained reads.
Closing files, flushing buffers...
Outputing details to log: '/panfs/pfs.local/scratch/sjmac/b961k922/kinbre/b017_macdonald/data/intercross_f18/raw/Sample_Sam3852_F18_p09/process_radtags.Sample_Sam3852_F18_p09.log'

21513386 total sequences
  406856 ambiguous barcode drops (1.9%)
  278013 low quality read drops (1.3%)
  204481 ambiguous RAD-Tag drops (1.0%)
20624036 retained reads (95.9%)
