Sourcing the config file
Current file: p04
*** Separate the relevant barcodes ***
*** Processing radtags for plate p04... 
Processing single-end data.
Using Phred+33 encoding for quality scores.
Found 1 input file(s).
Searching for single-end, inlined barcodes.
Loaded 96 barcodes (6bp).
Will attempt to recover barcodes with at most 1 mismatches.
Processing file 1 of 1 [Sam3852_F18_p04_TGACCA_L008_R1_001.fastq.gz]
  Processing RAD-Tags...1M...2M...3M...4M...5M...6M...7M...8M...9M...10M...11M...12M...13M...14M...15M...16M...17M...18M...19M...20M...21M...22M...
  22371858 total reads; -453709 ambiguous barcodes; -236261 ambiguous RAD-Tags; +752089 recovered; -282803 low quality reads; 21399085 retained reads.
Closing files, flushing buffers...
Outputing details to log: '/panfs/pfs.local/scratch/sjmac/b961k922/kinbre/b017_macdonald/data/intercross_f18/raw/Sample_Sam3852_F18_p04/process_radtags.Sample_Sam3852_F18_p04.log'

22371858 total sequences
  453709 ambiguous barcode drops (2.0%)
  282803 low quality read drops (1.3%)
  236261 ambiguous RAD-Tag drops (1.1%)
21399085 retained reads (95.7%)
