Sourcing the config file
Current file: p05
*** Separate the relevant barcodes ***
*** Processing radtags for plate p05... 
Processing single-end data.
Using Phred+33 encoding for quality scores.
Found 1 input file(s).
Searching for single-end, inlined barcodes.
Loaded 96 barcodes (6bp).
Will attempt to recover barcodes with at most 1 mismatches.
Processing file 1 of 1 [Sam3852_F18_p05_ACAGTG_L008_R1_001.fastq.gz]
  Processing RAD-Tags...1M...2M...3M...4M...5M...6M...7M...8M...9M...10M...11M...12M...13M...14M...15M...16M...17M...18M...19M...20M...21M...
  21029741 total reads; -430277 ambiguous barcodes; -232291 ambiguous RAD-Tags; +742522 recovered; -270601 low quality reads; 20096572 retained reads.
Closing files, flushing buffers...
Outputing details to log: '/panfs/pfs.local/scratch/sjmac/b961k922/kinbre/b017_macdonald/data/intercross_f18/raw/Sample_Sam3852_F18_p05/process_radtags.Sample_Sam3852_F18_p05.log'

21029741 total sequences
  430277 ambiguous barcode drops (2.0%)
  270601 low quality read drops (1.3%)
  232291 ambiguous RAD-Tag drops (1.1%)
20096572 retained reads (95.6%)
