process_radtags v2.1, executed 2018-10-25 11:18:50
process_radtags -p /panfs/pfs.local/scratch/sjmac/b961k922/kinbre/b017_macdonald/data/intercross_f18/raw/Sample_Sam3852_F18_p05/ -o /panfs/pfs.local/scratch/sjmac/b961k922/kinbre/b017_macdonald/data/intercross_f18/raw/Sample_Sam3852_F18_p05 -b /panfs/pfs.local/scratch/sjmac/b961k922/kinbre/b017_macdonald/info/b017_p05_barcodes.txt -i gzfastq -e mseI -r -c -q
File	Retained Reads	Low Quality	Ambiguous Barcodes	Ambiguous RAD-Tag	Total
Sam3852_F18_p05_ACAGTG_L008_R1_001.fastq.gz	20096572	270601	430277	232291	21029741

Total Sequences	21029741
Ambiguous Barcodes	430277
Low Quality	270601
Ambiguous RAD-Tag	232291
Retained Reads	20096572

Barcode	Filename	Total	NoRadTag	LowQuality	Retained
AAGCGA	F1	204180	849	2699	200632
AACCTG	Db3852	195716	1168	2634	191914
TATAGT	Dsam	270499	3495	3517	263487
CGTCTG	93a.02	163038	601	2067	160370
CTCTAC	93a.03	199445	548	2597	196300
GCGCGT	93a.05	103761	1153	1283	101325
AAGGAC	93a.06	89288	1289	1219	86780
TATATG	93a.07	525269	681	6771	517817
GGCATT	93a.08	85173	1798	1098	82277
CAATAT	93a.09	109654	3668	1383	104603
GATGAG	93a.10	179594	804	2253	176537
TCTCGT	93a.12	141411	8566	1748	131097
CATAGC	93a.13	281464	885	3713	276866
CTTGCG	93a.14	177720	923	2335	174462
ATATGG	29b.01	249324	1123	3491	244710
GGTTAC	29b.02	148076	897	1911	145268
AAACGG	29b.03	211892	1201	2887	207804
TCTATT	29b.04	207869	2670	2773	202426
CCCTAT	29b.05	103203	979	1352	100872
TCCACG	29b.06	152473	383	1947	150143
GGGAAT	29b.07	32956	433	471	32052
TTCCTG	29b.08	328351	913	4416	323022
TAGTCG	29b.09	113810	376	1558	111876
CACTGA	29b.10	229102	3144	2953	223005
GAGAGT	29b.11	353766	8493	4480	340793
GGAATG	29b.12	305848	888	3935	301025
AGGCGT	29b.13	112581	1910	1468	109203
GTTCAG	29b.14	314383	4548	4053	305782
ACTGTT	29b.15	464387	3537	6081	454769
GACAAT	29b.17	41847	4655	566	36626
CGATAC	29b.19	85938	527	1180	84231
ATCACG	29b.21	261144	1555	3366	256223
GTCGAT	29b.22	28426	289	409	27728
GATCTG	29b.23	226093	562	2976	222555
CTCGGT	29b.24	66849	7104	791	58954
ACGTAC	44b.01	162844	651	2182	160011
CTAACG	44b.02	229485	703	2986	225796
GCGTAT	44b.03	123536	424	1633	121479
TTAGCG	44b.04	196772	748	2669	193355
ACCGAT	44b.05	45578	2910	651	42017
TAAGCA	44b.06	97519	6296	1244	89979
GAATAC	44b.07	267759	917	3624	263218
ATTCTG	44b.08	398614	902	5239	392473
GCTGAT	44b.10	27794	2026	415	25353
CTGACA	44b.11	164879	793	2192	161894
TAGACA	44b.12	229542	557	3101	225884
GGAAGT	44b.14	136203	3496	1830	130877
AGCTCA	44b.15	304746	668	4076	300002
CTCTGG	44b.16	312059	490	4152	307417
TGAATT	44b.17	250182	5181	3293	241708
CAACTG	51b.01	176138	1385	2293	172460
ATGATG	51b.03	277511	1183	3587	272741
GTCCGG	51b.04	154435	420	2081	151934
GCACAG	51b.06	205353	382	2729	202242
ATCCAG	51b.07	166905	790	2309	163806
GAATGG	51b.10	163962	4981	2169	156812
TGTAAT	51b.11	118802	1070	1557	116175
TCTCTG	51b.12	198524	370	2805	195349
AAATAG	51b.13	635748	1876	8377	625495
TAATTG	51b.14	245104	7848	3057	234199
GAGTAG	51b.15	258043	834	3416	253793
AATCCG	51b.16	150289	715	2037	147537
GTAACA	51b.18	413641	960	5406	407275
AAGCAG	51b.19	223730	3308	3005	217417
AATGCC	51b.20	81868	1196	1115	79557
TTACTT	51b.22	391200	6199	5112	379889
AAGGTT	51b.23	510726	6968	6762	496996
AGAGTT	51b.24	133666	7019	1724	124923
AGTCAC	48b.01	55968	3030	777	52161
CAGGTG	48b.02	159152	604	2091	156457
ATCTTG	48b.03	685453	1093	9177	675183
GGACCA	48b.04	181127	484	2427	178216
TTTCAT	48b.05	508809	4888	6473	497448
CATTGT	48b.06	371582	6305	4858	360419
AACTCG	48b.07	243174	538	3141	239495
AATAAG	48b.09	565241	1416	7421	556404
GGGTTG	48b.10	209133	645	2705	205783
CCACCA	48b.11	296309	986	3948	291375
GTTGCA	48b.12	417287	1036	5497	410754
CCCACA	48b.13	21471	411	321	20739
GTCCTT	48b.14	219569	1380	2865	215324
GCCGTG	48b.15	184927	1138	2306	181483
GACACG	48b.17	71531	390	933	70208
TGACTG	48b.18	114006	447	1507	112052
GCCTGG	48b.21	23911	1170	345	22396
TCGAGT	48b.23	227357	4313	2987	220057
ATACCG	48b.24	209497	932	2801	205764
GGCCGT	48b.25	139493	1499	1813	136181
GAAGTG	60b.02	305866	5186	3938	296742
AGGCTG	60b.03	77524	793	1042	75689
CGCTTG	60b.04	70912	770	924	69218
CTTCGG	60b.05	310600	1503	4320	304777
AATGTG	60b.06	214972	813	2793	211366
GGCCTG	60b.08	175451	426	2325	172700
ATAGGT	60b.10	180070	12556	2252	165262
AATGGT	60b.11	141385	30658	1405	109322

Sequences not recorded
Barcode	Total
TTCATT	9993
ATCTGT	8942
CACCAT	6269
TTCAGT	6054
AACTGT	6017
ATTTGT	5801
GTACAT	5776
TACTTT	5539
CTAAGT	5240
AAAAGT	4773
TTCTGT	4727
TCCTGT	4304
GTGCAT	4253
CATACT	4050
TAGCAT	3881
TGACAT	3795
GAAGGT	3599
TAACAT	3551
AGACAT	3426
ATCAGT	3321
TAACGT	3320
TCCTTT	3316
GTTACT	3262
TAAAAA	3239
GTCAGT	3152
AGGTTT	3105
TAAAAT	3059
GAACAT	2867
ATCCGT	2817
TGATGT	2732
ATGTTT	2656
GGTTGT	2645
AACCGT	2455
AAGTGT	2393
TAATGT	2392
ATGAGT	2366
TAGCGT	2321
GATACT	2277
ATGTGT	2105
GACTGT	2097
AACAGT	2074
ACTTGT	1987
TCAGTT	1895
AACGTA	1888
AGCAGT	1789
TTGCGT	1766
GACATA	1740
GAATTT	1734
CATGTT	1701
TTCTTT	1685
TAAATA	1663
AGTAGT	1661
CTAGCT	1637
TAATAA	1551
ACTCAT	1526
TACTGT	1526
TAGAAT	1499
TACCGT	1439
TAAGTT	1423
ACCTGT	1414
AAATGT	1406
CTACAT	1349
CTGGTA	1334
CTTGTT	1312
CACAGT	1306
CCACAT	1301
CATGAT	1261
GTAAAT	1234
TAAAAG	1225
TCGGTA	1213
CTACGT	1174
TCCGGT	1137
TAAGAT	1126
AATACT	1111
TAACAA	1082
TAAACT	1062
GTCTGT	1048
TTATGT	1010
TAAAAC	980
TATGCT	968
AGATGT	965
TAATGA	949
CAACGT	906
TAAATC	902
TAAAGA	894
CCACGT	888
TAAAGC	880
CTGTTT	873
CCGTGT	871
ACCAGT	848
AGCTGT	845
CTGCGT	834
GTAATT	833
ATGCCT	827
CTATTT	784
ATTCGT	762
CAAGCT	755
TAACGA	750
TGCGTA	743
GTTAGT	741
ATTGTA	722
TAAAGG	717
CATGCT	704
TAGTGT	702
CTTACT	678
TCGGTT	672
TGCATA	663
TCTGTA	645
GAACGT	643
AACATA	634
CGACAT	607
TAATCT	601
TAATGC	599
TTCGTT	593
TCAGTA	585
GTGATT	581
TAAGGT	579
CGTATT	576
CTGAAT	569
CTACTA	555
AGTACT	553
AAGACT	551
GGTGTA	547
CGGTGT	540
GCCTTT	540
ACCATA	537
TAAGTC	537
TAAGAG	534
ACTACT	530
TAACCC	529
GAAACT	525
CCTGTA	518
TAATCC	507
GATGTA	506
CCTGGT	506
TGCTGT	500
CTGTAA	500
ATAGTA	497
AATATT	488
TAAACG	485
CTTGTA	483
TAACTC	483
ACACGT	483
CTGCAT	480
TAACTA	478
TAACAC	475
GGTACT	474
TAACAG	473
TAACCG	460
CGGTTA	460
AAAGTA	459
TTCCGT	456
TAAGGG	444
TAACCT	438
TAAGAC	437
ACGATT	431
ATCGTA	427
TAAGGC	418
ATGGTA	414
GGACAT	410
GAAATT	408
GTTCGT	405
GCATTT	404
GAGTTT	398
CAGGGT	389
GCCGGT	384
TAACGC	375
GCCAGT	373
GCTTGT	370
ACAGTA	365
CGTACT	364
ACCGTA	357
AGATTG	345
AGCCAT	343
ACGTTT	341
CACGTA	341
TAAACC	339
CTGATT	335
AAAATA	335
CCTTTA	334
TATGTT	333
CGCTGT	325
TACATA	323
CCAGTA	314
CAGCAA	303
CAAAAA	300
TCATTA	300
GGGTGT	298
AGGACT	294
CGTGTA	292
CCGGTA	284
CTGGTT	272
TCCGTT	271
AAGTAA	267
AAAATG	267
GCAGTA	266
AATCTT	264
AAAACG	262
TTTTTG	254
AAGTTA	254
TTCGTA	250
GTTTAA	249
AAGCCT	242
TTAAGT	242
ATCTCC	241
TGCTTA	239
AGAACG	238
GCCATA	238
GCTGTA	237
CAGAAA	237
AAAGCG	235
CAGTAA	234
GATATT	234
TTAATA	233
ATTGCT	233
CAGAAG	231
GGTAAA	228
ATATCA	225
TCATTT	224
TTTAGC	221
TATGTA	221
AATTTA	219
AGCGTA	218
AATATC	218
TGACGT	217
GATAAA	215
ATTCAA	215
ATAACC	212
CCATAA	211
GTTTTC	210
AAAGGA	209
GTAAGG	209
TGATAA	209
TTATTA	208
AAATTT	207
CTTTAG	206
TGTTTA	206
CATATT	205
AAATGC	205
TGGTAA	204
AAACAT	203
CATAAA	202
TTAAAT	202
CGTTAA	202
AGTGTA	202
ACCAGC	201
TTATCA	200
GAATCT	199
AGAAAT	198
GGAACC	198
AAATGA	198
TTCTGA	198
AGCAAT	198
AAGCTC	197
ATTTAA	197
ATTTCT	197
CAGCTT	196
CTCTTT	195
TTCTGC	195
TGTTCA	194
AGAAGC	194
TTTTGA	193
CTGTTG	193
TATTTT	192
TGCTGG	192
TATTGA	192
CGCGTT	190
AACCAA	190
CAATGC	188
CGTCAA	188
TATTAA	188
TGTTGA	188
TTTGTA	188
TTTATC	186
GTAAAG	186
AAGAGC	186
CATTCA	185
ATAAGC	185
ACAATT	185
GCATAA	184
TGACGA	183
AAAAAT	181
AAAATT	181
ATTTTT	180
GTCAAC	179
AGAAAA	178
AATTTT	178
CGTTCT	177
GTTTGA	177
TTGTTA	175
GTCATA	174
GAGTTA	174
TGCTGC	174
TGGTTT	174
AGGTTA	174
CTTTTT	173
AATCTC	172
ATCAGC	172
GACCAG	172
TCAAAA	171
AAACCA	171
GTACTA	171
ATCTGA	171
AGCAAG	171
CAAATC	170
GGATGA	170
ATGCTT	170
GTACCC	169
GGAAAA	169
TTGACG	169
AGTCGG	168
AGTTTA	168
GTGTAA	167
CAAGTA	167
AAATTA	167
GTTTAT	166
GACGAC	166
GGATTT	165
CCTACT	165
AAGAAA	165
TTTTCA	165
GTTGAC	164
CTCAAA	164
GTAATC	163
ATGAGA	163
GATTGC	163
CGCCAG	163
TGAGTA	163
ATGTAA	163
ATGGAA	163
GTGGTA	162
ACATAA	162
ATTTTA	162
GACCAA	162
TATCAG	162
TTTACC	161
GGTGCC	161
TGATTA	161
TTAGAC	160
ACTGAC	160
GCTGGC	160
TTAATG	160
ATCATA	159
GAGGCT	159
TTTTTA	159
TGATGC	158
TTAACT	158
ATAAAA	157
CCAGAA	157
TGTTAA	157
TCAATA	157
AGAATC	156
CATTAA	155
TCCGTA	155
ACTTTA	154
GTTTGG	154
CTCATC	154
GTCACT	154
GAGGTA	154
ATAATC	153
AGAAAC	153
GAGCTT	153
TTAAGC	153
AAAACA	153
GCTTTA	152
TTTGAG	152
ACCATT	152
CGGTAA	152
GAATTA	152
GAGATG	151
GTTATA	151
TTTGGT	151
AGCTGG	151
GCAGAA	150
TGGTCA	150
CTATTG	149
TCAGAA	149
ATCTCT	149
AACCAT	148
GTACTG	148
ATAAAC	148
TTACCA	148
TGATGA	147
AGCTAT	147
GTTTCT	147
ATTAGA	146
CGAACT	146
GCCAGC	145
ACTTCT	144
TGGTAT	144
ATATTA	144
TACGTA	144
GTTAAC	144
TGATTC	144
TATTGC	144
TTTGAC	143
CCATGA	143
AGCTTT	143
GAAGAA	143
TTGGTT	143
GATCGT	142
CACATA	142
CATGAA	142
CAGTTA	142
CAAGAA	142
TGGCGA	142
ATCAAC	142
TCATGG	141
TCCAAA	141
AAAGCT	141
CTCTTA	141
CTCGTA	141
TTAAAG	141
TTGATA	140
GAAGGA	139
GAAACC	139
CAGAAT	139
CTGCTT	138
CCAAGA	138
GATGCT	138
ATGAAA	138
TTGAAT	137
TTTGGA	137
CGTTTT	137
GAAATA	137
GCGATT	137
TTGTAA	137
ATCTGC	136
TTCTCA	136
AAGTTG	136
ACGGTA	136
ACCAGA	136
AGCACT	136
TTTTCT	136
CAGGAA	135
CTTGAT	135
CACCAG	135
TGAACA	135
TTAATC	135
ACATTA	135
GAATCA	134
ATAATT	134
AGCATC	134
CATTTG	134
AAAAGA	133
CTTAAT	133
GTGTGG	133
CTATTA	133
CATTTC	133
ACCTTT	132
TTGGTC	132
ATTAAA	132
ATTTAG	132
GTTATT	132
GAAAAA	132
GGAAAC	131
GCTTCC	131
TTATGC	131
TATCTT	131
AAATCA	130
GTTTTG	130
GTACGT	130
CCGAAG	130
TGGAGG	130
TATAAC	130
TGACGC	130
GATTAA	130
GCAAGG	130
ACTAAA	130
CATAAT	129
AAAAGC	129
GCTACT	129
AGCATA	129
ATCAAA	129
CTTTGC	129
GGCAGA	129
TGCCGC	128
GTAGTA	128
GCGTTA	128
AACAAA	128
TTACGG	128
GACGGT	128
TCAACA	127
TGAGAA	127
TGGCGC	127
TGCTGA	127
ATGCAA	127
AGGATA	127
TTATAT	126
GAAAGA	126
GGCGTC	126
TATGGC	126
CCAAAT	126
AAAAAA	126
GTAAAC	126
GATTCT	125
GCAATC	125
ATAGCA	125
CTATGA	125
CATCAG	125
CTGTTA	124
GACTTC	124
TACCAT	124
CTCACT	124
TTGGTA	124
CATCAA	124
GTTTTT	124
GCTAAA	124
GTCTAA	124
AACATT	124
GGCAAA	123
TGATGG	123
ATCAGA	123
CTATAA	123
TATCAA	123
GTCAAA	123
GACGTT	123
GCTTGC	122
AGCACC	122
TGCCGA	122
CGGAAA	122
TCTTTA	122
ACCAAA	122
ATACTA	122
AGAAGG	121
GCATCA	121
CCAATA	121
GTCATG	121
AGATTA	121
TGCCAT	121
CCAAGC	121
GATTAT	121
CGTTGC	120
AAAGAA	120
CATCAT	120
ATCGTT	120
TTAAAA	120
GACCCT	120
CACGTT	120
CTTATG	119
TTCATA	119
TTGTTC	119
CCTTGC	118
AACTTC	118
TCAAAG	118
GCTTAA	118
TGATAT	118
TGTTGC	117
TTTTAC	117
AATCAT	117
CCGATT	117
ACAGAA	116
CAAACT	116
ACAAAT	116
AACAGC	116
AGATGC	116
GGAGTA	116
GGCACA	115
TGGCAT	115
GCGGTA	115
GCAATA	115
GGAGAG	115
TGCTAT	115
TTTAAA	115
CCGTCA	115
GTATGC	115
GTTGGT	115
TACTAA	114
TTTGTT	114
TACTGC	114
CACTTC	114
AGCGGC	114
TCGTAA	114
GCTTTG	114
GATTTA	114
GAACAA	113
CTATTC	113
AACAGG	113
CCACTC	112
GCAAAA	112
AACCCT	112
GAGAAA	112
AACCAC	112
CTTCCA	112
CTTGGC	112
CTCATT	112
CTCATA	112
GGAGGC	111
AGAAAG	111
GCAATT	111
CTTTAA	111
AAACCT	111
ATTTCC	110
AAAAAC	110
AACGGA	110
TATCCT	110
TGCAAA	110
GATTGA	109
AAATCC	109
CGTCAT	109
TGTAGG	109
CGCAAG	109
AGTAGC	109
GTCGTC	109
ATGCGG	109
AGTATG	109
ACATCA	108
TATTTA	108
GGACTT	108
ATGGAT	108
TTAAGG	108
CAACGC	108
AGCCTC	108
AGTAAA	108
ATAAAG	108
AAACTC	108
ACCATG	107
CTCCAA	107
TATTTC	107
CACCTT	107
GGTTTA	107
AAGGCG	107
GAAGGC	107
GCGGCA	106
AGCAGA	106
ATTGAC	106
GCATGA	106
TTCAAT	106
GGCGTA	106
TGAGTC	106
TTTACT	106
CTTCTT	106
CAGCGT	105
GACTCA	105
GTGCCA	105
AGCGCC	105
AACGGC	105
CGGCAG	105
ACAAAA	105
TTTCTC	105
CTGGTC	105
CAGCAT	104
AGTTAA	104
TCAAAC	104
TCTGCT	104
TCTTTC	104
TGGACT	104
ATATCC	104
AACGCT	104
GACGCC	104
ACGCAA	104
ATTGGC	104
ACCGTC	104
CGGCAT	103
ATACGA	103
TTCAGC	103
AACAAC	103
AAATCT	103
CTTGGA	103
ACGTTA	103
TTCTTC	103
CAATCC	103
TATCGG	103
ATGGCG	103
AATTAA	103
CATTAG	103
GACGCA	102
CTTATT	102
TGTCAA	102
GTCAGA	102
TTTTCC	102
GGTATA	102
AACATC	102
CTGCCG	102
TAGCTT	102
AGCAGC	102
TTTCCA	102
ATACGC	101
TTGGGA	101
CTGCAA	101
CTCAAT	101
CAGATA	101
AGAGGC	101
GGTTGA	101
TACCAG	101
AGGGTC	101
CAAAGT	101
GTATTT	100
TTTTAA	100
CTTTCC	100
TGGTGG	100
AGTTTG	100
ATTATC	100
GCAAGC	99
AGCAGG	99
ACCATC	99
TATGAT	99
AGTTTT	99
AAGTCA	99
ACGATA	99
ATATTC	99
GAAGCC	99
ATAGTG	99
TGCTTC	98
TTTCCG	98
TGGCAC	98
GGTCAA	98
TTTTTT	98
CTTGAA	98
AGCATG	98
ACCAAC	98
ACGCTC	97
GCTCTT	97
GGCGGC	97
AGGAAA	97
AGAGCC	97
TAGTAA	97
TCCATA	97
TGTTTC	97
TTGGCT	97
GCAGGA	97
ATGCGC	97
GACTGC	97
ATTTGA	97
AAACAA	96
CTGCTC	96
TCTTGC	96
AGGTAA	96
CCGGTT	96
TCTTGG	96
CGATTA	96
GACAGA	96
TGAGGC	96
AACGCA	96
GTACGC	96
AAAGTC	95
GTCGTA	95
GCCGCT	95
CGGCAA	95
AACAGA	95
TCATCA	95
TGTAGC	95
GTCGCC	95
ACTCAA	95
CTTATC	95
CTACAG	95
AAGATA	95
ACGAAA	95
TTATAG	94
GCAGCA	94
CGCTGC	94
ATTGAG	94
TTCCCA	94
GCTTTT	94
GTACCT	94
TTCATC	94
ATCGAA	94
AACTTT	94
TTCAAG	93
TCGATA	93
TGCGTC	93
AATTAT	93
ATTTTC	93
CGCCAA	93
ACGCCG	93
TCATGA	93
TGTCTA	93
GCCGAC	93
TGTCTT	93
TGGCGG	93
TAGTTA	92
CAGAAC	92
TTCTTA	92
AAACTA	92
CGAACC	92
TGGCCT	92
CAAATT	92
CCATTA	92
CGCCAT	91
TGAAGG	91
CGTTGA	91
ATTGGG	91
AGCTTC	91
TCAAGA	91
TTAACC	91
AGATAT	91
TCTTCG	91
TGGTTA	91
TGGTGC	91
AGTCCA	91
ATTAAT	91
CACCAA	91
TATACC	91
ACGTTG	91
CAAGAG	90
GGATTA	90
GTTTTA	90
ATATCT	90
ACTGAA	90
TGAACG	90
TTTTGC	90
CTTTCT	90
TTGGAT	90
TATTCA	90
CTTAAA	90
CAACCT	90
CAGATT	90
CGTGAT	90
TTGACT	90
GTTGTT	89
AACTTA	89
AATGAA	89
ATTACC	88
TTTTGT	88
GCAAGA	88
TCTTAA	88
AGCGGT	87
GGGGTT	87
ACCAAG	87
CGTAAA	87
ACGACT	87
GTTGTC	87
AGTATT	87
AGATAA	87
CAAGGT	87
CGTCGT	87
TACGAA	87
TAGCTA	87
GTGCTG	86
AATTAC	86
TGAGCT	86
CCAAAC	86
TACCGC	86
TCAAAT	86
CCGTTT	86
CGAGAT	86
TCCTGA	86
TTCCAA	86
CTGCTG	86
GGGTAA	85
CATGTA	85
TTTAAC	85
CATACG	85
CAGCTA	85
TATGGA	85
TATTAT	85
GCTACA	85
GGATAA	85
AATAGA	85
TGCGTT	85
ATAGTC	85
CGAAGA	85
TTCAGA	85
AAAACC	85
ATTCGC	85
TGTGTA	84
ATGCTC	84
GTATAA	84
CCTGAG	84
CTTTGA	84
TTGAGG	84
GGTGGC	84
GTAAGC	84
GCCTCC	84
TGGAAA	84
AACACT	83
TCAGGA	83
TTCTCG	83
CATCTC	83
CCGTAA	83
AGTTGC	83
TTGCAG	83
GGGAGG	83
AGTTGT	83
ATAATA	83
GGCGAC	83
CTAATT	83
CTAAAT	83
TCCTTC	83
CGCGGC	83
TCATGC	83
CCGCTG	82
TGAAAA	82
GCCACC	82
GACTTT	82
TCGTTA	82
TTTCTA	82
ACTGGC	82
TCAACC	82
ATATTT	82
TTTGAA	82
ATTATT	82
GGCGCA	82
GTATCC	82
GTATTG	82
TGAGGG	81
TGGAAG	81
TTCTCT	81
GGCTTC	81
CCGCTT	81
ACAAGC	81
TTAGTA	81
CCATCT	81
AGCCAA	81
CGGTAT	81
CAGCGG	81
TGTGGC	81
TAGCAA	81
CCAGTT	81
ATGAGC	81
GTTTCC	80
AGCCGC	80
AATCAA	80
CCTTCT	80
TCTGAA	80
GTTGGC	80
CGACCC	80
ATGGCT	80
TTACAG	80
ATAAAT	80
TCCCAA	80
GCTTCT	80
ACGGAA	80
TCAATC	80
TCCAGC	80
CGAGAA	80
AGAAGA	80
GCTCAA	79
AATTTC	79
ATGGCA	79
CAGTCC	79
CAGTTT	79
TCTTGA	79
TGGATG	79
ACAGCT	79
ACAATG	79
GTCGGC	79
TTGCCG	78
TGCAGG	78
GCAACT	78
GACGAA	78
TGGGAA	78
AATTCA	78
TACCTT	78
TGCTCC	78
TTCGGC	78
CCAGCT	78
CTTAAG	78
CGTGAC	78
CAAATA	78
TTTTTC	78
TCTCAA	78
ATACAA	77
TCTAAA	77
TGAGAG	77
CGAAAA	77
TAGAGC	77
GGCTAA	77
GGGGAA	77
GATGTT	77
TGCCAC	77
ACTCCT	77
CCGTTA	77
CTTCTC	77
CGATGA	77
GTTAAT	77
GGTGCT	76
AGGGTA	76
TGTTCC	76
GCCGCC	76
GGTGGT	76
TCTGCC	76
CGCGTA	76
TTCCGA	76
CCGCAT	76
GCAACG	76
ATGAAC	76
CTGCTA	76
ACCGCC	76
TTTAGA	75
TTAAAC	75
CTGTAG	75
AGCAAC	75
AATTCT	75
TTGGTG	75
TTAAGA	75
GTATTA	75
GGCGCC	75
GGTTCT	75
GGTTTT	75
AACCGC	74
GCCTTC	74
AGGCCA	74
AGATGA	74
ATATAA	74
CACGCT	74
TCTGTC	74
TGAGGT	74
GCTTCG	74
GCCGCA	74
TGAGCC	74
AGCGAA	74
ATGCTA	74
ACTTTG	74
TCCTGC	74
CAGCAC	74
CCTGAA	74
TGCAAC	74
GATGGA	74
TCGCCA	73
TTGCTA	73
AGCGTC	73
CTTTAT	73
GCGATA	73
GTCTTC	73
CATCAC	73
TGTCGC	73
GTTCCT	73
CGAGCG	73
CCTGCT	73
AGGACG	72
GCCAGA	72
CGCATA	72
TCGGCA	72
CGCTAA	72
CACGAT	72
TGCGTG	72
CCACTT	72
TTCTAT	72
AGAGCG	72
AACGTC	72
GTGGTT	72
AGATTC	72
TCACGC	72
TTCAAA	72
CCCCAA	71
TATGTC	71
AGGTGA	71
AAAACT	71
CAATCA	71
CCATGC	71
GGTTGG	71
GAGCAT	71
CTTGAC	71
AGGAAG	71
CCAACC	71
GCTGGA	71
CGTTAT	71
TCATAG	71
CGTTGG	71
AAGGCA	70
AGGAAC	70
GCGCCA	70
TTTGTC	70
ACATTT	70
CGTACC	70
AGTCCT	70
TACGTT	70
TGTTGG	70
TACTCT	70
GATTTT	70
GGATCT	70
TTACCC	70
TTGAAG	70
GTTAAA	70
GCGTGA	70
TGGTGA	70
TTCAAC	70
AAGACG	70
TCAGAT	70
TATTGG	70
GCGTCA	70
GATTCA	70
GGGAGC	70
TGGTCT	69
CAAGGA	69
TTTGGC	69
ATGCCA	69
GCATTC	69
CATCCA	69
CGGATT	69
CCTTTC	69
TCCATC	69
TCCTTG	69
ATTAAC	69
TTTAAG	69
CGTACG	69
GTGATA	69
CGCCGC	69
GAAAAG	69
CAAAAC	69
ACCCTC	69
TAGGGT	69
TTGGAG	68
CAAACA	68
AAATTC	68
TATGCG	68
GCCAAA	68
ATTTCA	68
CATGAC	68
ATGTCT	68
AACTAA	68
TTGAAC	68
TACCGA	68
CGACGC	67
CCTGAC	67
ACGACC	67
TACATT	67
TCTTCT	67
CAGTGG	67
GCAGTT	67
TGGTTC	67
AGCGTG	67
GCTGCC	67
CAAGTT	67
ATTAGC	67
CGTTTC	67
AGTAGA	67
TTTTCG	67
TTGGAA	67
TAGAGG	67
CTAGGA	67
GGCAGC	66
CGCCTC	66
TTGAGA	66
TTTTGG	66
TTGATT	66
AAACTT	66
ATAGAA	66
CGTCGC	66
CCGTCT	66
TCTGAC	66
CGCAAC	66
CCTTGA	66
GACGGC	66
CTAAAA	66
CATATA	66
CCAATG	66
TGTTTT	66
GCCGGA	65
TGCTAC	65
GATTTC	65
TTTTAG	65
CTATAG	65
GTCAGC	65
TCCCGA	65
CCTGCA	65
TTATGA	65
TTGAGC	65
AGGGCG	65
GCTTGA	65
CAAAGA	65
GTGTTA	65
GATAAC	65
CCGACT	65
TCTTAT	65
GCTACC	65
TATCCA	65
TTGGGG	65
TGGAGA	64
AAGAGG	64
ATTCCA	64
GTGGCC	64
GGGCCT	64
AGACAG	64
TTGCAA	64
CCAGCC	64
ATGTCA	64
TGACCC	64
TGCTTT	64
GAAATC	64
GGTCGC	64
TATCAC	64
TGCAGA	64
CGGTCA	64
TGCAGT	64
CAACAA	64
ACTGCA	64
AGTTCG	64
ACTTAA	63
ACGGCA	63
CGAAGC	63
GACCTA	63
ATACTC	63
GTATGT	63
AGATCG	63
TGAAAC	63
CACTTT	63
CAGCCA	63
TACTTC	63
CGTTTA	63
TCAGGT	63
AGTGGA	62
CAGACC	62
GTTATG	62
ATAAGA	62
AAGTCC	62
TCAAGG	62
TTTAGG	62
TTGCGC	62
GCATTG	62
TGTCTC	62
TGCTCG	62
GGCGCT	62
CGTATC	62
TTCGCT	62
AGGTAT	62
ATCATC	62
CTTCAA	62
CGCCGA	62
TCATAA	61
ATTCGA	61
CTGAGC	61
TACATC	61
TATTCT	61
CACGCA	61
AGAGGA	61
GTATCG	61
CCATTC	61
CGAGTA	61
ACTTGA	61
CTCTCT	61
ACCTGA	61
TGAGAT	61
TCATCC	60
ACTGGA	60
TCACGA	60
CGCCGG	60
CAAGCG	60
TTTGCT	60
TTACGA	60
GACTAA	60
GGCAAG	60
AATCGC	60
ACTTAT	60
GCAGCG	60
CATTTA	60
TTTGCC	59
CGATGG	59
CATGGA	59
ATGGTC	59
GATACC	59
AACGAA	59
TGTGAC	59
CAGGCA	59
TCTGCG	59
TATTAG	59
TTATAC	59
AGTGGC	59
GTCCCC	59
TGCTAA	59
GTAGAG	59
GAGCAC	59
TGAAGA	58
AACTAT	58
GGACGG	58
TTGTTT	58
TTCCGC	58
CCTTAA	58
GAAGCT	58
GACCGC	58
GTTGTG	58
ATGAAT	58
CGCTCT	58
CCAATC	58
TGCCTA	58
TCGTCA	58
GTCAAG	58
CACGAA	58
CCGATA	58
TCCAAC	58
GACTTG	58
GAACTA	58
CAGGCT	58
GGAGGG	58
TGGTAG	58
CCTCAA	58
GGCCAC	58
TGGCTA	58
GTGAAA	58
ATTTGC	57
CATCTT	57
CGAACA	57
ATGTTA	57
AATTGG	57
GTGCTC	57
GGTAGC	57
CCAAAA	57
AATATA	57
CGTTCA	57
CGACTA	57
GGTAAG	57
AGCTAC	57
ATTTAT	57
AGACCT	57
CCTTCA	57
TGACAC	57
TGGATA	57
AGCGAC	57
TGACAA	57
TCTCCA	57
TGGACC	57
TATCGA	57
CGCAAA	56
CTAAGC	56
GAGTCA	56
CAGCCT	56
CGGCAC	56
TGTGCC	56
GGTCAT	56
ACAACT	56
GGTCGG	56
ATGTAT	56
ATGTAG	56
TTGCGA	56
AACGAG	56
CGATTT	56
CCGGCG	55
TTTACG	55
CAAGGC	55
ACGCCA	55
CTAATA	55
CGTGGA	55
AGAGAA	55
TGTGTG	55
ATTAGG	55
ATACAT	55
GCCTAC	55
TTCAGG	55
GCGGCG	55
CGTGAA	55
AGAATA	55
AGCCTT	55
TTAGGA	55
AGACCC	55
CATACA	55
TGCATG	55
GCTGGG	55
CTCAGC	55
TTTGTG	54
CGTGCC	54
GACAGC	54
GTGACT	54
CGCAGT	54
TGGCTT	54
CGAGCA	54
CTCGTC	54
AGTGAG	54
GGCTCT	54
TTGTCA	54
CTCCTA	54
CTTCCT	54
GATGGC	54
CTGGAG	54
CTATGT	54
GGATAT	54
GTGTGA	54
ATTACT	54
CACTCC	53
CAAAGG	53
TACAGG	53
CCTCTA	53
TCTCAC	53
GGTTCA	53
CCTCAT	53
TATCGC	53
GAAGAT	53
TGCAAG	53
TCATTC	53
AGTGCT	53
CCGAGA	53
CATCCT	53
GGTATC	53
TCTTAC	53
CTGGAC	53
GAACTT	52
GGCAAC	52
TAGGGA	52
TCACCT	52
CTGAAC	52
TACAAA	52
AGGAGA	52
AAGGGG	52
TTGTTG	52
GCTCTA	52
GCTCGC	52
ATTTCG	51
CCGTTC	51
TCATCT	51
ATCATT	51
AGGAGG	51
AGTATC	51
ACAGGC	51
CTGGAA	51
TTATCT	51
CATTAC	51
GTGTTC	51
GGTACG	51
AGGGGC	51
CGGGAT	51
AGACTC	51
ATGCCC	51
GCCAAG	51
ACATTG	51
TACGCT	51
TTGACC	51
ATGTTC	51
ACTAAC	51
GTGACG	51
GCCGAA	51
TCGGCG	51
AGCTAG	50
CGTAAC	50
TTATCC	50
ATTGAT	50
AAGTCT	50
GGTCTA	50
CCTCAG	50
GGCCCC	50
AAACAC	50
CAGGGC	50
TCGCTT	50
GACGCT	50
ACTAAT	50
CCGCCT	49
TACCAA	49
ACGTCA	49
TGGGTT	49
TACGTG	49
TTGCCA	49
TTAGTC	49
AACCCA	49
TATGAA	49
CGAAAG	49
GCCTCA	49
TTACGC	49
GGCTGC	49
GGACGC	49
ACTTGG	49
TATAAA	49
AGACGA	49
CTGTTC	49
GCGTTC	49
TAGCTC	49
TAGGAA	49
CCAACT	49
CACGAC	49
GGACAC	48
GTTTGC	48
CGACTT	48
CGACGT	48
TCCAGA	48
TGAGAC	48
TCTAGG	48
CACGAG	48
GAGCGC	48
TTCCAC	48
TCAGTC	48
ACGAAT	48
GACGTA	48
TAGCAC	48
TGCCAA	48
CGGATA	48
CTAATC	48
ACACTC	48
CCTAAC	48
TAGGAG	48
GCACTT	47
CCTTCG	47
CTAAAC	47
TCTTCA	47
ACGTGA	47
GAACGA	47
TGCGAC	47
CGCCTT	47
GTTCGC	47
ACAAAG	47
TCAAGC	47
ACCACC	47
TTGTAT	47
TCCCTA	47
TAGCGG	47
TCGTGA	47
GTCTAG	47
GGGACC	47
GAGGCG	47
TCCTCT	46
GTGTCG	46
ACACGC	46
GACTTA	46
CTAGTA	46
CGCAGC	46
ACCGCA	46
GTCGCG	46
GTGGCT	46
ACTTCC	46
CCAAGT	46
ATCTAT	46
TCGCAA	46
CTTTTA	46
CTTTTC	46
CGCGAT	46
TACCCT	46
CCAGAT	46
AGATCC	46
GCCATC	46
AGTAGG	46
GCGATG	46
GCCTCT	46
TAGGTC	46
GCGACC	46
GACGGG	46
TTTCGA	46
GCGCTC	45
GAACGC	45
CCCGGC	45
CGGCGA	45
CAGTTC	45
GAGGCC	45
ATCTAA	45
GTCCCA	45
TGTTTG	45
CTGAGG	45
GCAGTC	45
CGCCAC	45
CTCGCC	45
ATCGGA	45
ATGACC	45
TGTATC	45
TGTCCA	45
TTCGTC	45
TACTCA	45
TTCGGG	45
CTCGTG	45
CGAGGC	44
GCGAAC	44
CTTCCC	44
TTCGAG	44
TTCTCC	44
AGGAGC	44
CTGTCG	44
ACTGCG	44
AGCTGC	44
GCTCGA	44
GCTGCG	44
GCTCTC	44
TATGAC	44
ATCGTC	44
GGGAGA	44
TAGATC	44
GACCGA	44
CTAGAC	44
TGCGCG	44
TCTAAC	44
ACAGTC	44
GGCGAG	44
TGGAAC	44
CACATT	43
GCATTA	43
ACATTC	43
CTGCGA	43
CGCAGA	43
ATCCCA	43
TCAGTG	43
CGCAGG	43
ATCCGA	43
ACCTGC	43
ACTTGC	43
ACTTCG	43
ACCCTA	43
TGGGCA	43
TACCAC	43
CTCCGC	43
GTCTCA	43
GTCCAC	43
GGACTC	43
AAGTGG	43
ATGTGC	42
TGACCT	42
AGACAA	42
ACCTTC	42
GTGCTA	42
GTTATC	42
CGTAGA	42
TGCAGC	42
CTACTC	42
TCACTA	42
CCACGG	42
TGCGCC	42
TGCGAT	42
ATCGCA	42
CTCGAG	42
TGCCAG	42
ACCGGA	41
TAGGTA	41
GTCCAA	41
CGAAGG	41
CGTGGC	41
ACCACT	41
TGCCGG	41
TCACAC	41
GGGTGC	41
GGTTCG	41
CAAGTC	41
GCAGGT	41
CTTCTA	41
CCTAAT	41
CCAGGT	41
GAGTCT	41
ACGGCC	41
TCTGGC	41
GCAGGG	41
CCTCTT	41
TCGTCT	41
TCTGCA	41
GACTCC	41
GAGCCT	41
ACTATG	41
GCGGTT	40
ATTGAA	40
GCGTCG	40
TACGCC	40
CCATTG	40
TAGATT	40
TCGAAA	40
ACCAGG	40
TCTACC	40
GACCAC	40
TCCTAA	40
CTGCAG	40
CCCGAA	40
ACGAGA	40
CGACAG	40
CGGCGC	40
TGTGCT	40
CGGGAG	40
TTGTGG	40
ATGTGA	40
ATGTCG	40
GCGGAA	40
CAGGCC	40
AGGTCT	40
GCATCT	40
ATTAGT	40
GCGAGC	39
GGCGGA	39
AGTACG	39
GCGCAA	39
AGACTA	39
GTGAGA	39
CGAATC	39
TGTCCG	39
ACGACG	39
CCGTCC	39
TGCGGT	39
ATAGCC	39
CCATTT	39
GTTACC	39
TTGTCT	39
GTAGTT	39
TACGGA	39
CTAGTT	39
TCAGGC	39
AAAATC	39
CTCAAG	39
GTCTGC	39
TAGTGC	38
TGGGAG	38
CGTCCC	38
ATTATA	38
GTTCTC	38
TTTCGC	38
ATTACA	38
TGCACA	38
TGATCT	38
ATGGGA	38
GCTATG	38
TTCACT	38
CACCGC	38
CACATC	38
CCCTTC	38
AGTGTC	38
ATCGCT	38
TGCCCG	38
GCAGCC	38
TGCGAG	38
AAAGAT	38
TGCGGA	38
GCCTTA	38
GCTTAG	38
TCCTAG	38
ATAGAC	38
GTCTTA	38
AAGTGC	37
CGGGTA	37
CTATCA	37
CCCAGC	37
ATCGGC	37
ATCCTA	37
TGTGAG	37
TACTGG	37
CCCGAC	37
TCGGGA	37
AAAGGC	37
TCGCGA	37
AACTGC	37
TCATCG	37
GGTGTC	37
CGAGGG	37
CAATTC	37
GCCACT	37
TCAGGG	37
CTGAGT	37
GCTCAC	37
CGACCT	37
CACGCG	37
GCGACT	37
AGGTGC	37
TGGTGT	37
ATATAC	37
GGAGAA	37
CGGAGT	36
TGCCCA	36
TGGCAG	36
CTCATG	36
ACCTCC	36
AGTTCC	36
ACTTCA	36
GCGGCT	36
GCCAAC	36
ACGGAG	36
CCGTGG	36
CCCAAG	36
CGGTAG	36
TGTCAG	36
AGTGAT	36
GGAGTC	36
TCGCTA	36
GCTCGG	36
ATTTAC	36
ACGCGG	36
TCAACT	36
TGGCCG	36
TACGAC	36
GACGTC	36
GCACTA	36
TGTGGT	35
AGTTGG	35
CGTCCT	35
TAGTTT	35
GTGGAC	35
AAGTAT	35
AACACC	35
GTGTTT	35
GTTAGG	35
CTTCAC	35
TATTAC	35
GGATGC	35
GTTTGT	35
CGGACC	35
TACCCC	35
CAAGCC	35
ACGGCG	35
ACGGTC	35
CCGATC	35
CGCAAT	35
TTGGCA	35
TCGTTT	34
GACCCA	34
CTAAGA	34
GAACCG	34
TACTAT	34
GTTCGA	34
CGGTCT	34
AGTCTT	34
GTAGGC	34
ACACTG	34
AGTATA	34
CGTCGA	34
CGATCT	34
TCGGAA	34
CCAGAG	34
GAGTTC	34
TCGAAG	34
TCACAT	34
CCATAG	34
CCATCC	34
TTCGAC	34
CTCCCG	34
GCCTAA	34
TCTTCC	34
CGGCCT	34
GCGAGA	34
ACAATC	34
CGACGA	33
CGTTCG	33
CGCCCT	33
GGTGTG	33
CTTACC	33
AGCCGA	33
GTACAC	33
GCGGAC	33
CGAGCT	33
CCAAAG	33
TGTCCC	33
TCCGCC	33
TTTATA	33
GGGTGA	33
TGCGCT	33
TTGGAC	33
CGGTTC	33
TACAGA	33
TGCGCA	33
AGGGCT	33
CGGGCA	33
CACGCC	32
GCGGTC	32
ACAACC	32
GGGTCA	32
GTAGCT	32
TCTCCC	32
CTGGGA	32
TGAGGA	32
CTCCCA	32
GAGAAC	32
CCGTTG	32
ATGGCC	32
TTGCGG	32
CGCGCT	32
GGTCCT	32
TGATAG	32
CGCGAA	32
GATAGG	32
TACGCG	32
TGTTCG	32
CCGCGG	32
CTATCT	32
TCTACA	32
CCTAGA	32
TCAATG	32
TGAAGC	32
ACGACA	32
GGTGTT	32
ACTGAG	31
TATCTA	31
GCAGCT	31
GCTCCT	31
ACTATC	31
GCAAAT	31
GCAGAC	31
ACAGAC	31
GCACCT	31
GCCCAT	31
CTCACC	31
CCGACG	31
CCTTTG	31
AGAGCA	31
CCTCCC	31
CCTAAG	31
CGAGGT	31
ATGACT	31
AGGGAT	31
CAATTA	31
CACACC	31
CACAGG	31
CAGACT	31
CCCATC	31
TGGCTC	31
ATCAAT	31
CGGTGG	31
TACTAC	30
ATAACT	30
CGCGCA	30
ATCCTC	30
ATCCGC	30
TACTCC	30
GGTAGA	30
CGGACT	30
AACTAC	30
ACATCC	30
CGTTAG	30
TTATAA	30
TCCTTA	30
CATGGG	30
ACGAGC	30
CATCCC	30
CCACAC	30
GTGTAC	30
ACGAAG	30
GATACA	30
CTTTTG	30
CCGACC	30
ACAAGA	30
CCGAGG	30
TTCCCT	30
CAATCG	30
GCTCCC	30
GAAAGC	30
TAGAAG	30
CGTGCT	30
GTACTC	30
GTATTC	30
TTCGCC	29
TCCGAG	29
CTCGCA	29
CTTAAC	29
AGGTAG	29
GAGCCG	29
GTGAGC	29
ATGCAC	29
GCGCCG	29
AGGGGA	29
CTGTCC	29
TACAGC	29
GGCTGA	29
TCATAT	29
TCCTAC	29
TAGCGC	29
AGGCAA	29
TGTCCT	28
CAAAAG	28
GCAACC	28
AGACGC	28
AGGTGG	28
ATTGTC	28
ATCCCC	28
GTCGGA	28
GTAGGA	28
CGACTC	28
AGTTGA	28
CGAATA	28
TCCTCA	28
ACACTA	28
CCAGTC	28
GGTCCG	28
GTGGTC	28
CACAAA	28
CTGGCT	28
AGTACC	28
CCGCAA	28
TGCCTT	28
CGGGGA	28
TTAGAA	28
ACATGA	28
AGGATT	28
GGATAG	27
GCACGA	27
TTCCCC	27
GTGTCA	27
CACAAG	27
CGGACG	27
ACGTGG	27
CCGGGC	27
CCCATT	27
GTCTGA	27
AGCGGA	27
GTAGAA	27
CTACAA	27
TGTAGA	27
TGGGGA	27
AGTCTA	27
GGGCTT	27
GGGCCG	27
ACGGGG	27
CTGCGC	27
CTGATC	27
AGTTAG	27
TCGCAG	27
CGGCGG	27
TAGGAT	27
CGGCTT	27
AACCCC	27
TGGTAC	26
TACTTA	26
TCGTGC	26
TATTCC	26
CCTTCC	26
CTGTCT	26
GGGCAA	26
CCCCTT	26
ACCCCA	26
ACATCT	26
AGAACC	26
CTGTGA	26
ATGTCC	26
CCAATT	26
GCTGTC	26
CCTGTC	26
CACCTC	26
CGTGCA	26
GGCGCG	26
TTCTAA	26
TGGGAT	25
GCGAAA	25
CACTCT	25
TTTCCC	25
TCTAAG	25
ACTCGC	25
TTGTGT	25
TCATGT	25
GCTATC	25
CTGTGT	25
ACAAGT	25
GTGAGG	25
GCCCCG	25
CCGCTA	25
ACAGCA	25
GAACTC	25
CAGGAT	25
GAGGAA	25
GAGTGA	25
CAGCCG	25
CAGGGA	25
AATTGC	25
TGCGGC	25
TCCCCA	25
CAACGA	25
TGCTCT	25
GTGCAC	25
TACGGG	25
TCGATC	24
CCACGC	24
CCGGAG	24
CGATGT	24
TGGGGG	24
GTATAT	24
ACAGGG	24
GTAGAC	24
CGGAGC	24
AGTTAT	24
ACGCTT	24
CCTCAC	24
CGACAA	24
GAGCTA	24
ACCTTA	24
TGTACG	24
CCCATG	24
CGGCCA	24
ACACTT	24
CATGCA	24
TCCCAT	24
ACAATA	24
CAGAGA	24
AACGGG	24
CCCGTA	24
CGCCTA	24
TCTTAG	24
ACACGA	24
CGGCTC	24
TGCCTC	24
CCTCGC	23
AAGCCC	23
GTGCCG	23
ACTATA	23
TGGAGC	23
GTGAAG	23
CTTATA	23
TAGCCT	23
GGGCGG	23
TCGTTC	23
TGTGCA	23
TCCCCC	23
GAGGAT	23
CTCCTC	23
TCCCTC	23
AGGTCG	23
ACCTAA	23
TCGGAT	23
AGCAAA	23
TTAGGC	23
TGGCAA	23
ACGCTA	23
TCCGCT	23
TCCGGC	23
CACACT	23
CCGAGC	22
CTGGCC	22
CGAGTC	22
CAAACC	22
GCTTTC	22
GAGGGA	22
CCATCG	22
CGCATC	22
CTGCCT	22
ATTCCT	22
GTATCT	22
AAGAAT	22
GGCTTA	22
TGGGGT	22
GCAGGC	22
CGAAAT	22
CTCAGA	22
GGGACG	22
TCACTC	22
ACTCTC	22
ACGGGA	22
GTGGCG	22
GTTACG	22
GGAGGA	22
CGCGGA	22
CTCTCA	22
GGAGAC	22
AAGACC	22
TGCATC	22
CACCGG	22
CATGTC	22
CGACCG	22
CGTCCA	22
CCTATA	21
ACGCCC	21
CATCTA	21
CGTGTT	21
CCGCCG	21
TACCCG	21
CAGTAC	21
GAGTGC	21
CCTATC	21
CGTAAG	21
TTCGGA	21
TGTACC	21
CCATGT	21
TACCTA	21
GCGAGG	21
TCTAGA	21
GGCCAA	21
TTGTGA	21
AGAGAG	21
ACAGTG	21
ACATAT	21
GTACGA	21
CGCGTC	21
ATGGGC	21
TTTGGG	21
ACTCAG	21
CGCACG	21
AGGTCC	21
CGGAGG	21
CTTAGA	21
GGCACC	21
TCAGAC	20
CTACAC	20
AGCCGG	20
GATCGC	20
TGGGTC	20
TCTGGA	20
CCCTCC	20
GTTTCG	20
AATCTA	20
TATGGG	20
GTCTCC	20
CCCTGC	20
GGGACA	20
ACCCGA	20
CTGCAC	20
TTGTGC	20
CACGGC	20
TACCTC	20
GCGACA	20
GTTAGA	20
AGTCGA	20
GCCCTC	20
GGTGAA	20
GGTCTT	20
ACTTAG	20
TCCGAC	20
ACCCTT	20
CCTGTG	20
GGAGCT	20
ACTAGG	20
CCTTAC	20
TCACAA	20
CTTGTC	20
CTATCC	19
CACAAC	19
GATTCG	19
CGGAAC	19
CCCTTA	19
TAGCTG	19
TCGGTC	19
CCTCGA	19
GCGTGC	19
GGAGCG	19
ACTTTC	19
TTCACA	19
GAGGGG	19
CCTAAA	19
TACACC	19
TGCACC	19
CCCCCC	19
TTATTC	19
AGAGGG	19
CGCTCC	19
CTTAGT	19
GTCACC	19
GAGCGG	19
ACAGGA	19
GAGGCA	18
ACGTCG	18
ATCGCC	18
GGGGGA	18
GGGGCG	18
GCGTCC	18
CAGTGC	18
AGCGCG	18
GTAGCC	18
GGATTC	18
ACGGCT	18
CCGAAA	18
TCGCCG	18
GACTCT	18
CGCGAG	18
TAGTGA	18
TTACAC	18
CAGCTC	18
AATTGA	18
GCTAAC	18
GTAGTC	18
CCAGAC	18
CTAGGG	18
TTGGCC	18
CAACCC	18
CCAGCG	18
TTGCCT	18
GCGCTA	17
CACCAC	17
CACCCT	17
TGCACT	17
ACCTCT	17
GCTTCA	17
ATTCCC	17
TACGGT	17
GCTCCG	17
ACACAA	17
GTTAGC	17
CGGTGC	17
CCCGTC	17
CGAGAG	17
GCGACG	17
CTATGC	17
TGGGTG	17
GAGATA	17
CGGGGC	17
AGTGCA	17
CCGGAT	17
GTTCCC	17
TCTGGG	17
TCCGCA	17
GAGCCA	17
AGCGAG	16
GGCTAT	16
TAGTTC	16
ACGCCT	16
GATCCA	16
CGAGTG	16
GGGTCT	16
TAGAAC	16
TCCTCC	16
TTAGAT	16
ACCGCG	16
TGTCGG	16
GTGTCC	16
CCCAAC	16
CCCTCG	16
GGTACA	16
TTGTAG	16
AAGTTC	16
GTGTCT	16
TTGCCC	16
CTGTGC	16
TCTGAG	16
TCAGCT	16
GTGTGC	16
ACAGCC	16
TCGGCC	15
GTGCCT	15
ATAGAG	15
CCTAGT	15
CTACCT	15
CCTCTC	15
CAGAGG	15
GGGGTA	15
GGGCGA	15
CCGCTC	15
ACATCG	15
GGTGCG	15
CTACGC	15
CCTCCG	15
GCGCTG	15
GATCAA	15
GTGGAA	15
GGTAGG	15
CGACGG	15
ACTACC	15
CAGCGC	15
CGCCCC	15
AGCCTA	15
CCTATG	14
TTTACA	14
GCCCCT	14
CCAGGG	14
GCACTC	14
CCGATG	14
TAGGCT	14
GGCGGG	14
CCTCCT	14
GAGACC	14
GTCATC	14
CCCCGA	14
GGGGAG	14
GGCGAA	14
ACTCCA	13
CGGCTA	13
CAGTCT	13
AATANT	13
TCGTCC	13
ACACCC	13
GTCTCG	13
AGCCCC	13
ACAACG	13
AGTGCG	13
ACAAAC	13
ATGCAT	13
CCGCGC	13
TCGATG	13
GATCAC	13
CGTGAG	13
CACCTA	13
ATTGGA	13
ATGGAG	13
GAGATC	13
ATCCCT	13
GCATCC	13
CCTACC	13
CGTACA	13
TCGCCC	13
TAGGCC	13
TCGGAG	12
CGGCCC	12
GGTCGA	12
CTCCGA	12
CTCCAT	12
GCCGGC	12
TGTACA	12
ACTCTA	12
GTGACC	12
GTGAAC	12
ATACAC	12
ACGCGC	12
GTACAA	12
GATCGA	12
CACCCA	12
TTGTCC	12
GTGGAG	12
GTTGGG	12
CCCCTG	12
GGGGCC	12
CTACCC	12
CGGTCG	11
AGCCCG	11
GCACGC	11
TCGGAC	11
TACAAG	11
ACGTCT	11
TCGGCT	11
AGGACA	11
CCGGAC	11
CCAGTG	11
AGAGAC	11
TCACCC	11
CTCGAA	11
TGGGTA	11
AGGATC	11
CCCCTA	11
GGGCGC	11
TTGAAA	11
TCAGCC	11
CGGTTT	10
GATAGA	10
TTCACC	10
GCGGAG	10
GATCCC	10
TCGCAT	10
CCCCGT	10
GCATCG	10
CGGATG	10
TCGACC	10
CAACAC	10
GGCAGG	10
GTAGGG	10
GTTCTA	9
GCTAGT	9
TTACAA	9
CTGGGC	9
TGTATA	9
CCGCAG	9
GAACCC	9
CCTTTT	9
CTCCCC	9
TCCCAG	9
CACCCG	9
GGGGCT	9
GACGGA	9
TCGGGG	9
TGATCG	9
GGGGAC	9
GGAGAT	9
AGTTTC	8
CGGAAG	8
GCATGT	8
CCATGG	8
TCCCGC	8
TCCCGG	8
ACACCT	8
CGGAGA	8
GGTCTC	8
GAGTCC	8
TCGAAC	8
AGGGAA	8
ACCTAG	8
CGTGGT	8
TTGTAC	8
GTTCNT	8
ACCCGT	8
ACATGT	8
TGTTGT	8
TGGACG	8
GTCTCT	8
GTGATC	7
TAAANA	7
TACCGG	7
AGGACC	7
TTCGCA	7
GCACCC	7
GGCTCG	7
TCCGTC	7
ATCTNT	7
GCGATC	7
GCGAAG	7
TAGGGG	7
AGCGCT	7
CGCCCG	7
CGGGGG	7
GATATC	7
TGCCCC	7
TCGGTG	7
TGTGTT	7
GAGGGC	7
CTAGCA	7
CCCCAC	7
CCCCAG	7
CTGAAG	7
TGTGAA	7
TCTAGC	7
TGAACC	7
ACTAGC	7
CCGCCC	7
CGCGCG	6
GTGCGC	6
GTGCAA	6
AGGTTC	6
AGATCT	6
GGTGGA	6
TCCGAA	6
GCCCAA	6
ATTGNT	6
ACTAGT	6
TACTAG	6
CACCNT	6
AGGCCC	6
TTCANT	6
TCCCAC	6
ACTCGG	6
CGCGAC	6
ATCGAC	6
TCCTNT	6
CCCCTC	6
AATTNT	6
GGCTAG	6
CACGGG	6
TCCAAT	6
CGAGGA	6
GTATAG	6
GCAAAC	6
GATGTC	6
CGATCA	5
TAATNC	5
TTGATC	5
TACAAC	5
CACATG	5
GCGGGG	5
ATGGGG	5
TTGCTC	5
TGTCGA	5
TAACNT	5
GGCTCC	5
TGGTCC	5
CGCACC	5
CTACGA	5
AGGGGG	5
AAGATC	5
AGTACA	5
GTGTGT	5
GGGGGC	5
GGGTCC	5
GGGGGG	5
GGGGTC	5
GTATGA	5
ACTACG	5
GCTATA	5
GATATA	5
GATCCT	5
TTCTAG	5
TACACT	5
CGGGGT	5
TCCGGG	5
AGTGGG	5
GATCAT	5
ACCGGC	5
CCTGGA	5
AAGTNT	5
AGAACT	4
CACTAG	4
TACCNT	4
TGTGGA	4
ATAANT	4
GGGATA	4
TCTTNT	4
CCCCCG	4
TCACCG	4
AACGNT	4
CTACNT	4
GAACCT	4
TGACNT	4
ACCCCT	4
CCTTGG	4
ACGATC	4
TAAANT	4
ACTCGA	4
GCGGGA	4
AGGGCC	4
NAATGT	4
CGATCG	4
CCGAAT	4
AAATNC	4
TTAANT	4
GACCTC	4
CTAANT	4
GCGCCC	4
CTGTAT	4
CGTAGT	4
TAATNT	4
CGGTGA	4
CGGGTT	4
TAGCNT	4
GATANT	4
TCCGGA	4
TACTNT	4
NAAGTT	4
TAGTAC	4
ATATAT	4
CTAGTG	4
CTAGGC	4
GAGGTC	4
ATCANT	4
ACCCAC	3
ACCCCG	3
CCACNG	3
NACTGT	3
AAAANT	3
CGTTCC	3
AACACA	3
TGTGTC	3
AATCNT	3
TCGCGC	3
CACCCC	3
GGGGCA	3
GCCCGA	3
GGTCCC	3
TTGGGT	3
CCAGGC	3
CGTATA	3
TCCCTT	3
GCCCTA	3
CTAGAT	3
TGCGAA	3
CAAGGG	3
ACGTGT	3
TGGGAC	3
ATTTNC	3
GTAANC	3
GAAGNT	3
ACTTNT	3
CCACNT	3
CTTGNT	3
GGAGCC	3
GTTGNC	3
GAATNT	3
TACANG	3
TAAANG	3
TACANT	3
ATACNT	3
GCCCCC	3
TCCANT	3
TCGTGG	3
NTACAT	3
GGGCAG	3
AGTTCT	3
GGGATC	3
CCCCGG	3
CGCCCA	3
GGGCTC	3
AGAACA	3
AAACCC	3
AATACA	3
CCCGCG	3
TAAGNC	3
AGGGAG	3
TGGCCA	3
CTGGGG	3
GGGGGT	2
CGTGTC	2
TCACGG	2
AGAANG	2
AGTGAA	2
NTACGT	2
NAGGGT	2
CAACNA	2
TCACNT	2
TGATCA	2
NAGATT	2
CAACNT	2
CGGGCG	2
TATTNT	2
ACTGGG	2
TTCTNT	2
CGGGTC	2
GTACNT	2
NTGCAT	2
ACNTTT	2
TTCGNT	2
AAGCNT	2
ACAACA	2
TGAAAG	2
TACGAT	2
ATCANC	2
CTATNG	2
CGGGCC	2
ACTAGA	2
CCTACG	2
CTATNC	2
ATTTNT	2
CGCGGG	2
TCAANG	2
NTGTTT	2
CGCGCC	2
AGGGCA	2
TGCGGG	2
TTTANT	2
TGGCCC	2
CGACNT	2
ATCTNC	2
TACGGC	2
GGTACC	2
TAGANT	2
NAATAA	2
TATCNT	2
NTCATT	2
TAGTAT	2
AAAGNT	2
ATATNA	2
CGTAGG	2
CGTANT	2
CGAGNT	2
NTCAGT	2
NACTTT	2
AGGTNT	2
GTAANG	2
GGGCCC	2
CCTGGG	2
CTAGCC	2
NTATAC	2
NGGTTT	2
AATTNG	2
GGATCG	2
ACCCGC	2
NTTGGT	2
TGGGCC	2
GGTGNA	2
TGGGCT	2
TGAGNT	2
GGTGGG	2
GTACNG	2
NACATA	2
NGACAT	2
CATGNT	2
CCAGGA	2
TAAGNG	2
TTCCNT	2
GAAGNA	2
GCTANT	2
GTGCNT	2
GCTAGG	2
CCCCCT	2
GACATC	2
TGTTAG	2
ACGGGT	2
GATTNT	2
TCGTTG	2
AGCGGG	2
TCGCGG	2
GCATGC	2
CAATNA	2
GAGCAA	2
GCTAAG	2
CCGGGA	2
TCAGNT	2
TAACNA	2
CCGGCA	2
GACCCC	2
GAGCTC	2
TCGCTC	2
TCCCCT	2
ACGGTG	2
AATCNA	2
TCCGNT	2
CCGCAC	2
GCGGGC	2
TTCGAA	2
TCAGAG	2
CACTNT	2
CATANT	2
ACGGGC	2
TAACNC	2
AGCTNG	2
CCCGGA	2
GCCCAC	2
NCCAGT	2
AGATNT	2
CACGTC	2
ACGAGG	2
GTGGTG	2
CTCCNC	1
NATGCT	1
TANAAT	1
TTNTCG	1
TGGCNC	1
GCCCNC	1
GATGNT	1
NATTAA	1
NAAGCG	1
NTAGCT	1
NAAGCC	1
AGGGNA	1
NTAGTG	1
GCCCGC	1
NACTAT	1
GAGGNC	1
TANTGT	1
NTATAG	1
TANCGT	1
GGGTNA	1
NATTGA	1
GCCTNT	1
ATCCNT	1
AGCGNT	1
GTGGGA	1
NAAAGT	1
TAACGN	1
CCCCNA	1
NAAAAG	1
NAAAAA	1
TTATNC	1
NAAATC	1
CTGANT	1
TACGTC	1
TGCGNA	1
TTATNT	1
CCCCNT	1
NTACCC	1
NCTCTT	1
GACTNT	1
GAGANC	1
TCGTAG	1
NATGGG	1
TGTGGG	1
NAACGT	1
TGTGCG	1
TTAANC	1
TGATNT	1
CTCTNT	1
AGCANG	1
NCTCCA	1
NAAATT	1
NTACTC	1
GTGGGG	1
GTGGGC	1
GGGCTA	1
CAGACG	1
NTTATT	1
NTTAGT	1
GTGTNG	1
GGTTNT	1
NTTCGT	1
GGTTNA	1
GCAGNC	1
TTTGNC	1
GATANG	1
NCCTGC	1
TCGCCT	1
NATATT	1
CCACNC	1
GTGTNA	1
NATCCT	1
CGGGAC	1
AGGTNG	1
TAGGNA	1
NTTGGG	1
TTTCNA	1
NTTAAC	1
CCAANC	1
CTAGNT	1
AATANC	1
GTNAGT	1
CATANA	1
ATAANA	1
ATAANG	1
TTACNA	1
NTTACT	1
NCCTGT	1
TTACNG	1
CGGTNG	1
NACAGT	1
NATCAT	1
AGCCCT	1
NCCATA	1
NTGGTA	1
CCAANA	1
NACCAT	1
CTCCCT	1
GAGTNT	1
TACTNC	1
TAACNG	1
TACTNA	1
CATCGA	1
CGATNA	1
NTCACA	1
GGTANT	1
CGGATC	1
GCCANA	1
GCCANT	1
NAAGTC	1
ATATNT	1
NACCGT	1
NATAGG	1
CGCTNC	1
NCTAAA	1
NCGATA	1
NTTGTT	1
GANTTG	1
NTTTAT	1
GANTGT	1
NTTTGT	1
CGGCNT	1
GANTCC	1
ATAGNC	1
GTCCNA	1
TAGTNA	1
CTCANA	1
CTCANC	1
AAACNC	1
CGGCCG	1
GGTCNG	1
GTACNA	1
AGACNT	1
NCGCCT	1
CCGGCT	1
ACCCGG	1
CCTGCC	1
TCAGNG	1
GGACNG	1
GGACNC	1
NGGTCA	1
TGCTNG	1
ATTCNT	1
AGTCNT	1
NGGTGG	1
AGTCNG	1
NAATCT	1
AGTCGN	1
CCTCNC	1
ACAGCN	1
AAATNA	1
AATCGN	1
ACAGCG	1
CCTGGC	1
TTGANC	1
TAAANC	1
GGATCC	1
NGTAAA	1
CCTGNA	1
ATTANG	1
AAAANA	1
CCGCGA	1
CCGCNG	1
TGCTAG	1
GGAGNT	1
GTTGNG	1
NGGTGT	1
TACAAN	1
TGAANG	1
TACANA	1
GATTNG	1
CTTGNA	1
AGCTNT	1
TTCGNG	1
CAAANT	1
ACGTNA	1
TTCGNA	1
NGATTT	1
TTTTNC	1
NGCAAT	1
GAACNT	1
GCTCNT	1
GCTCCA	1
GCTGNA	1
GTCANC	1
ACCGGG	1
TGTANC	1
CCGTNT	1
GTGCGA	1
CCGTGC	1
CCGTCG	1
CTTTNC	1
AGGANT	1
GCTACG	1
AGTANT	1
NGCTGG	1
CTTTNA	1
GCTAGA	1
GCTAGC	1
CCGGNG	1
NCTGGT	1
AACTNT	1
NGCTGA	1
NGATGT	1
NGATTC	1
ACTACA	1
NAATCG	1
CGTTNT	1
CAAGNA	1
GTTANA	1
GTCTNC	1
GCGCAC	1
GTAGNT	1
TTGGNG	1
ACAANT	1
CTGTNA	1
ACGGNA	1
GTCTNG	1
ATGANA	1
ACCANC	1
CTGTNC	1
ATGANT	1
CTGTNT	1
ACCANT	1
GTCTNT	1
GTTTNC	1
GATTCC	1
TAATNA	1
ACCCAA	1
CTGGAT	1
GACTNC	1
AGTANC	1
CCCGAG	1
TGAGNG	1
CTGCCC	1
CGCACT	1
CTAANA	1
TGGGGC	1
GGCTNT	1
TATCNG	1
NATACA	1
AAGGNG	1
CTGGNA	1
CTGGNG	1
CCCGTT	1
NCTTCT	1
GTTTNG	1
NTAATG	1
TTGCAC	1
CACCAN	1
NATGTA	1
NAATTA	1
GACANA	1
CGAGCC	1
CACANT	1
AAAANG	1
CACANA	1
TATGNG	1
ATGTNT	1
NCTTGT	1
ACCCCC	1
AANAGT	1
NACTTG	1
AACCNT	1
GGATNT	1
TAAGNT	1
AACGNA	1
TATCTC	1
ATGCCN	1
NTAAAT	1
NTAAAG	1
NAGTTG	1
ATGCNA	1
CTNTCG	1
ACTCNA	1
NAATTC	1
AGGCNA	1
NAGTGT	1
TTGCNT	1
