process_radtags v2.1, executed 2018-10-25 11:21:08
process_radtags -p /panfs/pfs.local/scratch/sjmac/b961k922/kinbre/b017_macdonald/data/intercross_f18/raw/Sample_Sam3852_F18_p03/ -o /panfs/pfs.local/scratch/sjmac/b961k922/kinbre/b017_macdonald/data/intercross_f18/raw/Sample_Sam3852_F18_p03 -b /panfs/pfs.local/scratch/sjmac/b961k922/kinbre/b017_macdonald/info/b017_p03_barcodes.txt -i gzfastq -e mseI -r -c -q
File	Retained Reads	Low Quality	Ambiguous Barcodes	Ambiguous RAD-Tag	Total
Sam3852_F18_p03_TTAGGC_L008_R1_001.fastq.gz	22264411	291856	596768	301071	23454106

Total Sequences	23454106
Ambiguous Barcodes	596768
Low Quality	291856
Ambiguous RAD-Tag	301071
Retained Reads	22264411

Barcode	Filename	Total	NoRadTag	LowQuality	Retained
AATGTG	F1	336464	1017	4331	331116
GGGTTG	Db3852	160680	689	2014	157977
GACAAT	Dsam	60286	5511	701	54074
CGTCTG	42a.08	145471	700	1919	142852
CTCTAC	42a.09	208626	702	2731	205193
GCGCGT	42a.10	133150	1203	1699	130248
AAGGAC	42a.11	159046	1583	2019	155444
TATATG	42a.12	418760	790	5521	412449
GGCATT	42a.13	41964	2283	531	39150
CAATAT	42a.14	138473	3822	1700	132951
GATGAG	42a.15	160555	977	2043	157535
TCTCGT	43a.01	243673	10945	3033	229695
CATAGC	43a.02	312672	1178	3982	307512
CTTGCG	43a.03	104969	1217	1350	102402
ATATGG	43a.04	349309	1553	4479	343277
GGTTAC	43a.05	200020	1184	2519	196317
AAGCGA	43a.06	123390	1212	1643	120535
AAACGG	43a.07	278175	1788	3646	272741
TCTATT	43a.08	626140	3355	8026	614759
CCCTAT	43a.09	141726	1479	1761	138486
TCCACG	43a.11	219262	603	2890	215769
GGGAAT	43a.12	100111	559	1265	98287
TTCCTG	43a.13	195037	1138	2543	191356
TAGTCG	43a.14	288737	626	3605	284506
CACTGA	43a.15	113566	2363	1462	109741
GAGAGT	46a.01	273392	11436	3209	258747
GGAATG	46a.02	231197	1202	2921	227074
AGGCGT	46a.03	137732	3453	1665	132614
GTTCAG	46a.04	224689	4755	2813	217121
ACTGTT	46a.05	213614	3820	2686	207108
CGATAC	46a.06	147692	713	1893	145086
ATCACG	46a.07	271223	9421	3408	258394
GTCGAT	46a.08	32857	347	460	32050
GATCTG	46a.09	141753	515	1812	139426
CTCGGT	46a.11	57975	8353	633	48989
ACGTAC	46a.12	174753	875	2173	171705
CTAACG	46a.14	272096	1089	3580	267427
GCGTAT	46a.16	106413	603	1323	104487
TTAGCG	49a.01	277353	1029	3473	272851
ACCGAT	49a.02	92991	2778	1255	88958
TAAGCA	49a.03	194826	7659	2510	184657
GAATAC	49a.05	441565	1318	5628	434619
ATTCTG	49a.06	609445	1341	7699	600405
GCTGAT	49a.07	84731	2419	1057	81255
CTGACA	49a.08	261530	1061	3347	257122
TAGACA	49a.09	388315	837	4960	382518
GGAAGT	49a.10	167485	4522	2073	160890
TATAGT	49a.11	481530	6380	6116	469034
AGCTCA	54a.01	287372	867	3783	282722
CTCTGG	54a.02	252234	469	3298	248467
TGAATT	54a.03	276314	6556	3538	266220
CAACTG	54a.04	85373	1854	1071	82448
ATGATG	54a.05	423895	1801	5552	416542
GTCCGG	54a.06	199559	495	2588	196476
GCACAG	54a.07	226638	541	3033	223064
ATCCAG	54a.08	264764	1314	3520	259930
GAATGG	54a.10	104849	5682	1309	97858
TGTAAT	54a.11	146813	1227	1830	143756
TCTCTG	54a.12	281870	485	3788	277597
AAATAG	54a.13	456231	2345	5877	448009
AACCTG	54a.14	292617	1535	3783	287299
TAATTG	54a.15	167910	10252	2008	155650
GAGTAG	60a.01	273384	988	3495	268901
AATCCG	60a.02	198077	1618	2626	193833
GTAACA	60a.03	413312	1195	5279	406838
AAGCAG	60a.04	298554	5298	3791	289465
AATGCC	60a.07	171193	1733	2204	167256
TTACTT	60a.08	666083	10365	8487	647231
AAGGTT	60a.09	303497	10118	3881	289498
AGAGTT	60a.10	453378	10558	5537	437283
AGTCAC	60a.12	433277	4041	5589	423647
CAGGTG	60a.13	145668	806	1938	142924
ATCTTG	71a.01	631924	1578	8132	622214
GGACCA	71a.02	102637	694	1289	100654
TTTCAT	71a.03	327904	5122	4195	318587
CATTGT	71a.05	230474	5924	2859	221691
AACTCG	71a.06	179312	643	2368	176301
AATAAG	71a.07	676682	1907	8910	665865
CCACCA	71a.09	284112	1301	3628	279183
GTTGCA	71a.10	325430	1308	4162	319960
CCCACA	71a.14	146786	634	1843	144309
GTCCTT	71a.15	203126	1565	2768	198793
GCCGTG	82a.01	139720	1353	1812	136555
GACACG	82a.02	37591	420	448	36723
TGACTG	82a.03	228955	567	3037	225351
GCCTGG	82a.04	36377	1273	442	34662
TCGAGT	82a.05	226019	6950	2750	216319
ATACCG	82a.06	326014	941	4255	320818
GGCCGT	82a.08	128484	1522	1641	125321
GAAGTG	82a.09	302682	6546	3790	292346
AGGCTG	82a.10	139256	1034	1778	136444
CGCTTG	82a.11	39447	974	481	37992
CTTCGG	82a.12	231201	1293	3110	226798
GGCCTG	82a.14	156520	414	2059	154047
ATAGGT	83a.01	214528	17869	2350	194309
AATGGT	83a.02	173876	32693	1837	139346

Sequences not recorded
Barcode	Total
ATCTGT	10902
TACTTT	10397
CTAAGT	8032
CACCAT	7631
TTCATT	7570
TGACAT	7433
ATTTGT	7336
TAGCAT	7254
AGACAT	7164
AACTGT	7126
TTCTGT	6748
GTACAT	6522
CATACT	6508
TGATGT	5406
GTTACT	5374
TTCAGT	5334
ATCAGT	5117
TAACGT	4954
TAACAT	4692
AAAAGT	4609
GATACT	4593
TAGCGT	4560
CCACAT	4438
ATCCGT	4419
GAAGGT	4418
TACTGT	4067
AAGTGT	3998
GACTGT	3932
ATGTGT	3930
TAAAAA	3929
TAAAAT	3896
GTGCAT	3818
TCCTTT	3762
TCCTGT	3710
AACCGT	3638
AGGTTT	3593
AACAGT	3583
ATGAGT	3545
TAGAAT	3308
GAACAT	3196
TTCTTT	3034
AGCAGT	2867
TACCGT	2836
GGTTGT	2762
GTCAGT	2662
ACCTGT	2632
CTACAT	2625
GACATA	2616
AACGTA	2532
GAATTT	2442
TCAGTT	2357
TAAATA	2349
CTATTT	2347
AGTAGT	2303
TAATGT	2296
TAGTGT	2257
CTAGCT	2183
AATACT	2156
TTGCGT	2147
ACTTGT	2140
ACTCAT	2106
ATGCCT	2080
TCCGGT	2073
TAATAA	2033
CACAGT	2002
AGCTGT	1923
AGTACT	1889
GTGATT	1761
AGATGT	1715
TAAGTT	1709
ATGTTT	1689
TAAGAT	1666
ACCAGT	1657
CTACGT	1585
TAAAAG	1545
GTAAAT	1423
GAGTTT	1419
TAACAA	1402
ATTCGT	1373
CCACGT	1334
TAATGA	1326
TAAAAC	1316
TAAACT	1313
CTGGTA	1295
AAGACT	1292
CATGTT	1260
TGCTGT	1256
TCGGTA	1230
TTCGTT	1221
GTCACT	1212
AGCACT	1202
TAAATC	1197
AAATGT	1142
CGACAT	1141
TAAAGC	1135
GAAACT	1114
CTTGTT	1086
TAAAGA	1085
GTAATT	1041
CTGATT	1018
CAAGCT	1001
TAAAGG	996
TAACGA	977
CTGCAT	966
TAATGC	957
TTATGT	953
ACGATT	936
TCTGTA	929
CTGAAT	920
TATGCT	915
CATGAT	912
GTCTGT	912
CCGTGT	896
CATGCT	884
CAACGT	879
ATTGTA	865
TAATCT	845
CTTACT	813
TCGGTT	800
GGTACT	784
AACATA	749
TAACTC	739
CGGTGT	737
CCTGGT	732
TAAACG	726
GATGTA	721
TAACCC	718
GTTAGT	709
TGCATA	707
TAACAC	707
GAAATT	705
TAACAG	697
TCAGTA	687
ACTACT	683
CTGTAA	679
TAAGTC	679
TAACTA	651
TAAGGT	650
ACAGTA	640
AAAGTA	638
TAAGAG	624
TGCGTA	620
TAATCC	610
ATAGTA	604
CCTGTA	600
TAACCT	599
AATATT	598
CTGCGT	596
CGTATT	594
CGTACT	588
ACCATA	587
GCCTTT	586
ACACGT	583
GAACGT	582
TAACGC	577
AAGCCT	569
ATGGTA	565
ACCGTA	564
AGGACT	558
TAACCG	555
TAAGGG	555
CTACTA	554
CTGTTT	552
ATCGTA	547
TATGTT	534
TAAACC	525
TAAGGC	519
TAAGAC	508
GGTGTA	507
ATTCAA	503
TCATTT	492
CCAGTA	491
GCCAGT	485
TCCGTT	480
GCCGGT	470
TACATA	466
CTTGTA	465
CCGGTA	447
CGGTTA	442
AAAACG	430
CAGGGT	426
CACATA	416
CAGCAA	406
CACGTA	393
AGATTG	392
TGACGT	387
GTTCGT	387
CCTTTA	383
AAAATG	376
AGCCAT	376
CAAAAA	374
AAAATA	372
TACGTA	367
ATTTAA	367
ACCATT	365
CATATT	365
GATATT	362
AAGTAA	360
GCTGTA	354
ATTGCT	346
AATATC	343
TTCCGT	341
GCAGTA	339
TTTTTG	336
CAGAAA	332
AATCTT	329
GAATCT	329
TTCGTA	327
TGATAA	326
CTGGTT	326
AGCAAT	324
AGCGTA	318
CAGAAG	315
CGTTAA	314
TTAATA	310
ACAATT	309
GCATTT	307
AGTGTA	307
TTAAGT	303
TTCTGA	303
AAACAT	302
TTTAGC	301
TTTATC	301
TTAAAT	301
TGCTGG	300
AGAAAT	299
TGATTA	297
ATTTCT	297
GTTGAC	296
ACGTTT	296
GGACAT	295
TTATTA	295
CCGATT	292
CGTGTA	291
CCATAA	291
GGTAAA	290
GCTTGT	290
TGCTTA	290
AAAAAT	289
ATGCTT	288
AAAGGA	288
CGCGTT	288
AGAACG	288
AAATTA	287
TGACGA	286
AGAAGC	285
GATAAA	285
TGGTAA	282
TGTTCA	281
GGGTGT	281
AGTCGG	281
CGCTGT	279
TTATCA	279
ATCAGC	277
AAATTT	273
CTTTAG	272
TTCTGC	271
AGTCCT	271
AAGCTC	271
TGTTGA	270
AATCTC	270
GTTTTC	269
TTTTGA	269
AAGTTA	268
ATACTA	268
TCCGTA	267
GTTTAT	267
AGCATA	267
GTACTA	266
GCCATA	266
GAATTA	264
CATAAA	264
GCATAA	263
AAATGC	262
CAGTAA	260
CCTACT	260
AAACCA	259
AACCAA	258
AGTTTA	258
AGCAAG	256
TCATTA	255
AAAATT	255
ATAAAC	255
CGCCAG	255
ATAACC	255
AAAAGA	254
CGAACT	254
CCAGAA	254
AAGAGC	252
TATTTT	252
ACATAA	251
TTAGAC	251
CGTCAA	249
GATTGC	249
TGAGTA	249
ATCTCT	249
AAATGA	248
GGAAAA	248
CAAATC	248
GCGATT	248
CGTTCT	247
CTGTTG	247
AGAAAA	247
TCAATA	247
ATTTTT	247
GTTTAA	245
CTCAAA	244
ATATCA	244
GTCAAC	243
CATTCA	243
TTAAGC	243
TATGTA	241
TTAATG	240
CAGCTT	239
AAAGCG	236
CCATGA	236
TCAAAA	235
TATTGA	235
CTCATC	235
GACCAA	234
TGGTTT	234
TGCTGC	233
TATTAA	232
AATTTA	231
AACCAT	231
ACCAGC	230
GCCAGC	229
TTTACC	229
ACTTTA	229
CTCTTT	228
GTGTAA	227
GAGTTA	227
CTTTTT	226
ATGTAA	226
TTTGGT	226
AGGTTA	225
ATCTGA	225
TCAGAA	225
ATTTTA	225
ATCATA	224
GAGGCT	224
AATTTT	224
AGCTTT	224
TGATGC	223
TGATGA	222
ATGAGA	220
GACCAG	220
AGGATA	220
AGCATC	220
ATGGAA	220
TGAACA	219
ATAAAA	217
GCTTTA	217
GAAGGA	216
TTTGAG	216
ACGGTA	216
TGATTC	216
TTAACT	215
AAAACA	215
GTTTGA	215
TCATGG	215
AGCGGC	215
ATTAAA	214
ACTGAC	214
TTTTTA	214
ATAAGC	214
ACCTTT	214
TGCTAT	213
ATGAAA	212
AAGAAA	212
GTTATA	212
GAGCTT	211
CTATTA	210
ACATTA	209
TGGCGA	209
TTACCA	209
CACCAG	208
TATCAG	208
ATAGCA	208
GCTAAA	208
GTTAAC	207
AGAATC	207
TATTTA	207
GGATGA	207
GTGGTA	207
ACTTCT	205
TTTGTT	203
GGAGTA	203
AGAAAC	202
TATTGC	202
CTGCTT	202
CGGTAA	202
GAAACC	201
GCGGTA	200
GTAGTA	200
ACCAAA	200
ATTAGA	200
AGATTA	199
AGCCTC	199
CGTTTT	199
TGGTCA	199
GCAGAA	199
GCAATT	198
GAATCA	198
ACCAGA	197
TTGTAA	197
ATAATT	197
CTATAA	197
AAATCA	197
GGAACC	197
CATCAA	196
TGCTGA	195
TCGTAA	195
CAGGAA	195
ATCAGA	195
CTTAAT	194
AGAAGG	194
ATAATC	194
CATAAT	193
AGCTGG	193
CATTAA	193
TTTTCT	192
AAACCT	191
AAAGCT	191
GATGCT	191
TGTTTA	191
TTTGGA	190
ATCAAC	190
ATCGTT	190
TTGGTT	189
TATGGC	188
CGGAAA	188
TACCAT	188
GTCGTA	188
TTGACG	187
TCCAAA	187
TGGTAT	187
CTATTC	187
GTTTGG	186
GTAAAG	186
CATGAA	186
TATCCT	186
TATCAA	186
GCTGGC	186
TATCTT	185
TGACGC	185
GACGGT	185
AAAAAA	185
GTCATA	184
CATCAG	183
AACATT	183
GCAAGG	183
TTTGTA	183
GATTAA	183
ACTCAA	182
GATTCT	182
GTAATC	182
GCAATC	182
TCAACA	181
TTAATC	181
TTGAAT	181
TCTTTA	181
CATCAT	181
CGTTGA	180
TGGAGG	180
TTTAAA	180
TGTTAA	180
TGCCGC	180
TGAGAA	179
GAAGAA	179
AAGTTG	178
GATTAT	178
GCGTTA	178
GACGAC	178
ACTAAA	177
GAACAA	177
TTTGAC	176
TTTTGT	176
AACAAA	176
AGCAGG	175
TCAAAC	175
TTGGTC	175
ATGCGG	175
ATCTCC	175
CAAGAA	175
CCAAGA	175
CGATTA	175
AGCTAT	174
TCTTGC	174
GCAAGC	174
TGTCAA	174
GGAAAC	174
ACAAAT	173
TTGTTA	173
ATACGA	173
GTTATT	173
TTTTAC	172
CAATGC	172
ATTTAG	172
TTAAAA	171
AAAAGC	171
CAGAAT	171
TCTTGG	171
GCATCA	170
TTCTCA	170
GAGGTA	170
ACAGAA	170
CCGAAG	170
AGCAGC	169
GTACGT	169
TGCAAA	169
TTGATA	169
CTCATA	169
CCAAAT	168
ATCAAA	167
CCAATA	167
AAAAAC	167
GTTTTG	167
GTCATG	167
GCTTAA	167
AAACTC	167
GAGAAA	166
GAAAAA	166
CTTATG	165
ATGCAA	165
CATTTC	165
CGCAAG	165
GACCCT	165
GTTTCT	164
TTCTTC	164
TTGACT	164
GACTTC	164
TTTTCA	164
AACCAC	164
AAAGAA	164
GGCGTC	164
AGATAT	163
GACTCA	163
TGGCGC	163
GCTCTT	162
ATAAAG	162
CTATTG	162
GGCAGA	162
GTCTAA	162
GTCGTC	162
TTATAG	162
TTTACT	162
GCTACT	162
GACGTT	161
CTTGGC	161
CACGTT	161
GCAAAA	161
TGATGG	160
CTTTAA	160
CAAACT	160
TGCCAT	160
CAAGGT	160
AACAGC	160
TGCCGA	160
CAAGTA	160
TTACGG	160
AGTTTG	159
TTTCTC	159
ACAAAA	159
GCAATA	158
GCTTGC	158
GCTTTG	158
TATGAT	158
TTTCCG	157
TATAAC	157
GAAATA	157
ACCATC	157
AACAGA	156
AACGGA	156
AGAAAG	156
GGAGGC	156
AGTTAA	156
TTAAAG	156
TTATGC	156
AAGTCA	156
GCTTCC	155
TGATAT	155
ACCGTC	155
AGCACC	155
TGGAAA	155
CTTTGC	155
GGATTT	155
ATGGCG	154
GTATGC	154
TGTGTA	154
TGAGTC	154
AACTTC	154
GTTTTT	154
AGATGC	154
GCGGCA	154
GAAAGA	153
CGGCAG	153
CAAGAG	153
AACATC	152
TGGCGG	152
CGCCAT	152
ATATTA	152
AAATCC	152
CCAAAC	151
TGTTTT	151
AGTATG	151
AACGGC	151
ACCATG	151
CCATTA	150
TTGTTC	150
TACTAA	150
CAGCGT	150
CCAAGC	150
TGGCAT	150
TAGCTT	150
CTATGA	150
CTTGAT	150
ATTTTC	150
ATATTC	149
CAACGC	149
TCAACC	149
ATTACC	149
CTGCTG	148
AATCAA	148
AATCAT	148
AAACAA	148
GACGCC	148
GAGATG	148
GGATTA	148
GTGCTG	148
TTTAAC	148
TTTCCA	148
TTCTTA	147
AGCAGA	147
AGTAAA	147
CATTTG	147
TCACTA	146
AGGAAA	146
CTGCCG	146
AGCGGT	146
ATTAAC	146
TTCTAT	146
TGGTTA	146
GTTTTA	146
GTACTG	145
CTTTCC	145
ATGGAT	145
ATATCT	145
CTCACT	145
TTGCAG	144
AATAGA	144
CCTTGC	144
CTCTTA	144
TAGTTA	144
GGCGGC	144
TTCTCG	143
CAGCAT	143
AGTAGC	143
CAGATA	143
TGAGCT	143
TTATAT	142
TAGCTA	142
GGTTGG	142
GATTGA	142
ACGAAA	141
AGCCAA	141
ATGAGC	141
ACATCA	141
TGTTTC	141
ACGTTA	141
GACTTT	141
TGCGTC	141
GGTCAA	140
TTTTAA	140
GTAAGG	140
TACCGC	140
CACTTC	140
CGTCAT	140
TGTAGC	140
ATTGGG	140
ATTGAC	140
TCTGCT	139
GGACTT	139
GCCACC	139
CACCTT	139
GTAAAC	139
CTCAAT	139
CACCAA	139
TATGCG	139
GAAGGC	138
TATTCA	138
AGAGCC	138
TTAAGG	138
ATTATC	138
TGGCCT	138
AAAGTC	137
TTTTGC	137
TCAATC	137
TGGTGC	137
CTCATT	137
TACCAG	137
CGCCAA	136
CTTCTT	136
TCTTTC	136
ATCTGC	136
TATCCA	136
CTACAG	135
CTGGTC	135
GGCGTA	135
TCATCA	135
GTCAAA	135
TTTCTA	135
GCCGCT	135
GATTTA	135
TTCAAG	134
TGCTTC	134
TGGACT	134
GAAGCC	134
CAATCC	134
CTCCAA	134
TCATGA	133
AACACT	133
AACCCT	133
TCGTTA	133
AGCGAA	133
AAATCT	133
GCCTCC	133
CTTTGA	133
GTGCCA	133
ATCATT	132
AACAAC	132
CATTAG	132
CTTGGA	132
TCATAG	132
CGTTGC	132
TTTGAA	132
TGTCTA	132
TACCTT	132
TGGTGG	132
ACGACC	132
CAGAAC	132
TTCAGC	131
CATCCA	131
TTGGAG	131
ATACAA	131
CGGCAA	131
ATGGCA	131
GTACGC	131
AAAACT	131
CAGCTA	131
TGGAAG	131
GCTTCT	131
AAGATA	131
TTACAG	131
CTTTAT	130
CGCGGC	130
CTTGAA	130
ATTAAT	129
AATTAA	129
ACGCAA	129
GCATGA	129
TTGAGG	129
AGTTTT	129
GTCAGA	129
TGCAAC	129
AGGGTC	129
GGATAA	128
GGTTTT	128
TATTTC	128
GTTGGT	128
TCAGGA	128
TCCTTC	128
AACTTT	128
TTCCCA	128
ACGCTC	127
AATTAT	127
CTAATT	127
AAACTA	127
TTTTCC	127
CGGCAT	127
TTGGTA	127
TCAAAG	127
TGGATG	127
ATTATT	127
ATGTCT	127
GGTGCC	126
CGTAAA	126
AGGACG	126
TGGCAC	126
CTTATT	126
TTTTTT	125
TGTAGG	125
TATTAT	125
TATGGA	125
TAGTAA	125
GTTGTT	125
CGAAAA	125
GGGTAA	125
AGGTAA	125
GCCTTC	124
CTGTTA	124
GTTTCC	124
AGCGCC	124
CTTCCA	124
GACTGC	124
TGTTCC	124
GGAGAG	124
CCAGTT	124
TACTGC	124
ATAGTC	124
TTCAAC	124
AACAGG	124
ATTTCC	124
ATTGAG	124
AGATGA	123
TATACC	123
ATAATA	123
GGTTCT	123
GATCGT	123
AGTAGA	123
GGCGAC	123
TCAAGA	123
GCCGAC	123
CAGTTA	122
GTGATA	122
ATTAGC	122
AACGCT	122
AAGGCG	122
CGGTAT	122
TCTGAC	122
GCAGCA	122
CTTAAA	122
TAGCAA	121
AGAGGC	121
ATATCC	121
GGCACA	121
AATGAA	121
GCAAGA	121
ATTTGA	121
CTAAAT	121
TACCGA	121
GTATTT	121
TTGGAT	121
GACTAA	121
AGTTGC	121
ATAAGA	121
ATGCGC	120
AGAAGA	120
GAAATC	120
GACGCA	120
GGTATA	120
TTAAGA	120
CAAAAC	120
TCTGCC	120
CAAATT	120
CTCGTA	120
TTGGCT	120
GTCGGC	120
AGTCCA	119
CCTGAC	119
TCTTGA	119
TTAACC	119
TGAGGG	118
ACTGAA	118
TATTGG	118
TTGGGA	118
TTCCGA	118
CCAACC	118
ATAAAT	118
CATCTC	118
GCTTCG	118
GGCGCC	117
GGTTGA	117
ACCAAG	117
TTCCAA	117
CCATGC	116
TCTGAA	116
ATTCGC	116
ATATTT	116
AAGTGG	116
GCTACA	116
AATTTC	116
TTACGA	116
CATACA	115
TTTGGC	115
TTTTCG	115
TGAGGC	115
CCGACT	115
GTACCC	115
ATGAAC	115
ATTGGC	115
GACAGA	115
TTCAAT	114
CAGTCC	114
ACCCTC	114
AACGCA	114
GGCTTC	114
TGTTGC	114
CCTGCT	114
TGCAGG	114
CGTGAT	114
AGCCGC	113
GTGGCC	113
CTGCTA	113
TCGATA	113
TTCATA	113
AATTCT	113
CGAAGA	112
ATGCTC	112
TATCGG	112
ATGGCT	112
GGTTTA	112
TCCTGA	112
TGAGCC	112
CCGTCA	112
CTTAAG	112
GCAGGA	112
CCGGTT	112
CAAATA	112
TTCTCT	111
TGCTTT	111
CCACTT	111
AAACTT	111
AAGACG	111
AATTAC	110
CCAATG	110
AACCGC	110
AGGAAG	110
TTGGTG	110
GGCTAA	110
TCCAGC	110
CAGATT	110
CGAGCG	110
CGCCGC	109
ACTGGC	109
TTTGTC	109
GCTTTT	109
TTAGTA	109
CCGTAA	109
CTGCTC	109
TCTTAA	109
TACTCT	109
AGCATG	109
TGGTTC	108
TGACAA	108
CGGTCA	108
GATTCA	108
TCGGCA	108
CCTCAA	108
TTTTTC	108
TGCCTA	108
CAAACA	108
ATCGAA	108
CGAACC	108
CTTGAC	108
GTATAA	108
GTAGAG	108
CGAGAA	108
GATGTT	108
AGCAAC	108
ATGCTA	107
TTGCAA	107
TGAAAC	107
CAAGTT	107
GCTGGA	107
ACAGCT	107
ACTTAA	107
AGCGTG	107
TCAGAT	107
CGCATA	107
TACGAA	106
CCTGAG	106
CTATAG	106
CCGTTA	106
TCAAGG	106
CCTTCT	106
ACCAAC	106
ATACGC	106
AGGGCG	106
AGCTTC	106
ATTAGG	105
TCACGC	105
GCCGCC	105
AATTCA	105
AGGCCA	105
AGTATT	105
TTCGGC	105
CTTATC	105
ATGTCA	105
ACTTTG	105
TGGGAA	105
AGTTGT	105
GCTCAA	105
ACAATG	105
AGTTCG	104
TGTGGC	104
GTATGT	104
TCATCC	104
CAAAGT	104
GAACTA	104
CCGTTT	104
ACGCCG	104
AGGGTA	104
CCAGCT	104
GTTAAT	103
GTTAAA	103
ACTCCT	103
CGTTAT	103
CGTTTC	103
CGAAGC	103
TATCAC	103
AGAATA	103
CGACCC	103
CATGAC	103
TACATC	103
CAGTTT	103
CTTTCT	103
TTTAAG	103
TGCTAA	103
AGAGCG	103
CTGCAA	103
CAAGGA	102
GCGCCA	102
CGAGAT	102
TTCAAA	102
CCTTGA	102
GGGAGG	102
TTGAAC	102
ACAAGC	102
TTCAGA	102
TAGGTA	102
GCTACC	102
CAACCT	101
GGTGGT	101
AGAGGA	101
GATAAC	101
ATAGTG	101
TCATAA	101
TGGCTA	101
CATACG	101
GCCAAA	101
CTGTAG	101
TCCCAA	101
CGCTGC	101
GTATTA	101
TCCATA	101
ATAGAA	101
AACTTA	101
GACGAA	100
CAGCGG	100
CGTACC	100
TGAAAA	100
TCGTCA	100
CTAAAA	100
GGTGCT	99
ACGGAA	99
TCTCAA	99
ACATTT	99
TGTCTT	99
CAGCCA	99
TGCAGA	99
TTGATT	99
GGGGAA	99
ATTCCA	99
GTTGGC	99
TATCGA	98
TACTTC	98
ACGATA	98
TTGAGA	98
TGGATA	98
AGGAAC	98
TTAAAC	98
TGCGTT	98
TCAAAT	98
ATTACT	98
CCGATA	98
ATATAA	98
TCTAAC	98
GCATTC	97
ATTTCA	97
TCTTAT	97
ATCTAT	97
CGCAGT	97
TCATGC	97
GTAAGC	97
TACGCT	97
CCGCTT	97
GCAACT	96
GGCGCT	96
CACGCT	96
CCAGCC	96
CCTTTC	96
GAGCAT	96
CATATA	96
CGAAAG	95
CGTGAC	95
GTATTG	95
TTTTAG	95
GAAAAG	95
GGTGGC	95
TCCTGC	95
CCAAAA	95
ACGTTG	95
GTGAAA	95
GCCAGA	95
AAAACC	95
CCATCT	95
TGCGTG	95
GCTTGA	94
AGCCTT	94
CCGCTG	94
TCACCT	94
CGACGC	94
TGAGGT	94
TGAACG	94
GTCGCC	94
TGCTAC	94
TTCATC	94
ATCCTA	94
TGGACC	94
GATTTC	93
ACAAAG	93
TGTTGG	93
GCTCTA	93
AATCGC	93
TGAGAT	93
GTTCGC	93
AGATTC	93
CTTCTC	93
GGCAAG	93
TTGCGA	93
CATCAC	93
GGATAT	93
CGTGGA	92
CGTACG	92
TATTCT	92
AGACTC	92
TAGAGC	92
CCACTC	92
CCCCAA	92
GCTCGC	92
TTATGA	92
CGGATT	92
TGGTGA	91
GCAGTT	91
AAGTCT	91
AGGTAT	91
CGCTCT	91
AACTAA	91
CGTCGT	91
AGTGGC	91
TCTACA	91
TCTTCT	91
TTGCTA	90
ATCCCA	90
CCATTC	90
GTTGTC	90
GAAGCT	90
TTGAAG	90
GGTACG	90
TGTCTC	90
TAGGAA	90
GTCTTC	90
GATGGA	89
GCGGTT	89
AACGAA	89
TACGTT	89
ACTTAT	89
GCCGCA	89
CAGGCA	89
TCGCCA	89
AACGTC	89
TCTAAA	89
CAGCAC	89
CTTCCT	89
TCAAGC	89
TAGCTC	88
TGAAGG	88
TTACCC	88
TGTCGC	88
AGGTGA	88
CTCTCT	88
GCGTCA	88
GAGTCA	88
CAGACC	88
TAGCAC	88
CGAACA	88
TCACGA	88
TTAGTC	87
GGTCTA	87
ACGACT	87
GCGGCG	87
TTGACC	87
TTATCT	87
CCTTCA	86
TACTCA	86
AGTGGA	86
AGCTAC	86
GTCAAG	86
CTAAGC	86
TTGCCG	86
GTGACT	86
CTAATC	86
TGAGAG	86
GTATCC	86
GTATCG	86
AGTATC	85
CAGGCT	85
GCGTGA	85
TGACAC	85
GGACGG	85
AGACAG	85
GATTTT	85
ATACTC	85
ACCTGC	85
TCCAAC	85
CAAGGC	85
TCTGTC	85
CGCAAC	85
CAAAGA	85
AGCGTC	85
GACGGC	85
TTACGC	84
TTGTTT	84
GAGGCC	84
CGATTT	84
TCTCCA	84
AAGTCC	84
TAGGTC	84
ATGAAT	84
GTGGTT	84
CGTTTA	84
ATTTAT	83
AGACTA	83
ACCGCC	83
TGCAAG	83
ACCTGA	83
ATGGTC	83
CCTGAA	83
TACCCT	83
CGCTAA	83
TGCTCC	83
ACTTGA	83
CGAAGG	83
ATGACC	83
GCAACG	83
ACAGGC	82
CTCAGC	82
GGCAGC	82
CCTAAC	82
TAGAGG	82
TTTTGG	82
ACGCCA	82
TTGGAA	82
TATCGC	82
GTGCTC	82
TACATT	82
GTTATC	82
CGCGTA	82
CGTATC	82
TTATAC	82
GCTGCC	82
TCAGGT	82
CAAAGG	82
AGTGAG	82
AAGGCA	82
GCAGCG	82
GGCGCA	82
GTTCCT	82
TCCCGA	82
GAGCGC	82
CGATGA	81
ATCGTC	81
GTTATG	81
GAACGC	81
GGCAAA	81
CGGCGC	81
CTTCAA	81
CGCCTC	81
GGCCAC	81
CGCCGA	81
TTCGCT	81
ATACAT	80
TCCTTG	80
ACTTCC	80
TCTTCG	80
TCCATC	80
AACGAG	80
CACGAG	80
TGTTTG	79
CCTTAA	79
GCATTG	79
TACAAA	79
AATTGG	79
TATTAG	79
TGCCAC	79
CTAAAC	79
AGATAA	79
GTACCT	79
TAGGGT	78
CGAGTA	78
TGTGAC	78
ATCATC	78
CCTGCA	78
GGTCAT	78
CGCCGG	78
ATGCCC	77
CCGCAT	77
CCGGCG	77
GGTCGG	77
CATCTT	77
AAATTC	77
TGTGCC	77
GGACGC	77
CGTTGG	77
TGAAGA	77
TGGCTT	77
GCTGCG	77
TGAGAC	77
CAGTGG	76
AGGAGA	76
TTTACG	76
CTGAGG	76
ATCCGA	76
CTGGAG	76
GACCAC	76
GCCTAC	75
ACTTGG	75
CAACAA	75
GGTAGC	75
AAACAC	75
TGCGAC	75
TCGTGA	75
GTGTGA	75
TTTAGG	75
GGAGGG	75
TACCAA	75
AGGTCT	75
GTGTGG	75
TTGTCA	75
ATGCCA	75
TGGTAG	75
GACCGC	75
ACTGCA	75
CTGTTC	74
CGCCTT	74
TATAAA	74
GAGCCT	74
GTGTTA	74
GGTCGC	74
CTGAAC	74
TCTTCA	74
CAGGGC	74
TGACCC	74
TTATCC	74
CCAGAT	74
CTATGT	74
TGGTCT	74
TTTAGA	74
GGTAAG	74
AGTCTT	74
TGTGTG	74
GCAGTC	73
CACGAC	73
ATAGAC	73
CGCAGA	73
AATATA	73
GCATTA	73
ATTCGA	73
TCATTC	73
CGGACC	73
TTGTGG	73
TTGGGG	73
GCGATA	73
CACATT	73
CATGGA	73
CTAGGA	73
CTGAGC	73
CCTCTA	72
GGCTCT	72
ACTATC	72
TGCTCG	72
GTTTGC	72
GCGATG	72
CTTCCC	72
CACTTT	72
AGCTGC	72
TTCCAC	72
TAGCGG	72
TTTCGC	72
TCCTAG	72
GTGGCT	72
GGCTGC	71
CGACTA	71
CTAGTA	71
AGGAGG	71
GCAGGT	71
TACGCC	71
TCTGCG	71
CATTAC	71
TATTAC	71
ACCGGA	71
ACTTCG	70
CACGCA	70
TCGCTT	70
ACGTGA	70
GTCCAC	70
CGTGAA	70
GACTTG	70
TAGATC	70
GCTTAG	70
CCGTCT	70
CTCCTA	70
ATCGCA	70
CGGCAC	70
ACATTC	70
ACGGCC	69
GATACC	69
CCGTTC	69
ACAACT	69
GACGTC	69
GCGAAC	69
ACACGC	69
ACCACC	69
CCAATC	69
GACCTA	69
ATGTTA	69
GTCAGC	69
GCCAAG	69
CTTTTA	69
AGACGA	69
CGGGAT	69
ACGGCA	68
CGTCCT	68
TCTGCA	68
TGGAGA	68
AGACAA	68
ACTAAC	68
AAGGGG	68
CATCCT	68
GACGCT	68
CGTCCC	68
CTGGAC	68
CGTTCA	68
CAATCA	68
ACACTA	67
GCGACC	67
TGCGGC	67
TTGCCA	67
ACGAGA	67
TTCGGG	67
TACCAC	67
TCTACC	67
GCCTAA	67
TTGAGC	67
GGCGAG	67
TTTGCC	67
CGAGGC	67
ACACTC	67
CAGTTC	67
TGCAGT	67
TGCCAA	67
TCCAGA	67
ACTGGA	67
ATGTTC	67
TCTTAC	66
GTCTCA	66
GTAGGC	66
TTGTAT	66
CTCGCC	66
CAAGTC	66
CCATAG	66
CTTTTC	66
TGTATC	66
TCTGGC	66
TAGTGC	66
AAGTAT	65
TGCGCG	65
CATGTA	65
ATTTGC	65
ATTGAT	65
GAAGAT	65
GAGCCG	65
CGGATA	65
GGTATC	65
TGCCCA	65
GAACGA	65
TACGGA	65
AAGAGG	65
TCAGGG	65
TCATCT	65
TACGTG	64
GCCGGA	64
CTAATA	64
ACCCTA	64
CGTAAC	64
CAAGCG	64
CTGAGT	64
CAGCCT	64
ATCGCT	64
GCAGCT	64
ATGTGC	64
TAGGAG	64
GGCAAC	64
CACGAA	64
TTGCGC	64
CATTTA	63
CCGCCT	63
ATCGGA	63
GCAGGG	63
TACGCG	63
CGACGT	63
GGATCT	63
TCTAGG	63
GTGCTA	63
GCTCGA	63
TGTGGT	63
AGACCT	63
TGGGTT	63
GACAGC	63
AGACCC	63
TTTGCT	63
CGCAAA	62
ATGTAT	62
TGTCAG	62
ACGAAT	62
TATGTC	62
GTCTAG	62
TAGGGA	62
ATTAGT	62
CTCAAG	62
CACTCC	62
CCTAGA	61
TTATAA	61
AGTGTC	61
GCCTCT	61
CGACTT	61
TCACAC	61
AGGCAA	61
CGTGGC	61
CTTACC	61
TAGTTT	61
CCCGAA	61
GTGTTC	61
CGGGAG	61
TTCGTC	61
CAAGCC	61
CTCGTC	61
CCACGG	61
CACCGC	61
TCTTCC	61
TGCAGC	61
GACGTA	61
CGCGAT	61
AGCGAC	61
TCCTCT	60
ACGACG	60
GGGGTT	60
ACAACC	60
CGTTCG	60
TGCATG	60
TTTCGA	60
TGGGCA	60
GCCTCA	60
GCTCTC	60
TGGAAC	60
CGGCTC	60
GTATTC	60
ATAACT	60
GGGAGC	59
GTCGCG	59
CCTCAG	59
AGTTCC	59
TGACCT	59
TCAGTC	59
TCCCTA	59
TGCCAG	59
AGTGCT	59
TGAGGA	59
AGTTGA	59
TGGCAG	59
GACCGA	59
CGGAGT	59
TTGTCT	59
ACGCGG	59
ACCTAA	59
CTACTC	59
ACATTG	59
CGTCGA	59
CTCATG	59
GTGGAC	59
ATAGCC	58
CCTCTT	58
AGGGGC	58
AACACC	58
ACTTCA	58
ATCGGC	58
CCGAGA	58
TCGGCG	58
ACTAAT	58
GCTTTC	58
ACGAAG	58
CTGTCG	58
ATTATA	58
CTAAGA	58
CTCGTG	58
CCCGAC	58
CGACTC	58
TTCTCC	58
ACCGCA	58
ACGTCA	58
CACGCG	58
GCGTCG	58
TCAGTG	57
CCCAAG	57
GCCATC	57
GGAGAA	57
CCTAAG	57
ACTATG	57
GGACTC	57
AGATCG	57
ATACAC	57
GTGAGA	57
TGGGAG	57
CCGCAA	57
ATGTGA	57
AACCCA	57
TCGGGA	57
ACCTTC	56
TGCGCA	56
CACGAT	56
CCTCAT	56
CTACAA	56
AACTAT	56
TATGAA	56
CCGCTA	56
AAAATC	56
AGGATT	56
AAAGGC	56
TGCGCC	56
CCAGGT	55
GTGACG	55
CGAATC	55
GCTATG	55
CGACAG	55
CGTCGC	55
CCAAAG	55
CTCCCA	55
AGGAGC	55
GTAGAA	55
AGAGAA	55
TTCAGG	55
TCCTTA	55
TTGGCA	55
TCCTAA	55
CGCAGC	55
TGTAGA	55
CACAAA	55
TAGATT	55
TCGTCT	54
GCATCT	54
GACTTA	54
CACATC	54
AGGGCT	54
ATCCTC	54
ACAATC	54
CTGCGA	54
CGGCGA	54
GAAAGC	54
GCACTA	54
TTCGAG	54
TCTGGA	54
GCTGGG	54
ACTCAG	54
CCAACT	53
GGGCCT	53
TATCTA	53
TACAGG	53
CCTTCG	53
TGCCCG	53
AGAGCA	53
GCGGAA	53
CCGTGG	53
CTGGGA	53
CGATGG	53
TTTATA	53
CGCAGG	53
CGGCCA	53
GAGGCG	53
TCATCG	53
CTCGAG	52
CTATCA	52
AGACGC	52
TCAGGC	52
ACACTT	52
CGAGGG	52
GAACTC	52
ATTTCG	52
TGGCAA	52
GCGTTC	52
GCTCCC	52
AACTGC	52
ACTTGC	52
CCGCGG	52
ACGAGC	52
CTGCAG	52
GACTCC	52
ATTGAA	51
TGGTAC	51
TCTCAC	51
CGTTAG	51
CGTGCC	51
TCCTCA	51
CGCGAA	51
TGCACA	51
CGCAAT	51
AGTCTA	51
GACGGG	51
CCCATC	51
TTAGGA	51
CTTCTA	51
GAACTT	51
CTGTCT	51
ACTGAG	51
CGAGCA	50
GGTTCA	50
CGGTAG	50
CTCACC	50
CCGACG	50
TCGAAA	50
CTAGTT	50
AGTAGG	50
CCTAGT	50
TCGAAG	50
AGGGAT	50
TGCGAT	50
ACTGCG	50
TGGCTC	50
GTGGTC	50
CGTAGA	50
GGACAC	49
CCTAAT	49
GAGCCA	49
GTTTGT	49
GTCTGC	49
CTACAC	49
CCATCC	49
AAAGAT	49
CAATTC	49
GCTCCT	49
GCAAAT	49
GCTCAC	49
CTGCGC	49
GAGCAC	49
TCGCGA	49
TGCGGA	49
TCATAT	49
TACTAC	49
GAGTCT	49
GTGTCG	49
CCCTTC	49
CAGCCG	48
CCCGGC	48
GATGGC	48
GCAACC	48
CTGATC	48
GCACTT	48
CCCATT	48
GCCGAA	48
CCAAGT	48
GTACAC	48
TGTCCA	48
GTGAGG	48
CCTCCC	48
CGATCT	48
CGACCT	47
CGGTGG	47
ACCCGA	47
GTTGTG	47
GAACCG	47
TCGTTT	47
ATGGCC	47
TGGCCG	47
CCGACC	47
ATTTAC	47
ATGTAG	47
CAGAGA	47
CGCATC	47
ACGCTA	47
TGGTGT	47
AAGAAT	46
AGATCC	46
AGGTGC	46
CGCCCT	46
TACACC	46
GGGAGA	46
CGGTCT	46
TGCGGT	46
GTCCAA	46
GAGTTC	46
ACATCT	46
ACCACT	46
TACAGA	46
AGTTGG	46
CCGTTG	46
GCGCTC	46
CCAGCG	46
GTGAGC	46
ATGTCC	46
ACCTCC	46
CGAGGT	46
TCGCAA	46
TGATAG	45
CTGGAA	45
ATCAAT	45
CCATTT	45
CTTTTG	45
TCCGCT	45
TCGCAG	45
GGTGTC	45
ACGGAG	45
CGAATA	45
CGGGCA	45
TCAACT	45
ATCTAA	45
TTAGGC	45
AGTACC	45
GCGACT	44
AGCCGA	44
TGCCTT	44
CAGACT	44
AGTGCA	44
AAGTGC	44
CGGCCT	44
TCTCCC	44
GGGTGA	44
CAGGCC	44
CCTTTG	44
GGCTGA	44
GGTTCG	44
GTGCAC	44
TGCGCT	44
CATCCC	44
TAGAAG	43
TTGTTG	43
CACAAG	43
GTAGCT	43
GTAGTT	43
GCCACT	43
GTTACC	43
GAGGAA	43
TGTCCG	43
TCACAT	43
AATTGC	43
CGGGGA	43
GGCCCC	43
CGCGCT	43
GCAGAC	43
GGATGC	43
ACGACA	43
CCTCGA	43
GGGCCG	43
AGTATA	42
GCGCAA	42
TACGAC	42
GGAGTC	42
GCGGTC	42
CCGGAT	42
TCGCTA	42
GGGACC	42
AGCAAA	42
TTAGAA	42
TTCCGC	42
TTTGTG	42
ACCAGG	42
GCGGCT	42
CTAGAC	42
CTGGCT	42
ATCCCC	42
ATTACA	42
AAGACC	42
GTGTAC	42
ACAATA	42
CACACC	41
GGCGGA	41
CGGCTT	41
TGCGAG	41
TAGCGC	41
TACTAT	41
TATGAC	41
GTAGGA	41
AGCTAG	41
GCACCT	41
ACAGTC	41
TTGGAC	41
CGGGTA	41
ACAGCA	41
GGTAGA	41
ACAGAC	41
ACGGCG	41
ACGCTT	41
CCTCAC	40
GCCTTA	40
GCGAGA	40
TTCCCC	40
GCGAGC	40
AGTTAT	40
GTAGAC	40
GCGAAA	40
CCTAAA	40
GGTGTG	40
GAGAAC	40
CGTGCT	40
CATGGG	40
GAGGGG	40
CGCCAC	40
AGGTGG	40
CCCAGC	40
GTCCCC	39
CCTTCC	39
CCCATG	39
GGTCCT	39
GTGTTT	39
CGACGA	39
CATGTC	39
GTTCGA	39
ACTATA	39
ATGACT	39
AATCTA	39
GATACA	39
ACGGGG	39
CTCCCG	39
ACTCGC	39
ACGGTC	39
ATGGGA	39
AGTGAT	39
CCGAGG	39
GCAGCC	39
CAGCGC	39
TGTGCT	39
AGCCTA	39
CGCGGA	39
ATTCCT	39
AGAACC	39
GCCCAT	39
GCTCCG	39
CGAAAT	39
GTCTTA	39
GAGGGA	38
GCTCGG	38
GTTACG	38
CCGATC	38
GACCCA	38
TACCTC	38
AGTCGA	38
CCAATT	38
TGCCGG	38
TTGTAG	38
GGTCTT	38
CAAACC	38
GGTGTT	38
ACACTG	38
CGTGTT	38
CTGTGA	37
CGGAGC	37
CTATCT	37
TTGCGG	37
GTTCTC	37
TATTCC	37
GTCGGA	37
TGAAGC	37
TCCCAC	37
TACTCC	37
CCGTCC	37
CGGTGC	37
ATCCGC	37
CGGTTC	37
CACAGG	37
TCCGAG	37
TACAGC	36
ATTGTC	36
CGCGCA	36
AACTAC	36
CGAGCT	36
GCCAAC	36
TGTTCG	36
TTGTGC	36
TGATCT	36
TACCCC	36
GGCTTA	36
GCTGTC	36
TAGTTC	36
GCCCCG	36
ACCCCA	36
GCGGAC	36
TCTAGA	36
GTATAT	36
AGGTAG	36
TACTTA	36
ACTCTC	36
TAGCTG	36
TTCGCC	36
TGCATC	35
TCGGAA	35
ACACGA	35
CGGACT	35
CCTGTC	35
CCACAC	35
GTAGCC	35
CCAGAG	35
CGGCGG	35
CCCTCC	35
CGCGTC	35
TCCCTC	35
ATGTCG	35
CGCACG	35
TCCCCA	35
TGTCCC	34
CTGTCC	34
TAGTGA	34
CAATTA	34
GAGTGA	34
CAAAAG	34
CGCCTA	34
GTGTCA	34
CGTAAG	34
TACGGG	34
AGTTAG	34
GTTAGG	34
TGTACC	34
ACCCTT	34
TTCCCT	34
GATTCG	34
TCTTAG	34
ATGGGC	34
GGGGCG	33
CTGCCT	33
TGGGGA	33
GTGGCG	33
CCCGTA	33
TGTGAG	33
AGTACG	33
TTCTAA	33
TTGCCT	33
TTATTC	33
TCAATG	33
ATATAC	33
ACGCCC	33
TTCGAC	33
CGGACG	33
TACCCG	33
TTACAC	33
CTACCT	33
TCCTAC	33
CCTCGC	33
TACTGG	32
GAGGAT	32
TGGGGG	32
TAGGCT	32
ACATGA	32
GGATTC	32
CTTAGA	32
CTGTGT	32
ATGCAC	32
TCAGCT	32
ACCTTA	32
CTTAAC	32
AAGCCC	32
GGGTCA	32
GCGACG	32
AGGTCC	32
TATGGG	32
GCGCTG	32
GAGCTA	32
TCTGGG	32
GGCTAT	32
TGTGCA	32
ACAGGA	32
CCCTGC	32
CTGCAC	31
TCGGAT	31
ATAGAG	31
TCCGCA	31
TCGTGC	31
CCAGTC	31
GCGAGG	31
ACTAGG	31
CATCTA	31
GCGCCG	31
TTGCCC	31
GCTATC	31
CACCGG	31
CGCGAG	31
CCGATG	31
CCGGGC	31
ACTTTC	31
CAGAGG	31
CTTATA	30
CCCCTT	30
CATGCA	30
GTGCCG	30
CCATCG	30
GAGTCC	30
CACAAC	30
CACGGC	30
TAGCCT	30
AGCGGA	30
GGGCAA	30
TCACAA	30
GCCCTC	30
GAGCGG	30
ACAGCC	30
TCTAGC	30
TTTGGG	30
GCTAAC	30
GATAGG	30
TGGGGT	30
CCCTCG	29
CCTTAC	29
CGCCCC	29
TCATGT	29
CTTAGT	29
CCCTTA	29
TCCCAG	29
GGTCCG	29
TTTCCC	29
TTGAAA	29
CTCCTC	29
GGAGAC	29
CCATGT	29
CTCCGC	29
TTAGAT	29
TTCGGA	29
GGATAG	29
GGAGCG	29
ACGTGG	29
TCGCCC	28
CACGCC	28
CAATCG	28
CTCGCA	28
CCCGTC	28
CCATTG	28
GCACGA	28
TCTGAG	28
CCGGAG	28
GGCGAA	28
CAGTAC	28
AGGGGA	28
GGGTGC	27
CCTATG	27
GGGCGA	27
GCGACA	27
AGCGAG	27
CGAGTC	27
GACTCT	27
ACGTCG	27
GGGACG	27
GAGTGC	27
AACGGG	27
CTGGCC	27
CGATGT	27
CGGAAC	27
CGTGAG	27
GGTAGG	27
CGTACA	27
CCGAGC	27
GCTTCA	27
ACAGGG	27
GCAGGC	27
TGGGTG	27
TGCACC	27
TTCACA	27
TCCGAA	26
TCACTC	26
GTGAAG	26
CGACCG	26
GGAGCT	26
TGTACG	26
CTATCC	26
AGAGAG	26
ACCTCT	26
ACAAGA	26
CCTGTG	26
TGCTCT	26
GTCCCA	26
CTGGGC	26
CCGAAA	26
TACCTA	26
CACCCT	26
TCTAAG	26
TCCCAT	26
CGCGAC	26
ATCCCT	26
CACACT	25
CACCTC	25
CAGGAT	25
TTCACT	25
GTAGTC	25
AAGTTC	25
CGTGCA	25
TTGTCC	25
CGAGTG	25
CGCTCC	25
GGAGGA	25
GAGGCA	25
CCTATC	25
ATCGCC	25
ACGGCT	25
GGCCAA	25
GCGTCC	25
AGTGGG	25
ATTCCC	25
CCCCGT	25
ACAAAC	25
GTGAAC	25
GTCTGA	25
GTCTCC	25
ACAAGT	25
AACCCC	25
CCACGC	24
TCCGCC	24
TTGTGT	24
TGGGAT	24
TGGGTC	24
AGCCCG	24
TCAGCC	24
CGAGAG	24
CGACAA	24
ACATCC	24
GCATCC	24
GTTAGC	24
CCTATA	24
CCTACC	24
CCAGAC	24
GTTCCC	23
GTTAGA	23
TTGGCC	23
GTGTGC	23
AGGTCG	23
GTGACC	23
CTTGTC	23
GCGCTA	23
AGGATC	23
GGCACC	23
TGCACT	23
GGGACA	23
GTACGA	23
TGCCTC	23
TCCGAC	23
TCACCC	23
AGCGCT	23
TCGCCG	23
CTTCAC	23
TTCACC	23
GTATCT	23
CACTCT	23
GGGGGA	22
TCCTCC	22
TCGTTC	22
GCCCCT	22
ACTTAG	22
CCGCGC	22
TCCCCC	22
GCACTC	22
CCCCTA	22
GTGCCT	22
GTGTCC	22
CTACGC	22
AGCGCG	22
GGGTCT	22
AGCCCC	22
GGTGAA	22
CACCCA	22
CAGCTC	22
CTCCCC	22
GATCGA	22
GAGACC	22
GTACTC	22
ACTACC	21
ACTCCA	21
ACTCTA	21
TCGGTC	21
AGAGGG	21
ACACAA	21
CCCCGA	21
GGGGTA	21
CCCCAC	21
CCGCCG	21
ACATAT	21
GGTACA	21
CGGGGC	20
CTGTGC	20
ACGGGA	20
TGGAGC	20
TACGGT	20
AGTGCG	20
GTGGAA	20
GCACGC	20
CCCAAC	20
GGGGAC	20
CTAGGG	20
ACGCGC	20
GTGTCT	19
GTTCTA	19
TCCGGC	19
TTGTGA	19
CACCTA	19
CGCACC	19
CGGCTA	19
CAGGGA	19
GAGGGC	19
GTACAA	19
ACCGCG	19
CTCCAT	19
CGGTCG	19
GGGCGG	19
TCCGTC	19
GCGGAG	19
CTCAGA	18
GCTAGT	18
CCGCCC	18
CAGTCT	18
TAGGCC	18
CCTTTT	18
GGTCGA	18
TTACAA	18
TAGAAC	18
GGGGCC	18
GGGCTT	18
TGTGAA	17
GACGGA	17
ACGCCT	17
TCGACC	17
GGCGCG	17
CCCCTC	17
AATTGA	17
GGGGCT	17
GATAGA	17
GATCAC	17
CTCTCA	17
CGGCCC	17
AGCCGG	17
GTTGGG	17
TTTACA	17
GTTTCG	17
TCCAAT	17
ATGGAG	17
CCTCCT	17
CCTCCG	17
TCGAAC	17
GTCACC	17
CCGCAG	17
TCGATC	16
ACATCG	16
ACAGTG	16
GAGATA	16
ACACCC	16
GTCATC	16
CCAGTG	16
AAGATC	16
TCGATG	15
CGTCCA	15
AGGGAA	15
CCCCCC	15
CCAGGG	15
AGAGAC	15
CCTCTC	15
GGGCGC	15
CAACCC	15
TCGCAT	15
CTATGC	14
TCAGAC	14
ACGATC	14
TCACGG	14
AGGTTC	14
ACACCT	14
GCAAAC	14
TGTATA	14
TGTCGG	13
TGGACG	13
TAGGAT	13
CGGAGA	13
TCCCTT	13
TGTCCT	13
CTACCC	13
CCGCTC	13
GCGTGC	13
CCGGAC	13
TGTCGA	12
GCATCG	12
GGCAGG	12
TGGTCC	12
GGTGCG	12
AGATCT	12
GATCCA	12
GGAGAT	12
CACGGG	12
GCCGGC	12
GGGGAG	12
GATCGC	11
TCGGAC	11
CAACGA	11
CAGTGC	11
TCGGCC	11
GTGTGT	11
CACCAC	11
ACCCCT	11
TCCCGG	10
TCGTCC	10
CTCGAA	10
TCGGCT	10
AGGGCC	10
GTAGGG	10
TTCANT	10
TGAACC	10
TCCCGC	10
TACAAG	10
GCCCGA	10
TCCCCT	10
CGGAGG	10
AGTACA	10
CGTAGT	10
ATCGAC	9
GTGATC	9
GTCTCG	9
AGAACT	9
CTAGGC	9
ACCTAG	9
GATATA	9
AATANT	9
CTCCGA	9
TCGGGG	9
ACGTCT	9
TTCGCA	9
CTGAAG	9
TAGTAC	9
ATCTNT	9
TACGAT	9
TGATCC	9
TCGTGG	9
TCGGAG	9
TACAAC	9
CCCCCG	9
ATATAT	8
ACAACG	8
GCGATC	8
GATGTC	8
GTGCGA	8
AACACA	8
ACACAT	8
TACACT	8
TGGGTA	8
ACCCGT	8
CGCCCG	8
CGGGCG	8
AAGTNT	8
ATCANT	8
AGTTCT	7
CCTGGA	7
GGCGGG	7
ACAACA	7
TGTACA	7
TACGTC	7
GGTGGA	7
AGGCCC	7
TTGCAC	7
GACATC	7
GGCTAG	7
CGACGG	7
ACTAGT	7
TCGGTG	7
GAGATC	7
CACATG	7
GATANT	7
AGGACC	7
GGGTCC	7
TGTTGT	7
ACTACG	7
CTAGTC	7
GTGGAG	7
CCCCAG	7
AGAACA	6
ACGAGG	6
CCTTGG	6
ATTGGA	6
TAAANT	6
TGTGTT	6
CACGTC	6
CAACAC	6
GATCCC	6
TAATNT	6
AAACCC	6
AATACA	6
CGTGGT	6
CTAGCA	6
CACCGT	6
GCCCAC	6
AGGGCA	6
GTGGGT	6
ATGGGG	6
ACGTGT	6
CTGTAT	6
CCTACG	6
ATGCAT	6
CCCCTG	6
GATCAA	6
TTGCNT	6
TGGGGC	6
CACCNT	6
GGAGCC	6
GGGATA	5
ATCCNT	5
CGGGTT	5
TGTGTC	5
CCAGGA	5
GCATGT	5
AAGCNT	5
AACANT	5
GCATGC	5
GCCCCC	5
GCCCGC	5
TGCTAG	5
TACGAG	5
TGCCCC	5
TGATCA	5
TAAGNC	5
CCATGG	5
CGTAGG	5
CATANT	5
TACTNT	5
ACTCGG	5
ACTCGA	5
TGAAAG	5
AAGANT	5
TAGCNT	5
GAACCC	5
GCGGGG	5
TACTAG	5
CATTCC	5
AGTCNT	5
CTAANT	5
TAAANA	5
GCACCC	5
CTTGNT	5
CGGTGA	5
GCCCAA	4
GCGAAG	4
TTGGGT	4
GAGCAA	4
GAATNT	4
TTCTAG	4
CGGATC	4
TAAANG	4
GTGGGA	4
TGGCCA	4
GTGCGC	4
CCCAGT	4
ACTACA	4
CTACGA	4
TCCGGA	4
ATAANT	4
ACATGT	4
CCGTGA	4
CGTATA	4
GTAANT	4
TCCGGG	4
TTCGAA	4
CGGTTT	4
AGCANT	4
GACCTC	4
ACCCCG	4
AGTTTC	4
TCACNT	4
AACTNT	4
GTTCNT	4
CTAGAG	4
TCACCG	4
AAAGNT	4
ACCGGC	4
GGGCTA	4
CCAAGG	4
TTCTNT	4
GTCANT	4
GGATCG	4
TACCGG	4
GGATCC	4
GGGGTC	4
ATTTNT	4
GGGGGC	4
ACCTNT	4
TGATNT	4
GATCAT	4
GATCCT	4
GAAGNT	4
ATGANT	4
GGGCAG	4
TAACNT	4
GGGCAC	4
TGGATC	4
CTGGNA	4
ACCCAC	4
TACANT	3
CTCCCT	3
CGGGAA	3
TAGCCC	3
CGGGGG	3
NATACT	3
TCCANT	3
CCGGCA	3
TGGGAC	3
CTAGCC	3
GCTAAG	3
TTCGNT	3
GCGGGA	3
TCAGNT	3
NACTTT	3
GCTATA	3
TCATAC	3
CGTGTC	3
TATCNT	3
CAGTCA	3
ACCANT	3
TCGCGG	3
NTCAGT	3
NTTGGT	3
NTAGTT	3
AGCTNC	3
TTAANT	3
CATGNT	3
GAGGTC	3
TGACNT	3
NTACGT	3
AGTGAA	3
AATCNT	3
GTACNT	3
ACAGNC	3
GGGGGG	3
TTAGNT	3
TCGTTG	3
TTGATC	3
GATATC	3
ACTCNT	3
ATGTNT	3
ATACNT	3
TAACNA	3
NTCTGT	3
TGCGAA	3
GTATGA	3
NTCGTT	3
GGTCTC	3
GAACCT	3
TCTGNT	3
GTAANC	3
TTGCTC	3
GTATAG	3
GTGCAA	3
CAAGGG	3
CCCCCT	3
CTGANC	3
GCCCCA	3
TAAANC	3
TATGNT	3
TGTTCT	3
TCCTNT	3
GACTNT	3
AATTNT	3
CAAGAC	3
GGGATC	3
TGATCG	3
CTGTNA	3
TAGTAT	3
GAGCTC	3
CACCCG	3
AGACNA	3
GTCTCT	3
ATTCNA	3
AAGGNA	3
GGGGCA	3
CCAGGC	3
ACGGGC	3
AACCNT	2
CATANA	2
CAGACG	2
TTCANG	2
GGAANA	2
ATATNT	2
CCGGAA	2
GGTTNA	2
CACANA	2
GTTANT	2
CGCACT	2
ACATGC	2
NAGTGT	2
CGGCCG	2
CGCGCG	2
TAGTNT	2
NAGTTT	2
CAGCCC	2
TTATNT	2
TGGGCT	2
GTACNG	2
ATTCNT	2
AAATNA	2
ACCCCC	2
TATGNG	2
CATTNC	2
TACGGC	2
NACATA	2
NACAGT	2
CCACNT	2
GGGGGT	2
GGGCTC	2
CCTGCC	2
AGCGGG	2
TTGANA	2
GGTANT	2
NAAAAT	2
NAAAGT	2
GGCTCG	2
CCCGGA	2
ATCANA	2
CCGGGA	2
NAACGT	2
CCGAAT	2
CCGANT	2
AAATNC	2
TTGTAC	2
ATGCNG	2
ATGCNC	2
CGATCA	2
NAGCAT	2
GGTGGG	2
ATGCNA	2
CACTAG	2
TACCCA	2
CGATCG	2
AGGACA	2
CGAGGA	2
AGTCNA	2
TTACNG	2
NACTGT	2
TTACNC	2
CGACNT	2
TTCCNT	2
ACCCAA	2
CGTTCC	2
GTGANT	2
AAGANA	2
CTACNT	2
AGACNT	2
GCGCAC	2
GAACNA	2
ACACAC	2
AAAANA	2
TCTGNA	2
ACTAGC	2
TAACNG	2
CTACNG	2
NTAGCT	2
TCTTNT	2
GCTACG	2
TGCCCT	2
TCGGGC	2
AGGTNT	2
NCCTGT	2
GAGTNT	2
GAGANC	2
AAAANT	2
AGGTNA	2
NTGTTT	2
GCAANT	2
TAGANT	2
TCGCGC	2
GAAANT	2
CTAGTG	2
CTGGAT	2
GTGANA	2
NGTAGT	2
CGGGTC	2
NCTGGT	2
NTCACT	2
GACCNG	2
ACTGGG	2
ACGGTG	2
CGGTNA	2
NGATGT	2
ATTTNG	2
TAATNA	2
AACANA	2
GACCCC	2
ATAGNA	2
GCTCCA	2
CTAGAT	2
TCGANA	1
ACCANC	1
AACGNT	1
TTAANC	1
CAACNA	1
ACCGGG	1
AAAGNA	1
AACGNG	1
NTAGAC	1
TCGCAC	1
TACGNA	1
TAGGGG	1
CTTTCA	1
GGTACC	1
CTTTNT	1
TTNTTT	1
CATTCG	1
NTATTT	1
TTNGTT	1
NTCATG	1
TAGGGC	1
NGTTTG	1
NGTTCG	1
CAACNT	1
NGTGGC	1
CTTCNC	1
CCAGNT	1
NGTGAG	1
CACGNG	1
CTTCNA	1
NGTCTC	1
NTAAAA	1
CTTANT	1
TGAGNC	1
TGAGNT	1
NGTCCG	1
AGCGNG	1
NGGGTC	1
TAAGNG	1
TGTTNT	1
CTGTNC	1
CTGCCC	1
GTCTNT	1
TGACNC	1
GGGTNT	1
TTAANA	1
TATCTC	1
NTACTA	1
GTTGNC	1
GTTGNG	1
TGTTNC	1
NTACGG	1
NTACCT	1
GTCANA	1
ATAAGN	1
NTACAT	1
ATCGNG	1
ACCGNC	1
NTAATC	1
TTTANT	1
GTCTNG	1
ATCGGG	1
GGGGNG	1
CAGTNT	1
TCNTGT	1
GACANA	1
ACCCGG	1
GTNATT	1
ACTCCC	1
GTGGTG	1
NTTCTT	1
ACCCNT	1
CAGTNA	1
CACTNT	1
GTNAAA	1
TAACCN	1
GTNTCA	1
AAAANC	1
CACTNC	1
TAGANG	1
TANGTA	1
TANTTA	1
AGTANG	1
GTATNA	1
NTTTGT	1
ACACNT	1
ACTANT	1
AGNTTT	1
ATAANC	1
GACGNG	1
AGTAAN	1
ATTANG	1
TCTCNA	1
ATAANG	1
TAGANC	1
AGTANT	1
GTACNC	1
NTTTCG	1
NTTTAA	1
CAGGNT	1
GTGTNG	1
ATTANC	1
TTGCNA	1
ACNTTT	1
ACCCGC	1
GGTCNT	1
AANAGT	1
GATCNA	1
GAAGNC	1
ACGTNA	1
GAAGNA	1
TAACNC	1
ATGANC	1
GAGCNA	1
GATGNT	1
GTTCNC	1
NTGACT	1
TATANC	1
TCGCTC	1
TTCTNC	1
CATGCN	1
TTACNA	1
GGTCCC	1
GATTCC	1
TTNACT	1
NTCCAT	1
TCTTGN	1
ACNCAT	1
NTGTAA	1
NTGGTG	1
NTGGTC	1
GTGGGG	1
GAATNA	1
ACTCGN	1
ACACNG	1
NTGCGT	1
GTGANC	1
NTGCAT	1
CATANG	1
NTGATT	1
TCTTNC	1
TACTNG	1
GATANC	1
GGTGNG	1
GATANG	1
NTGAGG	1
NCATAT	1
AGGGGG	1
GCGGGC	1
CGACNA	1
GCGGNT	1
GTCCNA	1
ACCTNA	1
NACTGG	1
NCCAGT	1
NCCAGA	1
ACTAGA	1
NCCGTT	1
GTGCNT	1
TCAGAG	1
CGTGGG	1
NCAGTA	1
TGNGTT	1
NCACTG	1
TGNGAA	1
ACGCAT	1
NCAAAA	1
CGTCNT	1
TCACNC	1
CTAGAA	1
NAATTT	1
CCTGGC	1
CCTGGG	1
TAATNC	1
ACATNT	1
TCCCNT	1
TCCCNA	1
NCGCCG	1
TTTCNA	1
NAGCTG	1
AGCCNT	1
TGCTNA	1
GGAGNG	1
TGCTNG	1
AGCCNG	1
NACCAG	1
TTTCNG	1
CTAANC	1
GCGGCC	1
TCATNG	1
AANTTG	1
NATGCG	1
CGGAAG	1
TGGGCC	1
AGATNT	1
TGGCNT	1
AATGNA	1
AAACNT	1
AANTGT	1
CGGTCC	1
AGATNC	1
TCATNT	1
ACGANT	1
NATACC	1
GCTGNG	1
GCTGNA	1
CGGGAC	1
CGGGCC	1
TACANA	1
AANTCC	1
GCTANA	1
TCCAGN	1
NAGGAT	1
NAGGTA	1
ATTGNT	1
TGGCCC	1
GCTAGA	1
GCTAGG	1
TAGCNA	1
ATATNC	1
AGATNA	1
TTGCAN	1
CGCCCA	1
AANTTT	1
GCTANT	1
CGCCNG	1
CGCGCC	1
AAGANC	1
NATGGG	1
ATATNA	1
NATGCT	1
NAACAC	1
GCCCTA	1
NAAACT	1
CTCTNT	1
CCCGAG	1
TGCANG	1
AATTNC	1
GGCTCC	1
NAAATA	1
CCCGCC	1
CAAGNA	1
GGCTNC	1
AATTNA	1
NCTTGT	1
NAACAG	1
NAACAT	1
CCCGTT	1
GGCGNT	1
NCTTAA	1
AACTNA	1
TAAGNT	1
CCCANT	1
AGAANC	1
NGGAAC	1
CTGGGG	1
CAGATC	1
TGATNG	1
GGGANG	1
NGCCCT	1
AATTNG	1
CCCAGG	1
GCCANG	1
TGTGNT	1
GAGCCC	1
NGATAA	1
ACATNG	1
CTGANT	1
NAAAAC	1
NGAGAT	1
GCCCNG	1
CCCCGC	1
CCCCGG	1
NCTAGT	1
TGTGGG	1
TGTCNT	1
NAAGTC	1
TCAANG	1
TGCGGG	1
NAAGTT	1
CCGTAG	1
TGCGNC	1
GGCANA	1
AAGCNC	1
NAAGTA	1
CTATNT	1
CTAGNT	1
CTAGNA	1
NCTAAT	1
NAATCC	1
CCTANA	1
NAATCT	1
TACCNT	1
NCGTGT	1
CCGGGT	1
TGTGCG	1
TATTNC	1
NCTGCT	1
GCCGNT	1
TGCCNG	1
TATTNT	1
NAACTT	1
NAAGAC	1
AATANC	1
AATANA	1
GGCCNA	1
TCCGNT	1
TCCGNA	1
AATAGN	1
NAAGCC	1
NAAGGT	1
CTCCNG	1
NCTCGG	1
CCGGTC	1
