process_radtags v2.1, executed 2018-10-25 11:15:55
process_radtags -p /panfs/pfs.local/scratch/sjmac/b961k922/kinbre/b017_macdonald/data/intercross_f18/raw/Sample_Sam3852_F18_p09/ -o /panfs/pfs.local/scratch/sjmac/b961k922/kinbre/b017_macdonald/data/intercross_f18/raw/Sample_Sam3852_F18_p09 -b /panfs/pfs.local/scratch/sjmac/b961k922/kinbre/b017_macdonald/info/b017_p09_barcodes.txt -i gzfastq -e mseI -r -c -q
File	Retained Reads	Low Quality	Ambiguous Barcodes	Ambiguous RAD-Tag	Total
Sam3852_F18_p09_GATCAG_L008_R1_001.fastq.gz	20624036	278013	406856	204481	21513386

Total Sequences	21513386
Ambiguous Barcodes	406856
Low Quality	278013
Ambiguous RAD-Tag	204481
Retained Reads	20624036

Barcode	Filename	Total	NoRadTag	LowQuality	Retained
GTCGAT	F1	35215	338	496	34381
TGACTG	Db3852	52908	453	775	51680
TAGTCG	Dsam	42574	361	645	41568
CGTCTG	32b.01	160024	616	2176	157232
CTCTAC	32b.02	163003	728	2212	160063
GCGCGT	32b.04	126808	1304	1641	123863
AAGGAC	32b.06	141680	1471	1912	138297
TATATG	32b.07	511224	686	6703	503835
GGCATT	32b.10	138634	1703	1774	135157
CAATAT	32b.11	50590	3135	682	46773
GATGAG	32b.12	98506	758	1431	96317
TCTCGT	32b.13	210825	7385	2875	200565
CATAGC	32b.15	136230	946	1862	133422
CTTGCG	32b.20	139453	1183	1855	136415
ATATGG	32b.24	304677	1363	4191	299123
GGTTAC	45b.03	212026	1056	2681	208289
AAGCGA	45b.05	257850	938	3641	253271
AAACGG	45b.06	299170	1324	4210	293636
TCTATT	45b.08	285431	1801	3792	279838
CCCTAT	45b.10	44916	1360	633	42923
TCCACG	45b.11	182490	497	2339	179654
GGGAAT	46b.03	31589	421	430	30738
TTCCTG	46b.07	328138	1134	4251	322753
CACTGA	46b.09	264602	3003	3609	257990
GAGAGT	46b.11	168820	6976	2177	159667
GGAATG	46b.12	197793	1097	2603	194093
AGGCGT	46b.14	188962	1586	2495	184881
GTTCAG	46b.15	249788	4265	3202	242321
ACTGTT	46b.17	452250	2627	5883	443740
GACAAT	46b.19	19841	4576	258	15007
CGATAC	46b.20	383115	760	4936	377419
ATCACG	46b.21	288578	4969	3671	279938
GATCTG	46b.24	239104	564	3091	235449
CTCGGT	46b.25	38804	5924	447	32433
ACGTAC	46b.26	272604	827	3614	268163
CTAACG	63b.03	267688	934	3427	263327
GCGTAT	63b.08	18128	544	291	17293
TTAGCG	63b.10	265070	976	3346	260748
ACCGAT	63b.11	20055	3063	309	16683
TAAGCA	63b.13	17743	2685	242	14816
GAATAC	63b.16	315261	794	4167	310300
ATTCTG	63b.17	561810	1128	7344	553338
GCTGAT	63b.19	25034	2376	355	22303
CTGACA	63b.21	218950	940	2835	215175
TAGACA	65b.02	282975	694	3745	278536
GGAAGT	65b.03	68411	2639	933	64839
TATAGT	65b.04	198775	1668	2602	194505
AGCTCA	65b.07	237059	823	3074	233162
CTCTGG	65b.10	317206	550	4324	312332
TGAATT	65b.12	228842	2731	3016	223095
CAACTG	65b.13	195686	1349	2562	191775
ATGATG	65b.14	154764	1388	2057	151319
GTCCGG	65b.21	242425	531	3195	238699
GCACAG	65b.23	324724	537	4423	319764
ATCCAG	65b.24	52112	874	849	50389
GAATGG	65b.26	297907	3865	4150	289892
TGTAAT	65b.28	42666	943	598	41125
TCTCTG	65b.29	343760	619	4469	338672
AAATAG	65b.30	344886	1717	4671	338498
AACCTG	72b.03	217277	1394	3020	212863
TAATTG	72b.04	50396	2588	682	47126
GAGTAG	72b.05	264121	915	3526	259680
AATCCG	72b.06	220898	1120	2962	216816
GTAACA	72b.07	328660	1017	4384	323259
AAGCAG	72b.08	292461	1818	3942	286701
AATGCC	72b.09	159324	1478	1993	155853
TTACTT	72b.10	574239	6466	7415	560358
AAGGTT	72b.11	312716	5636	3960	303120
AGAGTT	72b.12	373425	4859	4774	363792
AGTCAC	72b.14	354489	2426	4467	347596
CAGGTG	72b.17	63345	625	863	61857
ATCTTG	72b.18	577372	1476	7661	568235
GGACCA	72b.19	122041	649	1597	119795
TTTCAT	72b.20	188777	4537	2406	181834
CATTGT	72b.21	114027	3461	1529	109037
AACTCG	1a.04	215076	605	2819	211652
AATAAG	1a.11	818566	1628	10829	806109
GGGTTG	1a.12	217721	635	2831	214255
CCACCA	2a.03	367653	1125	4687	361841
GTTGCA	2a.06	464163	1235	6023	456905
CCCACA	3a.08	185521	587	2365	182569
GTCCTT	6a.05	227317	1303	2905	223109
GCCGTG	6a.09	172527	1203	2131	169193
GACACG	6a.12	146229	423	1904	143902
GCCTGG	6a.13	150514	1256	1936	147322
TCGAGT	7a.03	151424	3384	1959	146081
ATACCG	7a.05	425818	911	5497	419410
GGCCGT	7a.07	95504	1488	1282	92734
GAAGTG	7a.13	329538	2524	4425	322589
AGGCTG	9a.03	173804	944	2373	170487
CGCTTG	9a.04	173267	1026	2189	170052
CTTCGG	9a.05	226126	1224	3141	221761
AATGTG	9a.06	289167	776	3771	284620
GGCCTG	9a.07	197262	439	2552	194271
ATAGGT	9a.13	38966	14868	412	23686
AATGGT	10a.02	66640	23929	624	42087

Sequences not recorded
Barcode	Total
ATCTGT	8067
TACTTT	7544
CACCAT	6117
TTCTGT	5408
ATTTGT	5256
AACTGT	5066
CTAAGT	5017
CATACT	4347
AAAAGT	4121
GTACAT	4068
GTGCAT	3983
GAAGGT	3966
TTCAGT	3943
TGACAT	3938
CCACAT	3918
GATACT	3801
TCCTGT	3719
AGACAT	3628
GTTACT	3562
ATCCGT	3330
TTCATT	3294
AACCGT	2904
TCCTTT	2797
TAACGT	2783
TACCGT	2534
GGTTGT	2447
AAGTGT	2380
AGGTTT	2375
ATGTTT	2314
TAGCGT	2284
TTCTTT	2196
AACAGT	2120
GTCAGT	2055
ATGTGT	1935
AGCAGT	1880
GAACAT	1841
ATCAGT	1833
AACGTA	1765
GACATA	1729
CACAGT	1640
TAACAT	1627
TAGAAT	1600
TAGCAT	1516
CTACAT	1492
AGCTGT	1466
ACTTGT	1451
GAATTT	1451
TTGCGT	1419
AGTAGT	1415
ACCTGT	1345
TCCGGT	1331
CTGGTA	1247
ATGCCT	1244
AATACT	1209
AGTACT	1209
ATGAGT	1195
TGATGT	1186
GACTGT	1119
CCTGGT	1114
ACTCAT	1083
CTACGT	1082
CATGAT	1071
ATTCGT	1029
GTAAAT	1026
GAACGT	1013
CTATTT	1007
TTATGT	954
TCAGTT	952
GAGTTT	910
GTCTGT	825
CAACGT	818
CGTACT	808
CCACGT	804
TAATGT	753
CTGTTT	738
CCGTGT	718
TCGGTA	713
AAGACT	711
TAAAAA	707
TCTGTA	707
AAATGT	701
TTCGTT	701
TAAAAT	683
CGACAT	670
ACTACT	656
TACTGT	654
AGCACT	648
TGCATA	646
CTGCGT	628
CTAGCT	619
CTGAAT	618
GTCACT	614
ATTGTA	598
CTGCAT	583
GCCGGT	562
ACACGT	558
CTGTAA	554
GGTACT	552
GCTTGT	548
GAAACT	546
TAATAA	532
GCCAGT	523
GCATTT	517
AACATA	511
CTTACT	488
TGCGTA	484
AGATGT	483
ATAGTA	480
GTGATT	479
ATGGTA	474
TAAGTT	473
CATGTT	466
ACCGTA	465
ACCATA	450
GTTAGT	447
ATTCAA	447
TCAGTA	439
AAAGTA	436
CCTGTA	431
GCCTTT	429
CGCTGT	428
CAAGCT	426
AGATTG	420
TTCCGT	415
TAAATA	415
AGGACT	410
CTTGTA	407
CTTGTT	406
CGAACT	404
GTAATT	398
GGTGTA	388
AAGCCT	376
ACAGTA	374
CTACTA	374
GATGTA	365
TCGGTT	363
AAAATA	357
CTATAA	357
CAAAAA	355
CAGCAA	348
ACGTTT	346
AAAACG	345
ATCGTA	345
CGGTTA	340
GTTCGT	337
CCTTTA	335
TAACAA	330
AAAATG	327
TAAAGG	327
TAAAGC	326
AATATC	324
CACGTA	310
CACATA	306
AAGTAA	304
GTTTAA	300
TTTTTG	300
TGATAA	297
TATGTT	296
CATGCT	296
CAGAAA	292
TTAAGT	289
GGGTGT	285
TTCTGA	279
CCATAA	279
GATATT	278
CTGATT	278
AAGCTC	277
TCCGTT	277
ATGCTT	276
ATAACC	274
AATCTC	272
TCATTT	272
TGCTGG	270
GTTTTC	270
CTATTC	269
AAACAT	268
ATTGCT	267
AAAGCG	261
TAACGA	261
GCAGTA	259
AGCCAT	259
TAAAAG	259
TAAGAT	258
AATATT	257
AGAACG	256
TTTAGC	255
TGCTTA	255
CAGAAG	255
AGCAAT	254
TTAATA	253
CTATTG	252
GCTGTA	251
CTTTAG	251
CATTCA	251
AAAAAT	250
TTTATC	250
GATAAA	249
AGCGTA	248
TTATCA	248
ATTTCT	246
TAACCC	245
AAATGC	244
CAGCTT	242
AGAAGC	242
CTGTTG	242
TACATA	242
GCATAA	241
AAATTT	241
ATTTAA	240
TATTGA	240
TAAAGA	239
CGTTAA	237
GGAAAA	236
ATATCA	236
TGTTCA	236
TATGCT	236
ACCAGT	236
AGTCGG	236
AAACCA	235
GGATTT	234
TAAATC	234
GACCAA	234
AATCTT	233
CGCGTT	233
TAATGA	231
ATAAAA	230
TTCTGC	229
AAAGGA	228
AAATTA	228
TTTTGA	227
ATCAGC	227
AGCAAG	227
GGTAAA	226
CTCTTT	226
GGACAT	226
TAGTGT	226
TCAAAA	226
AATTTA	224
TGGTAA	224
TAACCT	224
GTGGTA	224
TTTACC	223
AAGAGC	222
GTCAAC	221
GTTGAC	221
TTATTA	220
CCGGTA	220
CGCCAG	219
TGTTGA	219
GACCAG	219
GCTTTA	219
AACCAA	218
TGGTTT	218
ACTTCT	218
CTCATC	218
AAATGA	218
CGTGTA	217
GTTTAT	217
TCAGAA	217
TGCTGT	217
TTTTTA	216
GTACTA	216
TAAACT	215
TGATTA	215
CCAGAA	215
CATAAA	214
CGTTCT	213
AGAAAT	213
CAGGGT	211
ATAAGC	211
TTAATG	210
CGTCAA	210
TAAAAC	209
ATAAAC	208
TGACGA	208
GATTGC	207
TATTAA	206
AGAAAA	205
TAACCG	203
GCCAGC	203
ATGCGG	202
CTGGTT	202
GCTGGC	202
TATCAG	201
AAGAAA	201
ATGGAA	200
TGATGC	199
ACCAGC	199
CAATGC	198
TTAAAT	198
ACTGAC	198
TAATCT	198
ATCTGA	198
TCAATA	198
ATTTTT	197
TATTTT	196
CCATGA	196
AAGTTA	196
GTTTGA	196
CGTTTT	196
ATAATT	196
ATTTTA	196
AAAACA	195
GCCATA	195
GAATCT	195
TGCTGC	194
ATCTCT	194
AGCTTT	193
TTGAAT	193
CTTTTT	192
TGAACA	192
AACAAA	191
GAGATG	191
AAAATT	191
CTCAAA	190
TTGACG	190
GAGCTT	189
AAAAGA	189
TTTGGT	189
ATTAGA	189
AAATCA	188
GAGGCT	188
CGGTAA	186
CAAGTA	186
CATGAA	186
ATAATC	186
TGATGA	186
ATACTA	186
TAATGC	185
TTAACT	184
ACCAGA	184
ACATAA	183
ATGAGA	183
TGGTAT	183
TTCGTA	183
TTTGAG	183
GTAAAG	182
AACCAT	182
TTACCA	182
CATCAA	181
CAAGAA	181
AGAATC	181
TGTTTA	181
TGACGT	179
CAAATC	179
TAACAC	179
GGTGCC	178
ATCTCC	178
AGTTTA	177
AGCCTC	177
ATAGCA	176
TAATCC	176
GTTTCT	176
CAGAAT	176
AATTTT	175
AGTGTA	175
AGCATC	175
TAAACG	174
CGGAAA	174
TAAGGT	174
CTGCTT	174
CAGTAA	174
GCAATC	173
CATTAA	173
TATCAA	173
GCAAGG	173
TGGCGA	173
GCAGAA	172
AGAAAC	172
TATCCT	171
TCCAAA	171
CATAAT	171
GAAACC	170
TATGGC	170
TGGCGC	170
GAATTA	170
GATGCT	170
CACCAG	169
GGCAAA	169
GTTATA	169
ATGCAA	169
TTGATA	169
AGTCCT	169
TGCCGC	169
GAATCA	168
TGGTCA	168
AGGATA	168
TGATTC	168
GATTAT	167
TGCTAT	167
CATCAG	167
GTCAAA	167
GAAGAA	167
GAAAAA	166
CGGTGT	166
TCAACA	166
GGCAGA	166
ATTTAG	166
AGCAGC	165
GACGGT	164
CTTAAT	164
TTAGAC	163
ACAAAT	163
TCCGTA	163
TATAAC	163
AAGTTG	163
TAAGAG	163
TTTGTA	163
ATGTAA	162
ATCGTT	162
AGCTGG	162
GCGGTA	162
ACATTA	162
CCAGTA	162
TACCAT	161
GAAGGA	161
TATTGC	161
GCTAAA	161
GGAAAC	161
TTGGTT	161
CCAAAT	161
GTAAGG	160
TCATGG	160
ATCAAA	160
AGAAGG	160
GCTTCC	160
GCTCTT	160
TTGGTC	159
GAGGTA	159
ACCTTT	159
TTAAAG	158
GAAATT	158
TGTTAA	158
TATGTA	158
GAACAA	158
TGAGAA	157
GTCATA	157
TTTGTT	156
TGAGTA	156
TAACAG	156
ACTTTA	155
GTACGT	155
GTGCTG	154
CAAACT	154
GACTTC	154
TTTGAC	153
GACGTT	152
TGGCAT	152
TACGTA	152
ATTAAA	152
GTTAAC	151
TGACGC	151
CTTATG	151
GAAATA	151
GTTTGG	150
GGAACC	150
TCTTTA	150
CTCTTA	150
TGTCAA	150
CTTTAA	150
TGCTTC	150
CACGTT	150
ACCAAA	150
TTTGGA	150
AGCGGC	149
GGCGTC	149
AAAGCT	149
TTAAGC	149
TCTTGC	148
AAAGAA	148
ACGGTA	148
CCTACT	148
CCAAGC	148
TAAGTC	147
CCAAAC	147
GGATGA	147
ACTCAA	147
ATCATA	147
CATCAT	146
ATATTC	146
CATTTG	146
AAGTCA	145
GCTACT	145
GCATCA	145
CTTGAT	145
TCAAAC	145
TTTCCG	144
AACAGC	144
AACTTC	144
ATACGA	144
AAAAAA	144
GCAATA	144
GTCGTC	144
ACTAAA	144
GTACTG	144
CCGAAG	144
CAGCGT	144
AGCGCC	143
TGGAAA	143
AAACCT	143
GTACCC	143
GAAGGC	143
AACATT	143
CGTTGA	143
CGCTGC	142
ACCGTC	142
ACGCAA	142
TTAATC	142
TTATGC	142
ATCAAC	142
GACCCT	142
GATTAA	142
GAGAAA	141
CAGAAC	141
AGTTTG	141
ACAATT	141
AATCAA	141
ATGAAA	141
AAAAGC	140
GACGCC	140
CATTTC	140
TACCAG	140
GTCTAA	139
GTTATT	139
GGCGAC	139
CTATAG	139
TACTGC	139
CCAACC	139
AGCACC	139
ATCAGA	138
CCTTGC	138
TAAACC	138
GCATGA	138
AGTAGC	138
TTTTGT	138
TTTTCT	138
ATGCGC	137
ACCATG	137
TGCCAT	137
ATAAAG	137
AACGGC	136
GCAAGC	136
GACGAC	136
TGGAGG	136
TTGTTC	136
CGCAAG	136
CCAATA	135
AATCAT	135
AAACAA	134
AGATAT	134
TTTCTC	134
CATATT	134
ATCTGC	134
CGGCAG	134
TTATAT	134
GATCGT	134
ACCATC	134
ACAAAA	134
AGTATG	134
GTGTAA	133
CAATCC	133
TGGCGG	133
AGGAAA	133
GGCGGC	133
GCTTTG	132
AAAAAC	132
TTTTGC	132
GTGCCA	132
GCAAGA	132
TTGTTA	132
AGCAGG	132
GATTCT	131
TCTTGG	131
TCAAAG	131
GTTTTT	131
GTTTTG	131
AGTAAA	131
GCCGCT	131
ACATCA	131
CCAAGA	131
CTCAAT	130
TGGCAC	130
TCATTA	130
AAATCC	130
ATTTTC	130
CAACGC	130
AGCGGT	130
GCTTGC	130
GCTTAA	130
ACAGAA	130
TTTCCA	130
AGAAAG	129
AGTTGT	129
TGCTGA	129
TTTACT	129
ACGATT	129
GACTGC	129
CTATTA	128
TTTAAA	128
TTCTTA	128
GTATTT	128
CTGGTC	128
TTTTAA	128
AACAGA	127
GACTCA	127
TGATGG	127
TGAGGC	127
AACATC	127
ATGGCG	127
GTAAAC	127
GCAAAA	127
CTCATT	126
CAGGAA	126
CTTGAA	126
CTTTAT	126
GTAGTA	126
CAAGAG	125
ACCAAC	125
TCCTGA	125
TAAGGC	125
AAATCT	125
TCCTTC	125
CTGCCG	125
GAAAGA	125
CGCCAT	125
CGTATT	125
CTTCTT	125
TTCTCA	124
TGAGTC	124
TGCGTC	124
GCTTTT	124
CCAGTT	124
CTACAG	124
AGGTAA	124
CAGATA	124
TTTTTC	124
TGTTGC	124
TCAGGA	123
TGATAT	123
ATTGAC	123
ATATCT	123
CTGCAA	123
TAACGC	123
ATATTA	123
AGGTTA	123
GCGGCA	123
TGCAAA	122
TGAGCT	122
GGACTT	122
CCATTA	122
TCTTTC	122
TATCTT	122
ACGAAA	122
GTATGC	122
CTTGGC	122
TAACTA	122
ATTATT	122
ATTACC	121
CGAAAA	121
AACCAC	121
TGTAGG	121
AGAGCC	121
TAAGGG	120
AAGGCG	120
GGAGTA	120
CTTTGC	120
TTGTAA	120
GATTTA	120
CTCACT	120
AGCAGA	120
ATTAAT	119
AGATGC	119
CTTTCC	119
GTACGC	119
TCTGCT	119
CACTTC	119
AGTCCA	119
CTTGGA	119
GGAGGC	118
TATTTA	118
TGGCCT	118
GCAGGA	118
CGATTA	118
ATCGAA	118
CATTAG	118
GTATAA	118
AGCCAA	118
TGTTTC	117
TTGAGG	117
TACCGC	117
CACCTT	117
TATGCG	117
TATCGG	117
AAACTC	117
GGTATA	116
AACTTT	116
TTTTTT	116
GCAGCA	116
TTTTCC	116
GGCACA	116
TGCCGA	115
CGGCAA	115
TCTCAA	115
AACAAC	115
AGATTA	115
TTAACC	115
CCACTC	115
TTAAAA	115
TGTTGG	115
CTCCAA	115
TATACC	115
GACGCA	114
GAAATC	114
AACGGA	114
ATTGGG	114
ATAAGA	114
CGACCC	114
GTTGGT	114
GTAATC	114
CCATGC	114
CAAGGT	114
AATGAA	113
CTATGA	113
AACACT	113
CCGTCA	113
GAAGCC	113
GTCGCC	113
TCAACC	113
TCATCA	113
GTTTTA	113
GGCGTA	113
CGAGAT	113
GTGTGG	112
TTTTAC	112
AACCCT	112
AACAGG	112
TCGTAA	112
CAGCAT	112
AGCATG	112
GCCTTC	112
CCTGAG	112
ATTAGC	112
TTAAGG	112
TCTTGA	112
CGTCAT	112
CTTTGA	111
AGTTTT	111
CTTCCA	111
CTGCTC	111
AAAACT	111
ATACAA	111
CGCCAA	111
GTCATG	111
GTTGTC	111
CACCAA	111
TTACGG	111
ATTTGA	111
ATTTCC	111
CGTTGC	110
CGCATA	110
ACGTTG	110
CAGTTA	110
ATATAA	110
GCGATT	110
TATTTC	110
AAAGTC	110
GGTTTA	110
GGTCAA	110
TTCTTC	110
TGTTTT	110
TCAAGG	110
TCCTGC	110
AGTTGC	110
TTTCTA	110
TGTTCC	109
CTTATT	109
TTTGAA	109
TTCCCA	109
AGTATT	109
ACGCTC	109
GAAAAG	109
GCCTCC	109
TATTGG	109
AGAGGC	109
TATTCA	108
AACGCA	108
ATTATC	108
GGTGGC	108
AGCTAT	108
TGACAA	108
AAAACC	108
CAAATT	108
CTGTTA	108
TTCAGC	107
TAAGAC	107
TACGAA	107
ATATTT	107
TTCCGA	107
TGCTTT	107
TTGCAG	107
CGTGAT	107
AATTCA	107
CGAGAA	106
CTTAAA	106
TGCTAA	106
GATTTC	106
TCAATC	106
GGGTAA	106
TTGGAG	105
TTCAAG	105
AACTTA	105
TCGATA	105
CAAAAC	105
ACTGGC	105
TCATGA	105
AACGCT	105
AATTAT	104
ATTCGC	104
TGCAGG	104
TTGCTA	104
AGGGCG	104
ATACTC	104
GCCACC	104
GCCGAC	104
TAACTC	104
CATCCA	104
TGCGTT	103
TTGGCT	103
GTCAGA	103
ACCATT	103
TGCCAC	103
ATGAAC	103
ACGTTA	103
GCATTG	103
GTTTCC	103
AATAGA	103
GGTTGA	102
TGAAAC	102
TTTTCA	102
GTCGTA	102
CCATCT	102
TTGGGA	102
TGGTTA	102
TTTGGC	102
AGCATA	102
AGGGTC	102
AGCGAA	102
TGGTGG	101
CTGCTG	101
TTCATC	101
GCGTTA	101
ACTTTG	101
GACAGA	101
CTAATT	101
CCTGCT	101
TCATGC	101
TATGAT	101
ACGACT	100
TTCAAA	100
GGCTAA	100
TTCATA	100
TACCTT	100
CAGTCC	100
AAGACG	100
GTATTG	100
ATGAGC	100
CCGTTT	100
TTCTAT	100
ATGGCA	100
ACTGAA	100
TCTGAC	100
TTGGTA	100
GCAGTT	100
GATTGA	100
TCAGAT	100
TCAAGC	100
GGATCT	99
AATTAA	99
ATTGGC	99
GTTAAA	99
GGTTGG	99
CGAAGC	99
TTTGTC	99
GGTTTT	99
CAGCAC	99
CGAAGA	98
GGCTTC	98
CCTTGA	98
TGGATG	98
TGAGGG	98
TGGAAG	98
CTCGTA	98
ATTGAG	98
GCTACA	98
GTATGT	98
GATTCA	98
GCCAGA	98
ATAAAT	98
TTTTCG	98
CGTACG	97
CATACG	97
ATTAAC	97
AGGCCA	97
CGGTAT	97
AGGGTA	97
ACGATA	97
TGTCGC	97
AGCTTC	97
TGTCTA	97
GTTGTT	97
CAGTTT	97
TGTGGC	96
AGAAGA	96
TCTAAA	96
GCTTCT	96
TCACTA	96
GACTTT	96
CCTGAA	96
TTACGA	96
TTAGTA	96
AGCCGC	95
CGGCAT	95
TACTAA	95
TTGATT	95
TGGTGC	95
GTCGGC	95
CGTGAC	95
ACGCCG	95
CCACTT	95
TTATAG	95
AGTTCG	95
ATTTCA	94
GGGAGG	94
ATGCTC	94
TTGCAA	94
CAAGGA	94
GTATCC	94
CGCCGC	94
CAGCGG	94
TCCCAA	94
GGCGCC	94
AGGACG	94
TGGACT	94
TGAAGG	93
CCGCTT	93
ATACGC	93
TCACGC	93
GTTAAT	93
AGTTAA	93
AGCCTT	93
CATCAC	93
TTGGAT	93
ATAGTG	93
GCTCAA	93
TATGGA	93
AGCTAC	92
TCACGA	92
AAGATA	92
GATGTT	92
AATTAC	92
TGAACG	92
CCGCTG	92
GGACGG	92
CTCATA	92
ATATCC	92
TTCAAC	92
TGTAGC	92
CGCGGC	92
TGCAAC	92
TAGCTT	92
AGATGA	92
CAAATA	92
CGTACC	91
CAAAGT	91
AAACTA	91
GGATAA	91
TTTAAC	91
CGAGCG	91
TAGTAA	91
CGAACC	91
CTTCTC	91
CGACGC	91
TGCGTG	91
CAGCCA	91
GCCAAA	90
TCGTCA	90
TCGCCA	90
CTTATC	90
CCCCAA	90
TCTTAA	90
GGTTCT	90
ATGGCT	90
CTGTAG	90
CAGATT	90
ACAGCT	89
ACATTT	89
TCGCTT	89
CCAATG	89
TCCATA	89
CCGATA	89
TCAAGA	89
ATGGAT	89
ATTTAT	89
TTGAGA	89
GCCGCC	89
ACTGCA	89
CTTTCT	88
CTTAAG	88
CTGCTA	88
TTGAAC	88
TACATC	88
ACGACC	88
ATAATA	88
TTCTCG	88
TCTGCC	88
TCATAA	88
TCAAAT	88
TCGGCA	88
GCTGGA	88
AGGTGA	87
TATCCA	87
TCATCC	87
CCAAAA	87
TATTAT	87
TCCTTG	87
GATACC	87
TTGGTG	87
CGATTT	87
GGATTA	87
GGTGCT	87
TGAAAA	87
GTATCG	87
GTGGCC	86
TTAAAC	86
CCTCAA	86
TAGAGC	86
TCATAG	86
TACTTC	86
GTTGGC	86
GCGTGA	86
GGTGGT	86
ACCAAG	86
CCTTCT	86
CCGGCG	86
ATAGTC	86
CAACAA	86
TGAGCC	86
TTTAGA	86
CAACCT	86
AATCGC	86
CTAAAT	85
TGCGAC	85
ACTGGA	85
AATTTC	85
CATCTT	85
CACATT	85
TTGGAA	85
TATCAC	85
GCAACT	85
TTGTTT	85
CTTGAC	85
GATTTT	85
CATCTC	85
AGCGTG	85
GATGGA	85
TCGTTA	84
AACCGC	84
GCGTCA	84
CATGAC	84
CCAATC	84
GTAGAG	84
CATACA	84
TAGCAA	84
TACCCT	84
CGTAAA	84
ACTCCT	84
AGGAAC	84
TTCAGA	83
ATGCTA	83
CGAACA	83
TTTTGG	83
AAATTC	83
AATTCT	83
TCCAAC	83
TGGGAA	83
GACGGC	83
CGTTAT	83
GGCAAG	83
TGCTAC	83
TTGACT	83
TTTAAG	83
GGTACG	83
GTTATG	83
CATGGA	83
GACTAA	83
GTGGTT	83
TTATAC	82
CTGAAC	82
GCTTCG	82
GTGTTA	82
ATAGAA	82
AGATTC	82
AGTAGA	82
TGGTGA	82
ACGGAA	82
AGACTC	82
TTCGCT	82
CAAACA	82
TGGTTC	82
TACGTT	82
GCTACC	81
CGCTAA	81
ACCTGA	81
TGACCC	81
CGACTA	81
TCTTCT	81
AGATAA	81
ACAAGC	81
CGCGTA	81
TTCAAT	81
GTCTTC	81
AAACTT	81
TTCCAA	81
ACTTAA	81
CGTTTC	81
TGAGGT	81
CTAAAA	81
ACCGCC	81
CCGTAA	81
TCTGAA	81
ATGTCT	81
TGAGAT	80
TATTCT	80
TTCGGC	80
GGATAT	80
CAGTGG	80
TTAAGA	80
ACTTCG	80
CAAGGC	80
CGGATT	80
CAAGTT	80
CGCTCT	80
TGCAGA	80
CCTTTC	80
AAGTCT	80
AGTGCT	79
GCGCCA	79
GGTAGC	79
GTCCCC	79
CCGACT	79
TTGCGA	79
TTACAG	79
TTATGA	79
GGGGTT	79
CCTGAC	79
ACTTAT	79
CCAGCC	79
AGGAAG	79
ACTTGA	79
GCTCGC	78
GCGATA	78
CTTCCT	78
AATATA	78
GCAACG	78
GACGAA	78
ATGTCA	78
TCTGTC	78
CCAGCT	78
GGCGCT	78
GAGTTA	78
GAGGCC	77
AACGTC	77
CGATGA	77
TCCAGC	77
TGGCTA	77
GATAAC	77
AACGAG	77
TGGACC	77
CTGAGC	77
TTATCC	77
ACCCTC	77
AGACCC	77
CGCAAC	77
TTTGCT	77
AGACGA	77
GGCGCA	77
TTGAAG	77
TGACAC	77
TCTTAT	76
AGCGTC	76
CGATGG	76
AGTGGA	76
AAGGGG	76
GTTCCT	76
CGCAGT	76
TTGCCG	76
AACTAA	76
TTACCC	76
AGACAA	76
TGGTAG	76
AGGTAT	76
TGGATA	76
ATTACT	75
CTTCAA	75
GTGTGA	75
CGTCGT	75
CTGTTC	75
TGTTTG	75
TATCGA	75
CGTGGA	75
CCTCAT	75
GGTCGC	75
AGTGGC	75
TGCTCC	75
ATCATT	75
CATATA	75
CACGCT	75
CCTTCA	75
GCTTGA	75
CCGAGA	75
TTATCT	75
GACCGC	74
CAGGCA	74
TGCCTA	74
AGAGCG	74
TTGTGG	74
GCATTA	74
TTTTAG	73
ACGGCC	73
GTTCGC	73
CATTAC	73
ATCATC	73
ATGACC	73
GAGCGC	73
GTGGCT	73
GAAGCT	73
GCATTC	73
TTCTCT	73
GCAGCG	73
ACTTCC	73
CTCGTC	73
ACAGGC	72
CGCCGA	72
ATACAT	72
GGCTCT	72
ATTCCA	72
TGTCTC	72
TCACCT	72
ACTGCG	72
TACCGA	72
AACGAA	72
ATGCCA	71
CGTTTA	71
TGAGAC	71
GTGATA	71
CATGTA	71
CCAACT	71
GTGACT	71
TGTCTT	70
CACGAA	70
TGGTCT	70
GCGGTT	70
TGTGAC	70
CGAGTA	70
ACGCCA	70
CAGACC	70
CGACGT	70
AGCAAC	70
CAAAGA	70
ACATTC	70
CCATTC	70
TAGGAA	70
TGCTCG	70
TAGAGG	69
TAGCAC	69
AATTGG	69
CTCGTG	69
ACAACT	69
ACCTGC	69
GTTTGC	69
GCTCTA	69
CGATCT	69
TCTCAC	69
GCTCTC	69
CTGGAG	69
GTAAGC	69
TCGTGA	69
TTTAGG	69
TTGAGC	69
TCTTCG	69
TTGTAT	69
GCTGCC	69
ACGCGG	68
CTAATC	68
ACCACC	68
TACTCT	68
CCCATC	68
ATCGTC	68
TGTGCC	68
TCCATC	68
CCGGTT	67
GTGTCG	67
GAACTA	67
GGCAGC	67
AGTATC	67
TGGGAG	67
AAGTGG	67
GGACGC	67
GCCAAG	67
CTGAGG	67
GGACTC	66
ACAAAG	66
TGGAGA	66
TGAAGA	66
TACGCT	66
TACGCG	66
TTGTCA	66
CATTTA	66
TCTTCA	66
CTTTTA	66
TCCCGA	66
ATTCGA	66
TCTCCA	66
ACACTC	66
CAGGCT	66
TTTACG	66
CGTTGG	66
CGTCCT	66
TTACGC	66
CTTTTC	66
CGGGAT	65
ATGTTC	65
GACCGA	65
GTTATC	65
CGCAAA	65
TATGAC	65
AAGGCA	65
AAAGAT	65
GTCAGC	65
CCTGCA	65
CCAGAT	65
CTCGCC	65
CGGATA	65
ATCGCA	65
TCTGCG	65
GTGCTC	65
GAGTCA	64
GGTAAG	64
ACTTGG	64
GCCGCA	64
AGGAGC	64
GGCAAC	64
GACCTA	64
CGAAGG	64
CTAGGA	64
CGCCTC	64
GGCTGC	64
GCGGCG	64
TACAGG	64
CGCCGG	64
AGGGCT	64
GTAGGC	64
ACAATG	63
GTGTTC	63
ACGAAT	63
TTCAGG	63
TGCAAG	63
ACAACC	63
TGGGTT	63
GGTCTA	63
AGTGAG	63
ACAGTC	63
TTCCGC	63
TCATTC	63
GCAGGT	63
CCGCCT	63
ACGTGA	62
AAACAC	62
GTTGTG	62
GTCGCG	62
CCGTTC	62
TTGTTG	62
GGCGAG	62
ATTAGG	62
CTAATA	62
GAACGA	62
CTCAGC	62
CACGAC	62
GTACCT	62
TCCTCT	62
ATGGTC	62
TATGTC	61
GTCTAG	61
TATGAA	61
TCATCT	61
TATTAG	61
TCTGGC	61
AAGTCC	61
CGAAAG	61
CGACAG	61
AGAGAA	61
TCCTAG	61
ACCGGA	61
CTTCCC	61
TACCAA	61
CGAGGC	60
TTCCAC	60
CGCGAT	60
GGAGAG	60
GGACAC	60
CAATTC	60
GCCTAC	60
TAGTTA	60
CAAGCG	60
AGCGAC	60
CTACTC	60
TAGGGT	60
GCAGTC	60
TTCGTC	59
TGTATC	59
GCCTCA	59
GTCAAG	59
CTGGAA	59
GCGAAC	59
GGGGAA	59
CGGACC	59
CGCAGA	58
CGGCGC	58
ATAACT	58
ATGTAT	58
CAATCA	58
CTCTCT	58
TCTTAC	58
GTATTA	58
GGTCGG	58
CACGCA	58
GCTCGG	58
CAGCTA	58
CCTAAC	58
CGGTCA	58
TGTGAG	58
ATCGGA	58
CAGCCT	58
TACGTG	58
CTGGAC	57
TTGACC	57
AAGAGG	57
AGACCT	57
TGCAGT	57
TTCGGG	57
TGCACA	57
CGAGGG	57
AGGAGA	57
AAAATC	57
TTGCGC	57
TTTGCC	57
GCTTTC	57
GCCGGA	57
AGAGGA	56
ATCGCT	56
CTAAGC	56
CCTAGA	56
ATGCCC	56
GAACGC	56
CCGTCT	56
ATTTCG	56
CGGGAG	56
GGGCCT	56
ACAATC	56
GACAGC	56
CTCCTA	56
TGTGTA	56
TAGGTC	55
TCACAC	55
GCAGGG	55
ACACTA	55
TCTACC	55
GCCTCT	55
ACACGC	55
CACGAG	55
GAGGCG	55
CAAAGG	55
CACGAT	55
CCGCAT	55
GACTTG	55
CGTGCC	55
TAGGAG	55
TGCGAT	55
AGAGCA	55
ATCCGA	55
GGAGGG	55
CCCAAG	55
TTTGTG	55
TGCCCA	55
TACAAA	55
CGTATC	55
TGGCTT	55
CGTTCA	55
AGAATA	54
GTGAAA	54
CTTTTG	54
ACGACA	54
CAAGTC	54
TAGCTC	54
GACGTC	54
ATAGAC	54
GGCGGA	54
CGGCGA	54
TCTGCA	54
ATGTGC	54
CTATCA	54
TAGATC	54
GGGAGC	54
CAGGGC	54
GACCAC	54
TGACCT	54
TATAAA	54
ATGAAT	54
TATCGC	53
CGACTC	53
CGGTGG	53
CGCAGC	53
ACCCTA	53
GGCCAC	53
AACTAT	53
CACCGC	53
TCAGTG	53
CTCACC	53
GACGCT	53
CACTTT	53
CCCGAA	53
CCGTGG	53
TGTCCA	53
CGTGGC	53
TGAGAG	52
CGTCGC	52
CGTGCT	52
TCCTAA	52
CTATGT	52
CTAGAC	52
GAGCAT	52
CCTCTA	52
CCTCTT	52
TACTCA	52
CCTTCG	52
TCAGGT	52
TGCGCA	52
GCTGCG	52
TGCGCG	52
TGCGGA	52
ATTGAA	52
TACGGA	52
TTGCCA	52
ATCCTA	52
CATCCT	52
ATCCCC	52
CCAAAG	52
CCACGG	52
CTCATG	51
GCGACC	51
GTCCAA	51
ACCTTC	51
ACTATG	51
TAGTGC	51
GAAGAT	51
GATGGC	51
AGTTGG	51
TAGCGG	51
ACGACG	51
TATCTA	51
CCCGAC	51
GCGCTC	51
CCTAAT	51
CACAAG	50
GGTGTC	50
ACGGGG	50
CCTTAA	50
GACTTA	50
TACCAC	50
ACCGCA	50
TGAGGA	50
TAGGGA	50
AGGAGG	50
TATTAC	50
TGGAAC	50
ACTAAC	50
CGCAGG	50
GTCTCA	50
CGGCTC	50
CGCCTT	50
TACGAC	50
TCAGGG	50
GCCATC	50
ACATCT	50
GCACTA	50
CCTCAG	50
TATTCC	50
ATTTGC	50
TCTACA	50
ATCGGC	49
CGCGCT	49
ATCTAT	49
ATCCCA	49
GATACA	49
GTCCAC	49
AGGTCT	49
TGTGTG	49
ACTTCA	49
CGACTT	49
TGCCAA	49
TGCATG	49
AGTCTA	49
GAGCCT	49
CGTGAA	49
TCAGTC	49
CGTAAC	49
GGAGAA	49
GTTAGG	49
GCATCT	49
ACCACT	49
GGATGC	48
TGCCAG	48
CACTCC	48
ACCTAA	48
AGGCAA	48
CTGCGC	48
GCCACT	48
CCGACG	48
TCGAAA	48
GCGATG	48
AGGGGC	48
TGTCCG	48
TGGCAG	48
TCGAAG	48
ACGAGC	48
CTCAAG	48
TGGTGT	48
CTCGAG	48
ATCCTC	48
GCGCAA	48
TCGGCG	47
GCAATT	47
TTTCGC	47
CAGTTC	47
ACGGCG	47
AGACTA	47
GTGACG	47
AGATCG	47
TAGGTA	47
GTAGAA	47
GAGCAC	47
TCAACT	47
GCGGCT	47
GTGCCG	47
TCACAT	46
TCCCTA	46
GAACTT	46
ATTATA	46
ATGGCC	46
AGGTGC	46
AGTAGG	46
AGTGTC	46
TCCTCA	46
TCAGGC	46
TTAGGA	46
GGTGTT	46
AGCTGC	46
GCCGAA	46
TTTATA	46
ACTTGC	46
ACGGTC	46
CGGCCA	46
TGTCAG	46
CTGAGT	46
GTATTC	46
TCCAGA	46
GCTCGA	46
TCGTCT	46
GCCTAA	46
ACTCAG	46
CTGTCG	46
CTGTCT	46
CGACGA	46
CGAATC	46
ATCAAT	45
CAGAGA	45
CCGTTA	45
GCCTTA	45
CCGCTA	45
CGGCAC	45
TCAATG	45
CGTCCC	45
CTTCTA	45
CCATCC	45
TTGGGG	45
CTGGCT	45
CGACCT	45
TTGGCA	45
GCTCAC	45
GTAGCT	45
TGATAG	45
CACGCG	45
CTGCGA	45
ATGTCG	45
TGCGGT	45
ACTCGC	45
GCGTTC	45
CGCAAT	45
CTACAA	45
CCAAGT	45
AGACAG	45
TGGGCA	45
ACTATC	45
GTAGAC	44
GTAGGA	44
GCGACT	44
GTGGAC	44
TGCCCG	44
TCGGGA	44
TGCGCT	44
TGCGCC	44
GCGAAA	44
AGTATA	44
TCGCGA	44
CGTCGA	44
TTAGTC	44
AACTGC	44
CTAAAC	44
CGTTCG	44
CCTTTG	44
CGCCAC	44
ACGGCA	44
GTGCTA	44
CCGCGG	43
GGAGTC	43
ATCTAA	43
ACGAGA	43
TTATAA	43
GTGTAC	43
AAAGGC	43
GCTCCC	43
GGTCAT	43
ATTACA	43
GCCAAC	43
TCGCAA	43
TTGTCT	43
GAGCCG	43
TGTGGT	42
ACTAAT	42
CCGATT	42
TCTCCC	42
CCTCAC	42
AGGGAT	42
TCATAT	42
AAGAAT	42
CTGCAG	42
GTCTGC	42
TACAGA	42
TGCGGC	42
AGTACC	42
TGTCCC	42
ATGTTA	42
GACGGG	42
TCTAGG	42
TTCGAC	42
TCGTTT	42
CGTTAG	42
ACGAAG	42
GCACTT	42
ATATAC	42
GCAGCC	42
ATCCGC	41
GGGTGA	41
AGTTGA	41
TTGGAC	41
GTGGTC	41
ATTGAT	41
CGGTAG	41
CCTAAG	41
CCGGAT	41
TCCTTA	41
GAACCG	41
GTGAGG	41
CGAATA	41
GAACTC	41
ACCAGG	41
TCATCG	40
GTGAGC	40
TACTAC	40
GCGTCG	40
TGTAGA	40
TGCCGG	40
TACTGG	40
CTAGTT	40
CGGTTC	40
GACTCC	40
CTGTGA	40
GCGAGC	40
AGTCTT	40
GGTTCG	40
TGATCT	40
GAAAGC	40
GCCCCG	40
AGTTAT	40
CGGCCT	40
AGTACG	40
CACACC	40
GCGAGA	40
AGCAAA	40
TCTTCC	40
GGTATC	40
GAGTCT	40
CGCGTC	39
CCATAG	39
AGGTGG	39
TGTTCG	39
CCGTTG	39
ATGTCC	39
CGGCGG	39
CGAGCA	39
TCTGGA	39
GGTAGA	39
GGGAGA	39
CCCGTC	39
CAAGCC	39
TGCAGC	39
CGGTCT	39
TTCTCC	39
GGTGTG	39
CACATC	39
TATGGG	39
GAGAAC	39
AGTGAT	38
GCTTAG	38
TTCCCC	38
CTAAGA	38
CTAGTA	38
ACATTG	38
TACTCC	38
GTTCGA	38
CCTCGA	38
CCAGAG	38
GAGGGA	38
GCCCTC	38
TCGTTC	38
ATGTAG	38
ACGCCC	38
CATCCC	38
TGGCAA	38
GTCCCA	38
GTAGCC	38
ATGCAC	38
AGAACC	38
TCGGAA	38
CGGACT	38
TTTCGA	38
GGTCTT	38
CCTTCC	38
AGACGC	38
TCCGCT	38
CTGGGA	38
TTCGAG	38
GCCCAT	38
GCTCCT	37
ACACTG	37
ATTGTC	37
AACACC	37
CCCGGC	37
CTTGTC	37
GCTATG	37
TAGCGC	37
CCGCAA	37
TGGCTC	37
TACTAT	37
CCTCCC	37
TAGCCT	37
AAGTGC	37
CCAGTC	37
CGGAGT	37
CACAAC	36
AACCCA	36
ATAGCC	36
GGTCCG	36
GCGGTC	36
ACTTTC	36
GACGTA	36
CTTACC	36
CCTACC	36
ATAGAG	36
TACGGG	36
ACTATA	36
GCTGGG	36
ATTAGT	36
TGGCCG	35
ACGCTT	35
ACTCTC	35
CGGCTT	35
TCTAAC	35
TGTACG	35
GCACGA	35
AAGTAT	35
CAAACC	35
ACGTCA	35
GGCACC	35
TTGCGG	35
ACACGA	35
AGGGGA	35
ATGGGA	35
CACAAA	35
TCACAA	35
TTGTAG	35
CAAAAG	35
AGTTCC	35
GTGTCA	35
CCCGTA	35
CGCGAG	35
TTCGCC	34
TCCTAC	34
GTACAC	34
TTCCCT	34
GCGCCG	34
AGCTAG	34
TGTGCT	34
GCGGAA	34
TACCCC	34
AGTTAG	34
TTCTAA	34
GTGAGA	34
CCATGT	34
TCGCTA	34
CGCATC	34
TGTACC	34
GTTCCC	34
TACCTC	34
GCAGAC	34
TACTTA	34
GCACCT	34
ACGCTA	34
CGGACG	34
TGGGTG	34
CCGACC	33
TTAGAA	33
CGCACG	33
TCGCAG	33
CGGGCA	33
TGGTAC	33
TTATTC	33
CATGGG	33
ACACTT	33
AGATCC	33
GTTACG	33
CTCCCA	33
CTCCCG	33
CTCCGC	33
CCCATG	33
CTCCTC	33
GGAGCT	33
AGCCGA	33
TGCGAG	33
CTCGCA	33
TAGTTT	33
ATTTAC	33
CCTATC	33
ACAGAC	33
GAGCCA	33
CGTAGA	33
GGCCCC	33
CAGGCC	33
ACAGCA	33
GTCTTA	33
ATGTGA	32
CTGCCT	32
TTGTGC	32
ACTGAG	32
CCAGGT	32
GTTCTC	32
CGCGAA	32
AGGTCG	32
GGCGCG	32
GTGCAC	32
GGGACG	32
GCTCCG	32
GTTACC	32
TTTCCC	32
GCAAAT	32
TGCTCT	32
GGGCCG	32
GGGCAA	31
CACGCC	31
GGAGAC	31
TGAAGC	31
TTAGGC	31
CCCTTA	31
GCAGCT	31
CCCAGC	31
GGTCCT	31
TCCCTC	31
TACGCC	31
CACCGG	31
ACCCCA	31
CATGTC	31
GAGGGG	31
CGAAAT	31
CATCTA	31
ACGTGG	31
CAATTA	31
CGCCTA	31
CGGGGA	31
CCGGGC	30
ACAATA	30
CGAGCT	30
CGACCG	30
AGGATT	30
GTCTGA	30
CGCCCC	30
CGGGTA	30
GTAGTT	30
GCAACC	30
GCTGTC	30
TCCCCA	30
ACCTCC	30
TCCGCC	30
CGGTGC	30
TGGGAT	30
TTGCCC	30
GAGGCA	30
GGGTCA	30
TGCCTT	29
TACACC	29
CACCCT	29
TAGGCC	29
TAGAAG	29
CTGATC	29
CAACGA	29
ATGACT	29
CCCTGC	29
GATAGG	29
CTACAC	29
CCGGAG	29
CTATGC	29
GTTTGT	29
TCATGT	29
CTTAGA	29
TCCCAT	29
TGGGGA	29
ACAAGT	29
AACGGG	29
CTGTGC	29
CCAGCG	29
TACGGT	29
CCCTTC	28
TCCCAG	28
CGCGGA	28
CGCGCA	28
GTATAT	28
TGCACT	28
CTGGCC	28
GTAGTC	28
AGGTAG	28
CTTAAC	28
TGCATC	28
GTGTTT	28
CCCCCC	28
GGGTGC	28
TACAGC	28
CCACAC	28
CGATGT	28
ACGGAG	28
ACCTTA	28
TAGATT	28
CGCTCC	28
GGCCAA	28
ACCCTT	27
CTATCT	27
CACCTA	27
ATTCCT	27
ATGGGC	27
AAGACC	27
AGCGAG	27
CCCAAC	27
CCATTG	27
GGCTAT	27
CACAGG	27
TCCGGC	27
CCAATT	27
CCCCAC	27
GAGTGC	27
CAATCG	27
CCTATG	27
GGGCGG	27
TGCCTC	27
ACGTCG	27
GGCTGA	27
CCGTCC	26
AACCCC	26
CCATCG	26
AGTGCA	26
CACCCA	26
CGACAA	26
CAGCCG	26
GAGGAA	26
CCGAGG	26
TAGGAT	26
GGAGCG	26
GGCGAA	26
CTAGGG	26
GCTAAC	26
CAGCTC	26
ACAGGG	26
AGCGGA	26
CCTCGC	26
CCGATC	26
AGTCGA	26
GTCACC	26
CCTTAC	26
GATCGA	26
TTAGAT	25
CCTGTC	25
TTACAC	25
TACCCG	25
CGCACC	25
CGCCCT	25
GCGCTG	25
CACCTC	25
CGGAGC	25
CCTAAA	25
TCGGAT	25
CCTATA	25
CAGCGC	25
AGAGAG	25
CTCTCA	25
GGTTCA	25
TGTGCA	25
TACCTA	25
ATACAC	25
AATTGC	25
GATTCG	25
CAGTGC	25
CACGGC	24
CGGCTA	24
GGGGCG	24
ACACCC	24
AACTAC	24
GGGACA	24
GTACTC	24
CCCATT	24
GTTAGA	24
GAGTGA	24
AGCCGG	24
TAGCTG	24
GCGAGG	24
AATCTA	24
GTACGA	24
GGGACC	24
TTACAA	24
ACATGA	24
CTATCC	24
AGCCTA	24
GCAGGC	24
CCATTT	24
CTTCAC	24
AGGTCC	24
GTATCT	24
TTCACA	23
TACATT	23
CAGACT	23
GTCGGA	23
TGGGTC	23
AGAGAC	23
GACCCA	23
CCGAAA	23
GTCTCC	23
GCGACG	22
GAGGAT	22
AGCGCG	22
TCAGCT	22
TAGCTA	22
CGTGCA	22
GGTACA	22
CCCCGT	22
TGGGGT	22
CTACCT	22
CGAGAG	22
TCCCAC	22
TGCACC	22
ACAAAC	22
ACTCTA	22
GGGGTA	22
CCCCTT	22
TAGGCT	22
CTGTGT	22
ACGTCT	22
ACCTCT	22
AGTGGG	22
ACGCGC	22
AAGTTC	22
CCAGGG	22
TCTTAG	22
ACGCCT	22
TCGTGC	22
ACAGCC	21
ACCCGA	21
TCCGAG	21
GGGGAC	21
GGAGGA	21
CCCTCG	21
TTCACT	21
CGTGTT	21
TTGTCC	21
CGAGGT	21
GGTGAA	21
CCTGTG	21
TTGCCT	21
CGTACA	21
GACTCT	21
CTGTCC	21
CTTATA	21
CTACCC	21
GCCCCT	21
TGTACA	21
TCTAAG	20
TCTAGA	20
ATCCCT	20
CCGGAC	20
GATCCA	20
TCACCC	20
GCGCTA	20
GCGGAC	20
TCGCCC	20
GTGCCT	20
TGGAGC	20
CGGAAC	20
GTGGAA	20
CACTCT	20
ACTAGG	20
ACACAA	20
TCCCCC	20
ATCGCC	20
GCTTCA	20
ACAAGA	20
GCTATC	19
GGGCGA	19
GTGGCG	19
TCGCCG	19
CCGATG	19
AGCCCC	19
GTTGGG	19
TCTGGG	19
ATTCCC	19
GCGACA	19
TCCCGG	19
GAGTTC	19
CCAGAC	19
CCTAGT	19
TCCGCA	19
ACATCC	19
TCCTCC	19
TAGTGA	19
GGGGGA	18
GGGTCT	18
TCCGAC	18
CTTAGT	18
TAGTTC	18
ACGGCT	18
CCCTCC	18
CGAGTG	18
ACTTAG	18
TGGGGG	18
ACTCCA	18
AGCCCG	18
CGTGAG	18
CCACGC	18
GCGTCC	18
GCACTC	18
CGGTCG	18
CTGGGC	18
GAGCTA	18
GGTAGG	18
CAGTAC	18
TTCACC	18
CTGCAC	18
CTCAGA	18
GCACGC	18
GTGTCT	18
GGATAG	18
TCCGTC	17
GTGAAG	17
CAGAGG	17
CGAGTC	17
TCGGTC	17
TCGACC	17
AGAGGG	17
CAACCC	17
TTTGGG	17
CCGCCG	17
CCAGTG	17
ACAGGA	17
GGGCTT	17
GGCTTA	17
CTACGC	17
AAGCCC	17
CTCCCC	17
GGATTC	16
ACCGCG	16
ACTACC	16
TTGAAA	16
CGTCCA	16
GTGAAC	16
ACATCG	16
GCATCG	16
CGTAAG	16
GTTAGC	16
CCTCCT	16
CCGCTC	16
TCGGCC	16
CCCCGA	16
GCGTGC	16
GTGTCC	15
GAGCGG	15
GTGTGC	15
CATGCA	15
CTCCAT	15
TTGTGT	15
ACAGTG	15
TTCGGA	15
TGTCGG	15
ACGGGA	15
TCGAAC	15
CGGCCC	15
GTGACC	15
GGCGGG	15
CGGGGC	14
GTTCTA	14
GAGTCC	14
TCACTC	14
GCATGC	14
TAGAAC	14
CCGAGC	14
CCTCCG	14
GGGGCC	14
GCAAAC	14
GTCATC	14
TTGGCC	14
GCATCC	14
TGTGAA	13
AGCGCT	13
TCTAGC	13
CCGCCC	13
TCGTCC	13
TCAGAC	13
CCGCGC	13
CGGAGA	13
ATGGAG	13
GTACAA	13
GCGGAG	13
AGGTTC	13
CAACAC	13
ACAACG	13
ACATAT	13
GGAGAT	13
GTTTCG	13
CAGTCT	13
TTTACA	13
TCTGAG	13
GGTGCG	13
TACAAG	12
CCTCTC	12
GGGGAG	12
TGTCGA	12
TGAACC	12
CGACGG	12
CGGAGG	12
TCGGGG	12
TCCCGC	12
CACACT	12
GCCGGC	12
CTCGAA	12
TCCCTT	11
AATTGA	11
ATTGGA	11
TCGGAC	11
ACACCT	11
CCTTTT	11
TCACCG	11
AGGGAA	11
CGCGAC	11
TGTCCT	11
CCCCTA	11
TCAGCC	11
GTCTCT	11
CAGGAT	11
ACTACG	11
TCGGCT	11
GGTCGA	11
CCGCAG	10
GAGGGC	10
AGGCCC	10
AGAACA	10
TGGACG	10
TCCGAA	10
TTGTGA	10
GGTCTC	10
CCCCTC	10
CGGAAG	10
CAGGGA	10
TCGCAT	10
TTCGCA	10
GACGGA	10
GATCAA	9
GATCAC	9
ACCCCT	9
CTACGA	9
GTATAG	9
CACTAG	9
GAGATC	9
GGCAGG	9
GGTACC	9
TCCAAT	9
TGAAAG	8
CTGAAG	8
GAGATA	8
GGCTAG	8
TCACGG	8
GACATC	8
GTAGGG	8
GCCCGC	8
GATCGC	8
GGGGCT	8
GCCCAC	8
GGAGCC	8
GCTAGT	8
AGTGCG	8
AGATCT	8
GCCCCA	7
CACCGT	7
ACGGGC	7
TTCANT	7
TCCGGG	7
ACCTAG	7
AAGATC	7
GGGCGC	7
CCATGG	7
GAGACC	7
GGGCAC	7
GCGAAG	7
GATCCT	7
TAGTAC	7
ACGATC	7
AGGGCC	7
ACCCGT	7
GGGTCC	7
TGTTGT	7
CGGTTT	6
AAGTNT	6
CGGTGA	6
ATAANT	6
GATCCC	6
CTAGGC	6
CGGATC	6
AGAACT	6
GTATGA	6
AGGATC	6
GATATC	6
GATATA	6
GATANT	6
CTCCGA	6
CGATCG	6
CCTACG	6
TGTGTT	6
GGGCTC	6
TCGATG	6
CGTGTC	6
TCGTGG	6
CGCCCA	6
TGTATA	6
CCTGGA	6
CGCCCG	6
CCACNC	6
CACCCG	6
TCCCCT	6
TACCGG	5
CACCAC	5
CTTTCA	5
GTAANT	5
CGCGCG	5
CCTTGG	5
AGTACA	5
GATAGA	5
CTAGAG	5
ATATAT	5
ATCTNT	5
TGGGGC	5
TCGATC	5
TGGGTA	5
GAGGTC	5
CCTGGC	5
CTCCCT	5
ATCGAC	5
GGTCCC	5
GATGTC	5
GTTGNC	5
TTGCTC	5
CCCCTG	5
AGGGCA	5
GCGATC	5
GTGGAG	5
CTGGGG	5
AATCNT	5
ATGTNT	4
GCCCAA	4
AGTTCT	4
ACGAGG	4
TACACT	4
TGCGAA	4
ACACAC	4
AGCGNT	4
TTAANT	4
ACTAGT	4
AATANT	4
GTCANT	4
AGGACA	4
ACTACA	4
GTTCNT	4
AAACCC	4
ATTANG	4
CTAGTC	4
CTAGCC	4
CTAGCA	4
TGGGAC	4
TGGGCT	4
AGGGAG	4
CGTAGG	4
CGGGTT	4
CGGGCG	4
TACGAG	4
TACTNT	4
CCCCCT	4
CTGTAT	4
TCGTTG	4
GATTCC	4
ATTTNT	4
TTGCNT	4
CAAGAC	4
GGTGGA	4
GACCTC	4
TCCGGA	4
ATGGGG	4
CACATG	4
GAACNT	4
ATGCAT	4
GAACCC	4
TACGTC	4
GCTAAG	4
GCTATA	4
TCGGAG	4
TCGCTC	4
AGTTTC	4
TACAAC	4
GGGCAG	3
GGGCTA	3
CACGTC	3
ATATNA	3
AATACA	3
GCGGGA	3
GCGGGG	3
GCTCCA	3
ACACAT	3
NTACGT	3
ACTCGA	3
CTAGAA	3
CATTCC	3
ATAANG	3
TGGATC	3
TACCCA	3
AGGACC	3
TGCTAG	3
CTCTNT	3
TTCGAA	3
TGCCCT	3
ACTCCC	3
CAGATC	3
TAGANT	3
TGATCG	3
ACCGGC	3
CTTTNG	3
TTCTAG	3
ACTCGG	3
GAAANG	3
AAAGNT	3
GAACCT	3
TTCTNT	3
GAAGNT	3
ACCCCG	3
CAAGGG	3
CCCCAG	3
ACGGTG	3
CCGTGA	3
GTGGGT	3
CCGGGA	3
CCGGCA	3
GTGCNT	3
GTGCGA	3
TGTGTC	3
CGAGGA	3
GTGATC	3
CGCACT	3
CCCCCG	3
GCCCCC	3
CCCAGT	3
CCCAGG	3
CGGATG	3
CGGGAA	3
GTCTCG	3
CCAGGA	3
CGTGGT	3
ACGCAT	3
TGGGCG	3
CTAANT	3
ACGTGT	3
TCGGGC	3
TCGCGG	3
TATCTC	3
TTGGGT	3
GCACCC	3
ACATGT	3
GATCAT	3
GCATGT	3
GCCCGA	3
ATTTNG	3
ACATGC	3
GGGGGT	3
TCGGTG	3
AGTGAA	3
CTATNC	2
CATGNT	2
TAGCNT	2
TATGNT	2
ATCTNA	2
GGGGTC	2
CTATNA	2
TTATNT	2
ACNTTT	2
TGGCCC	2
TTATNA	2
CTAGAT	2
AGAANC	2
GGGATA	2
TGCCCC	2
GTATNG	2
GGGATC	2
CTGANC	2
GTTGNG	2
NGATGT	2
TCCANT	2
TGCGNA	2
TCCTNT	2
TTTCNG	2
GGCTCG	2
AGAANT	2
TATGNC	2
TACANT	2
ACTANT	2
GGTANT	2
GTTANT	2
GATGNT	2
CCTGNA	2
CCCGTT	2
GTGTGT	2
TAACNT	2
CGAGCC	2
TGTGCG	2
GGATCG	2
CGACNT	2
ATCANT	2
ACGGGT	2
CCCGGA	2
NTCACT	2
CCTGGG	2
GCATNT	2
CCTGCC	2
ATACNC	2
GGGGCA	2
AGCTNG	2
AGACNT	2
CGGGGT	2
AANAGT	2
ATCGNT	2
GATGNA	2
ATCGGG	2
CCACNT	2
CCAGGC	2
TCATAC	2
CGGTCC	2
ACAGCG	2
ACGTNA	2
ATCCNT	2
CGGGGG	2
TCAGNT	2
NTAAGT	2
GGGGGC	2
CCCANC	2
CCCCGG	2
CCCGAG	2
GAGTNT	2
AGTCNT	2
GCTACG	2
ACCCCC	2
ATTGNA	2
NACCAT	2
TGAGNT	2
TTGATC	2
GAAANA	2
NACCGT	2
TTTANT	2
CACTNT	2
AATGNA	2
NAACAT	2
CACCNT	2
TTGCAC	2
AGGGGG	2
NCTTGT	2
TAGTAT	2
NAAGGG	2
TTGGGC	2
GGTGGG	2
GCCTNT	2
TAAGNG	2
CTTCNA	2
TAGGGC	2
GAGCAA	2
NGAGCT	2
GAGANG	2
ACCCAA	2
GTAANG	2
GACCCC	2
AACGNT	2
CTTGNT	2
GAATNA	2
ATGCNT	2
GAATNT	2
ACCCAC	2
NCCCAT	1
NACGGT	1
GTGCAA	1
TACGGC	1
NACCAG	1
NCCGTC	1
NCCAGT	1
TATANA	1
NCGCCA	1
TATANC	1
NCGATA	1
NACAGT	1
NTCTGT	1
NACTAC	1
NCTGGC	1
NCGTCG	1
NAGGGT	1
NCGACT	1
GTGGGA	1
NTGCAT	1
NAGCTG	1
NCCTTG	1
NTGGCC	1
NAGCAT	1
NTGTTG	1
AATTNG	1
GGCCNA	1
NAGAGA	1
NTTACT	1
NTTAGG	1
NACTTG	1
NTAGCA	1
NCTAAT	1
TACTAG	1
NACTGG	1
NTATTT	1
GTGCGC	1
NTATGT	1
NACTAT	1
NTAGTT	1
GTGGTG	1
NTAGCT	1
GTGCCC	1
TAACNC	1
NCTCTC	1
AATCNA	1
GTAGNC	1
NAAATA	1
NGCTGT	1
NGCTGC	1
AANTTT	1
NGCGTT	1
NAAAGT	1
NAAACG	1
NATACT	1
NAAAAC	1
GGCTCC	1
NGAAAC	1
NGAACT	1
AGNAGG	1
NGGAGG	1
NGCGAC	1
GGNAGC	1
NGCCGA	1
AGGTNT	1
NGCATC	1
TAGGGG	1
GTTGNT	1
GGCTNG	1
AATANC	1
TAAANG	1
AANTAC	1
AAGTNC	1
GTTTNC	1
GTTANG	1
NCTGGT	1
GTCTNA	1
NAATGT	1
NTTGGT	1
NTTGTC	1
NAATGA	1
NTAAAC	1
NAGTTG	1
NCATCC	1
GTTANA	1
NCACGT	1
GTTANC	1
NAATAA	1
GTCTNG	1
AGNTGT	1
NCAATT	1
NTTTGA	1
NGTAGT	1
NCTTAC	1
TACCNA	1
GTACNG	1
GGGGGG	1
GTACNT	1
NAAGGT	1
TAATNT	1
TATTNT	1
NGGTTT	1
GAGCNT	1
ATTCNT	1
TTGTAC	1
AAATNA	1
TTGGNT	1
ACTGNC	1
ACATNA	1
TGCTNT	1
CAAANC	1
TGCTNA	1
GAGCTC	1
ATTCNC	1
CCACNG	1
GAGCNG	1
TCTCNC	1
TTAGNC	1
TTGCNA	1
CTCTNA	1
CAACNA	1
ACCTNT	1
CAACNC	1
CAACNT	1
TTACNC	1
ACAGNA	1
CGTTNG	1
CGTTNT	1
CCCGGG	1
ATGCNG	1
CCCCNT	1
ACTTNT	1
ACTTNG	1
ATGTNC	1
CTACNT	1
TTAGNT	1
TCNTTT	1
ATNTGT	1
GATANG	1
CTAGTG	1
TTACNG	1
TTNCGT	1
GANTCG	1
TTNAAG	1
ATACNT	1
CTATNT	1
CAGANA	1
ACTCNT	1
TTATNC	1
AACGNG	1
TGATCA	1
CACTNC	1
CACTNG	1
ACCGGG	1
TTCGNT	1
CAGACG	1
CATCNT	1
CTTCNT	1
CTTTNC	1
ACTAGA	1
TGAGNC	1
CATANT	1
CATANG	1
TTCANA	1
TTCCNA	1
AGCGGG	1
CAGTNT	1
CANTTA	1
ACCANA	1
CTGCNA	1
ATAGNC	1
CTGGAT	1
GACTNT	1
ACGTNG	1
TCTGNT	1
CTGGNA	1
CTGTNG	1
GACCNT	1
GACCNG	1
CCTTNG	1
AGAGNA	1
CACANA	1
TGCANT	1
ATAGNA	1
CATTNC	1
TCTTNT	1
AGAGNC	1
CACCNG	1
CACGGG	1
GCGGNA	1
CGTTCC	1
GCGTNG	1
CCGTGC	1
AAAANC	1
GCGTNC	1
GCGTNA	1
CGCTNT	1
ACAACA	1
CGCANT	1
CCTGNT	1
TGTANC	1
CGGCCG	1
CCGTAG	1
CGGGAC	1
CGGGCC	1
CGGGCT	1
GCCTNA	1
CGGGTC	1
GGAGNC	1
CCGGTC	1
ATCANC	1
AAAANG	1
ACAANT	1
GCTTNA	1
CGCGCC	1
CGCGNG	1
TGTTCT	1
AAGANA	1
AGATNG	1
AGCCCT	1
TGTCNC	1
ATCCNA	1
AAAANT	1
ATCCTN	1
ATCGNA	1
TCATNA	1
CCGTNG	1
GGAANA	1
GCTAGG	1
GCTAGC	1
CGTGGG	1
CCGCGA	1
TGGTCC	1
TCACNT	1
CCGCAC	1
GCCCTA	1
GCCCNC	1
GCATNG	1
CGTCNA	1
TGTGGA	1
CCGAAC	1
AACACA	1
CGAANG	1
TTAANC	1
CCCTNC	1
GGCANG	1
GCCANT	1
ACACNG	1
GGATNT	1
CGATNA	1
ATACNA	1
TCGCGC	1
CCGGNT	1
ATATNT	1
AGACNG	1
CCGGAA	1
CGTAGT	1
ACAGAG	1
AATTNT	1
CCTTAG	1
TGTTAG	1
